RUN	transactions.MarketplaceFeesPostSimulation	marketplacefeespostsimulation	1710456432892	 	3.10.4
USER	Login	START	1710456433693
REQUEST		Login	1710456433691	1710456434356	OK	 
USER	Login	END	1710456439472
USER	Post Marketplace Fees	START	1710456439689
USER	Post Marketplace Fees	START	1710456439740
USER	Post Marketplace Fees	START	1710456439778
USER	Post Marketplace Fees	START	1710456439808
USER	Post Marketplace Fees	START	1710456439832
USER	Post Marketplace Fees	START	1710456439853
USER	Post Marketplace Fees	START	1710456439872
USER	Post Marketplace Fees	START	1710456439887
USER	Post Marketplace Fees	START	1710456439902
USER	Post Marketplace Fees	START	1710456439916
USER	Post Marketplace Fees	START	1710456439928
USER	Post Marketplace Fees	START	1710456439941
USER	Post Marketplace Fees	START	1710456439952
USER	Post Marketplace Fees	START	1710456439963
USER	Post Marketplace Fees	START	1710456439974
USER	Post Marketplace Fees	START	1710456439984
USER	Post Marketplace Fees	START	1710456439994
USER	Post Marketplace Fees	START	1710456440003
USER	Post Marketplace Fees	START	1710456440012
USER	Post Marketplace Fees	START	1710456440021
USER	Post Marketplace Fees	START	1710456440030
USER	Post Marketplace Fees	START	1710456440047
USER	Post Marketplace Fees	START	1710456440055
USER	Post Marketplace Fees	START	1710456440063
USER	Post Marketplace Fees	START	1710456440070
USER	Post Marketplace Fees	START	1710456440077
USER	Post Marketplace Fees	START	1710456440084
USER	Post Marketplace Fees	START	1710456440091
USER	Post Marketplace Fees	START	1710456440099
USER	Post Marketplace Fees	START	1710456440105
USER	Post Marketplace Fees	START	1710456440112
USER	Post Marketplace Fees	START	1710456440118
USER	Post Marketplace Fees	START	1710456440125
USER	Post Marketplace Fees	START	1710456440131
USER	Post Marketplace Fees	START	1710456440138
USER	Post Marketplace Fees	START	1710456440144
USER	Post Marketplace Fees	START	1710456440151
USER	Post Marketplace Fees	START	1710456440157
USER	Post Marketplace Fees	START	1710456440163
USER	Post Marketplace Fees	START	1710456440169
USER	Post Marketplace Fees	START	1710456440176
USER	Post Marketplace Fees	START	1710456440182
USER	Post Marketplace Fees	START	1710456440188
USER	Post Marketplace Fees	START	1710456440194
USER	Post Marketplace Fees	START	1710456440200
USER	Post Marketplace Fees	START	1710456440205
USER	Post Marketplace Fees	START	1710456440212
USER	Post Marketplace Fees	START	1710456440218
USER	Post Marketplace Fees	START	1710456440224
USER	Post Marketplace Fees	START	1710456440230
USER	Post Marketplace Fees	START	1710456440236
USER	Post Marketplace Fees	START	1710456440243
USER	Post Marketplace Fees	START	1710456440249
USER	Post Marketplace Fees	START	1710456440255
USER	Post Marketplace Fees	START	1710456440261
USER	Post Marketplace Fees	START	1710456440268
USER	Post Marketplace Fees	START	1710456440274
USER	Post Marketplace Fees	START	1710456440280
USER	Post Marketplace Fees	START	1710456440287
USER	Post Marketplace Fees	START	1710456440294
USER	Post Marketplace Fees	START	1710456440300
USER	Post Marketplace Fees	START	1710456440307
USER	Post Marketplace Fees	START	1710456440313
USER	Post Marketplace Fees	START	1710456440320
USER	Post Marketplace Fees	START	1710456440327
USER	Post Marketplace Fees	START	1710456440335
USER	Post Marketplace Fees	START	1710456440342
USER	Post Marketplace Fees	START	1710456440349
USER	Post Marketplace Fees	START	1710456440356
USER	Post Marketplace Fees	START	1710456440364
USER	Post Marketplace Fees	START	1710456440372
USER	Post Marketplace Fees	START	1710456440381
USER	Post Marketplace Fees	START	1710456440389
USER	Post Marketplace Fees	START	1710456440397
USER	Post Marketplace Fees	START	1710456440406
USER	Post Marketplace Fees	START	1710456440416
USER	Post Marketplace Fees	START	1710456440425
USER	Post Marketplace Fees	START	1710456440435
USER	Post Marketplace Fees	START	1710456440446
USER	Post Marketplace Fees	START	1710456440456
USER	Post Marketplace Fees	START	1710456440468
USER	Post Marketplace Fees	START	1710456440481
USER	Post Marketplace Fees	START	1710456440494
USER	Post Marketplace Fees	START	1710456440509
USER	Post Marketplace Fees	START	1710456440524
USER	Post Marketplace Fees	START	1710456440542
USER	Post Marketplace Fees	START	1710456440562
USER	Post Marketplace Fees	START	1710456440586
USER	Post Marketplace Fees	START	1710456440615
USER	Post Marketplace Fees	START	1710456440654
REQUEST		Post marketplace fees	1710456439742	1710456442256	OK	 
USER	Post Marketplace Fees	END	1710456442259
REQUEST		Post marketplace fees	1710456439903	1710456445461	OK	 
USER	Post Marketplace Fees	END	1710456445462
REQUEST		Post marketplace fees	1710456439874	1710456445692	OK	 
USER	Post Marketplace Fees	END	1710456445694
REQUEST		Post marketplace fees	1710456439834	1710456445896	OK	 
USER	Post Marketplace Fees	END	1710456445898
REQUEST		Post marketplace fees	1710456439942	1710456446204	OK	 
USER	Post Marketplace Fees	END	1710456446205
REQUEST		Post marketplace fees	1710456440119	1710456446627	OK	 
USER	Post Marketplace Fees	END	1710456446629
REQUEST		Post marketplace fees	1710456440022	1710456447844	OK	 
USER	Post Marketplace Fees	END	1710456447844
REQUEST		Post marketplace fees	1710456440078	1710456448252	OK	 
USER	Post Marketplace Fees	END	1710456448253
REQUEST		Post marketplace fees	1710456440164	1710456448302	OK	 
REQUEST		Post marketplace fees	1710456439964	1710456448302	OK	 
USER	Post Marketplace Fees	END	1710456448303
USER	Post Marketplace Fees	END	1710456448303
REQUEST		Post marketplace fees	1710456440004	1710456448869	OK	 
USER	Post Marketplace Fees	END	1710456448871
REQUEST		Post marketplace fees	1710456440048	1710456448938	OK	 
USER	Post Marketplace Fees	END	1710456448938
REQUEST		Post marketplace fees	1710456439975	1710456449584	OK	 
REQUEST		Post marketplace fees	1710456439952	1710456449584	OK	 
USER	Post Marketplace Fees	END	1710456449586
USER	Post Marketplace Fees	END	1710456449587
REQUEST		Post marketplace fees	1710456440145	1710456450096	OK	 
REQUEST		Post marketplace fees	1710456440092	1710456450096	OK	 
USER	Post Marketplace Fees	END	1710456450098
USER	Post Marketplace Fees	END	1710456450098
REQUEST		Post marketplace fees	1710456440113	1710456450404	OK	 
REQUEST		Post marketplace fees	1710456439855	1710456450404	OK	 
USER	Post Marketplace Fees	END	1710456450405
USER	Post Marketplace Fees	END	1710456450406
REQUEST		Post marketplace fees	1710456439917	1710456450823	OK	 
USER	Post Marketplace Fees	END	1710456450823
REQUEST		Post marketplace fees	1710456440176	1710456451836	OK	 
USER	Post Marketplace Fees	END	1710456451836
REQUEST		Post marketplace fees	1710456439719	1710456452041	OK	 
USER	Post Marketplace Fees	END	1710456452041
REQUEST		Post marketplace fees	1710456440085	1710456452861	OK	 
USER	Post Marketplace Fees	END	1710456452862
REQUEST		Post marketplace fees	1710456439809	1710456453270	OK	 
USER	Post Marketplace Fees	END	1710456453271
REQUEST		Post marketplace fees	1710456440195	1710456453474	OK	 
USER	Post Marketplace Fees	END	1710456453474
REQUEST		Post marketplace fees	1710456440013	1710456454192	OK	 
USER	Post Marketplace Fees	END	1710456454193
REQUEST		Post marketplace fees	1710456440335	1710456454995	OK	 
USER	Post Marketplace Fees	END	1710456454997
REQUEST		Post marketplace fees	1710456440056	1710456455625	OK	 
USER	Post Marketplace Fees	END	1710456455625
REQUEST		Post marketplace fees	1710456439994	1710456456137	OK	 
REQUEST		Post marketplace fees	1710456440219	1710456456137	OK	 
USER	Post Marketplace Fees	END	1710456456138
USER	Post Marketplace Fees	END	1710456456138
REQUEST		Post marketplace fees	1710456440126	1710456456223	OK	 
USER	Post Marketplace Fees	END	1710456456223
REQUEST		Post marketplace fees	1710456440031	1710456456325	OK	 
USER	Post Marketplace Fees	END	1710456456326
REQUEST		Post marketplace fees	1710456439889	1710456456331	OK	 
USER	Post Marketplace Fees	END	1710456456332
REQUEST		Post marketplace fees	1710456440373	1710456456421	OK	 
USER	Post Marketplace Fees	END	1710456456422
REQUEST		Post marketplace fees	1710456440201	1710456456649	OK	 
USER	Post Marketplace Fees	END	1710456456650
REQUEST		Post marketplace fees	1710456440481	1710456456993	OK	 
USER	Post Marketplace Fees	END	1710456456993
REQUEST		Post marketplace fees	1710456440105	1710456457001	OK	 
USER	Post Marketplace Fees	END	1710456457001
REQUEST		Post marketplace fees	1710456439929	1710456457019	OK	 
USER	Post Marketplace Fees	END	1710456457020
REQUEST		Post marketplace fees	1710456440138	1710456457673	OK	 
REQUEST		Post marketplace fees	1710456440255	1710456457673	OK	 
USER	Post Marketplace Fees	END	1710456457673
USER	Post Marketplace Fees	END	1710456457673
REQUEST		Post marketplace fees	1710456440231	1710456457723	OK	 
USER	Post Marketplace Fees	END	1710456457724
REQUEST		Post marketplace fees	1710456440206	1710456457981	OK	 
USER	Post Marketplace Fees	END	1710456457982
REQUEST		Post marketplace fees	1710456440244	1710456457996	OK	 
USER	Post Marketplace Fees	END	1710456457997
REQUEST		Post marketplace fees	1710456440249	1710456458287	OK	 
USER	Post Marketplace Fees	END	1710456458288
REQUEST		Post marketplace fees	1710456440237	1710456458319	OK	 
USER	Post Marketplace Fees	END	1710456458320
REQUEST		Post marketplace fees	1710456440365	1710456458595	OK	 
REQUEST		Post marketplace fees	1710456440398	1710456458595	OK	 
USER	Post Marketplace Fees	END	1710456458595
USER	Post Marketplace Fees	END	1710456458596
REQUEST		Post marketplace fees	1710456440381	1710456459312	OK	 
REQUEST		Post marketplace fees	1710456440435	1710456459312	OK	 
USER	Post Marketplace Fees	END	1710456459312
USER	Post Marketplace Fees	END	1710456459312
REQUEST		Post marketplace fees	1710456440152	1710456459324	OK	 
USER	Post Marketplace Fees	END	1710456459325
REQUEST		Post marketplace fees	1710456440269	1710456459516	OK	 
REQUEST		Post marketplace fees	1710456440212	1710456459516	OK	 
REQUEST		Post marketplace fees	1710456440656	1710456459516	OK	 
USER	Post Marketplace Fees	END	1710456459517
USER	Post Marketplace Fees	END	1710456459517
USER	Post Marketplace Fees	END	1710456459518
REQUEST		Post marketplace fees	1710456440469	1710456460028	OK	 
REQUEST		Post marketplace fees	1710456440457	1710456460028	OK	 
USER	Post Marketplace Fees	END	1710456460029
USER	Post Marketplace Fees	END	1710456460030
REQUEST		Post marketplace fees	1710456439985	1710456460108	OK	 
USER	Post Marketplace Fees	END	1710456460109
REQUEST		Post marketplace fees	1710456440563	1710456460335	OK	 
USER	Post Marketplace Fees	END	1710456460336
REQUEST		Post marketplace fees	1710456440225	1710456460745	OK	 
USER	Post Marketplace Fees	END	1710456460747
REQUEST		Post marketplace fees	1710456440357	1710456461053	OK	 
USER	Post Marketplace Fees	END	1710456461055
REQUEST		Post marketplace fees	1710456440425	1710456461128	OK	 
USER	Post Marketplace Fees	END	1710456461130
REQUEST		Post marketplace fees	1710456440099	1710456461565	OK	 
USER	Post Marketplace Fees	END	1710456461566
REQUEST		Post marketplace fees	1710456440189	1710456461974	OK	 
USER	Post Marketplace Fees	END	1710456461974
REQUEST		Post marketplace fees	1710456440616	1710456462179	OK	 
USER	Post Marketplace Fees	END	1710456462180
REQUEST		Post marketplace fees	1710456439779	1710456462588	OK	 
USER	Post Marketplace Fees	END	1710456462590
REQUEST		Post marketplace fees	1710456440183	1710456462599	OK	 
USER	Post Marketplace Fees	END	1710456462600
REQUEST		Post marketplace fees	1710456440287	1710456462602	OK	 
USER	Post Marketplace Fees	END	1710456462603
REQUEST		Post marketplace fees	1710456440407	1710456462696	OK	 
USER	Post Marketplace Fees	END	1710456462697
REQUEST		Post marketplace fees	1710456440262	1710456462697	OK	 
USER	Post Marketplace Fees	END	1710456462698
REQUEST		Post marketplace fees	1710456440071	1710456463102	OK	 
USER	Post Marketplace Fees	END	1710456463103
REQUEST		Post marketplace fees	1710456440158	1710456463125	OK	 
USER	Post Marketplace Fees	END	1710456463127
REQUEST		Post marketplace fees	1710456440301	1710456463613	OK	 
USER	Post Marketplace Fees	END	1710456463614
REQUEST		Post marketplace fees	1710456440275	1710456463620	OK	 
USER	Post Marketplace Fees	END	1710456463621
REQUEST		Post marketplace fees	1710456440294	1710456463722	OK	 
USER	Post Marketplace Fees	END	1710456463722
REQUEST		Post marketplace fees	1710456440447	1710456465060	OK	 
REQUEST		Post marketplace fees	1710456440416	1710456465060	OK	 
USER	Post Marketplace Fees	END	1710456465060
USER	Post Marketplace Fees	END	1710456465060
REQUEST		Post marketplace fees	1710456440064	1710456465212	OK	 
USER	Post Marketplace Fees	END	1710456465213
REQUEST		Post marketplace fees	1710456440510	1710456465297	OK	 
USER	Post Marketplace Fees	END	1710456465297
REQUEST		Post marketplace fees	1710456440342	1710456465876	OK	 
USER	Post Marketplace Fees	END	1710456465876
REQUEST		Post marketplace fees	1710456440350	1710456466081	OK	 
REQUEST		Post marketplace fees	1710456440328	1710456466080	OK	 
USER	Post Marketplace Fees	END	1710456466081
USER	Post Marketplace Fees	END	1710456466081
REQUEST		Post marketplace fees	1710456440281	1710456466490	OK	 
USER	Post Marketplace Fees	END	1710456466491
REQUEST		Post marketplace fees	1710456440586	1710456466694	OK	 
USER	Post Marketplace Fees	END	1710456466695
REQUEST		Post marketplace fees	1710456440170	1710456466712	OK	 
USER	Post Marketplace Fees	END	1710456466712
REQUEST		Post marketplace fees	1710456440314	1710456466899	OK	 
REQUEST		Post marketplace fees	1710456440525	1710456466899	OK	 
USER	Post Marketplace Fees	END	1710456466900
USER	Post Marketplace Fees	END	1710456466900
REQUEST		Post marketplace fees	1710456440494	1710456466990	OK	 
USER	Post Marketplace Fees	END	1710456466990
REQUEST		Post marketplace fees	1710456440321	1710456467105	OK	 
REQUEST		Post marketplace fees	1710456440543	1710456467105	OK	 
USER	Post Marketplace Fees	END	1710456467107
USER	Post Marketplace Fees	END	1710456467107
REQUEST		Post marketplace fees	1710456440132	1710456467190	OK	 
USER	Post Marketplace Fees	END	1710456467191
REQUEST		Post marketplace fees	1710456440308	1710456467309	OK	 
REQUEST		Post marketplace fees	1710456440389	1710456467309	OK	 
USER	Post Marketplace Fees	END	1710456467310
USER	Post Marketplace Fees	END	1710456467310
