RUN	transactions.MarketplaceFeesPostSimulation	marketplacefeespostsimulation	1710470551643	 	3.10.4
USER	Login	START	1710470552091
REQUEST		Login	1710470552089	1710470553019	OK	 
USER	Login	END	1710470558069
USER	Post Marketplace Fees	START	1710470558082
REQUEST		Post marketplace fees	1710470558088	1710470558845	OK	 
USER	Post Marketplace Fees	END	1710470558847
USER	Post Marketplace Fees	START	1710470559077
REQUEST		Post marketplace fees	1710470559078	1710470559819	OK	 
USER	Post Marketplace Fees	END	1710470559821
USER	Post Marketplace Fees	START	1710470560073
USER	Post Marketplace Fees	START	1710470561073
REQUEST		Post marketplace fees	1710470560074	1710470561361	OK	 
USER	Post Marketplace Fees	END	1710470561363
USER	Post Marketplace Fees	START	1710470561574
USER	Post Marketplace Fees	START	1710470562073
REQUEST		Post marketplace fees	1710470561075	1710470562237	OK	 
USER	Post Marketplace Fees	END	1710470562239
REQUEST		Post marketplace fees	1710470561575	1710470562735	OK	 
USER	Post Marketplace Fees	END	1710470562735
REQUEST		Post marketplace fees	1710470562075	1710470562831	OK	 
USER	Post Marketplace Fees	END	1710470562832
USER	Post Marketplace Fees	START	1710470563072
USER	Post Marketplace Fees	START	1710470563573
REQUEST		Post marketplace fees	1710470563073	1710470563924	OK	 
USER	Post Marketplace Fees	END	1710470563925
USER	Post Marketplace Fees	START	1710470564072
REQUEST		Post marketplace fees	1710470563574	1710470564337	OK	 
USER	Post Marketplace Fees	END	1710470564338
USER	Post Marketplace Fees	START	1710470564573
REQUEST		Post marketplace fees	1710470564074	1710470564919	OK	 
USER	Post Marketplace Fees	END	1710470564920
USER	Post Marketplace Fees	START	1710470565071
REQUEST		Post marketplace fees	1710470564574	1710470565495	OK	 
USER	Post Marketplace Fees	END	1710470565497
USER	Post Marketplace Fees	START	1710470565572
REQUEST		Post marketplace fees	1710470565072	1710470566071	OK	 
USER	Post Marketplace Fees	START	1710470566093
USER	Post Marketplace Fees	END	1710470566096
USER	Post Marketplace Fees	START	1710470566405
USER	Post Marketplace Fees	START	1710470566759
REQUEST		Post marketplace fees	1710470565573	1710470566828	OK	 
USER	Post Marketplace Fees	END	1710470566829
USER	Post Marketplace Fees	START	1710470567094
REQUEST		Post marketplace fees	1710470566095	1710470567192	OK	 
USER	Post Marketplace Fees	END	1710470567193
USER	Post Marketplace Fees	START	1710470567572
REQUEST		Post marketplace fees	1710470566406	1710470567666	OK	 
USER	Post Marketplace Fees	END	1710470567668
REQUEST		Post marketplace fees	1710470566760	1710470567706	OK	 
USER	Post Marketplace Fees	END	1710470567707
USER	Post Marketplace Fees	START	1710470568072
USER	Post Marketplace Fees	START	1710470568405
REQUEST		Post marketplace fees	1710470567573	1710470568551	OK	 
USER	Post Marketplace Fees	END	1710470568552
REQUEST		Post marketplace fees	1710470567095	1710470568635	OK	 
USER	Post Marketplace Fees	END	1710470568636
USER	Post Marketplace Fees	START	1710470568738
REQUEST		Post marketplace fees	1710470568073	1710470569020	OK	 
USER	Post Marketplace Fees	END	1710470569021
USER	Post Marketplace Fees	START	1710470569071
REQUEST		Post marketplace fees	1710470568407	1710470569301	OK	 
USER	Post Marketplace Fees	END	1710470569302
USER	Post Marketplace Fees	START	1710470569572
REQUEST		Post marketplace fees	1710470568741	1710470569728	OK	 
USER	Post Marketplace Fees	END	1710470569729
USER	Post Marketplace Fees	START	1710470570071
REQUEST		Post marketplace fees	1710470569072	1710470570212	OK	 
USER	Post Marketplace Fees	END	1710470570213
USER	Post Marketplace Fees	START	1710470570405
USER	Post Marketplace Fees	START	1710470570738
REQUEST		Post marketplace fees	1710470569573	1710470570822	OK	 
USER	Post Marketplace Fees	END	1710470570824
REQUEST		Post marketplace fees	1710470570406	1710470571024	OK	 
USER	Post Marketplace Fees	END	1710470571025
USER	Post Marketplace Fees	START	1710470571071
REQUEST		Post marketplace fees	1710470570071	1710470571335	OK	 
USER	Post Marketplace Fees	END	1710470571337
USER	Post Marketplace Fees	START	1710470571404
USER	Post Marketplace Fees	START	1710470571738
REQUEST		Post marketplace fees	1710470570740	1710470571836	OK	 
USER	Post Marketplace Fees	END	1710470571837
USER	Post Marketplace Fees	START	1710470572072
REQUEST		Post marketplace fees	1710470571072	1710470572322	OK	 
USER	Post Marketplace Fees	END	1710470572324
REQUEST		Post marketplace fees	1710470571405	1710470572404	OK	 
USER	Post Marketplace Fees	START	1710470572405
USER	Post Marketplace Fees	END	1710470572406
REQUEST		Post marketplace fees	1710470571740	1710470572529	OK	 
USER	Post Marketplace Fees	END	1710470572530
USER	Post Marketplace Fees	START	1710470572739
REQUEST		Post marketplace fees	1710470572073	1710470572864	OK	 
USER	Post Marketplace Fees	END	1710470572865
USER	Post Marketplace Fees	START	1710470573071
USER	Post Marketplace Fees	START	1710470573322
REQUEST		Post marketplace fees	1710470572407	1710470573543	OK	 
USER	Post Marketplace Fees	END	1710470573545
USER	Post Marketplace Fees	START	1710470573572
REQUEST		Post marketplace fees	1710470572741	1710470573724	OK	 
USER	Post Marketplace Fees	END	1710470573726
USER	Post Marketplace Fees	START	1710470573823
USER	Post Marketplace Fees	START	1710470574072
REQUEST		Post marketplace fees	1710470573324	1710470574394	OK	 
USER	Post Marketplace Fees	END	1710470574396
USER	Post Marketplace Fees	START	1710470574405
REQUEST		Post marketplace fees	1710470573072	1710470574418	OK	 
USER	Post Marketplace Fees	END	1710470574420
REQUEST		Post marketplace fees	1710470573573	1710470574671	OK	 
USER	Post Marketplace Fees	END	1710470574672
USER	Post Marketplace Fees	START	1710470574739
REQUEST		Post marketplace fees	1710470573825	1710470574913	OK	 
USER	Post Marketplace Fees	END	1710470574914
USER	Post Marketplace Fees	START	1710470575072
USER	Post Marketplace Fees	START	1710470575321
REQUEST		Post marketplace fees	1710470574073	1710470575331	OK	 
USER	Post Marketplace Fees	END	1710470575333
USER	Post Marketplace Fees	START	1710470575572
USER	Post Marketplace Fees	START	1710470575822
REQUEST		Post marketplace fees	1710470574740	1710470575853	OK	 
USER	Post Marketplace Fees	END	1710470575855
REQUEST		Post marketplace fees	1710470574407	1710470575962	OK	 
USER	Post Marketplace Fees	END	1710470575964
USER	Post Marketplace Fees	START	1710470576073
REQUEST		Post marketplace fees	1710470575323	1710470576320	OK	 
USER	Post Marketplace Fees	END	1710470576322
USER	Post Marketplace Fees	START	1710470576322
USER	Post Marketplace Fees	START	1710470576573
REQUEST		Post marketplace fees	1710470575573	1710470576631	OK	 
USER	Post Marketplace Fees	END	1710470576632
REQUEST		Post marketplace fees	1710470575074	1710470576633	OK	 
USER	Post Marketplace Fees	END	1710470576634
USER	Post Marketplace Fees	START	1710470576823
USER	Post Marketplace Fees	START	1710470577072
REQUEST		Post marketplace fees	1710470575824	1710470577127	OK	 
USER	Post Marketplace Fees	END	1710470577129
REQUEST		Post marketplace fees	1710470576074	1710470577266	OK	 
USER	Post Marketplace Fees	END	1710470577268
USER	Post Marketplace Fees	START	1710470577322
USER	Post Marketplace Fees	START	1710470577572
REQUEST		Post marketplace fees	1710470576323	1710470577625	OK	 
USER	Post Marketplace Fees	END	1710470577626
REQUEST		Post marketplace fees	1710470576575	1710470577765	OK	 
USER	Post Marketplace Fees	END	1710470577767
USER	Post Marketplace Fees	START	1710470577823
REQUEST		Post marketplace fees	1710470577073	1710470578022	OK	 
USER	Post Marketplace Fees	END	1710470578023
USER	Post Marketplace Fees	START	1710470578072
REQUEST		Post marketplace fees	1710470576824	1710470578220	OK	 
USER	Post Marketplace Fees	END	1710470578221
USER	Post Marketplace Fees	START	1710470578322
REQUEST		Post marketplace fees	1710470577323	1710470578322	OK	 
USER	Post Marketplace Fees	END	1710470578322
USER	Post Marketplace Fees	START	1710470578572
REQUEST		Post marketplace fees	1710470577574	1710470578658	OK	 
USER	Post Marketplace Fees	END	1710470578659
USER	Post Marketplace Fees	START	1710470578822
REQUEST		Post marketplace fees	1710470578072	1710470578965	OK	 
USER	Post Marketplace Fees	END	1710470578966
USER	Post Marketplace Fees	START	1710470579072
USER	Post Marketplace Fees	START	1710470579322
REQUEST		Post marketplace fees	1710470577825	1710470579525	OK	 
USER	Post Marketplace Fees	END	1710470579527
USER	Post Marketplace Fees	START	1710470579572
USER	Post Marketplace Fees	START	1710470579823
REQUEST		Post marketplace fees	1710470578824	1710470579958	OK	 
USER	Post Marketplace Fees	END	1710470579959
USER	Post Marketplace Fees	START	1710470580072
REQUEST		Post marketplace fees	1710470578322	1710470580195	OK	 
USER	Post Marketplace Fees	END	1710470580196
USER	Post Marketplace Fees	START	1710470580322
USER	Post Marketplace Fees	START	1710470580572
REQUEST		Post marketplace fees	1710470578573	1710470580591	OK	 
USER	Post Marketplace Fees	END	1710470580591
USER	Post Marketplace Fees	START	1710470580823
REQUEST		Post marketplace fees	1710470579073	1710470580865	OK	 
USER	Post Marketplace Fees	END	1710470580866
USER	Post Marketplace Fees	START	1710470581072
REQUEST		Post marketplace fees	1710470579824	1710470581119	OK	 
USER	Post Marketplace Fees	END	1710470581120
REQUEST		Post marketplace fees	1710470579324	1710470581149	OK	 
USER	Post Marketplace Fees	END	1710470581150
REQUEST		Post marketplace fees	1710470579573	1710470581227	OK	 
USER	Post Marketplace Fees	END	1710470581227
USER	Post Marketplace Fees	START	1710470581272
USER	Post Marketplace Fees	START	1710470581472
REQUEST		Post marketplace fees	1710470580573	1710470581527	OK	 
USER	Post Marketplace Fees	END	1710470581528
USER	Post Marketplace Fees	START	1710470581673
REQUEST		Post marketplace fees	1710470580073	1710470581721	OK	 
USER	Post Marketplace Fees	END	1710470581723
REQUEST		Post marketplace fees	1710470580322	1710470581821	OK	 
USER	Post Marketplace Fees	END	1710470581822
USER	Post Marketplace Fees	START	1710470581873
REQUEST		Post marketplace fees	1710470580824	1710470582014	OK	 
USER	Post Marketplace Fees	END	1710470582015
USER	Post Marketplace Fees	START	1710470582071
USER	Post Marketplace Fees	START	1710470582321
USER	Post Marketplace Fees	START	1710470582572
REQUEST		Post marketplace fees	1710470581474	1710470582693	OK	 
USER	Post Marketplace Fees	END	1710470582693
REQUEST		Post marketplace fees	1710470581073	1710470582742	OK	 
USER	Post Marketplace Fees	END	1710470582743
USER	Post Marketplace Fees	START	1710470582821
REQUEST		Post marketplace fees	1710470581273	1710470583017	OK	 
USER	Post Marketplace Fees	END	1710470583018
USER	Post Marketplace Fees	START	1710470583072
REQUEST		Post marketplace fees	1710470582071	1710470583191	OK	 
USER	Post Marketplace Fees	END	1710470583192
USER	Post Marketplace Fees	START	1710470583271
REQUEST		Post marketplace fees	1710470581674	1710470583327	OK	 
USER	Post Marketplace Fees	END	1710470583328
USER	Post Marketplace Fees	START	1710470583471
USER	Post Marketplace Fees	START	1710470583672
REQUEST		Post marketplace fees	1710470581873	1710470583813	OK	 
USER	Post Marketplace Fees	END	1710470583815
USER	Post Marketplace Fees	START	1710470583872
USER	Post Marketplace Fees	START	1710470584072
USER	Post Marketplace Fees	START	1710470584272
REQUEST		Post marketplace fees	1710470583073	1710470584351	OK	 
USER	Post Marketplace Fees	END	1710470584353
REQUEST		Post marketplace fees	1710470582823	1710470584403	OK	 
USER	Post Marketplace Fees	END	1710470584404
USER	Post Marketplace Fees	START	1710470584472
USER	Post Marketplace Fees	START	1710470584672
USER	Post Marketplace Fees	START	1710470584873
REQUEST		Post marketplace fees	1710470582322	1710470584925	OK	 
USER	Post Marketplace Fees	END	1710470584926
REQUEST		Post marketplace fees	1710470582572	1710470584996	OK	 
USER	Post Marketplace Fees	END	1710470584996
USER	Post Marketplace Fees	START	1710470585071
REQUEST		Post marketplace fees	1710470583672	1710470585112	OK	 
USER	Post Marketplace Fees	END	1710470585113
REQUEST		Post marketplace fees	1710470583472	1710470585154	OK	 
USER	Post Marketplace Fees	END	1710470585155
USER	Post Marketplace Fees	START	1710470585271
REQUEST		Post marketplace fees	1710470584073	1710470585417	OK	 
USER	Post Marketplace Fees	END	1710470585418
USER	Post Marketplace Fees	START	1710470585472
USER	Post Marketplace Fees	START	1710470585672
REQUEST		Post marketplace fees	1710470583874	1710470585727	OK	 
USER	Post Marketplace Fees	END	1710470585728
USER	Post Marketplace Fees	START	1710470585872
REQUEST		Post marketplace fees	1710470584273	1710470585922	OK	 
USER	Post Marketplace Fees	END	1710470585923
REQUEST		Post marketplace fees	1710470583272	1710470586022	OK	 
USER	Post Marketplace Fees	END	1710470586023
USER	Post Marketplace Fees	START	1710470586071
REQUEST		Post marketplace fees	1710470584472	1710470586130	OK	 
USER	Post Marketplace Fees	END	1710470586131
USER	Post Marketplace Fees	START	1710470586237
USER	Post Marketplace Fees	START	1710470586405
REQUEST		Post marketplace fees	1710470585072	1710470586432	OK	 
USER	Post Marketplace Fees	END	1710470586434
REQUEST		Post marketplace fees	1710470584873	1710470586495	OK	 
USER	Post Marketplace Fees	END	1710470586495
REQUEST		Post marketplace fees	1710470584673	1710470586504	OK	 
USER	Post Marketplace Fees	END	1710470586505
USER	Post Marketplace Fees	START	1710470586572
REQUEST		Post marketplace fees	1710470585272	1710470586618	OK	 
USER	Post Marketplace Fees	END	1710470586619
USER	Post Marketplace Fees	START	1710470586737
USER	Post Marketplace Fees	START	1710470586904
REQUEST		Post marketplace fees	1710470585672	1710470587022	OK	 
USER	Post Marketplace Fees	END	1710470587022
USER	Post Marketplace Fees	START	1710470587071
USER	Post Marketplace Fees	START	1710470587272
REQUEST		Post marketplace fees	1710470586072	1710470587388	OK	 
USER	Post Marketplace Fees	END	1710470587389
USER	Post Marketplace Fees	START	1710470587472
USER	Post Marketplace Fees	START	1710470587672
USER	Post Marketplace Fees	START	1710470587872
REQUEST		Post marketplace fees	1710470586238	1710470587935	OK	 
USER	Post Marketplace Fees	END	1710470587935
REQUEST		Post marketplace fees	1710470585472	1710470588024	OK	 
USER	Post Marketplace Fees	END	1710470588025
USER	Post Marketplace Fees	START	1710470588072
REQUEST		Post marketplace fees	1710470586738	1710470588201	OK	 
USER	Post Marketplace Fees	END	1710470588202
USER	Post Marketplace Fees	START	1710470588238
REQUEST		Post marketplace fees	1710470585873	1710470588296	OK	 
USER	Post Marketplace Fees	END	1710470588297
USER	Post Marketplace Fees	START	1710470588405
USER	Post Marketplace Fees	START	1710470588572
REQUEST		Post marketplace fees	1710470587072	1710470588732	OK	 
USER	Post Marketplace Fees	END	1710470588733
USER	Post Marketplace Fees	START	1710470588738
REQUEST		Post marketplace fees	1710470586406	1710470588789	OK	 
USER	Post Marketplace Fees	END	1710470588789
USER	Post Marketplace Fees	START	1710470588906
REQUEST		Post marketplace fees	1710470586905	1710470589040	OK	 
USER	Post Marketplace Fees	END	1710470589041
USER	Post Marketplace Fees	START	1710470589071
REQUEST		Post marketplace fees	1710470586573	1710470589243	OK	 
USER	Post Marketplace Fees	END	1710470589244
USER	Post Marketplace Fees	START	1710470589271
REQUEST		Post marketplace fees	1710470587672	1710470589423	OK	 
USER	Post Marketplace Fees	END	1710470589425
USER	Post Marketplace Fees	START	1710470589472
REQUEST		Post marketplace fees	1710470588406	1710470589650	OK	 
USER	Post Marketplace Fees	END	1710470589651
USER	Post Marketplace Fees	START	1710470589672
USER	Post Marketplace Fees	START	1710470589872
USER	Post Marketplace Fees	START	1710470590071
USER	Post Marketplace Fees	START	1710470590237
USER	Post Marketplace Fees	START	1710470590404
REQUEST		Post marketplace fees	1710470587873	1710470590498	OK	 
USER	Post Marketplace Fees	END	1710470590499
REQUEST		Post marketplace fees	1710470589071	1710470590500	OK	 
USER	Post Marketplace Fees	END	1710470590501
REQUEST		Post marketplace fees	1710470587472	1710470590520	OK	 
USER	Post Marketplace Fees	END	1710470590521
USER	Post Marketplace Fees	START	1710470590572
REQUEST		Post marketplace fees	1710470588238	1710470590590	OK	 
USER	Post Marketplace Fees	END	1710470590591
REQUEST		Post marketplace fees	1710470588739	1710470590611	OK	 
USER	Post Marketplace Fees	END	1710470590611
REQUEST		Post marketplace fees	1710470587272	1710470590700	OK	 
USER	Post Marketplace Fees	END	1710470590701
REQUEST		Post marketplace fees	1710470588572	1710470590708	OK	 
USER	Post Marketplace Fees	END	1710470590709
USER	Post Marketplace Fees	START	1710470590737
USER	Post Marketplace Fees	START	1710470590905
REQUEST		Post marketplace fees	1710470588072	1710470590925	OK	 
USER	Post Marketplace Fees	END	1710470590927
REQUEST		Post marketplace fees	1710470588906	1710470591024	OK	 
USER	Post Marketplace Fees	END	1710470591026
USER	Post Marketplace Fees	START	1710470591071
USER	Post Marketplace Fees	START	1710470591238
REQUEST		Post marketplace fees	1710470589672	1710470591317	OK	 
USER	Post Marketplace Fees	END	1710470591318
USER	Post Marketplace Fees	START	1710470591405
USER	Post Marketplace Fees	START	1710470591572
USER	Post Marketplace Fees	START	1710470591738
REQUEST		Post marketplace fees	1710470589273	1710470591895	OK	 
USER	Post Marketplace Fees	END	1710470591896
USER	Post Marketplace Fees	START	1710470591906
REQUEST		Post marketplace fees	1710470589473	1710470591924	OK	 
USER	Post Marketplace Fees	END	1710470591925
USER	Post Marketplace Fees	START	1710470592071
USER	Post Marketplace Fees	START	1710470592237
USER	Post Marketplace Fees	START	1710470592405
REQUEST		Post marketplace fees	1710470590071	1710470592439	OK	 
USER	Post Marketplace Fees	END	1710470592440
REQUEST		Post marketplace fees	1710470589873	1710470592506	OK	 
USER	Post Marketplace Fees	END	1710470592507
USER	Post Marketplace Fees	START	1710470592572
USER	Post Marketplace Fees	START	1710470592738
REQUEST		Post marketplace fees	1710470590406	1710470592835	OK	 
USER	Post Marketplace Fees	END	1710470592835
USER	Post Marketplace Fees	START	1710470592906
REQUEST		Post marketplace fees	1710470591406	1710470592922	OK	 
USER	Post Marketplace Fees	END	1710470592923
REQUEST		Post marketplace fees	1710470590238	1710470593032	OK	 
USER	Post Marketplace Fees	END	1710470593033
USER	Post Marketplace Fees	START	1710470593072
USER	Post Marketplace Fees	START	1710470593214
USER	Post Marketplace Fees	START	1710470593357
REQUEST		Post marketplace fees	1710470591073	1710470593359	OK	 
USER	Post Marketplace Fees	END	1710470593360
REQUEST		Post marketplace fees	1710470590573	1710470593408	OK	 
USER	Post Marketplace Fees	END	1710470593410
USER	Post Marketplace Fees	START	1710470593500
USER	Post Marketplace Fees	START	1710470593644
USER	Post Marketplace Fees	START	1710470593786
REQUEST		Post marketplace fees	1710470590738	1710470593831	OK	 
USER	Post Marketplace Fees	END	1710470593832
USER	Post Marketplace Fees	START	1710470593930
USER	Post Marketplace Fees	START	1710470594071
REQUEST		Post marketplace fees	1710470591739	1710470594120	OK	 
USER	Post Marketplace Fees	END	1710470594122
USER	Post Marketplace Fees	START	1710470594238
USER	Post Marketplace Fees	START	1710470594405
USER	Post Marketplace Fees	START	1710470594572
REQUEST		Post marketplace fees	1710470591907	1710470594737	OK	 
USER	Post Marketplace Fees	START	1710470594738
USER	Post Marketplace Fees	END	1710470594738
REQUEST		Post marketplace fees	1710470591573	1710470594802	OK	 
USER	Post Marketplace Fees	END	1710470594803
REQUEST		Post marketplace fees	1710470590906	1710470594810	OK	 
USER	Post Marketplace Fees	END	1710470594811
USER	Post Marketplace Fees	START	1710470594905
REQUEST		Post marketplace fees	1710470592072	1710470594953	OK	 
USER	Post Marketplace Fees	END	1710470594954
USER	Post Marketplace Fees	START	1710470595072
REQUEST		Post marketplace fees	1710470592739	1710470595094	OK	 
USER	Post Marketplace Fees	END	1710470595095
USER	Post Marketplace Fees	START	1710470595214
USER	Post Marketplace Fees	START	1710470595357
REQUEST		Post marketplace fees	1710470592907	1710470595369	OK	 
USER	Post Marketplace Fees	END	1710470595370
REQUEST		Post marketplace fees	1710470591239	1710470595427	OK	 
USER	Post Marketplace Fees	END	1710470595428
REQUEST		Post marketplace fees	1710470592573	1710470595428	OK	 
USER	Post Marketplace Fees	END	1710470595429
USER	Post Marketplace Fees	START	1710470595500
REQUEST		Post marketplace fees	1710470592406	1710470595624	OK	 
USER	Post Marketplace Fees	END	1710470595626
USER	Post Marketplace Fees	START	1710470595643
USER	Post Marketplace Fees	START	1710470595787
REQUEST		Post marketplace fees	1710470592238	1710470595924	OK	 
USER	Post Marketplace Fees	END	1710470595924
USER	Post Marketplace Fees	START	1710470595929
USER	Post Marketplace Fees	START	1710470596072
USER	Post Marketplace Fees	START	1710470596214
REQUEST		Post marketplace fees	1710470593358	1710470596214	OK	 
USER	Post Marketplace Fees	END	1710470596215
USER	Post Marketplace Fees	START	1710470596357
REQUEST		Post marketplace fees	1710470594739	1710470596418	OK	 
USER	Post Marketplace Fees	END	1710470596419
USER	Post Marketplace Fees	START	1710470596500
USER	Post Marketplace Fees	START	1710470596643
REQUEST		Post marketplace fees	1710470593645	1710470596721	OK	 
USER	Post Marketplace Fees	END	1710470596722
USER	Post Marketplace Fees	START	1710470596786
REQUEST		Post marketplace fees	1710470593502	1710470596823	OK	 
USER	Post Marketplace Fees	END	1710470596824
USER	Post Marketplace Fees	START	1710470596930
USER	Post Marketplace Fees	START	1710470597071
USER	Post Marketplace Fees	START	1710470597213
REQUEST		Post marketplace fees	1710470594573	1710470597308	OK	 
USER	Post Marketplace Fees	END	1710470597309
REQUEST		Post marketplace fees	1710470593788	1710470597309	OK	 
USER	Post Marketplace Fees	END	1710470597310
USER	Post Marketplace Fees	START	1710470597357
USER	Post Marketplace Fees	START	1710470597500
USER	Post Marketplace Fees	START	1710470597643
USER	Post Marketplace Fees	START	1710470597786
USER	Post Marketplace Fees	START	1710470597930
REQUEST		Post marketplace fees	1710470593074	1710470598028	OK	 
USER	Post Marketplace Fees	END	1710470598029
USER	Post Marketplace Fees	START	1710470598072
REQUEST		Post marketplace fees	1710470595358	1710470598124	OK	 
USER	Post Marketplace Fees	END	1710470598126
USER	Post Marketplace Fees	START	1710470598214
REQUEST		Post marketplace fees	1710470594073	1710470598338	OK	 
USER	Post Marketplace Fees	END	1710470598338
USER	Post Marketplace Fees	START	1710470598357
REQUEST		Post marketplace fees	1710470595644	1710470598423	OK	 
USER	Post Marketplace Fees	END	1710470598424
USER	Post Marketplace Fees	START	1710470598500
USER	Post Marketplace Fees	START	1710470598643
USER	Post Marketplace Fees	START	1710470598786
USER	Post Marketplace Fees	START	1710470598929
USER	Post Marketplace Fees	START	1710470599072
REQUEST		Post marketplace fees	1710470594238	1710470599122	OK	 
USER	Post Marketplace Fees	END	1710470599123
USER	Post Marketplace Fees	START	1710470599214
USER	Post Marketplace Fees	START	1710470599357
REQUEST		Post marketplace fees	1710470595501	1710470599427	OK	 
USER	Post Marketplace Fees	END	1710470599428
REQUEST		Post marketplace fees	1710470594405	1710470599439	OK	 
USER	Post Marketplace Fees	END	1710470599440
USER	Post Marketplace Fees	START	1710470599501
REQUEST		Post marketplace fees	1710470596073	1710470599521	OK	 
USER	Post Marketplace Fees	END	1710470599522
REQUEST		Post marketplace fees	1710470593931	1710470599595	OK	 
USER	Post Marketplace Fees	END	1710470599596
USER	Post Marketplace Fees	START	1710470599644
REQUEST		Post marketplace fees	1710470594907	1710470599681	OK	 
USER	Post Marketplace Fees	END	1710470599681
USER	Post Marketplace Fees	START	1710470599786
REQUEST		Post marketplace fees	1710470593214	1710470599830	OK	 
USER	Post Marketplace Fees	END	1710470599831
REQUEST		Post marketplace fees	1710470596501	1710470599832	OK	 
USER	Post Marketplace Fees	END	1710470599833
USER	Post Marketplace Fees	START	1710470599930
USER	Post Marketplace Fees	START	1710470600072
USER	Post Marketplace Fees	START	1710470600213
USER	Post Marketplace Fees	START	1710470600357
USER	Post Marketplace Fees	START	1710470600500
REQUEST		Post marketplace fees	1710470595930	1710470600526	OK	 
USER	Post Marketplace Fees	END	1710470600527
USER	Post Marketplace Fees	START	1710470600643
REQUEST		Post marketplace fees	1710470595073	1710470600720	OK	 
USER	Post Marketplace Fees	END	1710470600720
USER	Post Marketplace Fees	START	1710470600786
REQUEST		Post marketplace fees	1710470596358	1710470600923	OK	 
USER	Post Marketplace Fees	END	1710470600923
USER	Post Marketplace Fees	START	1710470600930
REQUEST		Post marketplace fees	1710470595214	1710470600991	OK	 
USER	Post Marketplace Fees	END	1710470600992
USER	Post Marketplace Fees	START	1710470601071
USER	Post Marketplace Fees	START	1710470601197
REQUEST		Post marketplace fees	1710470597358	1710470601240	OK	 
USER	Post Marketplace Fees	END	1710470601241
USER	Post Marketplace Fees	START	1710470601322
USER	Post Marketplace Fees	START	1710470601447
USER	Post Marketplace Fees	START	1710470601572
REQUEST		Post marketplace fees	1710470596787	1710470601604	OK	 
USER	Post Marketplace Fees	END	1710470601604
USER	Post Marketplace Fees	START	1710470601697
USER	Post Marketplace Fees	START	1710470601822
USER	Post Marketplace Fees	START	1710470601948
REQUEST		Post marketplace fees	1710470596931	1710470602032	OK	 
USER	Post Marketplace Fees	END	1710470602033
USER	Post Marketplace Fees	START	1710470602071
REQUEST		Post marketplace fees	1710470596644	1710470602121	OK	 
USER	Post Marketplace Fees	END	1710470602122
USER	Post Marketplace Fees	START	1710470602213
REQUEST		Post marketplace fees	1710470595788	1710470602227	OK	 
USER	Post Marketplace Fees	END	1710470602228
USER	Post Marketplace Fees	START	1710470602356
USER	Post Marketplace Fees	START	1710470602500
REQUEST		Post marketplace fees	1710470597930	1710470602501	OK	 
USER	Post Marketplace Fees	END	1710470602502
USER	Post Marketplace Fees	START	1710470602643
USER	Post Marketplace Fees	START	1710470602786
REQUEST		Post marketplace fees	1710470596214	1710470602915	OK	 
USER	Post Marketplace Fees	END	1710470602917
USER	Post Marketplace Fees	START	1710470602929
USER	Post Marketplace Fees	START	1710470603071
USER	Post Marketplace Fees	START	1710470603196
REQUEST		Post marketplace fees	1710470597786	1710470603220	OK	 
USER	Post Marketplace Fees	END	1710470603220
REQUEST		Post marketplace fees	1710470599930	1710470603319	OK	 
USER	Post Marketplace Fees	END	1710470603320
USER	Post Marketplace Fees	START	1710470603321
USER	Post Marketplace Fees	START	1710470603447
REQUEST		Post marketplace fees	1710470598644	1710470603455	OK	 
USER	Post Marketplace Fees	END	1710470603457
USER	Post Marketplace Fees	START	1710470603572
REQUEST		Post marketplace fees	1710470597644	1710470603628	OK	 
USER	Post Marketplace Fees	END	1710470603629
USER	Post Marketplace Fees	START	1710470603697
USER	Post Marketplace Fees	START	1710470603822
USER	Post Marketplace Fees	START	1710470603947
REQUEST		Post marketplace fees	1710470599787	1710470604005	OK	 
USER	Post Marketplace Fees	END	1710470604006
REQUEST		Post marketplace fees	1710470597072	1710470604056	OK	 
USER	Post Marketplace Fees	END	1710470604057
USER	Post Marketplace Fees	START	1710470604072
USER	Post Marketplace Fees	START	1710470604197
REQUEST		Post marketplace fees	1710470597214	1710470604291	OK	 
USER	Post Marketplace Fees	END	1710470604293
USER	Post Marketplace Fees	START	1710470604322
USER	Post Marketplace Fees	START	1710470604447
USER	Post Marketplace Fees	START	1710470604573
REQUEST		Post marketplace fees	1710470599645	1710470604631	OK	 
USER	Post Marketplace Fees	END	1710470604632
USER	Post Marketplace Fees	START	1710470604698
USER	Post Marketplace Fees	START	1710470604823
USER	Post Marketplace Fees	START	1710470604948
USER	Post Marketplace Fees	START	1710470605071
REQUEST		Post marketplace fees	1710470598357	1710470605116	OK	 
USER	Post Marketplace Fees	END	1710470605117
USER	Post Marketplace Fees	START	1710470605196
USER	Post Marketplace Fees	START	1710470605321
USER	Post Marketplace Fees	START	1710470605447
USER	Post Marketplace Fees	START	1710470605571
REQUEST		Post marketplace fees	1710470599502	1710470605638	OK	 
USER	Post Marketplace Fees	END	1710470605640
USER	Post Marketplace Fees	START	1710470605697
USER	Post Marketplace Fees	START	1710470605822
USER	Post Marketplace Fees	START	1710470605947
USER	Post Marketplace Fees	START	1710470606072
REQUEST		Post marketplace fees	1710470598930	1710470606128	OK	 
USER	Post Marketplace Fees	END	1710470606129
USER	Post Marketplace Fees	START	1710470606183
USER	Post Marketplace Fees	START	1710470606294
USER	Post Marketplace Fees	START	1710470606405
USER	Post Marketplace Fees	START	1710470606516
USER	Post Marketplace Fees	START	1710470606627
USER	Post Marketplace Fees	START	1710470606738
USER	Post Marketplace Fees	START	1710470606849
USER	Post Marketplace Fees	START	1710470606961
USER	Post Marketplace Fees	START	1710470607072
USER	Post Marketplace Fees	START	1710470607197
USER	Post Marketplace Fees	START	1710470607322
USER	Post Marketplace Fees	START	1710470607447
REQUEST		Post marketplace fees	1710470597502	1710470607546	OK	 
USER	Post Marketplace Fees	END	1710470607547
USER	Post Marketplace Fees	START	1710470607572
USER	Post Marketplace Fees	START	1710470607697
USER	Post Marketplace Fees	START	1710470607822
USER	Post Marketplace Fees	START	1710470607948
USER	Post Marketplace Fees	START	1710470608071
REQUEST		Post marketplace fees	1710470603823	1710470608104	OK	 
USER	Post Marketplace Fees	END	1710470608104
REQUEST		Post marketplace fees	1710470602500	1710470608128	OK	 
USER	Post Marketplace Fees	END	1710470608128
USER	Post Marketplace Fees	START	1710470608183
REQUEST		Post marketplace fees	1710470600073	1710470608189	OK	 
USER	Post Marketplace Fees	END	1710470608189
REQUEST		Post marketplace fees	1710470601072	1710470608190	OK	 
USER	Post Marketplace Fees	END	1710470608191
REQUEST		Post marketplace fees	1710470601198	1710470608195	OK	 
USER	Post Marketplace Fees	END	1710470608196
USER	Post Marketplace Fees	START	1710470608294
REQUEST		Post marketplace fees	1710470599214	1710470608307	OK	 
USER	Post Marketplace Fees	END	1710470608308
USER	Post Marketplace Fees	START	1710470608405
USER	Post Marketplace Fees	START	1710470608516
USER	Post Marketplace Fees	START	1710470608627
REQUEST		Post marketplace fees	1710470598072	1710470608662	OK	 
USER	Post Marketplace Fees	END	1710470608663
REQUEST		Post marketplace fees	1710470598215	1710470608704	OK	 
USER	Post Marketplace Fees	END	1710470608705
USER	Post Marketplace Fees	START	1710470608738
USER	Post Marketplace Fees	START	1710470608849
USER	Post Marketplace Fees	START	1710470608961
REQUEST		Post marketplace fees	1710470602357	1710470608965	OK	 
USER	Post Marketplace Fees	END	1710470608966
USER	Post Marketplace Fees	START	1710470609072
USER	Post Marketplace Fees	START	1710470609197
REQUEST		Post marketplace fees	1710470601823	1710470609295	OK	 
USER	Post Marketplace Fees	END	1710470609297
USER	Post Marketplace Fees	START	1710470609322
REQUEST		Post marketplace fees	1710470598501	1710470609422	OK	 
USER	Post Marketplace Fees	END	1710470609423
USER	Post Marketplace Fees	START	1710470609447
REQUEST		Post marketplace fees	1710470602787	1710470609530	OK	 
USER	Post Marketplace Fees	END	1710470609531
REQUEST		Post marketplace fees	1710470603448	1710470609531	OK	 
USER	Post Marketplace Fees	END	1710470609532
USER	Post Marketplace Fees	START	1710470609573
USER	Post Marketplace Fees	START	1710470609697
USER	Post Marketplace Fees	START	1710470609823
USER	Post Marketplace Fees	START	1710470609948
USER	Post Marketplace Fees	START	1710470610072
USER	Post Marketplace Fees	START	1710470610182
REQUEST		Post marketplace fees	1710470601322	1710470610215	OK	 
USER	Post Marketplace Fees	END	1710470610216
USER	Post Marketplace Fees	START	1710470610294
USER	Post Marketplace Fees	START	1710470610405
REQUEST		Post marketplace fees	1710470598786	1710470610474	OK	 
USER	Post Marketplace Fees	END	1710470610475
USER	Post Marketplace Fees	START	1710470610515
USER	Post Marketplace Fees	START	1710470610627
REQUEST		Post marketplace fees	1710470605197	1710470610692	OK	 
USER	Post Marketplace Fees	END	1710470610693
USER	Post Marketplace Fees	START	1710470610738
USER	Post Marketplace Fees	START	1710470610849
REQUEST		Post marketplace fees	1710470599073	1710470610923	OK	 
USER	Post Marketplace Fees	END	1710470610924
USER	Post Marketplace Fees	START	1710470610960
USER	Post Marketplace Fees	START	1710470611072
USER	Post Marketplace Fees	START	1710470611182
USER	Post Marketplace Fees	START	1710470611293
USER	Post Marketplace Fees	START	1710470611405
USER	Post Marketplace Fees	START	1710470611516
USER	Post Marketplace Fees	START	1710470611626
USER	Post Marketplace Fees	START	1710470611738
USER	Post Marketplace Fees	START	1710470611849
REQUEST		Post marketplace fees	1710470600500	1710470611856	OK	 
USER	Post Marketplace Fees	END	1710470611858
USER	Post Marketplace Fees	START	1710470611960
USER	Post Marketplace Fees	START	1710470612071
USER	Post Marketplace Fees	START	1710470612183
REQUEST		Post marketplace fees	1710470605949	1710470612222	OK	 
USER	Post Marketplace Fees	END	1710470612223
USER	Post Marketplace Fees	START	1710470612294
REQUEST		Post marketplace fees	1710470603697	1710470612390	OK	 
USER	Post Marketplace Fees	END	1710470612391
USER	Post Marketplace Fees	START	1710470612405
USER	Post Marketplace Fees	START	1710470612516
REQUEST		Post marketplace fees	1710470600930	1710470612535	OK	 
USER	Post Marketplace Fees	END	1710470612536
REQUEST		Post marketplace fees	1710470604198	1710470612627	OK	 
USER	Post Marketplace Fees	END	1710470612628
USER	Post Marketplace Fees	START	1710470612629
USER	Post Marketplace Fees	START	1710470612738
REQUEST		Post marketplace fees	1710470601697	1710470612833	OK	 
USER	Post Marketplace Fees	END	1710470612834
USER	Post Marketplace Fees	START	1710470612849
USER	Post Marketplace Fees	START	1710470612960
USER	Post Marketplace Fees	START	1710470613072
USER	Post Marketplace Fees	START	1710470613172
REQUEST		Post marketplace fees	1710470606073	1710470613228	OK	 
USER	Post Marketplace Fees	END	1710470613229
USER	Post Marketplace Fees	START	1710470613272
USER	Post Marketplace Fees	START	1710470613372
USER	Post Marketplace Fees	START	1710470613472
USER	Post Marketplace Fees	START	1710470613572
USER	Post Marketplace Fees	START	1710470613672
REQUEST		Post marketplace fees	1710470603072	1710470613672	OK	 
USER	Post Marketplace Fees	END	1710470613674
USER	Post Marketplace Fees	START	1710470613772
REQUEST		Post marketplace fees	1710470600357	1710470613833	OK	 
USER	Post Marketplace Fees	END	1710470613833
USER	Post Marketplace Fees	START	1710470613873
USER	Post Marketplace Fees	START	1710470613973
USER	Post Marketplace Fees	START	1710470614071
USER	Post Marketplace Fees	START	1710470614183
USER	Post Marketplace Fees	START	1710470614294
USER	Post Marketplace Fees	START	1710470614405
USER	Post Marketplace Fees	START	1710470614516
USER	Post Marketplace Fees	START	1710470614627
REQUEST		Post marketplace fees	1710470601447	1710470614728	OK	 
USER	Post Marketplace Fees	END	1710470614728
USER	Post Marketplace Fees	START	1710470614738
USER	Post Marketplace Fees	START	1710470614849
USER	Post Marketplace Fees	START	1710470614960
USER	Post Marketplace Fees	START	1710470615071
USER	Post Marketplace Fees	START	1710470615171
USER	Post Marketplace Fees	START	1710470615271
USER	Post Marketplace Fees	START	1710470615371
USER	Post Marketplace Fees	START	1710470615471
USER	Post Marketplace Fees	START	1710470615572
REQUEST		Post marketplace fees	1710470606406	1710470615621	OK	 
USER	Post Marketplace Fees	END	1710470615623
USER	Post Marketplace Fees	START	1710470615671
REQUEST		Post marketplace fees	1710470602215	1710470615718	OK	 
USER	Post Marketplace Fees	END	1710470615719
USER	Post Marketplace Fees	START	1710470615772
USER	Post Marketplace Fees	START	1710470615872
USER	Post Marketplace Fees	START	1710470615972
USER	Post Marketplace Fees	START	1710470616072
USER	Post Marketplace Fees	START	1710470616172
USER	Post Marketplace Fees	START	1710470616272
REQUEST		Post marketplace fees	1710470606295	1710470616321	OK	 
USER	Post Marketplace Fees	END	1710470616321
USER	Post Marketplace Fees	START	1710470616372
USER	Post Marketplace Fees	START	1710470616472
REQUEST		Post marketplace fees	1710470602644	1710470616536	OK	 
USER	Post Marketplace Fees	END	1710470616537
USER	Post Marketplace Fees	START	1710470616572
USER	Post Marketplace Fees	START	1710470616672
USER	Post Marketplace Fees	START	1710470616772
REQUEST		Post marketplace fees	1710470606628	1710470616831	OK	 
USER	Post Marketplace Fees	END	1710470616832
USER	Post Marketplace Fees	START	1710470616872
REQUEST		Post marketplace fees	1710470599358	1710470616896	OK	 
USER	Post Marketplace Fees	END	1710470616897
USER	Post Marketplace Fees	START	1710470616973
USER	Post Marketplace Fees	START	1710470617071
REQUEST		Post marketplace fees	1710470604323	1710470617133	OK	 
USER	Post Marketplace Fees	END	1710470617134
USER	Post Marketplace Fees	START	1710470617172
REQUEST		Post marketplace fees	1710470603948	1710470617222	OK	 
USER	Post Marketplace Fees	END	1710470617223
USER	Post Marketplace Fees	START	1710470617272
USER	Post Marketplace Fees	START	1710470617372
USER	Post Marketplace Fees	START	1710470617472
REQUEST		Post marketplace fees	1710470602930	1710470617492	OK	 
USER	Post Marketplace Fees	END	1710470617494
USER	Post Marketplace Fees	START	1710470617572
REQUEST		Post marketplace fees	1710470600643	1710470617647	OK	 
USER	Post Marketplace Fees	END	1710470617648
USER	Post Marketplace Fees	START	1710470617672
USER	Post Marketplace Fees	START	1710470617772
USER	Post Marketplace Fees	START	1710470617872
USER	Post Marketplace Fees	START	1710470617974
REQUEST		Post marketplace fees	1710470603197	1710470618132	OK	 
USER	Post Marketplace Fees	END	1710470618133
REQUEST		Post marketplace fees	1710470603322	1710470618133	OK	 
USER	Post Marketplace Fees	END	1710470618134
REQUEST		Post marketplace fees	1710470600215	1710470618828	OK	 
USER	Post Marketplace Fees	END	1710470618829
REQUEST		Post marketplace fees	1710470607573	1710470618829	OK	 
USER	Post Marketplace Fees	END	1710470618830
REQUEST		Post marketplace fees	1710470607698	1710470619531	OK	 
REQUEST		Post marketplace fees	1710470601949	1710470619531	OK	 
USER	Post Marketplace Fees	END	1710470619532
USER	Post Marketplace Fees	END	1710470619532
REQUEST		Post marketplace fees	1710470614294	1710470619900	OK	 
USER	Post Marketplace Fees	END	1710470619901
REQUEST		Post marketplace fees	1710470614961	1710470620110	OK	 
USER	Post Marketplace Fees	END	1710470620111
REQUEST		Post marketplace fees	1710470602072	1710470620705	OK	 
REQUEST		Post marketplace fees	1710470600786	1710470620705	OK	 
USER	Post Marketplace Fees	END	1710470620706
USER	Post Marketplace Fees	END	1710470620706
REQUEST		Post marketplace fees	1710470604073	1710470620790	OK	 
USER	Post Marketplace Fees	END	1710470620790
REQUEST		Post marketplace fees	1710470605322	1710470620823	OK	 
USER	Post Marketplace Fees	END	1710470620823
REQUEST		Post marketplace fees	1710470604824	1710470621026	OK	 
USER	Post Marketplace Fees	END	1710470621027
REQUEST		Post marketplace fees	1710470614405	1710470621200	OK	 
USER	Post Marketplace Fees	END	1710470621201
REQUEST		Post marketplace fees	1710470608072	1710470621354	OK	 
USER	Post Marketplace Fees	END	1710470621355
REQUEST		Post marketplace fees	1710470617673	1710470621605	OK	 
USER	Post Marketplace Fees	END	1710470621606
REQUEST		Post marketplace fees	1710470607073	1710470622026	OK	 
USER	Post Marketplace Fees	END	1710470622027
REQUEST		Post marketplace fees	1710470605072	1710470622329	OK	 
USER	Post Marketplace Fees	END	1710470622330
REQUEST		Post marketplace fees	1710470614850	1710470622422	OK	 
USER	Post Marketplace Fees	END	1710470622423
REQUEST		Post marketplace fees	1710470607198	1710470622611	OK	 
USER	Post Marketplace Fees	END	1710470622612
REQUEST		Post marketplace fees	1710470604574	1710470622612	OK	 
USER	Post Marketplace Fees	END	1710470622613
REQUEST		Post marketplace fees	1710470617473	1710470623457	OK	 
USER	Post Marketplace Fees	END	1710470623457
REQUEST		Post marketplace fees	1710470604699	1710470623736	OK	 
USER	Post Marketplace Fees	END	1710470623737
REQUEST		Post marketplace fees	1710470604448	1710470623800	OK	 
USER	Post Marketplace Fees	END	1710470623800
REQUEST		Post marketplace fees	1710470617975	1710470623802	OK	 
USER	Post Marketplace Fees	END	1710470623802
REQUEST		Post marketplace fees	1710470607823	1710470624629	OK	 
USER	Post Marketplace Fees	END	1710470624630
REQUEST		Post marketplace fees	1710470606517	1710470624932	OK	 
USER	Post Marketplace Fees	END	1710470624933
REQUEST		Post marketplace fees	1710470617072	1710470625598	OK	 
USER	Post Marketplace Fees	END	1710470625599
REQUEST		Post marketplace fees	1710470617372	1710470625695	OK	 
USER	Post Marketplace Fees	END	1710470625697
REQUEST		Post marketplace fees	1710470615873	1710470626033	OK	 
USER	Post Marketplace Fees	END	1710470626033
REQUEST		Post marketplace fees	1710470608406	1710470626822	OK	 
USER	Post Marketplace Fees	END	1710470626823
REQUEST		Post marketplace fees	1710470610295	1710470626823	OK	 
USER	Post Marketplace Fees	END	1710470626824
REQUEST		Post marketplace fees	1710470608627	1710470626925	OK	 
USER	Post Marketplace Fees	END	1710470626925
REQUEST		Post marketplace fees	1710470609448	1710470626925	OK	 
USER	Post Marketplace Fees	END	1710470626926
REQUEST		Post marketplace fees	1710470609073	1710470627148	OK	 
REQUEST		Post marketplace fees	1710470607949	1710470627148	OK	 
USER	Post Marketplace Fees	END	1710470627149
USER	Post Marketplace Fees	END	1710470627149
REQUEST		Post marketplace fees	1710470607322	1710470627325	OK	 
USER	Post Marketplace Fees	END	1710470627326
REQUEST		Post marketplace fees	1710470609198	1710470627517	OK	 
USER	Post Marketplace Fees	END	1710470627517
REQUEST		Post marketplace fees	1710470606739	1710470627704	KO	status.find.is(201), but actually found 500
USER	Post Marketplace Fees	END	1710470627785
REQUEST		Post marketplace fees	1710470615672	1710470627702	KO	status.find.is(201), but actually found 500
USER	Post Marketplace Fees	END	1710470627885
REQUEST		Post marketplace fees	1710470617573	1710470627703	KO	status.find.is(201), but actually found 500
USER	Post Marketplace Fees	END	1710470628057
REQUEST		Post marketplace fees	1710470617173	1710470627702	KO	status.find.is(201), but actually found 500
USER	Post Marketplace Fees	END	1710470628121
REQUEST		Post marketplace fees	1710470616873	1710470628132	OK	 
USER	Post Marketplace Fees	END	1710470628132
REQUEST		Post marketplace fees	1710470608183	1710470627705	KO	status.find.is(201), but actually found 500
USER	Post Marketplace Fees	END	1710470628182
REQUEST		Post marketplace fees	1710470611073	1710470627706	KO	status.find.is(201), but actually found 500
USER	Post Marketplace Fees	END	1710470628232
REQUEST		Post marketplace fees	1710470610850	1710470627702	KO	status.find.is(201), but actually found 500
USER	Post Marketplace Fees	END	1710470628376
REQUEST		Post marketplace fees	1710470616473	1710470627702	KO	status.find.is(201), but actually found 500
USER	Post Marketplace Fees	END	1710470628451
REQUEST		Post marketplace fees	1710470604948	1710470627703	KO	status.find.is(201), but actually found 500
USER	Post Marketplace Fees	END	1710470628517
REQUEST		Post marketplace fees	1710470616973	1710470627704	KO	status.find.is(201), but actually found 500
USER	Post Marketplace Fees	END	1710470628579
REQUEST		Post marketplace fees	1710470608517	1710470627705	KO	status.find.is(201), but actually found 500
USER	Post Marketplace Fees	END	1710470628662
REQUEST		Post marketplace fees	1710470612517	1710470627703	KO	status.find.is(201), but actually found 500
USER	Post Marketplace Fees	END	1710470628725
REQUEST		Post marketplace fees	1710470606962	1710470628725	OK	 
USER	Post Marketplace Fees	END	1710470628726
REQUEST		Post marketplace fees	1710470616573	1710470627702	KO	status.find.is(201), but actually found 500
USER	Post Marketplace Fees	END	1710470628879
REQUEST		Post marketplace fees	1710470607448	1710470627704	KO	status.find.is(201), but actually found 500
USER	Post Marketplace Fees	END	1710470628899
REQUEST		Post marketplace fees	1710470614628	1710470627702	KO	status.find.is(201), but actually found 500
USER	Post Marketplace Fees	END	1710470629019
REQUEST		Post marketplace fees	1710470613073	1710470627702	KO	status.find.is(201), but actually found 500
USER	Post Marketplace Fees	END	1710470629085
REQUEST		Post marketplace fees	1710470606184	1710470627781	KO	status.find.is(201), but actually found 500
USER	Post Marketplace Fees	END	1710470629164
REQUEST		Post marketplace fees	1710470610516	1710470627885	KO	status.find.is(201), but actually found 500
USER	Post Marketplace Fees	END	1710470629217
REQUEST		Post marketplace fees	1710470614738	1710470628121	KO	status.find.is(201), but actually found 500
USER	Post Marketplace Fees	END	1710470629303
REQUEST		Post marketplace fees	1710470615172	1710470628057	KO	status.find.is(201), but actually found 500
USER	Post Marketplace Fees	END	1710470629371
REQUEST		Post marketplace fees	1710470609698	1710470627786	KO	status.find.is(201), but actually found 500
USER	Post Marketplace Fees	END	1710470629451
REQUEST		Post marketplace fees	1710470616272	1710470627786	KO	status.find.is(201), but actually found 500
USER	Post Marketplace Fees	END	1710470629527
REQUEST		Post marketplace fees	1710470613473	1710470628376	KO	status.find.is(201), but actually found 500
USER	Post Marketplace Fees	END	1710470629582
REQUEST		Post marketplace fees	1710470612405	1710470629614	OK	 
USER	Post Marketplace Fees	END	1710470629615
REQUEST		Post marketplace fees	1710470612294	1710470627785	KO	status.find.is(201), but actually found 500
USER	Post Marketplace Fees	END	1710470629627
REQUEST		Post marketplace fees	1710470611850	1710470629700	OK	 
USER	Post Marketplace Fees	END	1710470629700
REQUEST		Post marketplace fees	1710470612961	1710470629701	OK	 
USER	Post Marketplace Fees	END	1710470629702
REQUEST		Post marketplace fees	1710470612738	1710470629725	OK	 
USER	Post Marketplace Fees	END	1710470629725
REQUEST		Post marketplace fees	1710470611406	1710470628451	KO	status.find.is(201), but actually found 500
USER	Post Marketplace Fees	END	1710470629751
REQUEST		Post marketplace fees	1710470605448	1710470628233	KO	status.find.is(201), but actually found 500
USER	Post Marketplace Fees	END	1710470629825
REQUEST		Post marketplace fees	1710470608294	1710470629825	OK	 
USER	Post Marketplace Fees	END	1710470629826
REQUEST		Post marketplace fees	1710470601573	1710470629085	KO	status.find.is(201), but actually found 500
USER	Post Marketplace Fees	END	1710470629873
REQUEST		Post marketplace fees	1710470609323	1710470629020	KO	status.find.is(201), but actually found 500
USER	Post Marketplace Fees	END	1710470629987
REQUEST		Post marketplace fees	1710470616773	1710470629999	OK	 
USER	Post Marketplace Fees	END	1710470629999
REQUEST		Post marketplace fees	1710470608850	1710470630003	OK	 
USER	Post Marketplace Fees	END	1710470630004
REQUEST		Post marketplace fees	1710470615973	1710470630026	OK	 
USER	Post Marketplace Fees	END	1710470630026
REQUEST		Post marketplace fees	1710470605698	1710470628662	KO	status.find.is(201), but actually found 500
USER	Post Marketplace Fees	END	1710470630087
REQUEST		Post marketplace fees	1710470605572	1710470629527	KO	status.find.is(201), but actually found 500
USER	Post Marketplace Fees	END	1710470630146
REQUEST		Post marketplace fees	1710470613673	1710470630200	OK	 
USER	Post Marketplace Fees	END	1710470630200
REQUEST		Post marketplace fees	1710470610405	1710470629873	KO	status.find.is(201), but actually found 500
USER	Post Marketplace Fees	END	1710470630246
REQUEST		Post marketplace fees	1710470611627	1710470630288	OK	 
USER	Post Marketplace Fees	END	1710470630289
REQUEST		Post marketplace fees	1710470603573	1710470629987	KO	status.find.is(201), but actually found 500
USER	Post Marketplace Fees	END	1710470630294
REQUEST		Post marketplace fees	1710470612850	1710470630326	OK	 
USER	Post Marketplace Fees	END	1710470630326
REQUEST		Post marketplace fees	1710470605823	1710470629751	KO	status.find.is(201), but actually found 500
USER	Post Marketplace Fees	END	1710470630340
REQUEST		Post marketplace fees	1710470612629	1710470630362	OK	 
USER	Post Marketplace Fees	END	1710470630362
REQUEST		Post marketplace fees	1710470613372	1710470630429	OK	 
USER	Post Marketplace Fees	END	1710470630429
REQUEST		Post marketplace fees	1710470617273	1710470629627	KO	status.find.is(201), but actually found 500
USER	Post Marketplace Fees	END	1710470630465
REQUEST		Post marketplace fees	1710470612072	1710470630294	KO	status.find.is(201), but actually found 500
USER	Post Marketplace Fees	END	1710470630527
REQUEST		Post marketplace fees	1710470611294	1710470630693	OK	 
USER	Post Marketplace Fees	END	1710470630694
REQUEST		Post marketplace fees	1710470610738	1710470630695	OK	 
USER	Post Marketplace Fees	END	1710470630695
REQUEST		Post marketplace fees	1710470615573	1710470630717	OK	 
USER	Post Marketplace Fees	END	1710470630718
REQUEST		Post marketplace fees	1710470614072	1710470630803	OK	 
USER	Post Marketplace Fees	END	1710470630804
REQUEST		Post marketplace fees	1710470613172	1710470630888	OK	 
USER	Post Marketplace Fees	END	1710470630888
REQUEST		Post marketplace fees	1710470613573	1710470631012	OK	 
USER	Post Marketplace Fees	END	1710470631013
REQUEST		Post marketplace fees	1710470616372	1710470631219	OK	 
USER	Post Marketplace Fees	END	1710470631220
REQUEST		Post marketplace fees	1710470616673	1710470631442	OK	 
USER	Post Marketplace Fees	END	1710470631442
REQUEST		Post marketplace fees	1710470606850	1710470631826	OK	 
USER	Post Marketplace Fees	END	1710470631827
REQUEST		Post marketplace fees	1710470611183	1710470631914	OK	 
USER	Post Marketplace Fees	END	1710470631915
REQUEST		Post marketplace fees	1710470613272	1710470632031	OK	 
USER	Post Marketplace Fees	END	1710470632031
REQUEST		Post marketplace fees	1710470614183	1710470632124	OK	 
USER	Post Marketplace Fees	END	1710470632125
REQUEST		Post marketplace fees	1710470615772	1710470632216	OK	 
USER	Post Marketplace Fees	END	1710470632217
REQUEST		Post marketplace fees	1710470615472	1710470632332	OK	 
USER	Post Marketplace Fees	END	1710470632333
REQUEST		Post marketplace fees	1710470609573	1710470632416	OK	 
USER	Post Marketplace Fees	END	1710470632417
REQUEST		Post marketplace fees	1710470610183	1710470633025	OK	 
USER	Post Marketplace Fees	END	1710470633026
REQUEST		Post marketplace fees	1710470611961	1710470633224	OK	 
USER	Post Marketplace Fees	END	1710470633225
REQUEST		Post marketplace fees	1710470617773	1710470633594	OK	 
USER	Post Marketplace Fees	END	1710470633595
REQUEST		Post marketplace fees	1710470615272	1710470633617	OK	 
USER	Post Marketplace Fees	END	1710470633618
REQUEST		Post marketplace fees	1710470608961	1710470633639	OK	 
USER	Post Marketplace Fees	END	1710470633640
REQUEST		Post marketplace fees	1710470615072	1710470633643	OK	 
USER	Post Marketplace Fees	END	1710470633644
REQUEST		Post marketplace fees	1710470610961	1710470633927	OK	 
USER	Post Marketplace Fees	END	1710470633928
REQUEST		Post marketplace fees	1710470613974	1710470634121	OK	 
USER	Post Marketplace Fees	END	1710470634122
REQUEST		Post marketplace fees	1710470610073	1710470634417	OK	 
USER	Post Marketplace Fees	END	1710470634417
REQUEST		Post marketplace fees	1710470609949	1710470634432	OK	 
USER	Post Marketplace Fees	END	1710470634433
REQUEST		Post marketplace fees	1710470613873	1710470634591	OK	 
USER	Post Marketplace Fees	END	1710470634592
REQUEST		Post marketplace fees	1710470617873	1710470634927	OK	 
USER	Post Marketplace Fees	END	1710470634928
REQUEST		Post marketplace fees	1710470613773	1710470635017	OK	 
USER	Post Marketplace Fees	END	1710470635018
REQUEST		Post marketplace fees	1710470609823	1710470635089	OK	 
USER	Post Marketplace Fees	END	1710470635089
REQUEST		Post marketplace fees	1710470610628	1710470637482	KO	status.find.is(201), but actually found 500
REQUEST		Post marketplace fees	1710470611738	1710470637481	KO	status.find.is(201), but actually found 500
USER	Post Marketplace Fees	END	1710470637483
USER	Post Marketplace Fees	END	1710470637483
REQUEST		Post marketplace fees	1710470616172	1710470637481	KO	status.find.is(201), but actually found 500
USER	Post Marketplace Fees	END	1710470637657
REQUEST		Post marketplace fees	1710470612184	1710470637483	KO	status.find.is(201), but actually found 500
USER	Post Marketplace Fees	END	1710470637749
REQUEST		Post marketplace fees	1710470611517	1710470638233	OK	 
USER	Post Marketplace Fees	END	1710470638234
REQUEST		Post marketplace fees	1710470608738	1710470638779	KO	status.find.is(201), but actually found 504
USER	Post Marketplace Fees	END	1710470638781
REQUEST		Post marketplace fees	1710470615372	1710470639017	OK	 
USER	Post Marketplace Fees	END	1710470639017
REQUEST		Post marketplace fees	1710470614516	1710470639728	OK	 
USER	Post Marketplace Fees	END	1710470639729
REQUEST		Post marketplace fees	1710470616072	1710470639820	OK	 
USER	Post Marketplace Fees	END	1710470639820
