RUN	transactions.MarketplaceFeesPostSimulation	marketplacefeespostsimulation	1710456215817	 	3.10.4
USER	Login	START	1710456216465
REQUEST		Login	1710456216463	1710456217085	OK	 
USER	Login	END	1710456222172
USER	Post Marketplace Fees	START	1710456222447
USER	Post Marketplace Fees	START	1710456222505
USER	Post Marketplace Fees	START	1710456222544
USER	Post Marketplace Fees	START	1710456222575
USER	Post Marketplace Fees	START	1710456222600
USER	Post Marketplace Fees	START	1710456222621
USER	Post Marketplace Fees	START	1710456222640
USER	Post Marketplace Fees	START	1710456222657
USER	Post Marketplace Fees	START	1710456222672
USER	Post Marketplace Fees	START	1710456222686
USER	Post Marketplace Fees	START	1710456222700
USER	Post Marketplace Fees	START	1710456222712
USER	Post Marketplace Fees	START	1710456222723
USER	Post Marketplace Fees	START	1710456222734
USER	Post Marketplace Fees	START	1710456222745
USER	Post Marketplace Fees	START	1710456222756
USER	Post Marketplace Fees	START	1710456222765
USER	Post Marketplace Fees	START	1710456222775
USER	Post Marketplace Fees	START	1710456222784
USER	Post Marketplace Fees	START	1710456222793
USER	Post Marketplace Fees	START	1710456222802
USER	Post Marketplace Fees	START	1710456222810
USER	Post Marketplace Fees	START	1710456222818
USER	Post Marketplace Fees	START	1710456222830
USER	Post Marketplace Fees	START	1710456222838
USER	Post Marketplace Fees	START	1710456222846
USER	Post Marketplace Fees	START	1710456222853
USER	Post Marketplace Fees	START	1710456222861
USER	Post Marketplace Fees	START	1710456222868
USER	Post Marketplace Fees	START	1710456222875
USER	Post Marketplace Fees	START	1710456222883
USER	Post Marketplace Fees	START	1710456222890
USER	Post Marketplace Fees	START	1710456222897
USER	Post Marketplace Fees	START	1710456222904
USER	Post Marketplace Fees	START	1710456222911
USER	Post Marketplace Fees	START	1710456222917
USER	Post Marketplace Fees	START	1710456222924
USER	Post Marketplace Fees	START	1710456222931
USER	Post Marketplace Fees	START	1710456222938
USER	Post Marketplace Fees	START	1710456222945
USER	Post Marketplace Fees	START	1710456222952
USER	Post Marketplace Fees	START	1710456222958
USER	Post Marketplace Fees	START	1710456222965
USER	Post Marketplace Fees	START	1710456222972
USER	Post Marketplace Fees	START	1710456222979
USER	Post Marketplace Fees	START	1710456222986
USER	Post Marketplace Fees	START	1710456222992
USER	Post Marketplace Fees	START	1710456222999
USER	Post Marketplace Fees	START	1710456223006
USER	Post Marketplace Fees	START	1710456223013
USER	Post Marketplace Fees	START	1710456223021
USER	Post Marketplace Fees	START	1710456223028
USER	Post Marketplace Fees	START	1710456223036
USER	Post Marketplace Fees	START	1710456223043
USER	Post Marketplace Fees	START	1710456223051
USER	Post Marketplace Fees	START	1710456223058
USER	Post Marketplace Fees	START	1710456223066
USER	Post Marketplace Fees	START	1710456223074
USER	Post Marketplace Fees	START	1710456223082
USER	Post Marketplace Fees	START	1710456223090
USER	Post Marketplace Fees	START	1710456223098
USER	Post Marketplace Fees	START	1710456223107
USER	Post Marketplace Fees	START	1710456223115
USER	Post Marketplace Fees	START	1710456223124
USER	Post Marketplace Fees	START	1710456223134
USER	Post Marketplace Fees	START	1710456223143
USER	Post Marketplace Fees	START	1710456223153
USER	Post Marketplace Fees	START	1710456223164
USER	Post Marketplace Fees	START	1710456223175
USER	Post Marketplace Fees	START	1710456223186
USER	Post Marketplace Fees	START	1710456223198
USER	Post Marketplace Fees	START	1710456223211
USER	Post Marketplace Fees	START	1710456223225
USER	Post Marketplace Fees	START	1710456223240
USER	Post Marketplace Fees	START	1710456223257
USER	Post Marketplace Fees	START	1710456223276
USER	Post Marketplace Fees	START	1710456223297
USER	Post Marketplace Fees	START	1710456223322
USER	Post Marketplace Fees	START	1710456223352
USER	Post Marketplace Fees	START	1710456223391
REQUEST		Post marketplace fees	1710456222622	1710456224425	OK	 
USER	Post Marketplace Fees	END	1710456224428
REQUEST		Post marketplace fees	1710456222545	1710456225017	OK	 
USER	Post Marketplace Fees	END	1710456225018
REQUEST		Post marketplace fees	1710456222459	1710456225529	OK	 
USER	Post Marketplace Fees	END	1710456225530
REQUEST		Post marketplace fees	1710456222641	1710456225534	OK	 
USER	Post Marketplace Fees	END	1710456225535
REQUEST		Post marketplace fees	1710456222673	1710456226041	OK	 
USER	Post Marketplace Fees	END	1710456226042
REQUEST		Post marketplace fees	1710456222876	1710456227281	OK	 
USER	Post Marketplace Fees	END	1710456227282
REQUEST		Post marketplace fees	1710456222601	1710456228716	OK	 
USER	Post Marketplace Fees	END	1710456228717
REQUEST		Post marketplace fees	1710456222756	1710456228795	OK	 
USER	Post Marketplace Fees	END	1710456228796
REQUEST		Post marketplace fees	1710456222891	1710456228919	OK	 
USER	Post Marketplace Fees	END	1710456228920
REQUEST		Post marketplace fees	1710456222785	1710456229534	OK	 
USER	Post Marketplace Fees	END	1710456229536
REQUEST		Post marketplace fees	1710456222658	1710456229591	OK	 
USER	Post Marketplace Fees	END	1710456229593
REQUEST		Post marketplace fees	1710456222932	1710456229943	OK	 
REQUEST		Post marketplace fees	1710456222946	1710456229943	OK	 
USER	Post Marketplace Fees	END	1710456229944
USER	Post Marketplace Fees	END	1710456229944
REQUEST		Post marketplace fees	1710456222838	1710456230353	OK	 
USER	Post Marketplace Fees	END	1710456230354
REQUEST		Post marketplace fees	1710456222794	1710456231674	OK	 
USER	Post Marketplace Fees	END	1710456231675
REQUEST		Post marketplace fees	1710456223392	1710456231704	OK	 
REQUEST		Post marketplace fees	1710456222725	1710456231704	OK	 
USER	Post Marketplace Fees	END	1710456231705
USER	Post Marketplace Fees	END	1710456231706
REQUEST		Post marketplace fees	1710456222576	1710456232807	OK	 
USER	Post Marketplace Fees	END	1710456232808
REQUEST		Post marketplace fees	1710456222803	1710456232838	OK	 
USER	Post Marketplace Fees	END	1710456232838
REQUEST		Post marketplace fees	1710456222939	1710456232894	OK	 
USER	Post Marketplace Fees	END	1710456232896
REQUEST		Post marketplace fees	1710456222819	1710456232897	OK	 
USER	Post Marketplace Fees	END	1710456232899
REQUEST		Post marketplace fees	1710456222853	1710456232933	OK	 
USER	Post Marketplace Fees	END	1710456232934
REQUEST		Post marketplace fees	1710456222776	1710456233926	OK	 
REQUEST		Post marketplace fees	1710456223043	1710456233926	OK	 
USER	Post Marketplace Fees	END	1710456233927
USER	Post Marketplace Fees	END	1710456233927
REQUEST		Post marketplace fees	1710456222973	1710456234438	OK	 
USER	Post Marketplace Fees	END	1710456234440
REQUEST		Post marketplace fees	1710456222687	1710456234849	OK	 
USER	Post Marketplace Fees	END	1710456234850
REQUEST		Post marketplace fees	1710456222912	1710456235201	OK	 
USER	Post Marketplace Fees	END	1710456235202
REQUEST		Post marketplace fees	1710456222811	1710456235232	OK	 
USER	Post Marketplace Fees	END	1710456235232
REQUEST		Post marketplace fees	1710456222735	1710456235315	OK	 
USER	Post Marketplace Fees	END	1710456235316
REQUEST		Post marketplace fees	1710456222918	1710456235667	OK	 
USER	Post Marketplace Fees	END	1710456235669
REQUEST		Post marketplace fees	1710456223090	1710456235717	OK	 
USER	Post Marketplace Fees	END	1710456235719
REQUEST		Post marketplace fees	1710456222993	1710456235920	OK	 
USER	Post Marketplace Fees	END	1710456235921
REQUEST		Post marketplace fees	1710456223000	1710456235999	OK	 
USER	Post Marketplace Fees	END	1710456236001
REQUEST		Post marketplace fees	1710456222959	1710456236218	OK	 
USER	Post Marketplace Fees	END	1710456236220
REQUEST		Post marketplace fees	1710456222898	1710456236588	OK	 
REQUEST		Post marketplace fees	1710456222746	1710456236588	OK	 
USER	Post Marketplace Fees	END	1710456236590
USER	Post Marketplace Fees	END	1710456236590
REQUEST		Post marketplace fees	1710456223115	1710456236619	OK	 
USER	Post Marketplace Fees	END	1710456236620
REQUEST		Post marketplace fees	1710456222713	1710456236720	OK	 
USER	Post Marketplace Fees	END	1710456236721
REQUEST		Post marketplace fees	1710456222831	1710456236792	OK	 
USER	Post Marketplace Fees	END	1710456236792
REQUEST		Post marketplace fees	1710456222701	1710456236811	OK	 
USER	Post Marketplace Fees	END	1710456236812
REQUEST		Post marketplace fees	1710456222925	1710456236896	OK	 
USER	Post Marketplace Fees	END	1710456236897
REQUEST		Post marketplace fees	1710456223226	1710456237006	OK	 
USER	Post Marketplace Fees	END	1710456237006
REQUEST		Post marketplace fees	1710456223297	1710456237127	OK	 
USER	Post Marketplace Fees	END	1710456237128
REQUEST		Post marketplace fees	1710456222905	1710456237129	OK	 
USER	Post Marketplace Fees	END	1710456237129
REQUEST		Post marketplace fees	1710456223007	1710456237428	OK	 
USER	Post Marketplace Fees	END	1710456237428
REQUEST		Post marketplace fees	1710456223241	1710456237723	OK	 
USER	Post Marketplace Fees	END	1710456237724
REQUEST		Post marketplace fees	1710456223352	1710456237919	OK	 
USER	Post Marketplace Fees	END	1710456237921
REQUEST		Post marketplace fees	1710456223212	1710456238124	OK	 
USER	Post Marketplace Fees	END	1710456238126
REQUEST		Post marketplace fees	1710456223176	1710456238205	OK	 
USER	Post Marketplace Fees	END	1710456238207
REQUEST		Post marketplace fees	1710456222869	1710456238293	OK	 
USER	Post Marketplace Fees	END	1710456238294
REQUEST		Post marketplace fees	1710456222987	1710456238332	OK	 
USER	Post Marketplace Fees	END	1710456238333
REQUEST		Post marketplace fees	1710456223021	1710456238738	OK	 
REQUEST		Post marketplace fees	1710456223099	1710456238738	OK	 
USER	Post Marketplace Fees	END	1710456238739
USER	Post Marketplace Fees	END	1710456238739
REQUEST		Post marketplace fees	1710456222953	1710456238815	OK	 
USER	Post Marketplace Fees	END	1710456238815
REQUEST		Post marketplace fees	1710456223258	1710456238890	OK	 
USER	Post Marketplace Fees	END	1710456238891
REQUEST		Post marketplace fees	1710456223134	1710456239045	OK	 
USER	Post Marketplace Fees	END	1710456239045
REQUEST		Post marketplace fees	1710456222861	1710456239763	OK	 
USER	Post Marketplace Fees	END	1710456239765
REQUEST		Post marketplace fees	1710456223276	1710456240172	OK	 
USER	Post Marketplace Fees	END	1710456240173
REQUEST		Post marketplace fees	1710456223059	1710456240290	OK	 
USER	Post Marketplace Fees	END	1710456240291
REQUEST		Post marketplace fees	1710456223029	1710456240291	OK	 
USER	Post Marketplace Fees	END	1710456240292
REQUEST		Post marketplace fees	1710456223067	1710456240405	OK	 
USER	Post Marketplace Fees	END	1710456240406
REQUEST		Post marketplace fees	1710456223051	1710456240407	OK	 
USER	Post Marketplace Fees	END	1710456240408
REQUEST		Post marketplace fees	1710456223082	1710456240509	OK	 
USER	Post Marketplace Fees	END	1710456240510
REQUEST		Post marketplace fees	1710456222766	1710456240693	OK	 
USER	Post Marketplace Fees	END	1710456240694
REQUEST		Post marketplace fees	1710456223199	1710456240715	OK	 
USER	Post Marketplace Fees	END	1710456240716
REQUEST		Post marketplace fees	1710456223014	1710456240760	OK	 
USER	Post Marketplace Fees	END	1710456240760
REQUEST		Post marketplace fees	1710456223074	1710456240791	OK	 
USER	Post Marketplace Fees	END	1710456240792
REQUEST		Post marketplace fees	1710456222966	1710456240813	OK	 
USER	Post Marketplace Fees	END	1710456240814
REQUEST		Post marketplace fees	1710456223036	1710456240991	OK	 
USER	Post Marketplace Fees	END	1710456240991
REQUEST		Post marketplace fees	1710456223143	1710456240995	OK	 
USER	Post Marketplace Fees	END	1710456240996
REQUEST		Post marketplace fees	1710456222884	1710456240996	OK	 
USER	Post Marketplace Fees	END	1710456240997
REQUEST		Post marketplace fees	1710456223154	1710456241100	OK	 
USER	Post Marketplace Fees	END	1710456241101
REQUEST		Post marketplace fees	1710456222846	1710456241103	OK	 
USER	Post Marketplace Fees	END	1710456241104
REQUEST		Post marketplace fees	1710456223322	1710456241205	OK	 
USER	Post Marketplace Fees	END	1710456241206
REQUEST		Post marketplace fees	1710456223107	1710456241402	OK	 
USER	Post Marketplace Fees	END	1710456241402
REQUEST		Post marketplace fees	1710456223124	1710456241420	OK	 
USER	Post Marketplace Fees	END	1710456241421
REQUEST		Post marketplace fees	1710456223165	1710456241605	OK	 
USER	Post Marketplace Fees	END	1710456241606
REQUEST		Post marketplace fees	1710456222506	1710456241606	OK	 
USER	Post Marketplace Fees	END	1710456241606
REQUEST		Post marketplace fees	1710456223187	1710456241617	OK	 
USER	Post Marketplace Fees	END	1710456241617
REQUEST		Post marketplace fees	1710456222980	1710456241710	OK	 
USER	Post Marketplace Fees	END	1710456241711
