RUN	transactions.MarketplaceFeesPostSimulation	marketplacefeespostsimulation	1710473254167	 	3.10.4
USER	Login	START	1710473254680
REQUEST		Login	1710473254678	1710473255322	OK	 
USER	Login	END	1710473260433
USER	Post Marketplace Fees	START	1710473260678
USER	Post Marketplace Fees	START	1710473260868
USER	Post Marketplace Fees	START	1710473261069
USER	Post Marketplace Fees	START	1710473261270
USER	Post Marketplace Fees	START	1710473261470
USER	Post Marketplace Fees	START	1710473261671
USER	Post Marketplace Fees	START	1710473261866
REQUEST		Post marketplace fees	1710473260684	1710473261893	OK	 
USER	Post Marketplace Fees	END	1710473261894
USER	Post Marketplace Fees	START	1710473262067
REQUEST		Post marketplace fees	1710473261070	1710473262250	OK	 
USER	Post Marketplace Fees	END	1710473262251
USER	Post Marketplace Fees	START	1710473262267
REQUEST		Post marketplace fees	1710473261270	1710473262390	OK	 
USER	Post Marketplace Fees	END	1710473262391
REQUEST		Post marketplace fees	1710473260870	1710473262399	OK	 
USER	Post Marketplace Fees	END	1710473262401
USER	Post Marketplace Fees	START	1710473262468
USER	Post Marketplace Fees	START	1710473262667
REQUEST		Post marketplace fees	1710473261671	1710473262791	OK	 
USER	Post Marketplace Fees	END	1710473262792
REQUEST		Post marketplace fees	1710473261471	1710473262810	OK	 
USER	Post Marketplace Fees	END	1710473262812
USER	Post Marketplace Fees	START	1710473262868
REQUEST		Post marketplace fees	1710473261867	1710473262920	OK	 
USER	Post Marketplace Fees	END	1710473262921
USER	Post Marketplace Fees	START	1710473263068
USER	Post Marketplace Fees	START	1710473263269
REQUEST		Post marketplace fees	1710473262068	1710473263426	OK	 
USER	Post Marketplace Fees	END	1710473263428
USER	Post Marketplace Fees	START	1710473263469
REQUEST		Post marketplace fees	1710473262470	1710473263632	OK	 
USER	Post Marketplace Fees	END	1710473263633
USER	Post Marketplace Fees	START	1710473263666
USER	Post Marketplace Fees	START	1710473263867
REQUEST		Post marketplace fees	1710473263069	1710473263895	OK	 
USER	Post Marketplace Fees	END	1710473263897
REQUEST		Post marketplace fees	1710473262268	1710473263922	OK	 
USER	Post Marketplace Fees	END	1710473263923
USER	Post Marketplace Fees	START	1710473264067
REQUEST		Post marketplace fees	1710473262667	1710473264193	OK	 
USER	Post Marketplace Fees	END	1710473264194
USER	Post Marketplace Fees	START	1710473264268
USER	Post Marketplace Fees	START	1710473264468
USER	Post Marketplace Fees	START	1710473264667
REQUEST		Post marketplace fees	1710473263667	1710473264730	OK	 
REQUEST		Post marketplace fees	1710473263869	1710473264730	OK	 
USER	Post Marketplace Fees	END	1710473264731
USER	Post Marketplace Fees	END	1710473264731
USER	Post Marketplace Fees	START	1710473264867
USER	Post Marketplace Fees	START	1710473265068
REQUEST		Post marketplace fees	1710473264469	1710473265229	OK	 
USER	Post Marketplace Fees	END	1710473265231
USER	Post Marketplace Fees	START	1710473265268
REQUEST		Post marketplace fees	1710473262870	1710473265291	OK	 
USER	Post Marketplace Fees	END	1710473265291
USER	Post Marketplace Fees	START	1710473265468
REQUEST		Post marketplace fees	1710473264268	1710473265535	OK	 
USER	Post Marketplace Fees	END	1710473265536
REQUEST		Post marketplace fees	1710473264668	1710473265628	OK	 
USER	Post Marketplace Fees	END	1710473265629
USER	Post Marketplace Fees	START	1710473265666
USER	Post Marketplace Fees	START	1710473265867
REQUEST		Post marketplace fees	1710473265069	1710473265927	OK	 
USER	Post Marketplace Fees	END	1710473265929
REQUEST		Post marketplace fees	1710473263270	1710473266020	OK	 
USER	Post Marketplace Fees	END	1710473266021
USER	Post Marketplace Fees	START	1710473266067
USER	Post Marketplace Fees	START	1710473266268
REQUEST		Post marketplace fees	1710473263471	1710473266322	OK	 
USER	Post Marketplace Fees	END	1710473266324
REQUEST		Post marketplace fees	1710473265270	1710473266328	OK	 
USER	Post Marketplace Fees	END	1710473266330
USER	Post Marketplace Fees	START	1710473266468
USER	Post Marketplace Fees	START	1710473266667
REQUEST		Post marketplace fees	1710473265868	1710473266836	OK	 
REQUEST		Post marketplace fees	1710473264068	1710473266836	OK	 
USER	Post Marketplace Fees	END	1710473266838
USER	Post Marketplace Fees	END	1710473266838
USER	Post Marketplace Fees	START	1710473266867
REQUEST		Post marketplace fees	1710473265469	1710473266890	OK	 
USER	Post Marketplace Fees	END	1710473266891
REQUEST		Post marketplace fees	1710473264869	1710473267025	OK	 
USER	Post Marketplace Fees	END	1710473267026
REQUEST		Post marketplace fees	1710473265667	1710473267026	OK	 
USER	Post Marketplace Fees	END	1710473267027
USER	Post Marketplace Fees	START	1710473267067
USER	Post Marketplace Fees	START	1710473267268
REQUEST		Post marketplace fees	1710473266070	1710473267388	OK	 
USER	Post Marketplace Fees	END	1710473267389
USER	Post Marketplace Fees	START	1710473267468
USER	Post Marketplace Fees	START	1710473267666
USER	Post Marketplace Fees	START	1710473267866
REQUEST		Post marketplace fees	1710473267068	1710473267997	OK	 
USER	Post Marketplace Fees	END	1710473267998
REQUEST		Post marketplace fees	1710473266869	1710473268033	OK	 
USER	Post Marketplace Fees	END	1710473268034
USER	Post Marketplace Fees	START	1710473268066
REQUEST		Post marketplace fees	1710473266270	1710473268199	OK	 
USER	Post Marketplace Fees	END	1710473268200
USER	Post Marketplace Fees	START	1710473268267
USER	Post Marketplace Fees	START	1710473268467
USER	Post Marketplace Fees	START	1710473268666
USER	Post Marketplace Fees	START	1710473268866
REQUEST		Post marketplace fees	1710473266470	1710473268891	OK	 
USER	Post Marketplace Fees	END	1710473268892
USER	Post Marketplace Fees	START	1710473269066
REQUEST		Post marketplace fees	1710473267268	1710473269116	OK	 
USER	Post Marketplace Fees	END	1710473269118
USER	Post Marketplace Fees	START	1710473269267
REQUEST		Post marketplace fees	1710473266667	1710473269396	OK	 
USER	Post Marketplace Fees	END	1710473269396
USER	Post Marketplace Fees	START	1710473269467
REQUEST		Post marketplace fees	1710473267666	1710473269623	OK	 
USER	Post Marketplace Fees	END	1710473269624
USER	Post Marketplace Fees	START	1710473269666
REQUEST		Post marketplace fees	1710473268666	1710473269832	OK	 
USER	Post Marketplace Fees	END	1710473269833
USER	Post Marketplace Fees	START	1710473269867
REQUEST		Post marketplace fees	1710473267469	1710473269923	OK	 
USER	Post Marketplace Fees	END	1710473269924
REQUEST		Post marketplace fees	1710473268067	1710473269952	OK	 
USER	Post Marketplace Fees	END	1710473269952
USER	Post Marketplace Fees	START	1710473270067
REQUEST		Post marketplace fees	1710473268468	1710473270089	OK	 
USER	Post Marketplace Fees	END	1710473270090
REQUEST		Post marketplace fees	1710473269067	1710473270215	OK	 
USER	Post Marketplace Fees	END	1710473270216
USER	Post Marketplace Fees	START	1710473270267
USER	Post Marketplace Fees	START	1710473270468
USER	Post Marketplace Fees	START	1710473270666
USER	Post Marketplace Fees	START	1710473270867
REQUEST		Post marketplace fees	1710473268867	1710473270897	OK	 
USER	Post Marketplace Fees	END	1710473270898
REQUEST		Post marketplace fees	1710473268267	1710473270996	OK	 
USER	Post Marketplace Fees	END	1710473270996
REQUEST		Post marketplace fees	1710473267868	1710473270997	OK	 
USER	Post Marketplace Fees	END	1710473270997
USER	Post Marketplace Fees	START	1710473271067
REQUEST		Post marketplace fees	1710473269667	1710473271218	OK	 
USER	Post Marketplace Fees	END	1710473271219
REQUEST		Post marketplace fees	1710473269267	1710473271224	OK	 
USER	Post Marketplace Fees	END	1710473271224
USER	Post Marketplace Fees	START	1710473271267
REQUEST		Post marketplace fees	1710473270268	1710473271422	OK	 
USER	Post Marketplace Fees	END	1710473271423
USER	Post Marketplace Fees	START	1710473271467
USER	Post Marketplace Fees	START	1710473271666
REQUEST		Post marketplace fees	1710473270468	1710473271718	OK	 
USER	Post Marketplace Fees	END	1710473271719
USER	Post Marketplace Fees	START	1710473271866
USER	Post Marketplace Fees	START	1710473272067
REQUEST		Post marketplace fees	1710473269867	1710473272124	OK	 
USER	Post Marketplace Fees	END	1710473272125
USER	Post Marketplace Fees	START	1710473272267
REQUEST		Post marketplace fees	1710473270068	1710473272418	OK	 
USER	Post Marketplace Fees	END	1710473272418
USER	Post Marketplace Fees	START	1710473272467
REQUEST		Post marketplace fees	1710473269468	1710473272496	OK	 
USER	Post Marketplace Fees	END	1710473272497
REQUEST		Post marketplace fees	1710473270868	1710473272637	OK	 
USER	Post Marketplace Fees	END	1710473272637
USER	Post Marketplace Fees	START	1710473272667
REQUEST		Post marketplace fees	1710473270667	1710473272798	OK	 
USER	Post Marketplace Fees	END	1710473272800
REQUEST		Post marketplace fees	1710473271667	1710473272830	OK	 
USER	Post Marketplace Fees	END	1710473272831
USER	Post Marketplace Fees	START	1710473272867
REQUEST		Post marketplace fees	1710473271268	1710473273033	OK	 
USER	Post Marketplace Fees	END	1710473273035
REQUEST		Post marketplace fees	1710473271468	1710473273035	OK	 
USER	Post Marketplace Fees	END	1710473273037
USER	Post Marketplace Fees	START	1710473273068
USER	Post Marketplace Fees	START	1710473273268
REQUEST		Post marketplace fees	1710473272267	1710473273296	OK	 
USER	Post Marketplace Fees	END	1710473273297
REQUEST		Post marketplace fees	1710473271067	1710473273335	OK	 
USER	Post Marketplace Fees	END	1710473273335
USER	Post Marketplace Fees	START	1710473273468
USER	Post Marketplace Fees	START	1710473273667
REQUEST		Post marketplace fees	1710473272869	1710473273689	OK	 
USER	Post Marketplace Fees	END	1710473273690
REQUEST		Post marketplace fees	1710473271867	1710473273726	OK	 
USER	Post Marketplace Fees	END	1710473273727
USER	Post Marketplace Fees	START	1710473273867
USER	Post Marketplace Fees	START	1710473274067
REQUEST		Post marketplace fees	1710473273069	1710473274146	OK	 
USER	Post Marketplace Fees	END	1710473274147
USER	Post Marketplace Fees	START	1710473274268
REQUEST		Post marketplace fees	1710473272067	1710473274403	OK	 
USER	Post Marketplace Fees	END	1710473274404
USER	Post Marketplace Fees	START	1710473274468
USER	Post Marketplace Fees	START	1710473274666
REQUEST		Post marketplace fees	1710473272668	1710473274704	OK	 
USER	Post Marketplace Fees	END	1710473274704
REQUEST		Post marketplace fees	1710473273268	1710473274712	OK	 
USER	Post Marketplace Fees	END	1710473274712
REQUEST		Post marketplace fees	1710473272468	1710473274748	OK	 
USER	Post Marketplace Fees	END	1710473274748
REQUEST		Post marketplace fees	1710473273469	1710473274827	OK	 
USER	Post Marketplace Fees	END	1710473274828
USER	Post Marketplace Fees	START	1710473274833
USER	Post Marketplace Fees	START	1710473275000
REQUEST		Post marketplace fees	1710473274269	1710473275122	OK	 
USER	Post Marketplace Fees	END	1710473275123
USER	Post Marketplace Fees	START	1710473275167
REQUEST		Post marketplace fees	1710473273868	1710473275231	OK	 
USER	Post Marketplace Fees	END	1710473275231
REQUEST		Post marketplace fees	1710473274069	1710473275326	OK	 
USER	Post Marketplace Fees	END	1710473275326
USER	Post Marketplace Fees	START	1710473275333
REQUEST		Post marketplace fees	1710473273667	1710473275368	OK	 
USER	Post Marketplace Fees	END	1710473275368
USER	Post Marketplace Fees	START	1710473275500
USER	Post Marketplace Fees	START	1710473275666
REQUEST		Post marketplace fees	1710473274667	1710473275793	OK	 
USER	Post Marketplace Fees	END	1710473275793
USER	Post Marketplace Fees	START	1710473275867
USER	Post Marketplace Fees	START	1710473276067
REQUEST		Post marketplace fees	1710473274468	1710473276225	OK	 
USER	Post Marketplace Fees	END	1710473276226
USER	Post Marketplace Fees	START	1710473276267
REQUEST		Post marketplace fees	1710473274834	1710473276418	OK	 
USER	Post Marketplace Fees	END	1710473276420
USER	Post Marketplace Fees	START	1710473276467
REQUEST		Post marketplace fees	1710473275000	1710473276527	OK	 
USER	Post Marketplace Fees	END	1710473276528
USER	Post Marketplace Fees	START	1710473276666
REQUEST		Post marketplace fees	1710473275500	1710473276799	OK	 
USER	Post Marketplace Fees	END	1710473276800
USER	Post Marketplace Fees	START	1710473276833
USER	Post Marketplace Fees	START	1710473277000
USER	Post Marketplace Fees	START	1710473277167
REQUEST		Post marketplace fees	1710473275333	1710473277226	OK	 
USER	Post Marketplace Fees	END	1710473277228
REQUEST		Post marketplace fees	1710473276268	1710473277330	OK	 
USER	Post Marketplace Fees	END	1710473277331
REQUEST		Post marketplace fees	1710473275667	1710473277331	OK	 
USER	Post Marketplace Fees	END	1710473277332
USER	Post Marketplace Fees	START	1710473277333
USER	Post Marketplace Fees	START	1710473277500
REQUEST		Post marketplace fees	1710473275167	1710473277595	OK	 
USER	Post Marketplace Fees	END	1710473277598
USER	Post Marketplace Fees	START	1710473277666
USER	Post Marketplace Fees	START	1710473277833
REQUEST		Post marketplace fees	1710473275867	1710473277890	OK	 
USER	Post Marketplace Fees	END	1710473277891
REQUEST		Post marketplace fees	1710473276667	1710473277964	OK	 
USER	Post Marketplace Fees	END	1710473277965
USER	Post Marketplace Fees	START	1710473278000
USER	Post Marketplace Fees	START	1710473278167
REQUEST		Post marketplace fees	1710473277168	1710473278291	OK	 
USER	Post Marketplace Fees	END	1710473278291
USER	Post Marketplace Fees	START	1710473278333
REQUEST		Post marketplace fees	1710473276067	1710473278395	OK	 
USER	Post Marketplace Fees	END	1710473278396
USER	Post Marketplace Fees	START	1710473278501
USER	Post Marketplace Fees	START	1710473278666
REQUEST		Post marketplace fees	1710473276468	1710473278694	OK	 
USER	Post Marketplace Fees	END	1710473278694
REQUEST		Post marketplace fees	1710473277001	1710473278725	OK	 
USER	Post Marketplace Fees	END	1710473278726
USER	Post Marketplace Fees	START	1710473278832
REQUEST		Post marketplace fees	1710473276833	1710473278844	OK	 
USER	Post Marketplace Fees	END	1710473278845
USER	Post Marketplace Fees	START	1710473278999
REQUEST		Post marketplace fees	1710473277333	1710473279140	OK	 
USER	Post Marketplace Fees	END	1710473279140
USER	Post Marketplace Fees	START	1710473279167
REQUEST		Post marketplace fees	1710473277668	1710473279228	OK	 
USER	Post Marketplace Fees	END	1710473279229
USER	Post Marketplace Fees	START	1710473279333
REQUEST		Post marketplace fees	1710473278001	1710473279430	OK	 
USER	Post Marketplace Fees	END	1710473279431
USER	Post Marketplace Fees	START	1710473279500
REQUEST		Post marketplace fees	1710473277834	1710473279536	OK	 
USER	Post Marketplace Fees	END	1710473279538
USER	Post Marketplace Fees	START	1710473279666
REQUEST		Post marketplace fees	1710473277504	1710473279817	OK	 
USER	Post Marketplace Fees	END	1710473279818
REQUEST		Post marketplace fees	1710473278833	1710473279823	OK	 
USER	Post Marketplace Fees	END	1710473279823
USER	Post Marketplace Fees	START	1710473279833
REQUEST		Post marketplace fees	1710473278334	1710473279921	OK	 
USER	Post Marketplace Fees	END	1710473279921
USER	Post Marketplace Fees	START	1710473280000
REQUEST		Post marketplace fees	1710473278666	1710473280017	OK	 
USER	Post Marketplace Fees	END	1710473280019
USER	Post Marketplace Fees	START	1710473280167
REQUEST		Post marketplace fees	1710473278168	1710473280221	OK	 
USER	Post Marketplace Fees	END	1710473280222
USER	Post Marketplace Fees	START	1710473280333
USER	Post Marketplace Fees	START	1710473280500
REQUEST		Post marketplace fees	1710473278501	1710473280600	OK	 
USER	Post Marketplace Fees	END	1710473280601
USER	Post Marketplace Fees	START	1710473280667
REQUEST		Post marketplace fees	1710473279333	1710473280794	OK	 
USER	Post Marketplace Fees	END	1710473280795
REQUEST		Post marketplace fees	1710473279500	1710473280823	OK	 
USER	Post Marketplace Fees	END	1710473280823
USER	Post Marketplace Fees	START	1710473280833
REQUEST		Post marketplace fees	1710473279167	1710473280918	OK	 
USER	Post Marketplace Fees	END	1710473280919
USER	Post Marketplace Fees	START	1710473281000
REQUEST		Post marketplace fees	1710473279667	1710473281102	OK	 
USER	Post Marketplace Fees	END	1710473281104
USER	Post Marketplace Fees	START	1710473281167
REQUEST		Post marketplace fees	1710473279000	1710473281328	OK	 
USER	Post Marketplace Fees	END	1710473281329
USER	Post Marketplace Fees	START	1710473281333
USER	Post Marketplace Fees	START	1710473281500
REQUEST		Post marketplace fees	1710473279833	1710473281542	OK	 
USER	Post Marketplace Fees	END	1710473281543
USER	Post Marketplace Fees	START	1710473281667
REQUEST		Post marketplace fees	1710473280333	1710473281823	OK	 
USER	Post Marketplace Fees	END	1710473281824
USER	Post Marketplace Fees	START	1710473281833
USER	Post Marketplace Fees	START	1710473282000
REQUEST		Post marketplace fees	1710473280001	1710473282005	OK	 
USER	Post Marketplace Fees	END	1710473282006
REQUEST		Post marketplace fees	1710473280667	1710473282074	OK	 
USER	Post Marketplace Fees	END	1710473282074
REQUEST		Post marketplace fees	1710473280501	1710473282101	OK	 
USER	Post Marketplace Fees	END	1710473282103
USER	Post Marketplace Fees	START	1710473282168
REQUEST		Post marketplace fees	1710473280167	1710473282307	OK	 
USER	Post Marketplace Fees	END	1710473282308
USER	Post Marketplace Fees	START	1710473282334
USER	Post Marketplace Fees	START	1710473282501
USER	Post Marketplace Fees	START	1710473282667
REQUEST		Post marketplace fees	1710473281001	1710473282733	OK	 
USER	Post Marketplace Fees	END	1710473282734
REQUEST		Post marketplace fees	1710473280833	1710473282736	OK	 
USER	Post Marketplace Fees	END	1710473282737
REQUEST		Post marketplace fees	1710473281333	1710473282747	OK	 
USER	Post Marketplace Fees	END	1710473282748
USER	Post Marketplace Fees	START	1710473282833
REQUEST		Post marketplace fees	1710473281167	1710473282915	OK	 
USER	Post Marketplace Fees	END	1710473282915
REQUEST		Post marketplace fees	1710473281500	1710473282934	OK	 
USER	Post Marketplace Fees	END	1710473282934
USER	Post Marketplace Fees	START	1710473283000
USER	Post Marketplace Fees	START	1710473283168
REQUEST		Post marketplace fees	1710473281668	1710473283199	OK	 
USER	Post Marketplace Fees	END	1710473283199
USER	Post Marketplace Fees	START	1710473283334
USER	Post Marketplace Fees	START	1710473283501
REQUEST		Post marketplace fees	1710473281833	1710473283523	OK	 
USER	Post Marketplace Fees	END	1710473283524
REQUEST		Post marketplace fees	1710473282335	1710473283581	OK	 
USER	Post Marketplace Fees	END	1710473283582
USER	Post Marketplace Fees	START	1710473283666
REQUEST		Post marketplace fees	1710473282001	1710473283823	OK	 
USER	Post Marketplace Fees	END	1710473283824
USER	Post Marketplace Fees	START	1710473283833
REQUEST		Post marketplace fees	1710473282169	1710473283915	OK	 
USER	Post Marketplace Fees	END	1710473283916
USER	Post Marketplace Fees	START	1710473284000
USER	Post Marketplace Fees	START	1710473284167
REQUEST		Post marketplace fees	1710473282834	1710473284225	OK	 
USER	Post Marketplace Fees	END	1710473284226
USER	Post Marketplace Fees	START	1710473284333
USER	Post Marketplace Fees	START	1710473284500
REQUEST		Post marketplace fees	1710473283001	1710473284625	OK	 
USER	Post Marketplace Fees	END	1710473284627
USER	Post Marketplace Fees	START	1710473284667
REQUEST		Post marketplace fees	1710473283335	1710473284757	OK	 
USER	Post Marketplace Fees	END	1710473284758
USER	Post Marketplace Fees	START	1710473284833
REQUEST		Post marketplace fees	1710473282668	1710473284918	OK	 
USER	Post Marketplace Fees	END	1710473284918
USER	Post Marketplace Fees	START	1710473285000
REQUEST		Post marketplace fees	1710473284169	1710473285134	OK	 
USER	Post Marketplace Fees	END	1710473285135
USER	Post Marketplace Fees	START	1710473285167
REQUEST		Post marketplace fees	1710473283168	1710473285226	OK	 
USER	Post Marketplace Fees	END	1710473285228
USER	Post Marketplace Fees	START	1710473285333
USER	Post Marketplace Fees	START	1710473285500
USER	Post Marketplace Fees	START	1710473285666
REQUEST		Post marketplace fees	1710473282502	1710473285831	OK	 
USER	Post Marketplace Fees	END	1710473285831
USER	Post Marketplace Fees	START	1710473285832
USER	Post Marketplace Fees	START	1710473286000
USER	Post Marketplace Fees	START	1710473286167
REQUEST		Post marketplace fees	1710473284000	1710473286199	OK	 
USER	Post Marketplace Fees	END	1710473286201
REQUEST		Post marketplace fees	1710473283501	1710473286230	OK	 
USER	Post Marketplace Fees	END	1710473286231
USER	Post Marketplace Fees	START	1710473286333
USER	Post Marketplace Fees	START	1710473286500
USER	Post Marketplace Fees	START	1710473286666
USER	Post Marketplace Fees	START	1710473286833
USER	Post Marketplace Fees	START	1710473287000
REQUEST		Post marketplace fees	1710473284334	1710473287062	OK	 
USER	Post Marketplace Fees	END	1710473287063
REQUEST		Post marketplace fees	1710473284834	1710473287075	OK	 
USER	Post Marketplace Fees	END	1710473287075
REQUEST		Post marketplace fees	1710473285000	1710473287121	OK	 
USER	Post Marketplace Fees	END	1710473287122
USER	Post Marketplace Fees	START	1710473287167
USER	Post Marketplace Fees	START	1710473287333
REQUEST		Post marketplace fees	1710473285169	1710473287432	OK	 
USER	Post Marketplace Fees	END	1710473287434
USER	Post Marketplace Fees	START	1710473287500
REQUEST		Post marketplace fees	1710473284668	1710473287516	OK	 
USER	Post Marketplace Fees	END	1710473287517
REQUEST		Post marketplace fees	1710473283833	1710473287600	OK	 
USER	Post Marketplace Fees	END	1710473287601
REQUEST		Post marketplace fees	1710473285667	1710473287602	OK	 
USER	Post Marketplace Fees	END	1710473287603
USER	Post Marketplace Fees	START	1710473287666
USER	Post Marketplace Fees	START	1710473287832
REQUEST		Post marketplace fees	1710473286168	1710473287930	OK	 
USER	Post Marketplace Fees	END	1710473287931
USER	Post Marketplace Fees	START	1710473287999
REQUEST		Post marketplace fees	1710473286335	1710473288020	OK	 
USER	Post Marketplace Fees	END	1710473288021
REQUEST		Post marketplace fees	1710473284501	1710473288028	OK	 
USER	Post Marketplace Fees	END	1710473288028
USER	Post Marketplace Fees	START	1710473288166
REQUEST		Post marketplace fees	1710473283667	1710473288219	OK	 
USER	Post Marketplace Fees	END	1710473288220
REQUEST		Post marketplace fees	1710473285502	1710473288245	OK	 
USER	Post Marketplace Fees	END	1710473288246
REQUEST		Post marketplace fees	1710473287001	1710473288290	OK	 
USER	Post Marketplace Fees	END	1710473288290
USER	Post Marketplace Fees	START	1710473288332
REQUEST		Post marketplace fees	1710473287334	1710473288428	OK	 
USER	Post Marketplace Fees	END	1710473288429
USER	Post Marketplace Fees	START	1710473288499
USER	Post Marketplace Fees	START	1710473288666
USER	Post Marketplace Fees	START	1710473288832
USER	Post Marketplace Fees	START	1710473288999
USER	Post Marketplace Fees	START	1710473289166
REQUEST		Post marketplace fees	1710473286000	1710473289244	OK	 
USER	Post Marketplace Fees	END	1710473289244
REQUEST		Post marketplace fees	1710473286668	1710473289246	OK	 
USER	Post Marketplace Fees	END	1710473289246
USER	Post Marketplace Fees	START	1710473289332
REQUEST		Post marketplace fees	1710473285833	1710473289428	OK	 
USER	Post Marketplace Fees	END	1710473289428
USER	Post Marketplace Fees	START	1710473289499
REQUEST		Post marketplace fees	1710473287167	1710473289518	OK	 
USER	Post Marketplace Fees	END	1710473289518
REQUEST		Post marketplace fees	1710473286833	1710473289588	OK	 
USER	Post Marketplace Fees	END	1710473289589
REQUEST		Post marketplace fees	1710473285334	1710473289595	OK	 
USER	Post Marketplace Fees	END	1710473289595
USER	Post Marketplace Fees	START	1710473289667
REQUEST		Post marketplace fees	1710473287833	1710473289728	OK	 
USER	Post Marketplace Fees	END	1710473289729
USER	Post Marketplace Fees	START	1710473289833
USER	Post Marketplace Fees	START	1710473290000
USER	Post Marketplace Fees	START	1710473290167
REQUEST		Post marketplace fees	1710473288167	1710473290298	OK	 
USER	Post Marketplace Fees	END	1710473290299
REQUEST		Post marketplace fees	1710473286501	1710473290299	OK	 
USER	Post Marketplace Fees	END	1710473290299
REQUEST		Post marketplace fees	1710473288500	1710473290301	OK	 
USER	Post Marketplace Fees	END	1710473290302
USER	Post Marketplace Fees	START	1710473290333
REQUEST		Post marketplace fees	1710473289000	1710473290405	OK	 
USER	Post Marketplace Fees	END	1710473290406
USER	Post Marketplace Fees	START	1710473290500
REQUEST		Post marketplace fees	1710473287501	1710473290522	OK	 
USER	Post Marketplace Fees	END	1710473290522
REQUEST		Post marketplace fees	1710473287667	1710473290524	OK	 
USER	Post Marketplace Fees	END	1710473290524
USER	Post Marketplace Fees	START	1710473290666
USER	Post Marketplace Fees	START	1710473290833
USER	Post Marketplace Fees	START	1710473291000
USER	Post Marketplace Fees	START	1710473291167
USER	Post Marketplace Fees	START	1710473291333
REQUEST		Post marketplace fees	1710473289500	1710473291438	OK	 
USER	Post Marketplace Fees	END	1710473291439
USER	Post Marketplace Fees	START	1710473291500
USER	Post Marketplace Fees	START	1710473291667
REQUEST		Post marketplace fees	1710473290000	1710473291697	OK	 
USER	Post Marketplace Fees	END	1710473291697
REQUEST		Post marketplace fees	1710473288833	1710473291726	OK	 
USER	Post Marketplace Fees	END	1710473291727
USER	Post Marketplace Fees	START	1710473291833
USER	Post Marketplace Fees	START	1710473292000
REQUEST		Post marketplace fees	1710473290667	1710473292018	OK	 
USER	Post Marketplace Fees	END	1710473292019
REQUEST		Post marketplace fees	1710473290168	1710473292031	OK	 
USER	Post Marketplace Fees	END	1710473292032
REQUEST		Post marketplace fees	1710473288000	1710473292098	OK	 
USER	Post Marketplace Fees	END	1710473292098
USER	Post Marketplace Fees	START	1710473292167
USER	Post Marketplace Fees	START	1710473292333
REQUEST		Post marketplace fees	1710473291333	1710473292389	OK	 
USER	Post Marketplace Fees	END	1710473292390
REQUEST		Post marketplace fees	1710473290833	1710473292437	OK	 
USER	Post Marketplace Fees	END	1710473292438
USER	Post Marketplace Fees	START	1710473292500
REQUEST		Post marketplace fees	1710473288667	1710473292665	OK	 
USER	Post Marketplace Fees	END	1710473292665
USER	Post Marketplace Fees	START	1710473292666
REQUEST		Post marketplace fees	1710473289167	1710473292696	OK	 
USER	Post Marketplace Fees	END	1710473292696
REQUEST		Post marketplace fees	1710473290333	1710473292819	OK	 
USER	Post Marketplace Fees	END	1710473292819
USER	Post Marketplace Fees	START	1710473292832
REQUEST		Post marketplace fees	1710473290500	1710473292947	OK	 
USER	Post Marketplace Fees	END	1710473292948
USER	Post Marketplace Fees	START	1710473292999
REQUEST		Post marketplace fees	1710473289333	1710473293013	OK	 
USER	Post Marketplace Fees	END	1710473293014
REQUEST		Post marketplace fees	1710473288333	1710473293025	OK	 
USER	Post Marketplace Fees	END	1710473293026
USER	Post Marketplace Fees	START	1710473293166
REQUEST		Post marketplace fees	1710473291168	1710473293222	OK	 
USER	Post Marketplace Fees	END	1710473293223
USER	Post Marketplace Fees	START	1710473293332
REQUEST		Post marketplace fees	1710473292000	1710473293422	OK	 
USER	Post Marketplace Fees	END	1710473293423
REQUEST		Post marketplace fees	1710473291667	1710473293430	OK	 
USER	Post Marketplace Fees	END	1710473293432
USER	Post Marketplace Fees	START	1710473293499
REQUEST		Post marketplace fees	1710473289833	1710473293597	OK	 
USER	Post Marketplace Fees	END	1710473293598
REQUEST		Post marketplace fees	1710473289667	1710473293622	OK	 
USER	Post Marketplace Fees	END	1710473293623
USER	Post Marketplace Fees	START	1710473293666
REQUEST		Post marketplace fees	1710473292666	1710473293761	OK	 
USER	Post Marketplace Fees	END	1710473293762
USER	Post Marketplace Fees	START	1710473293832
USER	Post Marketplace Fees	START	1710473293999
USER	Post Marketplace Fees	START	1710473294166
REQUEST		Post marketplace fees	1710473291833	1710473294238	OK	 
USER	Post Marketplace Fees	END	1710473294238
USER	Post Marketplace Fees	START	1710473294333
REQUEST		Post marketplace fees	1710473292333	1710473294428	OK	 
USER	Post Marketplace Fees	END	1710473294428
REQUEST		Post marketplace fees	1710473292167	1710473294465	OK	 
USER	Post Marketplace Fees	END	1710473294465
USER	Post Marketplace Fees	START	1710473294500
REQUEST		Post marketplace fees	1710473291001	1710473294596	OK	 
USER	Post Marketplace Fees	END	1710473294596
USER	Post Marketplace Fees	START	1710473294666
REQUEST		Post marketplace fees	1710473291501	1710473294698	OK	 
USER	Post Marketplace Fees	END	1710473294698
USER	Post Marketplace Fees	START	1710473294808
REQUEST		Post marketplace fees	1710473292500	1710473294831	OK	 
USER	Post Marketplace Fees	END	1710473294831
REQUEST		Post marketplace fees	1710473293000	1710473294928	OK	 
USER	Post Marketplace Fees	END	1710473294929
USER	Post Marketplace Fees	START	1710473294952
USER	Post Marketplace Fees	START	1710473295095
REQUEST		Post marketplace fees	1710473293333	1710473295228	OK	 
REQUEST		Post marketplace fees	1710473293832	1710473295229	OK	 
USER	Post Marketplace Fees	END	1710473295229
USER	Post Marketplace Fees	END	1710473295230
REQUEST		Post marketplace fees	1710473293167	1710473295237	OK	 
USER	Post Marketplace Fees	START	1710473295238
USER	Post Marketplace Fees	END	1710473295238
REQUEST		Post marketplace fees	1710473293666	1710473295316	OK	 
USER	Post Marketplace Fees	END	1710473295318
USER	Post Marketplace Fees	START	1710473295381
USER	Post Marketplace Fees	START	1710473295524
REQUEST		Post marketplace fees	1710473294500	1710473295531	OK	 
USER	Post Marketplace Fees	END	1710473295532
REQUEST		Post marketplace fees	1710473293500	1710473295540	OK	 
USER	Post Marketplace Fees	END	1710473295542
USER	Post Marketplace Fees	START	1710473295666
USER	Post Marketplace Fees	START	1710473295832
USER	Post Marketplace Fees	START	1710473296000
REQUEST		Post marketplace fees	1710473295096	1710473296091	OK	 
USER	Post Marketplace Fees	END	1710473296093
REQUEST		Post marketplace fees	1710473294000	1710473296127	OK	 
USER	Post Marketplace Fees	END	1710473296128
USER	Post Marketplace Fees	START	1710473296167
REQUEST		Post marketplace fees	1710473294953	1710473296230	OK	 
USER	Post Marketplace Fees	END	1710473296231
REQUEST		Post marketplace fees	1710473294167	1710473296300	OK	 
USER	Post Marketplace Fees	END	1710473296301
REQUEST		Post marketplace fees	1710473292833	1710473296312	OK	 
USER	Post Marketplace Fees	END	1710473296314
USER	Post Marketplace Fees	START	1710473296333
REQUEST		Post marketplace fees	1710473294666	1710473296429	OK	 
USER	Post Marketplace Fees	END	1710473296430
USER	Post Marketplace Fees	START	1710473296500
REQUEST		Post marketplace fees	1710473295382	1710473296510	OK	 
USER	Post Marketplace Fees	END	1710473296511
REQUEST		Post marketplace fees	1710473295239	1710473296634	OK	 
USER	Post Marketplace Fees	END	1710473296635
USER	Post Marketplace Fees	START	1710473296666
REQUEST		Post marketplace fees	1710473294333	1710473296694	OK	 
USER	Post Marketplace Fees	END	1710473296695
USER	Post Marketplace Fees	START	1710473296808
REQUEST		Post marketplace fees	1710473295525	1710473296926	OK	 
USER	Post Marketplace Fees	END	1710473296927
REQUEST		Post marketplace fees	1710473294809	1710473296937	OK	 
USER	Post Marketplace Fees	END	1710473296937
USER	Post Marketplace Fees	START	1710473296951
USER	Post Marketplace Fees	START	1710473297095
REQUEST		Post marketplace fees	1710473295667	1710473297147	OK	 
USER	Post Marketplace Fees	END	1710473297148
USER	Post Marketplace Fees	START	1710473297238
REQUEST		Post marketplace fees	1710473296001	1710473297313	OK	 
USER	Post Marketplace Fees	END	1710473297313
USER	Post Marketplace Fees	START	1710473297381
REQUEST		Post marketplace fees	1710473296334	1710473297428	OK	 
USER	Post Marketplace Fees	END	1710473297429
USER	Post Marketplace Fees	START	1710473297524
REQUEST		Post marketplace fees	1710473295833	1710473297626	OK	 
USER	Post Marketplace Fees	END	1710473297627
USER	Post Marketplace Fees	START	1710473297667
USER	Post Marketplace Fees	START	1710473297809
REQUEST		Post marketplace fees	1710473296501	1710473297824	OK	 
USER	Post Marketplace Fees	END	1710473297825
USER	Post Marketplace Fees	START	1710473297952
USER	Post Marketplace Fees	START	1710473298095
REQUEST		Post marketplace fees	1710473297096	1710473298099	OK	 
USER	Post Marketplace Fees	END	1710473298100
REQUEST		Post marketplace fees	1710473296168	1710473298120	OK	 
USER	Post Marketplace Fees	END	1710473298122
USER	Post Marketplace Fees	START	1710473298238
REQUEST		Post marketplace fees	1710473296666	1710473298239	OK	 
USER	Post Marketplace Fees	END	1710473298239
REQUEST		Post marketplace fees	1710473296808	1710473298294	OK	 
USER	Post Marketplace Fees	END	1710473298294
USER	Post Marketplace Fees	START	1710473298381
USER	Post Marketplace Fees	START	1710473298524
REQUEST		Post marketplace fees	1710473297238	1710473298662	OK	 
USER	Post Marketplace Fees	END	1710473298662
USER	Post Marketplace Fees	START	1710473298666
USER	Post Marketplace Fees	START	1710473298808
REQUEST		Post marketplace fees	1710473297381	1710473298919	OK	 
USER	Post Marketplace Fees	END	1710473298920
USER	Post Marketplace Fees	START	1710473298952
USER	Post Marketplace Fees	START	1710473299095
REQUEST		Post marketplace fees	1710473298096	1710473299098	OK	 
USER	Post Marketplace Fees	END	1710473299098
REQUEST		Post marketplace fees	1710473296952	1710473299098	OK	 
USER	Post Marketplace Fees	END	1710473299099
REQUEST		Post marketplace fees	1710473297524	1710473299127	OK	 
USER	Post Marketplace Fees	END	1710473299128
REQUEST		Post marketplace fees	1710473298239	1710473299234	OK	 
USER	Post Marketplace Fees	END	1710473299235
USER	Post Marketplace Fees	START	1710473299238
USER	Post Marketplace Fees	START	1710473299381
USER	Post Marketplace Fees	START	1710473299524
USER	Post Marketplace Fees	START	1710473299666
USER	Post Marketplace Fees	START	1710473299809
REQUEST		Post marketplace fees	1710473297952	1710473299816	OK	 
USER	Post Marketplace Fees	END	1710473299817
USER	Post Marketplace Fees	START	1710473299952
REQUEST		Post marketplace fees	1710473298382	1710473299998	OK	 
USER	Post Marketplace Fees	END	1710473300000
USER	Post Marketplace Fees	START	1710473300095
USER	Post Marketplace Fees	START	1710473300238
REQUEST		Post marketplace fees	1710473298809	1710473300369	OK	 
USER	Post Marketplace Fees	END	1710473300370
USER	Post Marketplace Fees	START	1710473300381
REQUEST		Post marketplace fees	1710473298952	1710473300489	OK	 
USER	Post Marketplace Fees	END	1710473300490
USER	Post Marketplace Fees	START	1710473300524
REQUEST		Post marketplace fees	1710473298667	1710473300548	OK	 
USER	Post Marketplace Fees	END	1710473300548
USER	Post Marketplace Fees	START	1710473300666
REQUEST		Post marketplace fees	1710473299238	1710473300687	OK	 
USER	Post Marketplace Fees	END	1710473300688
REQUEST		Post marketplace fees	1710473299381	1710473300715	OK	 
USER	Post Marketplace Fees	END	1710473300716
USER	Post Marketplace Fees	START	1710473300808
REQUEST		Post marketplace fees	1710473298525	1710473300899	OK	 
USER	Post Marketplace Fees	END	1710473300900
REQUEST		Post marketplace fees	1710473299525	1710473300928	OK	 
USER	Post Marketplace Fees	END	1710473300929
USER	Post Marketplace Fees	START	1710473300951
REQUEST		Post marketplace fees	1710473297667	1710473300998	OK	 
USER	Post Marketplace Fees	END	1710473300999
REQUEST		Post marketplace fees	1710473297809	1710473301020	OK	 
USER	Post Marketplace Fees	END	1710473301021
REQUEST		Post marketplace fees	1710473299667	1710473301036	OK	 
USER	Post Marketplace Fees	END	1710473301037
USER	Post Marketplace Fees	START	1710473301094
REQUEST		Post marketplace fees	1710473299095	1710473301112	OK	 
USER	Post Marketplace Fees	END	1710473301113
USER	Post Marketplace Fees	START	1710473301237
USER	Post Marketplace Fees	START	1710473301381
USER	Post Marketplace Fees	START	1710473301523
USER	Post Marketplace Fees	START	1710473301666
REQUEST		Post marketplace fees	1710473299809	1710473301723	OK	 
USER	Post Marketplace Fees	END	1710473301724
USER	Post Marketplace Fees	START	1710473301808
REQUEST		Post marketplace fees	1710473300951	1710473301819	OK	 
USER	Post Marketplace Fees	END	1710473301819
USER	Post Marketplace Fees	START	1710473301951
REQUEST		Post marketplace fees	1710473300238	1710473302026	OK	 
USER	Post Marketplace Fees	END	1710473302027
REQUEST		Post marketplace fees	1710473301238	1710473302088	OK	 
USER	Post Marketplace Fees	END	1710473302089
USER	Post Marketplace Fees	START	1710473302094
USER	Post Marketplace Fees	START	1710473302237
USER	Post Marketplace Fees	START	1710473302380
USER	Post Marketplace Fees	START	1710473302523
REQUEST		Post marketplace fees	1710473300382	1710473302628	OK	 
REQUEST		Post marketplace fees	1710473300524	1710473302629	OK	 
USER	Post Marketplace Fees	END	1710473302629
USER	Post Marketplace Fees	END	1710473302630
USER	Post Marketplace Fees	START	1710473302666
REQUEST		Post marketplace fees	1710473300096	1710473302716	OK	 
USER	Post Marketplace Fees	END	1710473302716
REQUEST		Post marketplace fees	1710473299953	1710473302725	OK	 
USER	Post Marketplace Fees	END	1710473302726
USER	Post Marketplace Fees	START	1710473302809
USER	Post Marketplace Fees	START	1710473302952
USER	Post Marketplace Fees	START	1710473303095
REQUEST		Post marketplace fees	1710473301952	1710473303215	OK	 
USER	Post Marketplace Fees	END	1710473303216
USER	Post Marketplace Fees	START	1710473303238
REQUEST		Post marketplace fees	1710473301666	1710473303312	OK	 
USER	Post Marketplace Fees	END	1710473303314
USER	Post Marketplace Fees	START	1710473303381
REQUEST		Post marketplace fees	1710473301382	1710473303395	OK	 
USER	Post Marketplace Fees	END	1710473303395
REQUEST		Post marketplace fees	1710473301808	1710473303421	OK	 
USER	Post Marketplace Fees	END	1710473303422
USER	Post Marketplace Fees	START	1710473303524
REQUEST		Post marketplace fees	1710473302524	1710473303603	OK	 
USER	Post Marketplace Fees	END	1710473303604
REQUEST		Post marketplace fees	1710473301095	1710473303649	OK	 
USER	Post Marketplace Fees	END	1710473303650
USER	Post Marketplace Fees	START	1710473303667
REQUEST		Post marketplace fees	1710473302381	1710473303742	OK	 
USER	Post Marketplace Fees	END	1710473303742
USER	Post Marketplace Fees	START	1710473303809
USER	Post Marketplace Fees	START	1710473303952
REQUEST		Post marketplace fees	1710473302667	1710473303965	OK	 
USER	Post Marketplace Fees	END	1710473303965
USER	Post Marketplace Fees	START	1710473304095
REQUEST		Post marketplace fees	1710473302238	1710473304119	OK	 
USER	Post Marketplace Fees	END	1710473304119
USER	Post Marketplace Fees	START	1710473304238
USER	Post Marketplace Fees	START	1710473304381
USER	Post Marketplace Fees	START	1710473304524
REQUEST		Post marketplace fees	1710473300666	1710473304525	OK	 
USER	Post Marketplace Fees	END	1710473304526
USER	Post Marketplace Fees	START	1710473304666
REQUEST		Post marketplace fees	1710473300808	1710473304722	OK	 
USER	Post Marketplace Fees	END	1710473304722
USER	Post Marketplace Fees	START	1710473304808
REQUEST		Post marketplace fees	1710473303382	1710473304866	OK	 
USER	Post Marketplace Fees	END	1710473304867
USER	Post Marketplace Fees	START	1710473304951
REQUEST		Post marketplace fees	1710473302095	1710473305089	OK	 
USER	Post Marketplace Fees	END	1710473305090
USER	Post Marketplace Fees	START	1710473305094
REQUEST		Post marketplace fees	1710473301525	1710473305152	OK	 
USER	Post Marketplace Fees	END	1710473305153
USER	Post Marketplace Fees	START	1710473305238
REQUEST		Post marketplace fees	1710473302952	1710473305240	OK	 
USER	Post Marketplace Fees	END	1710473305241
REQUEST		Post marketplace fees	1710473303239	1710473305320	OK	 
USER	Post Marketplace Fees	END	1710473305321
USER	Post Marketplace Fees	START	1710473305381
REQUEST		Post marketplace fees	1710473304383	1710473305415	OK	 
USER	Post Marketplace Fees	END	1710473305415
USER	Post Marketplace Fees	START	1710473305524
REQUEST		Post marketplace fees	1710473303525	1710473305524	OK	 
USER	Post Marketplace Fees	END	1710473305525
REQUEST		Post marketplace fees	1710473302809	1710473305617	OK	 
USER	Post Marketplace Fees	END	1710473305617
USER	Post Marketplace Fees	START	1710473305666
REQUEST		Post marketplace fees	1710473303952	1710473305694	OK	 
USER	Post Marketplace Fees	END	1710473305694
REQUEST		Post marketplace fees	1710473303095	1710473305751	OK	 
USER	Post Marketplace Fees	END	1710473305751
USER	Post Marketplace Fees	START	1710473305808
USER	Post Marketplace Fees	START	1710473305951
USER	Post Marketplace Fees	START	1710473306095
REQUEST		Post marketplace fees	1710473304096	1710473306131	OK	 
USER	Post Marketplace Fees	END	1710473306132
REQUEST		Post marketplace fees	1710473303667	1710473306222	OK	 
USER	Post Marketplace Fees	END	1710473306223
USER	Post Marketplace Fees	START	1710473306238
USER	Post Marketplace Fees	START	1710473306381
REQUEST		Post marketplace fees	1710473304239	1710473306520	OK	 
USER	Post Marketplace Fees	END	1710473306521
USER	Post Marketplace Fees	START	1710473306524
REQUEST		Post marketplace fees	1710473303809	1710473306620	OK	 
USER	Post Marketplace Fees	END	1710473306621
USER	Post Marketplace Fees	START	1710473306666
USER	Post Marketplace Fees	START	1710473306808
USER	Post Marketplace Fees	START	1710473306951
REQUEST		Post marketplace fees	1710473304809	1710473307027	OK	 
REQUEST		Post marketplace fees	1710473304666	1710473307027	OK	 
USER	Post Marketplace Fees	END	1710473307027
USER	Post Marketplace Fees	END	1710473307028
USER	Post Marketplace Fees	START	1710473307094
USER	Post Marketplace Fees	START	1710473307237
REQUEST		Post marketplace fees	1710473305095	1710473307328	OK	 
USER	Post Marketplace Fees	END	1710473307330
USER	Post Marketplace Fees	START	1710473307380
REQUEST		Post marketplace fees	1710473305809	1710473307491	OK	 
USER	Post Marketplace Fees	END	1710473307492
USER	Post Marketplace Fees	START	1710473307523
REQUEST		Post marketplace fees	1710473304525	1710473307627	OK	 
USER	Post Marketplace Fees	END	1710473307628
USER	Post Marketplace Fees	START	1710473307666
USER	Post Marketplace Fees	START	1710473307809
REQUEST		Post marketplace fees	1710473305524	1710473307918	OK	 
USER	Post Marketplace Fees	END	1710473307919
USER	Post Marketplace Fees	START	1710473307952
REQUEST		Post marketplace fees	1710473305666	1710473308021	OK	 
USER	Post Marketplace Fees	END	1710473308021
USER	Post Marketplace Fees	START	1710473308095
REQUEST		Post marketplace fees	1710473304952	1710473308197	OK	 
USER	Post Marketplace Fees	END	1710473308198
USER	Post Marketplace Fees	START	1710473308238
USER	Post Marketplace Fees	START	1710473308381
REQUEST		Post marketplace fees	1710473306096	1710473308416	OK	 
USER	Post Marketplace Fees	END	1710473308417
REQUEST		Post marketplace fees	1710473305952	1710473308524	OK	 
USER	Post Marketplace Fees	END	1710473308524
USER	Post Marketplace Fees	START	1710473308524
REQUEST		Post marketplace fees	1710473305381	1710473308631	OK	 
USER	Post Marketplace Fees	END	1710473308631
USER	Post Marketplace Fees	START	1710473308666
REQUEST		Post marketplace fees	1710473307237	1710473308771	OK	 
USER	Post Marketplace Fees	END	1710473308773
USER	Post Marketplace Fees	START	1710473308808
USER	Post Marketplace Fees	START	1710473308952
USER	Post Marketplace Fees	START	1710473309094
REQUEST		Post marketplace fees	1710473306524	1710473309104	OK	 
USER	Post Marketplace Fees	END	1710473309105
REQUEST		Post marketplace fees	1710473305238	1710473309108	OK	 
USER	Post Marketplace Fees	END	1710473309108
USER	Post Marketplace Fees	START	1710473309237
USER	Post Marketplace Fees	START	1710473309380
REQUEST		Post marketplace fees	1710473307094	1710473309390	OK	 
USER	Post Marketplace Fees	END	1710473309391
USER	Post Marketplace Fees	START	1710473309523
REQUEST		Post marketplace fees	1710473306382	1710473309594	OK	 
USER	Post Marketplace Fees	END	1710473309595
REQUEST		Post marketplace fees	1710473307953	1710473309644	OK	 
USER	Post Marketplace Fees	END	1710473309645
USER	Post Marketplace Fees	START	1710473309666
REQUEST		Post marketplace fees	1710473306666	1710473309670	OK	 
USER	Post Marketplace Fees	END	1710473309671
USER	Post Marketplace Fees	START	1710473309808
REQUEST		Post marketplace fees	1710473306809	1710473309925	OK	 
USER	Post Marketplace Fees	END	1710473309926
REQUEST		Post marketplace fees	1710473307380	1710473309933	OK	 
USER	Post Marketplace Fees	END	1710473309934
USER	Post Marketplace Fees	START	1710473309952
REQUEST		Post marketplace fees	1710473308809	1710473310056	OK	 
USER	Post Marketplace Fees	END	1710473310057
USER	Post Marketplace Fees	START	1710473310095
REQUEST		Post marketplace fees	1710473307810	1710473310126	OK	 
USER	Post Marketplace Fees	END	1710473310127
USER	Post Marketplace Fees	START	1710473310238
REQUEST		Post marketplace fees	1710473307668	1710473310328	OK	 
USER	Post Marketplace Fees	END	1710473310328
USER	Post Marketplace Fees	START	1710473310381
REQUEST		Post marketplace fees	1710473306238	1710473310399	OK	 
USER	Post Marketplace Fees	END	1710473310400
REQUEST		Post marketplace fees	1710473308096	1710473310403	OK	 
USER	Post Marketplace Fees	END	1710473310403
REQUEST		Post marketplace fees	1710473308239	1710473310496	OK	 
USER	Post Marketplace Fees	END	1710473310496
REQUEST		Post marketplace fees	1710473306952	1710473310497	OK	 
USER	Post Marketplace Fees	END	1710473310497
USER	Post Marketplace Fees	START	1710473310524
REQUEST		Post marketplace fees	1710473307524	1710473310595	OK	 
USER	Post Marketplace Fees	END	1710473310596
USER	Post Marketplace Fees	START	1710473310666
REQUEST		Post marketplace fees	1710473309382	1710473310741	OK	 
USER	Post Marketplace Fees	END	1710473310741
REQUEST		Post marketplace fees	1710473308382	1710473310791	OK	 
USER	Post Marketplace Fees	END	1710473310791
USER	Post Marketplace Fees	START	1710473310809
USER	Post Marketplace Fees	START	1710473310952
USER	Post Marketplace Fees	START	1710473311095
REQUEST		Post marketplace fees	1710473309809	1710473311219	OK	 
USER	Post Marketplace Fees	END	1710473311220
USER	Post Marketplace Fees	START	1710473311238
REQUEST		Post marketplace fees	1710473309095	1710473311317	OK	 
USER	Post Marketplace Fees	END	1710473311318
USER	Post Marketplace Fees	START	1710473311381
REQUEST		Post marketplace fees	1710473308525	1710473311430	OK	 
USER	Post Marketplace Fees	END	1710473311432
REQUEST		Post marketplace fees	1710473309238	1710473311518	OK	 
USER	Post Marketplace Fees	END	1710473311519
USER	Post Marketplace Fees	START	1710473311524
USER	Post Marketplace Fees	START	1710473311666
REQUEST		Post marketplace fees	1710473308953	1710473311696	OK	 
USER	Post Marketplace Fees	END	1710473311697
REQUEST		Post marketplace fees	1710473309667	1710473311729	OK	 
USER	Post Marketplace Fees	END	1710473311730
REQUEST		Post marketplace fees	1710473308667	1710473311731	OK	 
USER	Post Marketplace Fees	END	1710473311732
USER	Post Marketplace Fees	START	1710473311808
REQUEST		Post marketplace fees	1710473309952	1710473311821	OK	 
USER	Post Marketplace Fees	END	1710473311821
REQUEST		Post marketplace fees	1710473309524	1710473311917	OK	 
USER	Post Marketplace Fees	END	1710473311918
USER	Post Marketplace Fees	START	1710473311951
USER	Post Marketplace Fees	START	1710473312094
REQUEST		Post marketplace fees	1710473310238	1710473312118	OK	 
USER	Post Marketplace Fees	END	1710473312119
REQUEST		Post marketplace fees	1710473310382	1710473312122	OK	 
USER	Post Marketplace Fees	END	1710473312123
USER	Post Marketplace Fees	START	1710473312238
REQUEST		Post marketplace fees	1710473310667	1710473312358	OK	 
USER	Post Marketplace Fees	END	1710473312360
USER	Post Marketplace Fees	START	1710473312381
REQUEST		Post marketplace fees	1710473310809	1710473312496	OK	 
USER	Post Marketplace Fees	END	1710473312498
USER	Post Marketplace Fees	START	1710473312524
REQUEST		Post marketplace fees	1710473311095	1710473312527	OK	 
USER	Post Marketplace Fees	END	1710473312528
REQUEST		Post marketplace fees	1710473310095	1710473312609	OK	 
USER	Post Marketplace Fees	END	1710473312610
USER	Post Marketplace Fees	START	1710473312666
REQUEST		Post marketplace fees	1710473311381	1710473312798	OK	 
USER	Post Marketplace Fees	END	1710473312798
USER	Post Marketplace Fees	START	1710473312808
REQUEST		Post marketplace fees	1710473310524	1710473312820	OK	 
USER	Post Marketplace Fees	END	1710473312821
REQUEST		Post marketplace fees	1710473311809	1710473312865	OK	 
USER	Post Marketplace Fees	END	1710473312866
REQUEST		Post marketplace fees	1710473311667	1710473312929	OK	 
USER	Post Marketplace Fees	END	1710473312929
USER	Post Marketplace Fees	START	1710473312951
USER	Post Marketplace Fees	START	1710473313094
USER	Post Marketplace Fees	START	1710473313237
REQUEST		Post marketplace fees	1710473310952	1710473313248	OK	 
USER	Post Marketplace Fees	END	1710473313249
REQUEST		Post marketplace fees	1710473312239	1710473313327	OK	 
USER	Post Marketplace Fees	END	1710473313327
USER	Post Marketplace Fees	START	1710473313380
REQUEST		Post marketplace fees	1710473311239	1710473313517	OK	 
USER	Post Marketplace Fees	END	1710473313517
USER	Post Marketplace Fees	START	1710473313523
REQUEST		Post marketplace fees	1710473312095	1710473313615	OK	 
USER	Post Marketplace Fees	END	1710473313615
USER	Post Marketplace Fees	START	1710473313666
USER	Post Marketplace Fees	START	1710473313808
USER	Post Marketplace Fees	START	1710473313951
USER	Post Marketplace Fees	START	1710473314095
REQUEST		Post marketplace fees	1710473311952	1710473314124	OK	 
USER	Post Marketplace Fees	END	1710473314124
REQUEST		Post marketplace fees	1710473311525	1710473314234	OK	 
USER	Post Marketplace Fees	END	1710473314235
USER	Post Marketplace Fees	START	1710473314238
USER	Post Marketplace Fees	START	1710473314381
USER	Post Marketplace Fees	START	1710473314524
USER	Post Marketplace Fees	START	1710473314666
REQUEST		Post marketplace fees	1710473312525	1710473314758	OK	 
USER	Post Marketplace Fees	END	1710473314759
USER	Post Marketplace Fees	START	1710473314791
USER	Post Marketplace Fees	START	1710473314917
USER	Post Marketplace Fees	START	1710473315042
REQUEST		Post marketplace fees	1710473312808	1710473315061	OK	 
USER	Post Marketplace Fees	END	1710473315062
REQUEST		Post marketplace fees	1710473313667	1710473315088	OK	 
USER	Post Marketplace Fees	END	1710473315089
USER	Post Marketplace Fees	START	1710473315167
REQUEST		Post marketplace fees	1710473313095	1710473315229	OK	 
USER	Post Marketplace Fees	END	1710473315229
USER	Post Marketplace Fees	START	1710473315292
REQUEST		Post marketplace fees	1710473313238	1710473315296	OK	 
USER	Post Marketplace Fees	END	1710473315297
REQUEST		Post marketplace fees	1710473312666	1710473315297	OK	 
USER	Post Marketplace Fees	END	1710473315298
REQUEST		Post marketplace fees	1710473312952	1710473315323	OK	 
USER	Post Marketplace Fees	END	1710473315324
USER	Post Marketplace Fees	START	1710473315417
REQUEST		Post marketplace fees	1710473312382	1710473315435	OK	 
USER	Post Marketplace Fees	END	1710473315436
USER	Post Marketplace Fees	START	1710473315543
USER	Post Marketplace Fees	START	1710473315666
USER	Post Marketplace Fees	START	1710473315809
REQUEST		Post marketplace fees	1710473314238	1710473315817	OK	 
USER	Post Marketplace Fees	END	1710473315817
REQUEST		Post marketplace fees	1710473314095	1710473315846	OK	 
USER	Post Marketplace Fees	END	1710473315846
USER	Post Marketplace Fees	START	1710473315952
REQUEST		Post marketplace fees	1710473313952	1710473315963	OK	 
USER	Post Marketplace Fees	END	1710473315963
USER	Post Marketplace Fees	START	1710473316095
REQUEST		Post marketplace fees	1710473313809	1710473316195	OK	 
USER	Post Marketplace Fees	END	1710473316196
REQUEST		Post marketplace fees	1710473313381	1710473316216	OK	 
USER	Post Marketplace Fees	END	1710473316217
REQUEST		Post marketplace fees	1710473315043	1710473316235	OK	 
USER	Post Marketplace Fees	END	1710473316236
USER	Post Marketplace Fees	START	1710473316238
REQUEST		Post marketplace fees	1710473313523	1710473316321	OK	 
USER	Post Marketplace Fees	END	1710473316322
USER	Post Marketplace Fees	START	1710473316381
REQUEST		Post marketplace fees	1710473314381	1710473316395	OK	 
USER	Post Marketplace Fees	END	1710473316396
USER	Post Marketplace Fees	START	1710473316525
REQUEST		Post marketplace fees	1710473314792	1710473316531	OK	 
USER	Post Marketplace Fees	END	1710473316531
USER	Post Marketplace Fees	START	1710473316666
USER	Post Marketplace Fees	START	1710473316792
REQUEST		Post marketplace fees	1710473315168	1710473316836	OK	 
USER	Post Marketplace Fees	END	1710473316837
USER	Post Marketplace Fees	START	1710473316917
USER	Post Marketplace Fees	START	1710473317042
REQUEST		Post marketplace fees	1710473314917	1710473317130	OK	 
USER	Post Marketplace Fees	END	1710473317131
USER	Post Marketplace Fees	START	1710473317167
USER	Post Marketplace Fees	START	1710473317292
REQUEST		Post marketplace fees	1710473315543	1710473317293	OK	 
USER	Post Marketplace Fees	END	1710473317293
USER	Post Marketplace Fees	START	1710473317417
REQUEST		Post marketplace fees	1710473315292	1710473317500	OK	 
USER	Post Marketplace Fees	END	1710473317501
USER	Post Marketplace Fees	START	1710473317542
USER	Post Marketplace Fees	START	1710473317666
REQUEST		Post marketplace fees	1710473315418	1710473317700	OK	 
USER	Post Marketplace Fees	END	1710473317701
REQUEST		Post marketplace fees	1710473314667	1710473317722	OK	 
USER	Post Marketplace Fees	END	1710473317723
USER	Post Marketplace Fees	START	1710473317791
REQUEST		Post marketplace fees	1710473314525	1710473317805	OK	 
USER	Post Marketplace Fees	END	1710473317807
REQUEST		Post marketplace fees	1710473315667	1710473317832	OK	 
USER	Post Marketplace Fees	END	1710473317833
USER	Post Marketplace Fees	START	1710473317917
USER	Post Marketplace Fees	START	1710473318042
USER	Post Marketplace Fees	START	1710473318167
USER	Post Marketplace Fees	START	1710473318292
REQUEST		Post marketplace fees	1710473315809	1710473318295	OK	 
USER	Post Marketplace Fees	END	1710473318295
REQUEST		Post marketplace fees	1710473316096	1710473318325	OK	 
USER	Post Marketplace Fees	END	1710473318326
USER	Post Marketplace Fees	START	1710473318417
REQUEST		Post marketplace fees	1710473316525	1710473318453	OK	 
USER	Post Marketplace Fees	END	1710473318454
REQUEST		Post marketplace fees	1710473315952	1710473318524	OK	 
USER	Post Marketplace Fees	END	1710473318524
USER	Post Marketplace Fees	START	1710473318542
REQUEST		Post marketplace fees	1710473316382	1710473318626	OK	 
USER	Post Marketplace Fees	END	1710473318627
USER	Post Marketplace Fees	START	1710473318667
USER	Post Marketplace Fees	START	1710473318792
REQUEST		Post marketplace fees	1710473316239	1710473318821	OK	 
USER	Post Marketplace Fees	END	1710473318822
REQUEST		Post marketplace fees	1710473316667	1710473318822	OK	 
USER	Post Marketplace Fees	END	1710473318822
USER	Post Marketplace Fees	START	1710473318917
USER	Post Marketplace Fees	START	1710473319042
USER	Post Marketplace Fees	START	1710473319167
REQUEST		Post marketplace fees	1710473317167	1710473319232	OK	 
USER	Post Marketplace Fees	END	1710473319232
USER	Post Marketplace Fees	START	1710473319292
REQUEST		Post marketplace fees	1710473318042	1710473319309	OK	 
USER	Post Marketplace Fees	END	1710473319310
USER	Post Marketplace Fees	START	1710473319418
REQUEST		Post marketplace fees	1710473317292	1710473319448	OK	 
USER	Post Marketplace Fees	END	1710473319449
REQUEST		Post marketplace fees	1710473316793	1710473319533	OK	 
USER	Post Marketplace Fees	END	1710473319533
USER	Post Marketplace Fees	START	1710473319542
USER	Post Marketplace Fees	START	1710473319667
USER	Post Marketplace Fees	START	1710473319792
USER	Post Marketplace Fees	START	1710473319917
USER	Post Marketplace Fees	START	1710473320042
REQUEST		Post marketplace fees	1710473317917	1710473320062	OK	 
USER	Post Marketplace Fees	END	1710473320063
USER	Post Marketplace Fees	START	1710473320167
USER	Post Marketplace Fees	START	1710473320292
USER	Post Marketplace Fees	START	1710473320417
USER	Post Marketplace Fees	START	1710473320542
REQUEST		Post marketplace fees	1710473317042	1710473320617	OK	 
REQUEST		Post marketplace fees	1710473317417	1710473320618	OK	 
USER	Post Marketplace Fees	END	1710473320618
USER	Post Marketplace Fees	END	1710473320618
USER	Post Marketplace Fees	START	1710473320667
REQUEST		Post marketplace fees	1710473316917	1710473320728	OK	 
USER	Post Marketplace Fees	END	1710473320729
REQUEST		Post marketplace fees	1710473319042	1710473320731	OK	 
USER	Post Marketplace Fees	END	1710473320731
USER	Post Marketplace Fees	START	1710473320792
REQUEST		Post marketplace fees	1710473317543	1710473320898	OK	 
USER	Post Marketplace Fees	END	1710473320898
USER	Post Marketplace Fees	START	1710473320917
REQUEST		Post marketplace fees	1710473317792	1710473321031	OK	 
USER	Post Marketplace Fees	END	1710473321031
USER	Post Marketplace Fees	START	1710473321042
REQUEST		Post marketplace fees	1710473318417	1710473321111	OK	 
USER	Post Marketplace Fees	END	1710473321112
USER	Post Marketplace Fees	START	1710473321167
USER	Post Marketplace Fees	START	1710473321292
USER	Post Marketplace Fees	START	1710473321417
REQUEST		Post marketplace fees	1710473318917	1710473321428	OK	 
USER	Post Marketplace Fees	END	1710473321428
REQUEST		Post marketplace fees	1710473318668	1710473321435	OK	 
USER	Post Marketplace Fees	END	1710473321436
REQUEST		Post marketplace fees	1710473319418	1710473321520	OK	 
USER	Post Marketplace Fees	END	1710473321520
USER	Post Marketplace Fees	START	1710473321542
USER	Post Marketplace Fees	START	1710473321666
REQUEST		Post marketplace fees	1710473317667	1710473321723	OK	 
USER	Post Marketplace Fees	END	1710473321723
USER	Post Marketplace Fees	START	1710473321791
USER	Post Marketplace Fees	START	1710473321916
USER	Post Marketplace Fees	START	1710473322042
USER	Post Marketplace Fees	START	1710473322167
USER	Post Marketplace Fees	START	1710473322292
USER	Post Marketplace Fees	START	1710473322417
REQUEST		Post marketplace fees	1710473318542	1710473322538	OK	 
USER	Post Marketplace Fees	END	1710473322539
USER	Post Marketplace Fees	START	1710473322542
REQUEST		Post marketplace fees	1710473318792	1710473322619	OK	 
USER	Post Marketplace Fees	END	1710473322620
REQUEST		Post marketplace fees	1710473319667	1710473322650	OK	 
USER	Post Marketplace Fees	END	1710473322651
USER	Post Marketplace Fees	START	1710473322666
USER	Post Marketplace Fees	START	1710473322791
USER	Post Marketplace Fees	START	1710473322916
REQUEST		Post marketplace fees	1710473319792	1710473322965	OK	 
USER	Post Marketplace Fees	END	1710473322965
USER	Post Marketplace Fees	START	1710473323041
USER	Post Marketplace Fees	START	1710473323166
USER	Post Marketplace Fees	START	1710473323291
USER	Post Marketplace Fees	START	1710473323416
REQUEST		Post marketplace fees	1710473318167	1710473323495	OK	 
USER	Post Marketplace Fees	END	1710473323495
REQUEST		Post marketplace fees	1710473319917	1710473323525	OK	 
USER	Post Marketplace Fees	END	1710473323525
USER	Post Marketplace Fees	START	1710473323541
REQUEST		Post marketplace fees	1710473319293	1710473323591	OK	 
USER	Post Marketplace Fees	END	1710473323592
USER	Post Marketplace Fees	START	1710473323667
USER	Post Marketplace Fees	START	1710473323792
REQUEST		Post marketplace fees	1710473320542	1710473323794	OK	 
USER	Post Marketplace Fees	END	1710473323795
USER	Post Marketplace Fees	START	1710473323917
USER	Post Marketplace Fees	START	1710473324042
REQUEST		Post marketplace fees	1710473322667	1710473324126	OK	 
USER	Post Marketplace Fees	END	1710473324127
USER	Post Marketplace Fees	START	1710473324167
REQUEST		Post marketplace fees	1710473320917	1710473324197	OK	 
USER	Post Marketplace Fees	END	1710473324198
REQUEST		Post marketplace fees	1710473321168	1710473324238	OK	 
USER	Post Marketplace Fees	END	1710473324239
USER	Post Marketplace Fees	START	1710473324292
REQUEST		Post marketplace fees	1710473320292	1710473324299	OK	 
REQUEST		Post marketplace fees	1710473321543	1710473324299	OK	 
USER	Post Marketplace Fees	END	1710473324300
USER	Post Marketplace Fees	END	1710473324300
REQUEST		Post marketplace fees	1710473319543	1710473324401	OK	 
USER	Post Marketplace Fees	END	1710473324402
USER	Post Marketplace Fees	START	1710473324417
REQUEST		Post marketplace fees	1710473322543	1710473324449	OK	 
USER	Post Marketplace Fees	END	1710473324449
REQUEST		Post marketplace fees	1710473320792	1710473324529	OK	 
USER	Post Marketplace Fees	END	1710473324530
USER	Post Marketplace Fees	START	1710473324542
USER	Post Marketplace Fees	START	1710473324666
REQUEST		Post marketplace fees	1710473321418	1710473324745	OK	 
USER	Post Marketplace Fees	END	1710473324745
USER	Post Marketplace Fees	START	1710473324791
REQUEST		Post marketplace fees	1710473320417	1710473324883	OK	 
USER	Post Marketplace Fees	END	1710473324884
REQUEST		Post marketplace fees	1710473323167	1710473324888	OK	 
USER	Post Marketplace Fees	END	1710473324889
USER	Post Marketplace Fees	START	1710473324916
REQUEST		Post marketplace fees	1710473322043	1710473324925	OK	 
USER	Post Marketplace Fees	END	1710473324925
REQUEST		Post marketplace fees	1710473321667	1710473325027	OK	 
USER	Post Marketplace Fees	END	1710473325028
USER	Post Marketplace Fees	START	1710473325041
USER	Post Marketplace Fees	START	1710473325167
USER	Post Marketplace Fees	START	1710473325291
USER	Post Marketplace Fees	START	1710473325417
REQUEST		Post marketplace fees	1710473321042	1710473325434	OK	 
USER	Post Marketplace Fees	END	1710473325435
REQUEST		Post marketplace fees	1710473322418	1710473325453	OK	 
USER	Post Marketplace Fees	END	1710473325453
USER	Post Marketplace Fees	START	1710473325541
REQUEST		Post marketplace fees	1710473323793	1710473325626	OK	 
USER	Post Marketplace Fees	END	1710473325626
USER	Post Marketplace Fees	START	1710473325666
USER	Post Marketplace Fees	START	1710473325791
REQUEST		Post marketplace fees	1710473322792	1710473325814	OK	 
USER	Post Marketplace Fees	END	1710473325815
USER	Post Marketplace Fees	START	1710473325916
REQUEST		Post marketplace fees	1710473324043	1710473326018	OK	 
USER	Post Marketplace Fees	END	1710473326019
USER	Post Marketplace Fees	START	1710473326041
USER	Post Marketplace Fees	START	1710473326166
REQUEST		Post marketplace fees	1710473319167	1710473326222	OK	 
USER	Post Marketplace Fees	END	1710473326223
USER	Post Marketplace Fees	START	1710473326291
REQUEST		Post marketplace fees	1710473320042	1710473326340	OK	 
USER	Post Marketplace Fees	END	1710473326341
REQUEST		Post marketplace fees	1710473322293	1710473326395	OK	 
USER	Post Marketplace Fees	END	1710473326396
USER	Post Marketplace Fees	START	1710473326416
USER	Post Marketplace Fees	START	1710473326541
USER	Post Marketplace Fees	START	1710473326666
REQUEST		Post marketplace fees	1710473324543	1710473326742	OK	 
USER	Post Marketplace Fees	END	1710473326742
USER	Post Marketplace Fees	START	1710473326791
USER	Post Marketplace Fees	START	1710473326917
REQUEST		Post marketplace fees	1710473323667	1710473327027	OK	 
USER	Post Marketplace Fees	END	1710473327028
USER	Post Marketplace Fees	START	1710473327042
USER	Post Marketplace Fees	START	1710473327167
USER	Post Marketplace Fees	START	1710473327292
REQUEST		Post marketplace fees	1710473323542	1710473327300	OK	 
USER	Post Marketplace Fees	END	1710473327301
REQUEST		Post marketplace fees	1710473323292	1710473327324	OK	 
USER	Post Marketplace Fees	END	1710473327325
USER	Post Marketplace Fees	START	1710473327417
USER	Post Marketplace Fees	START	1710473327542
REQUEST		Post marketplace fees	1710473325042	1710473327615	OK	 
USER	Post Marketplace Fees	END	1710473327615
USER	Post Marketplace Fees	START	1710473327666
USER	Post Marketplace Fees	START	1710473327792
REQUEST		Post marketplace fees	1710473324293	1710473327901	OK	 
USER	Post Marketplace Fees	END	1710473327902
USER	Post Marketplace Fees	START	1710473327917
USER	Post Marketplace Fees	START	1710473328042
USER	Post Marketplace Fees	START	1710473328167
REQUEST		Post marketplace fees	1710473325791	1710473328205	OK	 
USER	Post Marketplace Fees	END	1710473328206
REQUEST		Post marketplace fees	1710473324791	1710473328206	OK	 
USER	Post Marketplace Fees	END	1710473328207
USER	Post Marketplace Fees	START	1710473328292
REQUEST		Post marketplace fees	1710473318293	1710473328295	OK	 
USER	Post Marketplace Fees	END	1710473328296
REQUEST		Post marketplace fees	1710473324168	1710473328300	OK	 
REQUEST		Post marketplace fees	1710473323917	1710473328300	OK	 
USER	Post Marketplace Fees	END	1710473328301
USER	Post Marketplace Fees	END	1710473328301
USER	Post Marketplace Fees	START	1710473328417
REQUEST		Post marketplace fees	1710473324667	1710473328420	OK	 
USER	Post Marketplace Fees	END	1710473328421
REQUEST		Post marketplace fees	1710473325666	1710473328430	OK	 
USER	Post Marketplace Fees	END	1710473328431
REQUEST		Post marketplace fees	1710473324418	1710473328500	OK	 
USER	Post Marketplace Fees	END	1710473328500
USER	Post Marketplace Fees	START	1710473328542
USER	Post Marketplace Fees	START	1710473328666
USER	Post Marketplace Fees	START	1710473328791
REQUEST		Post marketplace fees	1710473320167	1710473328870	OK	 
USER	Post Marketplace Fees	END	1710473328871
USER	Post Marketplace Fees	START	1710473328916
REQUEST		Post marketplace fees	1710473321292	1710473328931	OK	 
REQUEST		Post marketplace fees	1710473322917	1710473328931	OK	 
USER	Post Marketplace Fees	END	1710473328932
USER	Post Marketplace Fees	END	1710473328932
REQUEST		Post marketplace fees	1710473320667	1710473329025	OK	 
USER	Post Marketplace Fees	END	1710473329025
USER	Post Marketplace Fees	START	1710473329041
USER	Post Marketplace Fees	START	1710473329166
REQUEST		Post marketplace fees	1710473325167	1710473329224	OK	 
USER	Post Marketplace Fees	END	1710473329225
REQUEST		Post marketplace fees	1710473325542	1710473329235	OK	 
USER	Post Marketplace Fees	END	1710473329236
USER	Post Marketplace Fees	START	1710473329291
USER	Post Marketplace Fees	START	1710473329416
REQUEST		Post marketplace fees	1710473323042	1710473329418	OK	 
USER	Post Marketplace Fees	END	1710473329419
USER	Post Marketplace Fees	START	1710473329541
REQUEST		Post marketplace fees	1710473326792	1710473329632	OK	 
USER	Post Marketplace Fees	END	1710473329632
USER	Post Marketplace Fees	START	1710473329666
REQUEST		Post marketplace fees	1710473326166	1710473329712	OK	 
USER	Post Marketplace Fees	END	1710473329713
REQUEST		Post marketplace fees	1710473326667	1710473329722	OK	 
USER	Post Marketplace Fees	END	1710473329722
USER	Post Marketplace Fees	START	1710473329792
REQUEST		Post marketplace fees	1710473325916	1710473329799	OK	 
USER	Post Marketplace Fees	END	1710473329800
REQUEST		Post marketplace fees	1710473321917	1710473329819	OK	 
USER	Post Marketplace Fees	END	1710473329820
REQUEST		Post marketplace fees	1710473323417	1710473329824	OK	 
USER	Post Marketplace Fees	END	1710473329825
REQUEST		Post marketplace fees	1710473321792	1710473329826	OK	 
USER	Post Marketplace Fees	END	1710473329827
USER	Post Marketplace Fees	START	1710473329917
USER	Post Marketplace Fees	START	1710473330041
REQUEST		Post marketplace fees	1710473325291	1710473330118	OK	 
USER	Post Marketplace Fees	END	1710473330119
USER	Post Marketplace Fees	START	1710473330167
REQUEST		Post marketplace fees	1710473322168	1710473330194	OK	 
USER	Post Marketplace Fees	END	1710473330194
REQUEST		Post marketplace fees	1710473326042	1710473330243	OK	 
USER	Post Marketplace Fees	END	1710473330244
REQUEST		Post marketplace fees	1710473326542	1710473330245	OK	 
REQUEST		Post marketplace fees	1710473325417	1710473330245	OK	 
USER	Post Marketplace Fees	END	1710473330246
USER	Post Marketplace Fees	END	1710473330246
USER	Post Marketplace Fees	START	1710473330292
REQUEST		Post marketplace fees	1710473324916	1710473330301	OK	 
USER	Post Marketplace Fees	END	1710473330301
REQUEST		Post marketplace fees	1710473326291	1710473330307	OK	 
USER	Post Marketplace Fees	END	1710473330308
REQUEST		Post marketplace fees	1710473326416	1710473330326	OK	 
USER	Post Marketplace Fees	END	1710473330327
USER	Post Marketplace Fees	START	1710473330417
REQUEST		Post marketplace fees	1710473327042	1710473330505	OK	 
USER	Post Marketplace Fees	END	1710473330506
USER	Post Marketplace Fees	START	1710473330542
USER	Post Marketplace Fees	START	1710473330666
REQUEST		Post marketplace fees	1710473327293	1710473330691	OK	 
USER	Post Marketplace Fees	END	1710473330692
USER	Post Marketplace Fees	START	1710473330791
REQUEST		Post marketplace fees	1710473329042	1710473330835	OK	 
USER	Post Marketplace Fees	END	1710473330836
USER	Post Marketplace Fees	START	1710473330917
USER	Post Marketplace Fees	START	1710473331042
USER	Post Marketplace Fees	START	1710473331167
USER	Post Marketplace Fees	START	1710473331292
REQUEST		Post marketplace fees	1710473326917	1710473331392	OK	 
USER	Post Marketplace Fees	END	1710473331393
REQUEST		Post marketplace fees	1710473327542	1710473331394	OK	 
USER	Post Marketplace Fees	END	1710473331395
USER	Post Marketplace Fees	START	1710473331417
REQUEST		Post marketplace fees	1710473329292	1710473331422	OK	 
USER	Post Marketplace Fees	END	1710473331423
REQUEST		Post marketplace fees	1710473328792	1710473331493	OK	 
USER	Post Marketplace Fees	END	1710473331494
REQUEST		Post marketplace fees	1710473327168	1710473331524	OK	 
USER	Post Marketplace Fees	END	1710473331524
USER	Post Marketplace Fees	START	1710473331542
REQUEST		Post marketplace fees	1710473328042	1710473331633	OK	 
USER	Post Marketplace Fees	END	1710473331634
USER	Post Marketplace Fees	START	1710473331666
USER	Post Marketplace Fees	START	1710473331791
USER	Post Marketplace Fees	START	1710473331916
REQUEST		Post marketplace fees	1710473327417	1710473332020	OK	 
USER	Post Marketplace Fees	END	1710473332020
USER	Post Marketplace Fees	START	1710473332041
REQUEST		Post marketplace fees	1710473327667	1710473332122	OK	 
USER	Post Marketplace Fees	END	1710473332123
USER	Post Marketplace Fees	START	1710473332166
REQUEST		Post marketplace fees	1710473328917	1710473332228	OK	 
USER	Post Marketplace Fees	END	1710473332229
USER	Post Marketplace Fees	START	1710473332291
USER	Post Marketplace Fees	START	1710473332416
USER	Post Marketplace Fees	START	1710473332541
REQUEST		Post marketplace fees	1710473328293	1710473332599	OK	 
USER	Post Marketplace Fees	END	1710473332600
REQUEST		Post marketplace fees	1710473328543	1710473332613	OK	 
USER	Post Marketplace Fees	END	1710473332614
REQUEST		Post marketplace fees	1710473330042	1710473332622	OK	 
USER	Post Marketplace Fees	END	1710473332622
USER	Post Marketplace Fees	START	1710473332666
REQUEST		Post marketplace fees	1710473327793	1710473332715	OK	 
USER	Post Marketplace Fees	END	1710473332716
USER	Post Marketplace Fees	START	1710473332791
USER	Post Marketplace Fees	START	1710473332917
REQUEST		Post marketplace fees	1710473327917	1710473332994	OK	 
USER	Post Marketplace Fees	END	1710473332994
REQUEST		Post marketplace fees	1710473329167	1710473333025	OK	 
USER	Post Marketplace Fees	END	1710473333025
USER	Post Marketplace Fees	START	1710473333041
USER	Post Marketplace Fees	START	1710473333167
USER	Post Marketplace Fees	START	1710473333292
REQUEST		Post marketplace fees	1710473330667	1710473333326	OK	 
USER	Post Marketplace Fees	END	1710473333327
USER	Post Marketplace Fees	START	1710473333417
REQUEST		Post marketplace fees	1710473329667	1710473333490	OK	 
USER	Post Marketplace Fees	END	1710473333490
REQUEST		Post marketplace fees	1710473330542	1710473333528	OK	 
USER	Post Marketplace Fees	END	1710473333529
REQUEST		Post marketplace fees	1710473329541	1710473333529	OK	 
USER	Post Marketplace Fees	END	1710473333529
USER	Post Marketplace Fees	START	1710473333542
REQUEST		Post marketplace fees	1710473328666	1710473333598	OK	 
USER	Post Marketplace Fees	END	1710473333599
REQUEST		Post marketplace fees	1710473329417	1710473333601	OK	 
USER	Post Marketplace Fees	END	1710473333602
REQUEST		Post marketplace fees	1710473331917	1710473333614	OK	 
USER	Post Marketplace Fees	END	1710473333615
USER	Post Marketplace Fees	START	1710473333666
USER	Post Marketplace Fees	START	1710473333791
REQUEST		Post marketplace fees	1710473331418	1710473333828	OK	 
USER	Post Marketplace Fees	END	1710473333828
USER	Post Marketplace Fees	START	1710473333916
USER	Post Marketplace Fees	START	1710473334041
USER	Post Marketplace Fees	START	1710473334166
REQUEST		Post marketplace fees	1710473330917	1710473334202	OK	 
USER	Post Marketplace Fees	END	1710473334203
REQUEST		Post marketplace fees	1710473330418	1710473334205	OK	 
USER	Post Marketplace Fees	END	1710473334205
USER	Post Marketplace Fees	START	1710473334292
USER	Post Marketplace Fees	START	1710473334417
REQUEST		Post marketplace fees	1710473332041	1710473334518	OK	 
USER	Post Marketplace Fees	END	1710473334519
USER	Post Marketplace Fees	START	1710473334542
USER	Post Marketplace Fees	START	1710473334666
USER	Post Marketplace Fees	START	1710473334777
REQUEST		Post marketplace fees	1710473328418	1710473334797	OK	 
USER	Post Marketplace Fees	END	1710473334798
REQUEST		Post marketplace fees	1710473331543	1710473334835	OK	 
USER	Post Marketplace Fees	END	1710473334836
USER	Post Marketplace Fees	START	1710473334888
USER	Post Marketplace Fees	START	1710473334999
USER	Post Marketplace Fees	START	1710473335111
REQUEST		Post marketplace fees	1710473333167	1710473335117	OK	 
USER	Post Marketplace Fees	END	1710473335118
USER	Post Marketplace Fees	START	1710473335221
USER	Post Marketplace Fees	START	1710473335332
REQUEST		Post marketplace fees	1710473330293	1710473335335	OK	 
USER	Post Marketplace Fees	END	1710473335335
USER	Post Marketplace Fees	START	1710473335444
USER	Post Marketplace Fees	START	1710473335555
USER	Post Marketplace Fees	START	1710473335666
REQUEST		Post marketplace fees	1710473329792	1710473335698	OK	 
USER	Post Marketplace Fees	END	1710473335698
USER	Post Marketplace Fees	START	1710473335791
USER	Post Marketplace Fees	START	1710473335916
REQUEST		Post marketplace fees	1710473330168	1710473335923	OK	 
USER	Post Marketplace Fees	END	1710473335923
REQUEST		Post marketplace fees	1710473332542	1710473335925	OK	 
USER	Post Marketplace Fees	END	1710473335926
USER	Post Marketplace Fees	START	1710473336041
REQUEST		Post marketplace fees	1710473331791	1710473336122	OK	 
USER	Post Marketplace Fees	END	1710473336123
USER	Post Marketplace Fees	START	1710473336167
USER	Post Marketplace Fees	START	1710473336292
REQUEST		Post marketplace fees	1710473333542	1710473336315	OK	 
USER	Post Marketplace Fees	END	1710473336315
REQUEST		Post marketplace fees	1710473331168	1710473336411	OK	 
USER	Post Marketplace Fees	END	1710473336411
USER	Post Marketplace Fees	START	1710473336416
REQUEST		Post marketplace fees	1710473333418	1710473336422	OK	 
USER	Post Marketplace Fees	END	1710473336422
USER	Post Marketplace Fees	START	1710473336542
REQUEST		Post marketplace fees	1710473329917	1710473336629	OK	 
USER	Post Marketplace Fees	END	1710473336630
USER	Post Marketplace Fees	START	1710473336666
REQUEST		Post marketplace fees	1710473331042	1710473336731	OK	 
USER	Post Marketplace Fees	END	1710473336732
USER	Post Marketplace Fees	START	1710473336777
USER	Post Marketplace Fees	START	1710473336888
REQUEST		Post marketplace fees	1710473333917	1710473336963	OK	 
USER	Post Marketplace Fees	END	1710473336963
USER	Post Marketplace Fees	START	1710473337000
USER	Post Marketplace Fees	START	1710473337111
REQUEST		Post marketplace fees	1710473328168	1710473337117	OK	 
USER	Post Marketplace Fees	END	1710473337118
REQUEST		Post marketplace fees	1710473332292	1710473337196	OK	 
USER	Post Marketplace Fees	END	1710473337196
USER	Post Marketplace Fees	START	1710473337222
USER	Post Marketplace Fees	START	1710473337333
REQUEST		Post marketplace fees	1710473334417	1710473337388	OK	 
USER	Post Marketplace Fees	END	1710473337389
REQUEST		Post marketplace fees	1710473333791	1710473337392	OK	 
REQUEST		Post marketplace fees	1710473332917	1710473337392	OK	 
USER	Post Marketplace Fees	END	1710473337393
USER	Post Marketplace Fees	END	1710473337393
REQUEST		Post marketplace fees	1710473332792	1710473337395	OK	 
USER	Post Marketplace Fees	END	1710473337396
USER	Post Marketplace Fees	START	1710473337444
REQUEST		Post marketplace fees	1710473332417	1710473337499	OK	 
USER	Post Marketplace Fees	END	1710473337500
REQUEST		Post marketplace fees	1710473331667	1710473337516	OK	 
USER	Post Marketplace Fees	END	1710473337517
USER	Post Marketplace Fees	START	1710473337555
REQUEST		Post marketplace fees	1710473332667	1710473337608	OK	 
USER	Post Marketplace Fees	END	1710473337609
USER	Post Marketplace Fees	START	1710473337666
REQUEST		Post marketplace fees	1710473334167	1710473337690	OK	 
USER	Post Marketplace Fees	END	1710473337690
USER	Post Marketplace Fees	START	1710473337778
REQUEST		Post marketplace fees	1710473333292	1710473337796	OK	 
REQUEST		Post marketplace fees	1710473332167	1710473337796	OK	 
USER	Post Marketplace Fees	END	1710473337797
USER	Post Marketplace Fees	END	1710473337797
USER	Post Marketplace Fees	START	1710473337889
REQUEST		Post marketplace fees	1710473334292	1710473337927	OK	 
USER	Post Marketplace Fees	END	1710473337928
REQUEST		Post marketplace fees	1710473330792	1710473337929	OK	 
USER	Post Marketplace Fees	END	1710473337929
USER	Post Marketplace Fees	START	1710473338000
REQUEST		Post marketplace fees	1710473334042	1710473338095	OK	 
USER	Post Marketplace Fees	END	1710473338096
USER	Post Marketplace Fees	START	1710473338111
USER	Post Marketplace Fees	START	1710473338222
REQUEST		Post marketplace fees	1710473334542	1710473338254	OK	 
USER	Post Marketplace Fees	END	1710473338254
USER	Post Marketplace Fees	START	1710473338333
REQUEST		Post marketplace fees	1710473333042	1710473338397	OK	 
USER	Post Marketplace Fees	END	1710473338398
REQUEST		Post marketplace fees	1710473333666	1710473338433	OK	 
USER	Post Marketplace Fees	END	1710473338434
USER	Post Marketplace Fees	START	1710473338444
USER	Post Marketplace Fees	START	1710473338555
REQUEST		Post marketplace fees	1710473336167	1710473338624	OK	 
USER	Post Marketplace Fees	END	1710473338625
USER	Post Marketplace Fees	START	1710473338666
USER	Post Marketplace Fees	START	1710473338777
USER	Post Marketplace Fees	START	1710473338888
REQUEST		Post marketplace fees	1710473335445	1710473338889	OK	 
USER	Post Marketplace Fees	END	1710473338889
REQUEST		Post marketplace fees	1710473331293	1710473338897	OK	 
REQUEST		Post marketplace fees	1710473335222	1710473338898	OK	 
USER	Post Marketplace Fees	END	1710473338898
USER	Post Marketplace Fees	END	1710473338898
REQUEST		Post marketplace fees	1710473334889	1710473338934	OK	 
USER	Post Marketplace Fees	END	1710473338934
USER	Post Marketplace Fees	START	1710473338999
USER	Post Marketplace Fees	START	1710473339110
USER	Post Marketplace Fees	START	1710473339222
REQUEST		Post marketplace fees	1710473335000	1710473339301	OK	 
USER	Post Marketplace Fees	END	1710473339302
USER	Post Marketplace Fees	START	1710473339333
REQUEST		Post marketplace fees	1710473334778	1710473339408	OK	 
USER	Post Marketplace Fees	END	1710473339409
REQUEST		Post marketplace fees	1710473334667	1710473339427	OK	 
USER	Post Marketplace Fees	END	1710473339427
USER	Post Marketplace Fees	START	1710473339444
REQUEST		Post marketplace fees	1710473335917	1710473339531	OK	 
USER	Post Marketplace Fees	END	1710473339532
USER	Post Marketplace Fees	START	1710473339555
REQUEST		Post marketplace fees	1710473335111	1710473339577	OK	 
USER	Post Marketplace Fees	END	1710473339578
USER	Post Marketplace Fees	START	1710473339666
USER	Post Marketplace Fees	START	1710473339777
USER	Post Marketplace Fees	START	1710473339888
REQUEST		Post marketplace fees	1710473335666	1710473339923	OK	 
USER	Post Marketplace Fees	END	1710473339925
REQUEST		Post marketplace fees	1710473335792	1710473339930	OK	 
USER	Post Marketplace Fees	END	1710473339931
REQUEST		Post marketplace fees	1710473336417	1710473339931	OK	 
USER	Post Marketplace Fees	END	1710473339932
REQUEST		Post marketplace fees	1710473336042	1710473339991	OK	 
USER	Post Marketplace Fees	END	1710473339991
USER	Post Marketplace Fees	START	1710473339999
REQUEST		Post marketplace fees	1710473337222	1710473340021	OK	 
USER	Post Marketplace Fees	END	1710473340022
USER	Post Marketplace Fees	START	1710473340110
USER	Post Marketplace Fees	START	1710473340222
USER	Post Marketplace Fees	START	1710473340333
REQUEST		Post marketplace fees	1710473337778	1710473340418	OK	 
USER	Post Marketplace Fees	END	1710473340419
USER	Post Marketplace Fees	START	1710473340443
REQUEST		Post marketplace fees	1710473335333	1710473340546	OK	 
USER	Post Marketplace Fees	END	1710473340547
USER	Post Marketplace Fees	START	1710473340554
REQUEST		Post marketplace fees	1710473337556	1710473340621	OK	 
USER	Post Marketplace Fees	END	1710473340621
USER	Post Marketplace Fees	START	1710473340666
USER	Post Marketplace Fees	START	1710473340777
USER	Post Marketplace Fees	START	1710473340888
REQUEST		Post marketplace fees	1710473337889	1710473340917	OK	 
USER	Post Marketplace Fees	END	1710473340918
REQUEST		Post marketplace fees	1710473337667	1710473340943	OK	 
USER	Post Marketplace Fees	END	1710473340944
USER	Post Marketplace Fees	START	1710473340999
REQUEST		Post marketplace fees	1710473336542	1710473341029	OK	 
USER	Post Marketplace Fees	END	1710473341030
USER	Post Marketplace Fees	START	1710473341110
USER	Post Marketplace Fees	START	1710473341221
USER	Post Marketplace Fees	START	1710473341332
REQUEST		Post marketplace fees	1710473338000	1710473341407	OK	 
USER	Post Marketplace Fees	END	1710473341407
REQUEST		Post marketplace fees	1710473336889	1710473341417	OK	 
USER	Post Marketplace Fees	END	1710473341418
USER	Post Marketplace Fees	START	1710473341444
REQUEST		Post marketplace fees	1710473338445	1710473341531	OK	 
USER	Post Marketplace Fees	END	1710473341532
USER	Post Marketplace Fees	START	1710473341555
USER	Post Marketplace Fees	START	1710473341666
REQUEST		Post marketplace fees	1710473335555	1710473341692	OK	 
USER	Post Marketplace Fees	END	1710473341692
REQUEST		Post marketplace fees	1710473337000	1710473341736	OK	 
USER	Post Marketplace Fees	END	1710473341736
USER	Post Marketplace Fees	START	1710473341777
REQUEST		Post marketplace fees	1710473338334	1710473341797	OK	 
USER	Post Marketplace Fees	END	1710473341798
USER	Post Marketplace Fees	START	1710473341888
USER	Post Marketplace Fees	START	1710473342000
REQUEST		Post marketplace fees	1710473337335	1710473342041	OK	 
USER	Post Marketplace Fees	END	1710473342041
USER	Post Marketplace Fees	START	1710473342111
USER	Post Marketplace Fees	START	1710473342221
USER	Post Marketplace Fees	START	1710473342332
REQUEST		Post marketplace fees	1710473339222	1710473342426	OK	 
USER	Post Marketplace Fees	END	1710473342426
USER	Post Marketplace Fees	START	1710473342444
USER	Post Marketplace Fees	START	1710473342555
USER	Post Marketplace Fees	START	1710473342666
USER	Post Marketplace Fees	START	1710473342777
REQUEST		Post marketplace fees	1710473339889	1710473342808	OK	 
USER	Post Marketplace Fees	END	1710473342808
USER	Post Marketplace Fees	START	1710473342888
REQUEST		Post marketplace fees	1710473338778	1710473342890	OK	 
USER	Post Marketplace Fees	END	1710473342891
REQUEST		Post marketplace fees	1710473336292	1710473342990	OK	 
USER	Post Marketplace Fees	END	1710473342991
USER	Post Marketplace Fees	START	1710473342999
REQUEST		Post marketplace fees	1710473339999	1710473343013	OK	 
USER	Post Marketplace Fees	END	1710473343014
USER	Post Marketplace Fees	START	1710473343110
REQUEST		Post marketplace fees	1710473338555	1710473343122	OK	 
USER	Post Marketplace Fees	END	1710473343123
REQUEST		Post marketplace fees	1710473338222	1710473343197	OK	 
USER	Post Marketplace Fees	END	1710473343198
USER	Post Marketplace Fees	START	1710473343222
USER	Post Marketplace Fees	START	1710473343332
REQUEST		Post marketplace fees	1710473338889	1710473343340	OK	 
USER	Post Marketplace Fees	END	1710473343341
REQUEST		Post marketplace fees	1710473336778	1710473343394	OK	 
USER	Post Marketplace Fees	END	1710473343394
REQUEST		Post marketplace fees	1710473339556	1710473343395	OK	 
USER	Post Marketplace Fees	END	1710473343396
USER	Post Marketplace Fees	START	1710473343443
USER	Post Marketplace Fees	START	1710473343554
REQUEST		Post marketplace fees	1710473337446	1710473343597	OK	 
USER	Post Marketplace Fees	END	1710473343598
REQUEST		Post marketplace fees	1710473338111	1710473343608	OK	 
USER	Post Marketplace Fees	END	1710473343609
USER	Post Marketplace Fees	START	1710473343666
USER	Post Marketplace Fees	START	1710473343778
USER	Post Marketplace Fees	START	1710473343889
REQUEST		Post marketplace fees	1710473339334	1710473343927	OK	 
USER	Post Marketplace Fees	END	1710473343928
REQUEST		Post marketplace fees	1710473337112	1710473343935	OK	 
USER	Post Marketplace Fees	END	1710473343935
REQUEST		Post marketplace fees	1710473336666	1710473343991	OK	 
USER	Post Marketplace Fees	END	1710473343991
USER	Post Marketplace Fees	START	1710473344000
REQUEST		Post marketplace fees	1710473340555	1710473344098	OK	 
USER	Post Marketplace Fees	END	1710473344099
USER	Post Marketplace Fees	START	1710473344111
REQUEST		Post marketplace fees	1710473339111	1710473344144	OK	 
USER	Post Marketplace Fees	END	1710473344145
REQUEST		Post marketplace fees	1710473338667	1710473344195	OK	 
REQUEST		Post marketplace fees	1710473340666	1710473344195	OK	 
USER	Post Marketplace Fees	END	1710473344196
USER	Post Marketplace Fees	END	1710473344196
REQUEST		Post marketplace fees	1710473339000	1710473344198	OK	 
USER	Post Marketplace Fees	END	1710473344199
USER	Post Marketplace Fees	START	1710473344222
USER	Post Marketplace Fees	START	1710473344333
REQUEST		Post marketplace fees	1710473340111	1710473344362	OK	 
USER	Post Marketplace Fees	END	1710473344363
USER	Post Marketplace Fees	START	1710473344444
USER	Post Marketplace Fees	START	1710473344555
REQUEST		Post marketplace fees	1710473339666	1710473344604	OK	 
USER	Post Marketplace Fees	END	1710473344605
REQUEST		Post marketplace fees	1710473341444	1710473344606	OK	 
USER	Post Marketplace Fees	END	1710473344606
USER	Post Marketplace Fees	START	1710473344666
REQUEST		Post marketplace fees	1710473342000	1710473344742	OK	 
USER	Post Marketplace Fees	END	1710473344742
USER	Post Marketplace Fees	START	1710473344777
REQUEST		Post marketplace fees	1710473340889	1710473344837	OK	 
USER	Post Marketplace Fees	END	1710473344837
USER	Post Marketplace Fees	START	1710473344889
USER	Post Marketplace Fees	START	1710473345000
USER	Post Marketplace Fees	START	1710473345111
REQUEST		Post marketplace fees	1710473341222	1710473345143	OK	 
USER	Post Marketplace Fees	END	1710473345144
REQUEST		Post marketplace fees	1710473342222	1710473345145	OK	 
USER	Post Marketplace Fees	END	1710473345145
USER	Post Marketplace Fees	START	1710473345222
REQUEST		Post marketplace fees	1710473341778	1710473345302	OK	 
USER	Post Marketplace Fees	END	1710473345303
USER	Post Marketplace Fees	START	1710473345333
USER	Post Marketplace Fees	START	1710473345444
USER	Post Marketplace Fees	START	1710473345555
REQUEST		Post marketplace fees	1710473340778	1710473345615	OK	 
USER	Post Marketplace Fees	END	1710473345616
REQUEST		Post marketplace fees	1710473340333	1710473345635	OK	 
USER	Post Marketplace Fees	END	1710473345636
USER	Post Marketplace Fees	START	1710473345666
REQUEST		Post marketplace fees	1710473341556	1710473345694	OK	 
USER	Post Marketplace Fees	END	1710473345694
REQUEST		Post marketplace fees	1710473341111	1710473345695	OK	 
USER	Post Marketplace Fees	END	1710473345696
USER	Post Marketplace Fees	START	1710473345777
REQUEST		Post marketplace fees	1710473339778	1710473345789	OK	 
USER	Post Marketplace Fees	END	1710473345789
USER	Post Marketplace Fees	START	1710473345888
REQUEST		Post marketplace fees	1710473340222	1710473345919	OK	 
USER	Post Marketplace Fees	END	1710473345919
USER	Post Marketplace Fees	START	1710473345999
REQUEST		Post marketplace fees	1710473343111	1710473346095	OK	 
USER	Post Marketplace Fees	END	1710473346096
USER	Post Marketplace Fees	START	1710473346111
USER	Post Marketplace Fees	START	1710473346222
REQUEST		Post marketplace fees	1710473341332	1710473346230	OK	 
USER	Post Marketplace Fees	END	1710473346231
USER	Post Marketplace Fees	START	1710473346333
REQUEST		Post marketplace fees	1710473341889	1710473346407	OK	 
USER	Post Marketplace Fees	END	1710473346408
REQUEST		Post marketplace fees	1710473341000	1710473346421	OK	 
USER	Post Marketplace Fees	END	1710473346421
USER	Post Marketplace Fees	START	1710473346444
REQUEST		Post marketplace fees	1710473340444	1710473346496	OK	 
REQUEST		Post marketplace fees	1710473342111	1710473346496	OK	 
USER	Post Marketplace Fees	END	1710473346497
USER	Post Marketplace Fees	END	1710473346497
USER	Post Marketplace Fees	START	1710473346555
USER	Post Marketplace Fees	START	1710473346666
REQUEST		Post marketplace fees	1710473343222	1710473346753	OK	 
USER	Post Marketplace Fees	END	1710473346753
REQUEST		Post marketplace fees	1710473339444	1710473346753	OK	 
USER	Post Marketplace Fees	END	1710473346754
USER	Post Marketplace Fees	START	1710473346777
USER	Post Marketplace Fees	START	1710473346888
REQUEST		Post marketplace fees	1710473343778	1710473346939	OK	 
USER	Post Marketplace Fees	END	1710473346940
USER	Post Marketplace Fees	START	1710473346999
REQUEST		Post marketplace fees	1710473343333	1710473347061	OK	 
USER	Post Marketplace Fees	END	1710473347062
USER	Post Marketplace Fees	START	1710473347111
USER	Post Marketplace Fees	START	1710473347222
USER	Post Marketplace Fees	START	1710473347333
REQUEST		Post marketplace fees	1710473341667	1710473347421	OK	 
USER	Post Marketplace Fees	END	1710473347421
USER	Post Marketplace Fees	START	1710473347444
REQUEST		Post marketplace fees	1710473342778	1710473347520	OK	 
USER	Post Marketplace Fees	END	1710473347521
USER	Post Marketplace Fees	START	1710473347555
USER	Post Marketplace Fees	START	1710473347666
USER	Post Marketplace Fees	START	1710473347777
USER	Post Marketplace Fees	START	1710473347888
REQUEST		Post marketplace fees	1710473344556	1710473347916	OK	 
USER	Post Marketplace Fees	END	1710473347917
REQUEST		Post marketplace fees	1710473343444	1710473347995	OK	 
USER	Post Marketplace Fees	END	1710473347996
USER	Post Marketplace Fees	START	1710473347999
REQUEST		Post marketplace fees	1710473343889	1710473348103	OK	 
USER	Post Marketplace Fees	END	1710473348104
USER	Post Marketplace Fees	START	1710473348110
USER	Post Marketplace Fees	START	1710473348222
REQUEST		Post marketplace fees	1710473342889	1710473348275	OK	 
USER	Post Marketplace Fees	END	1710473348276
USER	Post Marketplace Fees	START	1710473348333
USER	Post Marketplace Fees	START	1710473348444
USER	Post Marketplace Fees	START	1710473348555
USER	Post Marketplace Fees	START	1710473348666
USER	Post Marketplace Fees	START	1710473348777
REQUEST		Post marketplace fees	1710473346111	1710473348834	OK	 
USER	Post Marketplace Fees	END	1710473348835
USER	Post Marketplace Fees	START	1710473348888
REQUEST		Post marketplace fees	1710473342667	1710473348990	OK	 
USER	Post Marketplace Fees	END	1710473348990
REQUEST		Post marketplace fees	1710473342556	1710473348996	OK	 
USER	Post Marketplace Fees	END	1710473348996
USER	Post Marketplace Fees	START	1710473348999
REQUEST		Post marketplace fees	1710473345444	1710473349018	OK	 
USER	Post Marketplace Fees	END	1710473349019
REQUEST		Post marketplace fees	1710473346222	1710473349026	OK	 
USER	Post Marketplace Fees	END	1710473349026
USER	Post Marketplace Fees	START	1710473349110
USER	Post Marketplace Fees	START	1710473349221
USER	Post Marketplace Fees	START	1710473349332
USER	Post Marketplace Fees	START	1710473349444
USER	Post Marketplace Fees	START	1710473349555
USER	Post Marketplace Fees	START	1710473349666
REQUEST		Post marketplace fees	1710473343555	1710473349694	OK	 
USER	Post Marketplace Fees	END	1710473349694
REQUEST		Post marketplace fees	1710473344334	1710473349697	OK	 
USER	Post Marketplace Fees	END	1710473349698
REQUEST		Post marketplace fees	1710473344000	1710473349743	OK	 
USER	Post Marketplace Fees	END	1710473349744
USER	Post Marketplace Fees	START	1710473349777
REQUEST		Post marketplace fees	1710473342445	1710473349830	OK	 
USER	Post Marketplace Fees	END	1710473349831
USER	Post Marketplace Fees	START	1710473349888
USER	Post Marketplace Fees	START	1710473349999
USER	Post Marketplace Fees	START	1710473350110
USER	Post Marketplace Fees	START	1710473350221
USER	Post Marketplace Fees	START	1710473350332
REQUEST		Post marketplace fees	1710473346666	1710473350404	OK	 
REQUEST		Post marketplace fees	1710473344889	1710473350405	OK	 
REQUEST		Post marketplace fees	1710473346889	1710473350405	OK	 
USER	Post Marketplace Fees	END	1710473350405
USER	Post Marketplace Fees	END	1710473350406
USER	Post Marketplace Fees	END	1710473350406
USER	Post Marketplace Fees	START	1710473350444
REQUEST		Post marketplace fees	1710473344111	1710473350491	OK	 
USER	Post Marketplace Fees	END	1710473350492
REQUEST		Post marketplace fees	1710473345334	1710473350525	OK	 
USER	Post Marketplace Fees	END	1710473350525
USER	Post Marketplace Fees	START	1710473350555
REQUEST		Post marketplace fees	1710473343000	1710473350592	OK	 
USER	Post Marketplace Fees	END	1710473350592
REQUEST		Post marketplace fees	1710473343667	1710473350681	OK	 
USER	Post Marketplace Fees	END	1710473350682
REQUEST		Post marketplace fees	1710473344778	1710473350703	OK	 
USER	Post Marketplace Fees	END	1710473350704
REQUEST		Post marketplace fees	1710473345223	1710473350705	OK	 
USER	Post Marketplace Fees	END	1710473350706
REQUEST		Post marketplace fees	1710473346555	1710473350918	OK	 
USER	Post Marketplace Fees	END	1710473350919
REQUEST		Post marketplace fees	1710473346444	1710473351034	OK	 
USER	Post Marketplace Fees	END	1710473351035
REQUEST		Post marketplace fees	1710473348334	1710473351118	OK	 
USER	Post Marketplace Fees	END	1710473351119
REQUEST		Post marketplace fees	1710473344222	1710473351293	OK	 
USER	Post Marketplace Fees	END	1710473351294
REQUEST		Post marketplace fees	1710473345778	1710473351324	OK	 
USER	Post Marketplace Fees	END	1710473351325
REQUEST		Post marketplace fees	1710473344667	1710473351391	OK	 
USER	Post Marketplace Fees	END	1710473351392
REQUEST		Post marketplace fees	1710473345112	1710473351520	OK	 
USER	Post Marketplace Fees	END	1710473351521
REQUEST		Post marketplace fees	1710473345000	1710473351700	OK	 
USER	Post Marketplace Fees	END	1710473351701
REQUEST		Post marketplace fees	1710473342333	1710473351719	OK	 
USER	Post Marketplace Fees	END	1710473351719
REQUEST		Post marketplace fees	1710473347778	1710473351796	OK	 
USER	Post Marketplace Fees	END	1710473351796
REQUEST		Post marketplace fees	1710473344444	1710473352103	OK	 
USER	Post Marketplace Fees	END	1710473352103
REQUEST		Post marketplace fees	1710473347667	1710473352118	OK	 
USER	Post Marketplace Fees	END	1710473352118
REQUEST		Post marketplace fees	1710473346777	1710473352121	OK	 
USER	Post Marketplace Fees	END	1710473352121
REQUEST		Post marketplace fees	1710473348555	1710473352219	OK	 
USER	Post Marketplace Fees	END	1710473352220
REQUEST		Post marketplace fees	1710473347555	1710473352326	OK	 
USER	Post Marketplace Fees	END	1710473352326
REQUEST		Post marketplace fees	1710473346334	1710473352422	OK	 
USER	Post Marketplace Fees	END	1710473352423
REQUEST		Post marketplace fees	1710473345556	1710473352518	OK	 
USER	Post Marketplace Fees	END	1710473352519
REQUEST		Post marketplace fees	1710473347111	1710473352551	OK	 
USER	Post Marketplace Fees	END	1710473352552
REQUEST		Post marketplace fees	1710473346999	1710473352819	OK	 
USER	Post Marketplace Fees	END	1710473352820
REQUEST		Post marketplace fees	1710473348111	1710473352835	OK	 
USER	Post Marketplace Fees	END	1710473352836
REQUEST		Post marketplace fees	1710473348778	1710473352896	OK	 
USER	Post Marketplace Fees	END	1710473352897
REQUEST		Post marketplace fees	1710473347444	1710473352902	OK	 
USER	Post Marketplace Fees	END	1710473352903
REQUEST		Post marketplace fees	1710473348666	1710473352903	OK	 
USER	Post Marketplace Fees	END	1710473352904
REQUEST		Post marketplace fees	1710473348000	1710473352909	OK	 
USER	Post Marketplace Fees	END	1710473352910
REQUEST		Post marketplace fees	1710473348889	1710473353116	OK	 
USER	Post Marketplace Fees	END	1710473353116
REQUEST		Post marketplace fees	1710473350445	1710473353231	OK	 
USER	Post Marketplace Fees	END	1710473353232
REQUEST		Post marketplace fees	1710473350000	1710473353315	OK	 
USER	Post Marketplace Fees	END	1710473353316
REQUEST		Post marketplace fees	1710473350111	1710473353424	OK	 
USER	Post Marketplace Fees	END	1710473353425
REQUEST		Post marketplace fees	1710473347222	1710473353631	OK	 
USER	Post Marketplace Fees	END	1710473353631
REQUEST		Post marketplace fees	1710473347333	1710473353919	OK	 
USER	Post Marketplace Fees	END	1710473353920
REQUEST		Post marketplace fees	1710473350333	1710473353996	OK	 
USER	Post Marketplace Fees	END	1710473353997
REQUEST		Post marketplace fees	1710473349111	1710473354125	OK	 
USER	Post Marketplace Fees	END	1710473354125
REQUEST		Post marketplace fees	1710473348445	1710473354127	OK	 
USER	Post Marketplace Fees	END	1710473354127
REQUEST		Post marketplace fees	1710473350555	1710473354421	OK	 
USER	Post Marketplace Fees	END	1710473354422
REQUEST		Post marketplace fees	1710473345667	1710473354592	OK	 
USER	Post Marketplace Fees	END	1710473354593
REQUEST		Post marketplace fees	1710473349445	1710473354605	OK	 
USER	Post Marketplace Fees	END	1710473354606
REQUEST		Post marketplace fees	1710473348222	1710473354822	OK	 
USER	Post Marketplace Fees	END	1710473354823
REQUEST		Post marketplace fees	1710473349667	1710473354900	OK	 
USER	Post Marketplace Fees	END	1710473354901
REQUEST		Post marketplace fees	1710473349000	1710473355196	OK	 
USER	Post Marketplace Fees	END	1710473355197
REQUEST		Post marketplace fees	1710473349333	1710473355517	OK	 
USER	Post Marketplace Fees	END	1710473355518
REQUEST		Post marketplace fees	1710473349222	1710473355789	OK	 
USER	Post Marketplace Fees	END	1710473355790
REQUEST		Post marketplace fees	1710473349778	1710473355915	OK	 
USER	Post Marketplace Fees	END	1710473355915
REQUEST		Post marketplace fees	1710473350222	1710473356122	OK	 
USER	Post Marketplace Fees	END	1710473356123
REQUEST		Post marketplace fees	1710473349555	1710473356393	OK	 
USER	Post Marketplace Fees	END	1710473356394
REQUEST		Post marketplace fees	1710473347889	1710473356716	OK	 
USER	Post Marketplace Fees	END	1710473356716
REQUEST		Post marketplace fees	1710473346000	1710473357094	OK	 
USER	Post Marketplace Fees	END	1710473357094
REQUEST		Post marketplace fees	1710473345889	1710473357123	OK	 
USER	Post Marketplace Fees	END	1710473357123
REQUEST		Post marketplace fees	1710473349889	1710473357217	OK	 
USER	Post Marketplace Fees	END	1710473357218
