RUN	transactions.MarketplaceFeesPostSimulation	marketplacefeespostsimulation	1710455833979	 	3.10.4
USER	Login	START	1710455834669
REQUEST		Login	1710455834667	1710455835227	OK	 
USER	Login	END	1710455840272
USER	Post Marketplace Fees	START	1710455840664
USER	Post Marketplace Fees	START	1710455840719
USER	Post Marketplace Fees	START	1710455840762
USER	Post Marketplace Fees	START	1710455840794
USER	Post Marketplace Fees	START	1710455840821
USER	Post Marketplace Fees	START	1710455840843
USER	Post Marketplace Fees	START	1710455840864
USER	Post Marketplace Fees	START	1710455840882
USER	Post Marketplace Fees	START	1710455840898
USER	Post Marketplace Fees	START	1710455840914
USER	Post Marketplace Fees	START	1710455840929
USER	Post Marketplace Fees	START	1710455840942
USER	Post Marketplace Fees	START	1710455840955
USER	Post Marketplace Fees	START	1710455840968
USER	Post Marketplace Fees	START	1710455840983
USER	Post Marketplace Fees	START	1710455840991
USER	Post Marketplace Fees	START	1710455841001
USER	Post Marketplace Fees	START	1710455841012
USER	Post Marketplace Fees	START	1710455841022
USER	Post Marketplace Fees	START	1710455841033
USER	Post Marketplace Fees	START	1710455841043
USER	Post Marketplace Fees	START	1710455841052
USER	Post Marketplace Fees	START	1710455841061
USER	Post Marketplace Fees	START	1710455841071
USER	Post Marketplace Fees	START	1710455841079
USER	Post Marketplace Fees	START	1710455841088
USER	Post Marketplace Fees	START	1710455841096
USER	Post Marketplace Fees	START	1710455841104
USER	Post Marketplace Fees	START	1710455841113
USER	Post Marketplace Fees	START	1710455841121
USER	Post Marketplace Fees	START	1710455841129
USER	Post Marketplace Fees	START	1710455841137
USER	Post Marketplace Fees	START	1710455841145
USER	Post Marketplace Fees	START	1710455841153
USER	Post Marketplace Fees	START	1710455841161
USER	Post Marketplace Fees	START	1710455841168
USER	Post Marketplace Fees	START	1710455841176
USER	Post Marketplace Fees	START	1710455841184
USER	Post Marketplace Fees	START	1710455841192
USER	Post Marketplace Fees	START	1710455841200
USER	Post Marketplace Fees	START	1710455841209
USER	Post Marketplace Fees	START	1710455841217
USER	Post Marketplace Fees	START	1710455841225
USER	Post Marketplace Fees	START	1710455841234
USER	Post Marketplace Fees	START	1710455841242
USER	Post Marketplace Fees	START	1710455841250
USER	Post Marketplace Fees	START	1710455841259
USER	Post Marketplace Fees	START	1710455841267
USER	Post Marketplace Fees	START	1710455841276
USER	Post Marketplace Fees	START	1710455841285
USER	Post Marketplace Fees	START	1710455841294
USER	Post Marketplace Fees	START	1710455841303
USER	Post Marketplace Fees	START	1710455841313
USER	Post Marketplace Fees	START	1710455841323
USER	Post Marketplace Fees	START	1710455841333
USER	Post Marketplace Fees	START	1710455841343
USER	Post Marketplace Fees	START	1710455841354
USER	Post Marketplace Fees	START	1710455841365
USER	Post Marketplace Fees	START	1710455841377
USER	Post Marketplace Fees	START	1710455841389
USER	Post Marketplace Fees	START	1710455841402
USER	Post Marketplace Fees	START	1710455841416
USER	Post Marketplace Fees	START	1710455841431
USER	Post Marketplace Fees	START	1710455841447
USER	Post Marketplace Fees	START	1710455841465
USER	Post Marketplace Fees	START	1710455841485
USER	Post Marketplace Fees	START	1710455841506
USER	Post Marketplace Fees	START	1710455841532
USER	Post Marketplace Fees	START	1710455841564
USER	Post Marketplace Fees	START	1710455841606
REQUEST		Post marketplace fees	1710455840680	1710455841933	OK	 
USER	Post Marketplace Fees	END	1710455841935
REQUEST		Post marketplace fees	1710455840821	1710455842958	OK	 
USER	Post Marketplace Fees	END	1710455842960
REQUEST		Post marketplace fees	1710455840992	1710455844933	OK	 
USER	Post Marketplace Fees	END	1710455844934
REQUEST		Post marketplace fees	1710455840882	1710455844934	OK	 
USER	Post Marketplace Fees	END	1710455844935
REQUEST		Post marketplace fees	1710455840915	1710455845416	OK	 
USER	Post Marketplace Fees	END	1710455845418
REQUEST		Post marketplace fees	1710455840865	1710455845928	OK	 
USER	Post Marketplace Fees	END	1710455845929
REQUEST		Post marketplace fees	1710455841023	1710455846235	OK	 
USER	Post Marketplace Fees	END	1710455846237
REQUEST		Post marketplace fees	1710455840795	1710455846432	OK	 
REQUEST		Post marketplace fees	1710455840720	1710455846432	OK	 
USER	Post Marketplace Fees	END	1710455846433
USER	Post Marketplace Fees	END	1710455846433
REQUEST		Post marketplace fees	1710455840765	1710455846525	OK	 
USER	Post Marketplace Fees	END	1710455846526
REQUEST		Post marketplace fees	1710455840930	1710455847771	OK	 
REQUEST		Post marketplace fees	1710455841079	1710455847771	OK	 
USER	Post Marketplace Fees	END	1710455847773
USER	Post Marketplace Fees	END	1710455847773
REQUEST		Post marketplace fees	1710455840899	1710455848077	OK	 
USER	Post Marketplace Fees	END	1710455848079
REQUEST		Post marketplace fees	1710455840943	1710455849309	OK	 
USER	Post Marketplace Fees	END	1710455849310
REQUEST		Post marketplace fees	1710455840969	1710455849615	OK	 
USER	Post Marketplace Fees	END	1710455849617
REQUEST		Post marketplace fees	1710455841105	1710455851036	OK	 
USER	Post Marketplace Fees	END	1710455851037
REQUEST		Post marketplace fees	1710455841219	1710455851355	OK	 
USER	Post Marketplace Fees	END	1710455851356
REQUEST		Post marketplace fees	1710455841034	1710455852634	OK	 
USER	Post Marketplace Fees	END	1710455852636
REQUEST		Post marketplace fees	1710455841235	1710455853197	OK	 
USER	Post Marketplace Fees	END	1710455853198
REQUEST		Post marketplace fees	1710455841002	1710455853505	OK	 
USER	Post Marketplace Fees	END	1710455853507
REQUEST		Post marketplace fees	1710455841089	1710455853617	OK	 
USER	Post Marketplace Fees	END	1710455853619
REQUEST		Post marketplace fees	1710455841366	1710455854427	OK	 
USER	Post Marketplace Fees	END	1710455854427
REQUEST		Post marketplace fees	1710455840984	1710455854502	OK	 
USER	Post Marketplace Fees	END	1710455854503
REQUEST		Post marketplace fees	1710455840956	1710455854519	OK	 
USER	Post Marketplace Fees	END	1710455854520
REQUEST		Post marketplace fees	1710455841432	1710455854618	OK	 
USER	Post Marketplace Fees	END	1710455854619
REQUEST		Post marketplace fees	1710455841201	1710455854719	OK	 
USER	Post Marketplace Fees	END	1710455854720
REQUEST		Post marketplace fees	1710455841355	1710455855103	OK	 
USER	Post Marketplace Fees	END	1710455855104
REQUEST		Post marketplace fees	1710455841315	1710455855195	OK	 
USER	Post Marketplace Fees	END	1710455855197
REQUEST		Post marketplace fees	1710455841268	1710455855348	OK	 
USER	Post Marketplace Fees	END	1710455855349
REQUEST		Post marketplace fees	1710455841305	1710455855420	OK	 
USER	Post Marketplace Fees	END	1710455855422
REQUEST		Post marketplace fees	1710455841177	1710455855655	OK	 
USER	Post Marketplace Fees	END	1710455855657
REQUEST		Post marketplace fees	1710455841130	1710455856065	OK	 
USER	Post Marketplace Fees	END	1710455856066
REQUEST		Post marketplace fees	1710455841013	1710455856269	OK	 
USER	Post Marketplace Fees	END	1710455856270
REQUEST		Post marketplace fees	1710455841296	1710455856382	OK	 
USER	Post Marketplace Fees	END	1710455856383
REQUEST		Post marketplace fees	1710455841053	1710455856391	OK	 
USER	Post Marketplace Fees	END	1710455856392
REQUEST		Post marketplace fees	1710455841278	1710455856459	OK	 
REQUEST		Post marketplace fees	1710455840844	1710455856459	OK	 
USER	Post Marketplace Fees	END	1710455856460
USER	Post Marketplace Fees	END	1710455856461
REQUEST		Post marketplace fees	1710455841287	1710455856782	OK	 
USER	Post Marketplace Fees	END	1710455856783
REQUEST		Post marketplace fees	1710455841185	1710455856790	OK	 
USER	Post Marketplace Fees	END	1710455856791
REQUEST		Post marketplace fees	1710455841403	1710455856997	OK	 
REQUEST		Post marketplace fees	1710455841261	1710455856997	OK	 
USER	Post Marketplace Fees	END	1710455856997
USER	Post Marketplace Fees	END	1710455856997
REQUEST		Post marketplace fees	1710455841146	1710455857816	OK	 
USER	Post Marketplace Fees	END	1710455857817
REQUEST		Post marketplace fees	1710455841251	1710455857822	OK	 
USER	Post Marketplace Fees	END	1710455857823
REQUEST		Post marketplace fees	1710455841162	1710455858225	OK	 
REQUEST		Post marketplace fees	1710455841062	1710455858225	OK	 
REQUEST		Post marketplace fees	1710455841243	1710455858226	OK	 
REQUEST		Post marketplace fees	1710455841071	1710455858226	OK	 
USER	Post Marketplace Fees	END	1710455858226
USER	Post Marketplace Fees	END	1710455858226
USER	Post Marketplace Fees	END	1710455858226
USER	Post Marketplace Fees	END	1710455858227
REQUEST		Post marketplace fees	1710455841449	1710455858431	OK	 
REQUEST		Post marketplace fees	1710455841390	1710455858431	OK	 
REQUEST		Post marketplace fees	1710455841564	1710455858431	OK	 
USER	Post Marketplace Fees	END	1710455858433
USER	Post Marketplace Fees	END	1710455858433
USER	Post Marketplace Fees	END	1710455858433
REQUEST		Post marketplace fees	1710455841209	1710455858635	OK	 
USER	Post Marketplace Fees	END	1710455858636
REQUEST		Post marketplace fees	1710455841417	1710455858841	OK	 
USER	Post Marketplace Fees	END	1710455858843
REQUEST		Post marketplace fees	1710455841154	1710455858925	OK	 
USER	Post Marketplace Fees	END	1710455858927
REQUEST		Post marketplace fees	1710455841138	1710455859250	OK	 
REQUEST		Post marketplace fees	1710455841486	1710455859250	OK	 
USER	Post Marketplace Fees	END	1710455859252
USER	Post Marketplace Fees	END	1710455859252
REQUEST		Post marketplace fees	1710455841607	1710455859295	OK	 
USER	Post Marketplace Fees	END	1710455859297
REQUEST		Post marketplace fees	1710455841533	1710455859305	OK	 
USER	Post Marketplace Fees	END	1710455859307
REQUEST		Post marketplace fees	1710455841193	1710455859455	OK	 
USER	Post Marketplace Fees	END	1710455859456
REQUEST		Post marketplace fees	1710455841325	1710455860070	OK	 
REQUEST		Post marketplace fees	1710455841345	1710455860070	OK	 
REQUEST		Post marketplace fees	1710455841097	1710455860070	OK	 
USER	Post Marketplace Fees	END	1710455860071
USER	Post Marketplace Fees	END	1710455860071
USER	Post Marketplace Fees	END	1710455860071
REQUEST		Post marketplace fees	1710455841122	1710455860570	OK	 
USER	Post Marketplace Fees	END	1710455860571
REQUEST		Post marketplace fees	1710455841336	1710455860980	OK	 
REQUEST		Post marketplace fees	1710455841466	1710455860980	OK	 
USER	Post Marketplace Fees	END	1710455860981
USER	Post Marketplace Fees	END	1710455860981
REQUEST		Post marketplace fees	1710455841507	1710455860990	OK	 
USER	Post Marketplace Fees	END	1710455860991
REQUEST		Post marketplace fees	1710455841227	1710455861184	OK	 
REQUEST		Post marketplace fees	1710455841169	1710455861184	OK	 
USER	Post Marketplace Fees	END	1710455861185
USER	Post Marketplace Fees	END	1710455861185
REQUEST		Post marketplace fees	1710455841114	1710455861197	OK	 
USER	Post Marketplace Fees	END	1710455861197
REQUEST		Post marketplace fees	1710455841043	1710455861492	OK	 
USER	Post Marketplace Fees	END	1710455861494
REQUEST		Post marketplace fees	1710455841378	1710455861514	OK	 
USER	Post Marketplace Fees	END	1710455861516
