RUN	transactions.MarketplaceFeesPostSimulation	marketplacefeespostsimulation	1710455787114	 	3.10.4
USER	Login	START	1710455787558
REQUEST		Login	1710455787556	1710455788820	OK	 
USER	Login	END	1710455793927
USER	Post Marketplace Fees	START	1710455794550
USER	Post Marketplace Fees	START	1710455794605
USER	Post Marketplace Fees	START	1710455794648
USER	Post Marketplace Fees	START	1710455794680
USER	Post Marketplace Fees	START	1710455794707
USER	Post Marketplace Fees	START	1710455794729
USER	Post Marketplace Fees	START	1710455794750
USER	Post Marketplace Fees	START	1710455794768
USER	Post Marketplace Fees	START	1710455794785
USER	Post Marketplace Fees	START	1710455794800
USER	Post Marketplace Fees	START	1710455794815
USER	Post Marketplace Fees	START	1710455794828
USER	Post Marketplace Fees	START	1710455794841
USER	Post Marketplace Fees	START	1710455794853
USER	Post Marketplace Fees	START	1710455794865
USER	Post Marketplace Fees	START	1710455794876
USER	Post Marketplace Fees	START	1710455794887
USER	Post Marketplace Fees	START	1710455794897
USER	Post Marketplace Fees	START	1710455794907
USER	Post Marketplace Fees	START	1710455794918
USER	Post Marketplace Fees	START	1710455794933
USER	Post Marketplace Fees	START	1710455794942
USER	Post Marketplace Fees	START	1710455794951
USER	Post Marketplace Fees	START	1710455794960
USER	Post Marketplace Fees	START	1710455794968
USER	Post Marketplace Fees	START	1710455794977
USER	Post Marketplace Fees	START	1710455794985
USER	Post Marketplace Fees	START	1710455794993
USER	Post Marketplace Fees	START	1710455795002
USER	Post Marketplace Fees	START	1710455795010
USER	Post Marketplace Fees	START	1710455795019
USER	Post Marketplace Fees	START	1710455795026
USER	Post Marketplace Fees	START	1710455795034
USER	Post Marketplace Fees	START	1710455795043
USER	Post Marketplace Fees	START	1710455795051
USER	Post Marketplace Fees	START	1710455795058
USER	Post Marketplace Fees	START	1710455795066
USER	Post Marketplace Fees	START	1710455795074
USER	Post Marketplace Fees	START	1710455795082
USER	Post Marketplace Fees	START	1710455795090
USER	Post Marketplace Fees	START	1710455795098
USER	Post Marketplace Fees	START	1710455795106
USER	Post Marketplace Fees	START	1710455795114
USER	Post Marketplace Fees	START	1710455795123
USER	Post Marketplace Fees	START	1710455795131
USER	Post Marketplace Fees	START	1710455795139
USER	Post Marketplace Fees	START	1710455795148
USER	Post Marketplace Fees	START	1710455795156
USER	Post Marketplace Fees	START	1710455795165
USER	Post Marketplace Fees	START	1710455795174
USER	Post Marketplace Fees	START	1710455795183
USER	Post Marketplace Fees	START	1710455795192
USER	Post Marketplace Fees	START	1710455795202
USER	Post Marketplace Fees	START	1710455795212
USER	Post Marketplace Fees	START	1710455795222
USER	Post Marketplace Fees	START	1710455795232
USER	Post Marketplace Fees	START	1710455795244
USER	Post Marketplace Fees	START	1710455795255
USER	Post Marketplace Fees	START	1710455795267
USER	Post Marketplace Fees	START	1710455795279
USER	Post Marketplace Fees	START	1710455795292
USER	Post Marketplace Fees	START	1710455795306
USER	Post Marketplace Fees	START	1710455795321
USER	Post Marketplace Fees	START	1710455795337
USER	Post Marketplace Fees	START	1710455795354
USER	Post Marketplace Fees	START	1710455795374
USER	Post Marketplace Fees	START	1710455795396
USER	Post Marketplace Fees	START	1710455795422
USER	Post Marketplace Fees	START	1710455795453
USER	Post Marketplace Fees	START	1710455795496
REQUEST		Post marketplace fees	1710455794606	1710455796059	OK	 
USER	Post Marketplace Fees	END	1710455796062
REQUEST		Post marketplace fees	1710455794681	1710455796383	OK	 
USER	Post Marketplace Fees	END	1710455796385
REQUEST		Post marketplace fees	1710455794649	1710455796418	OK	 
USER	Post Marketplace Fees	END	1710455796419
REQUEST		Post marketplace fees	1710455794570	1710455798004	OK	 
USER	Post Marketplace Fees	END	1710455798005
REQUEST		Post marketplace fees	1710455794830	1710455798925	OK	 
USER	Post Marketplace Fees	END	1710455798927
REQUEST		Post marketplace fees	1710455794919	1710455799233	OK	 
REQUEST		Post marketplace fees	1710455794816	1710455799232	OK	 
USER	Post Marketplace Fees	END	1710455799234
USER	Post Marketplace Fees	END	1710455799234
REQUEST		Post marketplace fees	1710455794751	1710455800256	OK	 
USER	Post Marketplace Fees	END	1710455800257
REQUEST		Post marketplace fees	1710455794730	1710455800460	OK	 
USER	Post Marketplace Fees	END	1710455800461
REQUEST		Post marketplace fees	1710455794854	1710455800525	OK	 
USER	Post Marketplace Fees	END	1710455800526
REQUEST		Post marketplace fees	1710455794952	1710455800871	OK	 
USER	Post Marketplace Fees	END	1710455800872
REQUEST		Post marketplace fees	1710455794769	1710455800930	OK	 
USER	Post Marketplace Fees	END	1710455800931
REQUEST		Post marketplace fees	1710455795019	1710455801485	OK	 
USER	Post Marketplace Fees	END	1710455801486
REQUEST		Post marketplace fees	1710455795074	1710455801998	OK	 
USER	Post Marketplace Fees	END	1710455802000
REQUEST		Post marketplace fees	1710455794978	1710455802020	OK	 
USER	Post Marketplace Fees	END	1710455802022
REQUEST		Post marketplace fees	1710455794709	1710455803635	OK	 
USER	Post Marketplace Fees	END	1710455803636
REQUEST		Post marketplace fees	1710455795233	1710455804352	OK	 
USER	Post Marketplace Fees	END	1710455804354
REQUEST		Post marketplace fees	1710455795082	1710455805479	OK	 
USER	Post Marketplace Fees	END	1710455805479
REQUEST		Post marketplace fees	1710455795043	1710455805494	OK	 
USER	Post Marketplace Fees	END	1710455805495
REQUEST		Post marketplace fees	1710455795107	1710455805784	OK	 
USER	Post Marketplace Fees	END	1710455805785
REQUEST		Post marketplace fees	1710455794994	1710455806093	OK	 
USER	Post Marketplace Fees	END	1710455806095
REQUEST		Post marketplace fees	1710455795123	1710455806299	OK	 
USER	Post Marketplace Fees	END	1710455806301
REQUEST		Post marketplace fees	1710455795099	1710455806708	OK	 
USER	Post Marketplace Fees	END	1710455806708
REQUEST		Post marketplace fees	1710455794934	1710455806911	OK	 
USER	Post Marketplace Fees	END	1710455806912
REQUEST		Post marketplace fees	1710455794866	1710455807321	OK	 
USER	Post Marketplace Fees	END	1710455807322
REQUEST		Post marketplace fees	1710455795397	1710455807324	OK	 
USER	Post Marketplace Fees	END	1710455807324
REQUEST		Post marketplace fees	1710455795166	1710455807544	OK	 
USER	Post Marketplace Fees	END	1710455807545
REQUEST		Post marketplace fees	1710455795140	1710455807689	OK	 
USER	Post Marketplace Fees	END	1710455807690
REQUEST		Post marketplace fees	1710455795375	1710455808325	OK	 
USER	Post Marketplace Fees	END	1710455808325
REQUEST		Post marketplace fees	1710455795292	1710455808331	OK	 
USER	Post Marketplace Fees	END	1710455808331
REQUEST		Post marketplace fees	1710455795355	1710455808395	OK	 
USER	Post Marketplace Fees	END	1710455808396
REQUEST		Post marketplace fees	1710455794785	1710455808396	OK	 
USER	Post Marketplace Fees	END	1710455808398
REQUEST		Post marketplace fees	1710455795213	1710455808402	OK	 
USER	Post Marketplace Fees	END	1710455808404
REQUEST		Post marketplace fees	1710455795338	1710455808492	OK	 
USER	Post Marketplace Fees	END	1710455808492
REQUEST		Post marketplace fees	1710455795149	1710455808961	OK	 
REQUEST		Post marketplace fees	1710455795454	1710455808961	OK	 
REQUEST		Post marketplace fees	1710455795058	1710455808961	OK	 
USER	Post Marketplace Fees	END	1710455808962
USER	Post Marketplace Fees	END	1710455808963
USER	Post Marketplace Fees	END	1710455808963
REQUEST		Post marketplace fees	1710455795423	1710455809023	OK	 
REQUEST		Post marketplace fees	1710455795027	1710455809023	OK	 
USER	Post Marketplace Fees	END	1710455809024
USER	Post Marketplace Fees	END	1710455809025
REQUEST		Post marketplace fees	1710455795157	1710455809098	OK	 
USER	Post Marketplace Fees	END	1710455809099
REQUEST		Post marketplace fees	1710455795255	1710455809370	OK	 
USER	Post Marketplace Fees	END	1710455809372
REQUEST		Post marketplace fees	1710455794801	1710455809984	OK	 
USER	Post Marketplace Fees	END	1710455809986
REQUEST		Post marketplace fees	1710455795132	1710455810291	OK	 
USER	Post Marketplace Fees	END	1710455810293
REQUEST		Post marketplace fees	1710455795321	1710455810390	OK	 
USER	Post Marketplace Fees	END	1710455810390
REQUEST		Post marketplace fees	1710455795244	1710455810489	OK	 
USER	Post Marketplace Fees	END	1710455810490
REQUEST		Post marketplace fees	1710455795267	1710455810906	OK	 
REQUEST		Post marketplace fees	1710455795175	1710455810906	OK	 
USER	Post Marketplace Fees	END	1710455810907
USER	Post Marketplace Fees	END	1710455810908
REQUEST		Post marketplace fees	1710455794961	1710455810992	OK	 
USER	Post Marketplace Fees	END	1710455810993
REQUEST		Post marketplace fees	1710455794969	1710455810994	OK	 
USER	Post Marketplace Fees	END	1710455810995
REQUEST		Post marketplace fees	1710455795003	1710455811125	OK	 
USER	Post Marketplace Fees	END	1710455811126
REQUEST		Post marketplace fees	1710455795115	1710455811417	OK	 
USER	Post Marketplace Fees	END	1710455811418
REQUEST		Post marketplace fees	1710455794943	1710455811827	OK	 
USER	Post Marketplace Fees	END	1710455811828
REQUEST		Post marketplace fees	1710455794898	1710455813056	OK	 
USER	Post Marketplace Fees	END	1710455813058
REQUEST		Post marketplace fees	1710455794986	1710455813115	OK	 
USER	Post Marketplace Fees	END	1710455813116
REQUEST		Post marketplace fees	1710455795011	1710455813190	OK	 
USER	Post Marketplace Fees	END	1710455813191
REQUEST		Post marketplace fees	1710455794877	1710455813568	OK	 
REQUEST		Post marketplace fees	1710455794888	1710455813568	OK	 
USER	Post Marketplace Fees	END	1710455813570
USER	Post Marketplace Fees	END	1710455813570
REQUEST		Post marketplace fees	1710455794842	1710455813630	OK	 
USER	Post Marketplace Fees	END	1710455813631
REQUEST		Post marketplace fees	1710455795223	1710455813875	OK	 
USER	Post Marketplace Fees	END	1710455813877
REQUEST		Post marketplace fees	1710455795090	1710455813914	OK	 
USER	Post Marketplace Fees	END	1710455813915
REQUEST		Post marketplace fees	1710455795279	1710455814182	OK	 
USER	Post Marketplace Fees	END	1710455814183
REQUEST		Post marketplace fees	1710455795035	1710455814194	OK	 
USER	Post Marketplace Fees	END	1710455814195
REQUEST		Post marketplace fees	1710455795051	1710455814387	OK	 
USER	Post Marketplace Fees	END	1710455814388
REQUEST		Post marketplace fees	1710455795496	1710455814796	OK	 
USER	Post Marketplace Fees	END	1710455814797
REQUEST		Post marketplace fees	1710455795066	1710455815834	OK	 
USER	Post Marketplace Fees	END	1710455815835
REQUEST		Post marketplace fees	1710455794908	1710455815991	OK	 
USER	Post Marketplace Fees	END	1710455815992
REQUEST		Post marketplace fees	1710455795203	1710455816091	OK	 
USER	Post Marketplace Fees	END	1710455816092
REQUEST		Post marketplace fees	1710455795184	1710455816118	OK	 
USER	Post Marketplace Fees	END	1710455816120
REQUEST		Post marketplace fees	1710455795193	1710455816390	OK	 
USER	Post Marketplace Fees	END	1710455816391
REQUEST		Post marketplace fees	1710455795306	1710455816411	OK	 
USER	Post Marketplace Fees	END	1710455816412
