RUN	transactions.MarketplaceFeesPostSimulation	marketplacefeespostsimulation	1710470823789	 	3.10.4
USER	Login	START	1710470824245
REQUEST		Login	1710470824243	1710470824895	OK	 
USER	Login	END	1710470829962
USER	Post Marketplace Fees	START	1710470830238
USER	Post Marketplace Fees	START	1710470831231
USER	Post Marketplace Fees	START	1710470831727
REQUEST		Post marketplace fees	1710470830244	1710470831836	OK	 
USER	Post Marketplace Fees	END	1710470831838
REQUEST		Post marketplace fees	1710470831234	1710470832126	OK	 
USER	Post Marketplace Fees	END	1710470832128
USER	Post Marketplace Fees	START	1710470832228
USER	Post Marketplace Fees	START	1710470832477
REQUEST		Post marketplace fees	1710470831729	1710470832631	OK	 
USER	Post Marketplace Fees	END	1710470832633
USER	Post Marketplace Fees	START	1710470832728
USER	Post Marketplace Fees	START	1710470832979
USER	Post Marketplace Fees	START	1710470833237
REQUEST		Post marketplace fees	1710470832479	1710470833425	OK	 
USER	Post Marketplace Fees	END	1710470833426
USER	Post Marketplace Fees	START	1710470833477
REQUEST		Post marketplace fees	1710470832230	1710470833518	OK	 
USER	Post Marketplace Fees	END	1710470833519
USER	Post Marketplace Fees	START	1710470833728
USER	Post Marketplace Fees	START	1710470833988
REQUEST		Post marketplace fees	1710470832728	1710470834039	OK	 
USER	Post Marketplace Fees	END	1710470834040
USER	Post Marketplace Fees	START	1710470834228
REQUEST		Post marketplace fees	1710470832980	1710470834234	OK	 
USER	Post Marketplace Fees	END	1710470834236
USER	Post Marketplace Fees	START	1710470834427
REQUEST		Post marketplace fees	1710470833238	1710470834593	OK	 
USER	Post Marketplace Fees	END	1710470834595
USER	Post Marketplace Fees	START	1710470834629
USER	Post Marketplace Fees	START	1710470834830
REQUEST		Post marketplace fees	1710470833988	1710470834997	OK	 
USER	Post Marketplace Fees	END	1710470834998
REQUEST		Post marketplace fees	1710470833478	1710470835030	OK	 
USER	Post Marketplace Fees	START	1710470835030
USER	Post Marketplace Fees	END	1710470835031
USER	Post Marketplace Fees	START	1710470835231
USER	Post Marketplace Fees	START	1710470835393
USER	Post Marketplace Fees	START	1710470835561
REQUEST		Post marketplace fees	1710470834631	1710470835691	OK	 
USER	Post Marketplace Fees	END	1710470835692
USER	Post Marketplace Fees	START	1710470835729
REQUEST		Post marketplace fees	1710470833730	1710470835819	OK	 
USER	Post Marketplace Fees	END	1710470835820
USER	Post Marketplace Fees	START	1710470835895
REQUEST		Post marketplace fees	1710470834428	1710470835931	OK	 
USER	Post Marketplace Fees	END	1710470835933
USER	Post Marketplace Fees	START	1710470836064
USER	Post Marketplace Fees	START	1710470836227
REQUEST		Post marketplace fees	1710470835395	1710470836228	OK	 
USER	Post Marketplace Fees	END	1710470836230
USER	Post Marketplace Fees	START	1710470836369
USER	Post Marketplace Fees	START	1710470836512
REQUEST		Post marketplace fees	1710470834230	1710470836532	OK	 
USER	Post Marketplace Fees	END	1710470836533
REQUEST		Post marketplace fees	1710470834832	1710470836596	OK	 
USER	Post Marketplace Fees	END	1710470836598
USER	Post Marketplace Fees	START	1710470836656
USER	Post Marketplace Fees	START	1710470836799
USER	Post Marketplace Fees	START	1710470836942
REQUEST		Post marketplace fees	1710470835562	1710470837017	OK	 
USER	Post Marketplace Fees	END	1710470837017
USER	Post Marketplace Fees	START	1710470837086
REQUEST		Post marketplace fees	1710470835234	1710470837131	OK	 
USER	Post Marketplace Fees	END	1710470837132
USER	Post Marketplace Fees	START	1710470837227
REQUEST		Post marketplace fees	1710470835730	1710470837288	OK	 
USER	Post Marketplace Fees	END	1710470837288
USER	Post Marketplace Fees	START	1710470837352
REQUEST		Post marketplace fees	1710470836513	1710470837440	OK	 
USER	Post Marketplace Fees	END	1710470837442
USER	Post Marketplace Fees	START	1710470837477
USER	Post Marketplace Fees	START	1710470837602
REQUEST		Post marketplace fees	1710470836065	1710470837617	OK	 
USER	Post Marketplace Fees	END	1710470837619
REQUEST		Post marketplace fees	1710470835031	1710470837622	OK	 
USER	Post Marketplace Fees	END	1710470837623
USER	Post Marketplace Fees	START	1710470837727
USER	Post Marketplace Fees	START	1710470837853
USER	Post Marketplace Fees	START	1710470837978
USER	Post Marketplace Fees	START	1710470838104
USER	Post Marketplace Fees	START	1710470838228
USER	Post Marketplace Fees	START	1710470838337
USER	Post Marketplace Fees	START	1710470838449
USER	Post Marketplace Fees	START	1710470838560
USER	Post Marketplace Fees	START	1710470838671
USER	Post Marketplace Fees	START	1710470838782
REQUEST		Post marketplace fees	1710470835896	1710470838790	OK	 
USER	Post Marketplace Fees	END	1710470838791
REQUEST		Post marketplace fees	1710470836943	1710470838888	OK	 
USER	Post Marketplace Fees	END	1710470838889
USER	Post Marketplace Fees	START	1710470838893
REQUEST		Post marketplace fees	1710470837353	1710470838927	OK	 
USER	Post Marketplace Fees	END	1710470838929
REQUEST		Post marketplace fees	1710470837229	1710470838929	OK	 
USER	Post Marketplace Fees	END	1710470838930
USER	Post Marketplace Fees	START	1710470839004
USER	Post Marketplace Fees	START	1710470839115
USER	Post Marketplace Fees	START	1710470839227
REQUEST		Post marketplace fees	1710470837479	1710470839231	OK	 
USER	Post Marketplace Fees	END	1710470839232
REQUEST		Post marketplace fees	1710470837980	1710470839235	OK	 
USER	Post Marketplace Fees	END	1710470839236
REQUEST		Post marketplace fees	1710470838229	1710470839324	OK	 
USER	Post Marketplace Fees	END	1710470839325
USER	Post Marketplace Fees	START	1710470839326
REQUEST		Post marketplace fees	1710470837728	1710470839419	OK	 
USER	Post Marketplace Fees	END	1710470839421
USER	Post Marketplace Fees	START	1710470839427
REQUEST		Post marketplace fees	1710470837603	1710470839433	OK	 
USER	Post Marketplace Fees	END	1710470839435
USER	Post Marketplace Fees	START	1710470839527
USER	Post Marketplace Fees	START	1710470839627
USER	Post Marketplace Fees	START	1710470839727
REQUEST		Post marketplace fees	1710470836370	1710470839786	OK	 
USER	Post Marketplace Fees	END	1710470839787
USER	Post Marketplace Fees	START	1710470839827
REQUEST		Post marketplace fees	1710470836228	1710470839833	OK	 
USER	Post Marketplace Fees	END	1710470839835
USER	Post Marketplace Fees	START	1710470839927
USER	Post Marketplace Fees	START	1710470840027
USER	Post Marketplace Fees	START	1710470840128
USER	Post Marketplace Fees	START	1710470840228
USER	Post Marketplace Fees	START	1710470840316
USER	Post Marketplace Fees	START	1710470840407
USER	Post Marketplace Fees	START	1710470840499
REQUEST		Post marketplace fees	1710470839004	1710470840502	OK	 
USER	Post Marketplace Fees	END	1710470840504
REQUEST		Post marketplace fees	1710470838338	1710470840508	OK	 
USER	Post Marketplace Fees	END	1710470840510
USER	Post Marketplace Fees	START	1710470840590
USER	Post Marketplace Fees	START	1710470840681
USER	Post Marketplace Fees	START	1710470840772
REQUEST		Post marketplace fees	1710470837088	1710470840818	OK	 
USER	Post Marketplace Fees	END	1710470840819
USER	Post Marketplace Fees	START	1710470840864
USER	Post Marketplace Fees	START	1710470840954
USER	Post Marketplace Fees	START	1710470841046
REQUEST		Post marketplace fees	1710470836658	1710470841094	OK	 
USER	Post Marketplace Fees	END	1710470841094
USER	Post Marketplace Fees	START	1710470841137
USER	Post Marketplace Fees	START	1710470841228
USER	Post Marketplace Fees	START	1710470841309
REQUEST		Post marketplace fees	1710470838894	1710470841329	OK	 
USER	Post Marketplace Fees	END	1710470841329
REQUEST		Post marketplace fees	1710470839115	1710470841331	OK	 
USER	Post Marketplace Fees	END	1710470841331
USER	Post Marketplace Fees	START	1710470841392
USER	Post Marketplace Fees	START	1710470841477
REQUEST		Post marketplace fees	1710470837854	1710470841520	OK	 
USER	Post Marketplace Fees	END	1710470841522
USER	Post Marketplace Fees	START	1710470841560
REQUEST		Post marketplace fees	1710470839829	1710470841623	OK	 
USER	Post Marketplace Fees	END	1710470841624
USER	Post Marketplace Fees	START	1710470841643
REQUEST		Post marketplace fees	1710470838105	1710470841719	OK	 
USER	Post Marketplace Fees	END	1710470841719
USER	Post Marketplace Fees	START	1710470841727
USER	Post Marketplace Fees	START	1710470841810
REQUEST		Post marketplace fees	1710470836800	1710470841818	OK	 
USER	Post Marketplace Fees	END	1710470841819
USER	Post Marketplace Fees	START	1710470841894
REQUEST		Post marketplace fees	1710470838782	1710470841911	OK	 
USER	Post Marketplace Fees	END	1710470841913
USER	Post Marketplace Fees	START	1710470841977
USER	Post Marketplace Fees	START	1710470842060
REQUEST		Post marketplace fees	1710470838450	1710470842088	OK	 
USER	Post Marketplace Fees	END	1710470842089
USER	Post Marketplace Fees	START	1710470842143
REQUEST		Post marketplace fees	1710470839928	1710470842217	OK	 
USER	Post Marketplace Fees	END	1710470842218
USER	Post Marketplace Fees	START	1710470842226
USER	Post Marketplace Fees	START	1710470842309
USER	Post Marketplace Fees	START	1710470842392
USER	Post Marketplace Fees	START	1710470842476
USER	Post Marketplace Fees	START	1710470842559
USER	Post Marketplace Fees	START	1710470842642
REQUEST		Post marketplace fees	1710470838671	1710470842715	OK	 
USER	Post Marketplace Fees	END	1710470842716
USER	Post Marketplace Fees	START	1710470842726
REQUEST		Post marketplace fees	1710470839629	1710470842761	OK	 
USER	Post Marketplace Fees	END	1710470842762
USER	Post Marketplace Fees	START	1710470842810
REQUEST		Post marketplace fees	1710470838560	1710470842890	OK	 
USER	Post Marketplace Fees	END	1710470842891
USER	Post Marketplace Fees	START	1710470842893
REQUEST		Post marketplace fees	1710470839729	1710470842925	OK	 
USER	Post Marketplace Fees	END	1710470842927
USER	Post Marketplace Fees	START	1710470842976
REQUEST		Post marketplace fees	1710470839428	1710470843021	OK	 
USER	Post Marketplace Fees	END	1710470843022
USER	Post Marketplace Fees	START	1710470843060
USER	Post Marketplace Fees	START	1710470843143
USER	Post Marketplace Fees	START	1710470843226
USER	Post Marketplace Fees	START	1710470843297
USER	Post Marketplace Fees	START	1710470843369
REQUEST		Post marketplace fees	1710470839327	1710470843397	OK	 
USER	Post Marketplace Fees	END	1710470843399
REQUEST		Post marketplace fees	1710470839229	1710470843400	OK	 
USER	Post Marketplace Fees	END	1710470843401
USER	Post Marketplace Fees	START	1710470843440
USER	Post Marketplace Fees	START	1710470843512
USER	Post Marketplace Fees	START	1710470843584
REQUEST		Post marketplace fees	1710470840591	1710470843610	OK	 
USER	Post Marketplace Fees	END	1710470843612
USER	Post Marketplace Fees	START	1710470843655
REQUEST		Post marketplace fees	1710470840230	1710470843659	OK	 
USER	Post Marketplace Fees	END	1710470843660
USER	Post Marketplace Fees	START	1710470843727
USER	Post Marketplace Fees	START	1710470843798
REQUEST		Post marketplace fees	1710470840682	1710470843827	OK	 
REQUEST		Post marketplace fees	1710470840130	1710470843828	OK	 
USER	Post Marketplace Fees	END	1710470843829
USER	Post Marketplace Fees	END	1710470843829
USER	Post Marketplace Fees	START	1710470843869
REQUEST		Post marketplace fees	1710470840317	1710470843917	OK	 
USER	Post Marketplace Fees	END	1710470843918
USER	Post Marketplace Fees	START	1710470843941
REQUEST		Post marketplace fees	1710470840027	1710470843985	OK	 
USER	Post Marketplace Fees	END	1710470843986
USER	Post Marketplace Fees	START	1710470844011
USER	Post Marketplace Fees	START	1710470844084
USER	Post Marketplace Fees	START	1710470844155
USER	Post Marketplace Fees	START	1710470844227
USER	Post Marketplace Fees	START	1710470844292
USER	Post Marketplace Fees	START	1710470844359
USER	Post Marketplace Fees	START	1710470844426
USER	Post Marketplace Fees	START	1710470844492
REQUEST		Post marketplace fees	1710470840408	1710470844526	OK	 
USER	Post Marketplace Fees	END	1710470844527
REQUEST		Post marketplace fees	1710470840955	1710470844528	OK	 
USER	Post Marketplace Fees	END	1710470844529
USER	Post Marketplace Fees	START	1710470844560
USER	Post Marketplace Fees	START	1710470844627
USER	Post Marketplace Fees	START	1710470844693
USER	Post Marketplace Fees	START	1710470844760
USER	Post Marketplace Fees	START	1710470844827
USER	Post Marketplace Fees	START	1710470844893
REQUEST		Post marketplace fees	1710470841229	1710470844922	OK	 
USER	Post Marketplace Fees	END	1710470844924
USER	Post Marketplace Fees	START	1710470844960
REQUEST		Post marketplace fees	1710470841561	1710470845009	OK	 
USER	Post Marketplace Fees	END	1710470845010
USER	Post Marketplace Fees	START	1710470845028
USER	Post Marketplace Fees	START	1710470845093
USER	Post Marketplace Fees	START	1710470845161
REQUEST		Post marketplace fees	1710470841310	1710470845337	OK	 
USER	Post Marketplace Fees	END	1710470845337
REQUEST		Post marketplace fees	1710470840500	1710470845461	OK	 
USER	Post Marketplace Fees	END	1710470845462
REQUEST		Post marketplace fees	1710470842393	1710470845725	OK	 
USER	Post Marketplace Fees	END	1710470845726
REQUEST		Post marketplace fees	1710470839527	1710470845921	OK	 
USER	Post Marketplace Fees	END	1710470845922
REQUEST		Post marketplace fees	1710470840865	1710470846130	OK	 
USER	Post Marketplace Fees	END	1710470846131
REQUEST		Post marketplace fees	1710470841643	1710470846323	OK	 
USER	Post Marketplace Fees	END	1710470846323
REQUEST		Post marketplace fees	1710470841477	1710470846496	OK	 
USER	Post Marketplace Fees	END	1710470846497
REQUEST		Post marketplace fees	1710470841728	1710470846619	OK	 
USER	Post Marketplace Fees	END	1710470846620
REQUEST		Post marketplace fees	1710470841046	1710470846655	OK	 
USER	Post Marketplace Fees	END	1710470846657
REQUEST		Post marketplace fees	1710470841393	1710470846721	OK	 
USER	Post Marketplace Fees	END	1710470846722
REQUEST		Post marketplace fees	1710470841138	1710470846817	OK	 
USER	Post Marketplace Fees	END	1710470846818
REQUEST		Post marketplace fees	1710470840773	1710470846940	OK	 
USER	Post Marketplace Fees	END	1710470846941
REQUEST		Post marketplace fees	1710470841810	1710470847131	OK	 
USER	Post Marketplace Fees	END	1710470847132
REQUEST		Post marketplace fees	1710470841895	1710470847225	OK	 
USER	Post Marketplace Fees	END	1710470847227
REQUEST		Post marketplace fees	1710470842060	1710470847519	OK	 
USER	Post Marketplace Fees	END	1710470847520
REQUEST		Post marketplace fees	1710470842811	1710470847855	OK	 
USER	Post Marketplace Fees	END	1710470847856
REQUEST		Post marketplace fees	1710470842310	1710470848411	OK	 
USER	Post Marketplace Fees	END	1710470848412
REQUEST		Post marketplace fees	1710470842643	1710470848505	OK	 
USER	Post Marketplace Fees	END	1710470848505
REQUEST		Post marketplace fees	1710470841977	1710470849278	OK	 
USER	Post Marketplace Fees	END	1710470849279
REQUEST		Post marketplace fees	1710470842894	1710470849628	OK	 
USER	Post Marketplace Fees	END	1710470849629
REQUEST		Post marketplace fees	1710470842477	1710470849930	OK	 
USER	Post Marketplace Fees	END	1710470849931
REQUEST		Post marketplace fees	1710470842226	1710470850214	OK	 
USER	Post Marketplace Fees	END	1710470850215
REQUEST		Post marketplace fees	1710470842144	1710470850258	OK	 
USER	Post Marketplace Fees	END	1710470850258
REQUEST		Post marketplace fees	1710470843728	1710470850292	OK	 
USER	Post Marketplace Fees	END	1710470850293
REQUEST		Post marketplace fees	1710470843143	1710470850320	OK	 
USER	Post Marketplace Fees	END	1710470850321
REQUEST		Post marketplace fees	1710470844427	1710470850388	OK	 
USER	Post Marketplace Fees	END	1710470850389
REQUEST		Post marketplace fees	1710470843513	1710470850616	OK	 
USER	Post Marketplace Fees	END	1710470850616
REQUEST		Post marketplace fees	1710470845162	1710470850928	OK	 
USER	Post Marketplace Fees	END	1710470850928
REQUEST		Post marketplace fees	1710470843442	1710470851295	OK	 
USER	Post Marketplace Fees	END	1710470851297
REQUEST		Post marketplace fees	1710470843370	1710470851425	OK	 
USER	Post Marketplace Fees	END	1710470851426
REQUEST		Post marketplace fees	1710470842977	1710470851519	OK	 
USER	Post Marketplace Fees	END	1710470851519
REQUEST		Post marketplace fees	1710470842560	1710470851924	OK	 
USER	Post Marketplace Fees	END	1710470851924
REQUEST		Post marketplace fees	1710470844293	1710470852013	OK	 
USER	Post Marketplace Fees	END	1710470852014
REQUEST		Post marketplace fees	1710470843656	1710470852114	OK	 
USER	Post Marketplace Fees	END	1710470852114
REQUEST		Post marketplace fees	1710470844493	1710470852420	OK	 
USER	Post Marketplace Fees	END	1710470852421
REQUEST		Post marketplace fees	1710470844012	1710470852623	OK	 
USER	Post Marketplace Fees	END	1710470852624
REQUEST		Post marketplace fees	1710470843942	1710470853093	OK	 
USER	Post Marketplace Fees	END	1710470853094
REQUEST		Post marketplace fees	1710470843060	1710470853104	OK	 
USER	Post Marketplace Fees	END	1710470853105
REQUEST		Post marketplace fees	1710470844628	1710470853207	OK	 
USER	Post Marketplace Fees	END	1710470853208
REQUEST		Post marketplace fees	1710470845094	1710470853235	OK	 
USER	Post Marketplace Fees	END	1710470853235
REQUEST		Post marketplace fees	1710470845029	1710470853237	OK	 
USER	Post Marketplace Fees	END	1710470853238
REQUEST		Post marketplace fees	1710470843227	1710470853308	OK	 
USER	Post Marketplace Fees	END	1710470853309
REQUEST		Post marketplace fees	1710470844693	1710470853398	OK	 
USER	Post Marketplace Fees	END	1710470853398
REQUEST		Post marketplace fees	1710470842727	1710470853913	OK	 
USER	Post Marketplace Fees	END	1710470853913
REQUEST		Post marketplace fees	1710470843298	1710470853929	OK	 
USER	Post Marketplace Fees	END	1710470853930
REQUEST		Post marketplace fees	1710470843870	1710470854013	OK	 
USER	Post Marketplace Fees	END	1710470854013
REQUEST		Post marketplace fees	1710470844761	1710470854125	OK	 
USER	Post Marketplace Fees	END	1710470854126
REQUEST		Post marketplace fees	1710470844156	1710470854217	OK	 
USER	Post Marketplace Fees	END	1710470854218
REQUEST		Post marketplace fees	1710470844085	1710470854528	OK	 
USER	Post Marketplace Fees	END	1710470854529
REQUEST		Post marketplace fees	1710470844561	1710470854626	OK	 
REQUEST		Post marketplace fees	1710470844360	1710470854627	OK	 
USER	Post Marketplace Fees	END	1710470854627
USER	Post Marketplace Fees	END	1710470854627
REQUEST		Post marketplace fees	1710470844894	1710470854699	OK	 
USER	Post Marketplace Fees	END	1710470854700
REQUEST		Post marketplace fees	1710470844228	1710470854702	OK	 
USER	Post Marketplace Fees	END	1710470854703
REQUEST		Post marketplace fees	1710470843585	1710470854998	OK	 
USER	Post Marketplace Fees	END	1710470854999
REQUEST		Post marketplace fees	1710470843799	1710470855228	OK	 
USER	Post Marketplace Fees	END	1710470855229
REQUEST		Post marketplace fees	1710470844828	1710470855320	OK	 
USER	Post Marketplace Fees	END	1710470855321
REQUEST		Post marketplace fees	1710470844961	1710470855429	OK	 
USER	Post Marketplace Fees	END	1710470855430
