RUN	transactions.MarketplaceFeesPostSimulation	marketplacefeespostsimulation	1710470103605	 	3.10.4
USER	Login	START	1710470104059
REQUEST		Login	1710470104057	1710470104744	OK	 
USER	Login	END	1710470109843
USER	Post Marketplace Fees	START	1710470110070
USER	Post Marketplace Fees	START	1710470111053
REQUEST		Post marketplace fees	1710470110084	1710470111197	OK	 
USER	Post Marketplace Fees	END	1710470111199
USER	Post Marketplace Fees	START	1710470111543
REQUEST		Post marketplace fees	1710470111054	1710470111973	OK	 
USER	Post Marketplace Fees	END	1710470111974
USER	Post Marketplace Fees	START	1710470112043
USER	Post Marketplace Fees	START	1710470112293
USER	Post Marketplace Fees	START	1710470112545
USER	Post Marketplace Fees	START	1710470112796
REQUEST		Post marketplace fees	1710470111545	1710470112932	OK	 
USER	Post Marketplace Fees	END	1710470112935
USER	Post Marketplace Fees	START	1710470113042
REQUEST		Post marketplace fees	1710470112045	1710470113230	OK	 
USER	Post Marketplace Fees	END	1710470113231
USER	Post Marketplace Fees	START	1710470113293
USER	Post Marketplace Fees	START	1710470113544
REQUEST		Post marketplace fees	1710470112294	1710470113742	OK	 
USER	Post Marketplace Fees	END	1710470113744
USER	Post Marketplace Fees	START	1710470113794
REQUEST		Post marketplace fees	1710470112547	1710470113818	OK	 
USER	Post Marketplace Fees	END	1710470113819
USER	Post Marketplace Fees	START	1710470114043
REQUEST		Post marketplace fees	1710470112797	1710470114147	OK	 
USER	Post Marketplace Fees	END	1710470114149
REQUEST		Post marketplace fees	1710470113043	1710470114218	OK	 
USER	Post Marketplace Fees	END	1710470114220
USER	Post Marketplace Fees	START	1710470114244
REQUEST		Post marketplace fees	1710470113295	1710470114444	OK	 
USER	Post Marketplace Fees	START	1710470114445
USER	Post Marketplace Fees	END	1710470114446
USER	Post Marketplace Fees	START	1710470114646
USER	Post Marketplace Fees	START	1710470114847
REQUEST		Post marketplace fees	1710470114045	1710470114995	OK	 
USER	Post Marketplace Fees	END	1710470114996
USER	Post Marketplace Fees	START	1710470115042
USER	Post Marketplace Fees	START	1710470115185
REQUEST		Post marketplace fees	1710470113546	1710470115322	OK	 
USER	Post Marketplace Fees	END	1710470115323
USER	Post Marketplace Fees	START	1710470115328
REQUEST		Post marketplace fees	1710470113795	1710470115430	OK	 
USER	Post Marketplace Fees	END	1710470115432
USER	Post Marketplace Fees	START	1710470115472
USER	Post Marketplace Fees	START	1710470115616
REQUEST		Post marketplace fees	1710470114245	1710470115625	OK	 
USER	Post Marketplace Fees	END	1710470115627
USER	Post Marketplace Fees	START	1710470115759
REQUEST		Post marketplace fees	1710470114447	1710470115784	OK	 
USER	Post Marketplace Fees	END	1710470115786
USER	Post Marketplace Fees	START	1710470115902
USER	Post Marketplace Fees	START	1710470116043
USER	Post Marketplace Fees	START	1710470116185
USER	Post Marketplace Fees	START	1710470116328
REQUEST		Post marketplace fees	1710470115043	1710470116345	OK	 
USER	Post Marketplace Fees	END	1710470116346
REQUEST		Post marketplace fees	1710470115188	1710470116427	OK	 
USER	Post Marketplace Fees	END	1710470116429
USER	Post Marketplace Fees	START	1710470116472
USER	Post Marketplace Fees	START	1710470116615
REQUEST		Post marketplace fees	1710470115617	1710470116735	OK	 
USER	Post Marketplace Fees	END	1710470116736
USER	Post Marketplace Fees	START	1710470116758
USER	Post Marketplace Fees	START	1710470116901
REQUEST		Post marketplace fees	1710470114848	1710470117026	OK	 
USER	Post Marketplace Fees	END	1710470117027
USER	Post Marketplace Fees	START	1710470117043
REQUEST		Post marketplace fees	1710470115474	1710470117125	OK	 
USER	Post Marketplace Fees	END	1710470117126
USER	Post Marketplace Fees	START	1710470117168
REQUEST		Post marketplace fees	1710470114648	1710470117223	OK	 
USER	Post Marketplace Fees	END	1710470117225
USER	Post Marketplace Fees	START	1710470117293
USER	Post Marketplace Fees	START	1710470117418
USER	Post Marketplace Fees	START	1710470117544
REQUEST		Post marketplace fees	1710470115902	1710470117625	OK	 
USER	Post Marketplace Fees	END	1710470117627
USER	Post Marketplace Fees	START	1710470117669
REQUEST		Post marketplace fees	1710470115761	1710470117747	OK	 
USER	Post Marketplace Fees	END	1710470117748
USER	Post Marketplace Fees	START	1710470117794
USER	Post Marketplace Fees	START	1710470117919
REQUEST		Post marketplace fees	1710470116187	1710470118020	OK	 
USER	Post Marketplace Fees	END	1710470118021
USER	Post Marketplace Fees	START	1710470118043
REQUEST		Post marketplace fees	1710470115329	1710470118132	OK	 
USER	Post Marketplace Fees	END	1710470118133
USER	Post Marketplace Fees	START	1710470118154
USER	Post Marketplace Fees	START	1710470118265
USER	Post Marketplace Fees	START	1710470118376
USER	Post Marketplace Fees	START	1710470118487
REQUEST		Post marketplace fees	1710470116329	1710470118495	OK	 
USER	Post Marketplace Fees	END	1710470118496
REQUEST		Post marketplace fees	1710470116044	1710470118594	OK	 
USER	Post Marketplace Fees	END	1710470118595
USER	Post Marketplace Fees	START	1710470118598
USER	Post Marketplace Fees	START	1710470118709
USER	Post Marketplace Fees	START	1710470118820
REQUEST		Post marketplace fees	1710470116760	1710470118824	OK	 
USER	Post Marketplace Fees	END	1710470118826
REQUEST		Post marketplace fees	1710470116474	1710470118830	OK	 
USER	Post Marketplace Fees	END	1710470118831
USER	Post Marketplace Fees	START	1710470118931
USER	Post Marketplace Fees	START	1710470119042
USER	Post Marketplace Fees	START	1710470119142
USER	Post Marketplace Fees	START	1710470119243
USER	Post Marketplace Fees	START	1710470119343
USER	Post Marketplace Fees	START	1710470119443
USER	Post Marketplace Fees	START	1710470119543
REQUEST		Post marketplace fees	1710470117794	1710470119633	OK	 
USER	Post Marketplace Fees	END	1710470119635
USER	Post Marketplace Fees	START	1710470119643
REQUEST		Post marketplace fees	1710470118043	1710470119738	OK	 
USER	Post Marketplace Fees	END	1710470119740
USER	Post Marketplace Fees	START	1710470119743
USER	Post Marketplace Fees	START	1710470119844
REQUEST		Post marketplace fees	1710470117420	1710470119932	OK	 
USER	Post Marketplace Fees	END	1710470119934
USER	Post Marketplace Fees	START	1710470119944
USER	Post Marketplace Fees	START	1710470120043
USER	Post Marketplace Fees	START	1710470120133
REQUEST		Post marketplace fees	1710470117044	1710470120191	OK	 
USER	Post Marketplace Fees	END	1710470120192
USER	Post Marketplace Fees	START	1710470120224
REQUEST		Post marketplace fees	1710470116617	1710470120297	OK	 
USER	Post Marketplace Fees	END	1710470120298
USER	Post Marketplace Fees	START	1710470120315
USER	Post Marketplace Fees	START	1710470120406
REQUEST		Post marketplace fees	1710470116902	1710470120426	OK	 
USER	Post Marketplace Fees	END	1710470120428
USER	Post Marketplace Fees	START	1710470120497
USER	Post Marketplace Fees	START	1710470120588
USER	Post Marketplace Fees	START	1710470120680
USER	Post Marketplace Fees	START	1710470120770
USER	Post Marketplace Fees	START	1710470120862
USER	Post Marketplace Fees	START	1710470120953
USER	Post Marketplace Fees	START	1710470121042
REQUEST		Post marketplace fees	1710470118489	1710470121122	OK	 
USER	Post Marketplace Fees	END	1710470121124
USER	Post Marketplace Fees	START	1710470121126
USER	Post Marketplace Fees	START	1710470121209
REQUEST		Post marketplace fees	1710470117670	1710470121240	OK	 
USER	Post Marketplace Fees	END	1710470121241
USER	Post Marketplace Fees	START	1710470121293
USER	Post Marketplace Fees	START	1710470121376
REQUEST		Post marketplace fees	1710470118266	1710470121419	OK	 
USER	Post Marketplace Fees	END	1710470121421
USER	Post Marketplace Fees	START	1710470121459
REQUEST		Post marketplace fees	1710470117170	1710470121539	OK	 
USER	Post Marketplace Fees	END	1710470121540
USER	Post Marketplace Fees	START	1710470121543
USER	Post Marketplace Fees	START	1710470121626
REQUEST		Post marketplace fees	1710470117294	1710470121702	OK	 
USER	Post Marketplace Fees	END	1710470121703
USER	Post Marketplace Fees	START	1710470121709
USER	Post Marketplace Fees	START	1710470121793
USER	Post Marketplace Fees	START	1710470121876
USER	Post Marketplace Fees	START	1710470121959
USER	Post Marketplace Fees	START	1710470122043
REQUEST		Post marketplace fees	1710470118711	1710470122069	OK	 
USER	Post Marketplace Fees	END	1710470122070
USER	Post Marketplace Fees	START	1710470122119
USER	Post Marketplace Fees	START	1710470122196
USER	Post Marketplace Fees	START	1710470122273
REQUEST		Post marketplace fees	1710470118154	1710470122320	OK	 
USER	Post Marketplace Fees	END	1710470122322
USER	Post Marketplace Fees	START	1710470122350
USER	Post Marketplace Fees	START	1710470122428
USER	Post Marketplace Fees	START	1710470122504
REQUEST		Post marketplace fees	1710470117920	1710470122537	OK	 
USER	Post Marketplace Fees	END	1710470122537
USER	Post Marketplace Fees	START	1710470122581
USER	Post Marketplace Fees	START	1710470122659
REQUEST		Post marketplace fees	1710470117545	1710470122695	OK	 
USER	Post Marketplace Fees	END	1710470122697
USER	Post Marketplace Fees	START	1710470122736
USER	Post Marketplace Fees	START	1710470122813
USER	Post Marketplace Fees	START	1710470122890
USER	Post Marketplace Fees	START	1710470122967
USER	Post Marketplace Fees	START	1710470123042
USER	Post Marketplace Fees	START	1710470123113
USER	Post Marketplace Fees	START	1710470123184
USER	Post Marketplace Fees	START	1710470123256
USER	Post Marketplace Fees	START	1710470123327
REQUEST		Post marketplace fees	1710470118378	1710470123337	OK	 
USER	Post Marketplace Fees	END	1710470123338
USER	Post Marketplace Fees	START	1710470123400
USER	Post Marketplace Fees	START	1710470123471
USER	Post Marketplace Fees	START	1710470123543
USER	Post Marketplace Fees	START	1710470123614
USER	Post Marketplace Fees	START	1710470123685
USER	Post Marketplace Fees	START	1710470123757
USER	Post Marketplace Fees	START	1710470123828
REQUEST		Post marketplace fees	1710470118932	1710470123898	OK	 
USER	Post Marketplace Fees	END	1710470123899
USER	Post Marketplace Fees	START	1710470123900
USER	Post Marketplace Fees	START	1710470123971
USER	Post Marketplace Fees	START	1710470124042
REQUEST		Post marketplace fees	1710470119143	1710470124105	OK	 
USER	Post Marketplace Fees	END	1710470124106
USER	Post Marketplace Fees	START	1710470124114
USER	Post Marketplace Fees	START	1710470124185
REQUEST		Post marketplace fees	1710470120043	1710470124219	OK	 
USER	Post Marketplace Fees	END	1710470124220
USER	Post Marketplace Fees	START	1710470124257
REQUEST		Post marketplace fees	1710470118822	1710470124262	OK	 
USER	Post Marketplace Fees	END	1710470124262
USER	Post Marketplace Fees	START	1710470124328
USER	Post Marketplace Fees	START	1710470124400
USER	Post Marketplace Fees	START	1710470124471
REQUEST		Post marketplace fees	1710470118599	1710470124531	OK	 
USER	Post Marketplace Fees	END	1710470124533
USER	Post Marketplace Fees	START	1710470124543
REQUEST		Post marketplace fees	1710470119244	1710470124591	OK	 
USER	Post Marketplace Fees	END	1710470124592
USER	Post Marketplace Fees	START	1710470124614
USER	Post Marketplace Fees	START	1710470124685
REQUEST		Post marketplace fees	1710470119344	1710470124733	OK	 
REQUEST		Post marketplace fees	1710470120589	1710470124734	OK	 
USER	Post Marketplace Fees	END	1710470124734
USER	Post Marketplace Fees	END	1710470124735
USER	Post Marketplace Fees	START	1710470124757
USER	Post Marketplace Fees	START	1710470124828
REQUEST		Post marketplace fees	1710470119945	1710470124889	OK	 
USER	Post Marketplace Fees	END	1710470124890
USER	Post Marketplace Fees	START	1710470124900
USER	Post Marketplace Fees	START	1710470124972
USER	Post Marketplace Fees	START	1710470125042
USER	Post Marketplace Fees	START	1710470125104
USER	Post Marketplace Fees	START	1710470125167
USER	Post Marketplace Fees	START	1710470125229
REQUEST		Post marketplace fees	1710470119043	1710470125290	OK	 
USER	Post Marketplace Fees	END	1710470125291
USER	Post Marketplace Fees	START	1710470125292
USER	Post Marketplace Fees	START	1710470125354
USER	Post Marketplace Fees	START	1710470125417
USER	Post Marketplace Fees	START	1710470125479
USER	Post Marketplace Fees	START	1710470125543
USER	Post Marketplace Fees	START	1710470125605
USER	Post Marketplace Fees	START	1710470125668
USER	Post Marketplace Fees	START	1710470125730
USER	Post Marketplace Fees	START	1710470125793
USER	Post Marketplace Fees	START	1710470125854
USER	Post Marketplace Fees	START	1710470125917
REQUEST		Post marketplace fees	1710470119745	1710470125936	OK	 
USER	Post Marketplace Fees	END	1710470125938
USER	Post Marketplace Fees	START	1710470125979
USER	Post Marketplace Fees	START	1710470126042
USER	Post Marketplace Fees	START	1710470126100
USER	Post Marketplace Fees	START	1710470126159
USER	Post Marketplace Fees	START	1710470126218
USER	Post Marketplace Fees	START	1710470126277
REQUEST		Post marketplace fees	1710470119644	1710470126296	OK	 
USER	Post Marketplace Fees	END	1710470126297
USER	Post Marketplace Fees	START	1710470126336
USER	Post Marketplace Fees	START	1710470126394
USER	Post Marketplace Fees	START	1710470126453
USER	Post Marketplace Fees	START	1710470126512
REQUEST		Post marketplace fees	1710470119444	1710470126533	OK	 
USER	Post Marketplace Fees	END	1710470126534
USER	Post Marketplace Fees	START	1710470126571
USER	Post Marketplace Fees	START	1710470126630
USER	Post Marketplace Fees	START	1710470126689
USER	Post Marketplace Fees	START	1710470126747
USER	Post Marketplace Fees	START	1710470126807
REQUEST		Post marketplace fees	1710470121210	1710470126829	OK	 
USER	Post Marketplace Fees	END	1710470126831
USER	Post Marketplace Fees	START	1710470126866
USER	Post Marketplace Fees	START	1710470126925
USER	Post Marketplace Fees	START	1710470126984
USER	Post Marketplace Fees	START	1710470127043
REQUEST		Post marketplace fees	1710470120134	1710470127062	OK	 
USER	Post Marketplace Fees	END	1710470127063
USER	Post Marketplace Fees	START	1710470127101
USER	Post Marketplace Fees	START	1710470127160
USER	Post Marketplace Fees	START	1710470127219
REQUEST		Post marketplace fees	1710470119845	1710470127242	OK	 
USER	Post Marketplace Fees	END	1710470127244
USER	Post Marketplace Fees	START	1710470127278
USER	Post Marketplace Fees	START	1710470127337
USER	Post Marketplace Fees	START	1710470127395
REQUEST		Post marketplace fees	1710470119544	1710470127414	OK	 
USER	Post Marketplace Fees	END	1710470127415
USER	Post Marketplace Fees	START	1710470127454
USER	Post Marketplace Fees	START	1710470127513
REQUEST		Post marketplace fees	1710470120407	1710470127520	OK	 
USER	Post Marketplace Fees	END	1710470127520
USER	Post Marketplace Fees	START	1710470127572
REQUEST		Post marketplace fees	1710470120316	1710470127619	OK	 
USER	Post Marketplace Fees	END	1710470127620
USER	Post Marketplace Fees	START	1710470127631
USER	Post Marketplace Fees	START	1710470127691
USER	Post Marketplace Fees	START	1710470127748
USER	Post Marketplace Fees	START	1710470127808
REQUEST		Post marketplace fees	1710470121043	1710470127866	OK	 
USER	Post Marketplace Fees	START	1710470127867
USER	Post Marketplace Fees	END	1710470127868
USER	Post Marketplace Fees	START	1710470127926
USER	Post Marketplace Fees	START	1710470127985
USER	Post Marketplace Fees	START	1710470128043
USER	Post Marketplace Fees	START	1710470128095
USER	Post Marketplace Fees	START	1710470128148
USER	Post Marketplace Fees	START	1710470128200
USER	Post Marketplace Fees	START	1710470128253
USER	Post Marketplace Fees	START	1710470128306
USER	Post Marketplace Fees	START	1710470128358
USER	Post Marketplace Fees	START	1710470128411
USER	Post Marketplace Fees	START	1710470128464
USER	Post Marketplace Fees	START	1710470128516
USER	Post Marketplace Fees	START	1710470128569
REQUEST		Post marketplace fees	1710470121461	1710470128581	OK	 
USER	Post Marketplace Fees	END	1710470128582
USER	Post Marketplace Fees	START	1710470128622
USER	Post Marketplace Fees	START	1710470128674
USER	Post Marketplace Fees	START	1710470128727
USER	Post Marketplace Fees	START	1710470128779
USER	Post Marketplace Fees	START	1710470128833
USER	Post Marketplace Fees	START	1710470128885
USER	Post Marketplace Fees	START	1710470128937
REQUEST		Post marketplace fees	1710470122429	1710470128952	OK	 
USER	Post Marketplace Fees	END	1710470128953
USER	Post Marketplace Fees	START	1710470128990
REQUEST		Post marketplace fees	1710470120771	1710470129015	OK	 
USER	Post Marketplace Fees	END	1710470129016
USER	Post Marketplace Fees	START	1710470129042
USER	Post Marketplace Fees	START	1710470129092
USER	Post Marketplace Fees	START	1710470129142
USER	Post Marketplace Fees	START	1710470129192
USER	Post Marketplace Fees	START	1710470129242
USER	Post Marketplace Fees	START	1710470129292
USER	Post Marketplace Fees	START	1710470129342
USER	Post Marketplace Fees	START	1710470129393
USER	Post Marketplace Fees	START	1710470129443
REQUEST		Post marketplace fees	1710470120953	1710470129479	OK	 
USER	Post Marketplace Fees	END	1710470129480
USER	Post Marketplace Fees	START	1710470129493
USER	Post Marketplace Fees	START	1710470129542
USER	Post Marketplace Fees	START	1710470129592
USER	Post Marketplace Fees	START	1710470129643
USER	Post Marketplace Fees	START	1710470129693
REQUEST		Post marketplace fees	1710470120864	1710470129720	OK	 
USER	Post Marketplace Fees	END	1710470129720
USER	Post Marketplace Fees	START	1710470129743
USER	Post Marketplace Fees	START	1710470129793
USER	Post Marketplace Fees	START	1710470129842
USER	Post Marketplace Fees	START	1710470129892
REQUEST		Post marketplace fees	1710470121544	1710470129928	OK	 
USER	Post Marketplace Fees	END	1710470129928
USER	Post Marketplace Fees	START	1710470129943
USER	Post Marketplace Fees	START	1710470129994
REQUEST		Post marketplace fees	1710470121627	1710470130326	OK	 
USER	Post Marketplace Fees	END	1710470130327
REQUEST		Post marketplace fees	1710470121960	1710470130820	OK	 
USER	Post Marketplace Fees	END	1710470130821
REQUEST		Post marketplace fees	1710470122274	1710470131099	OK	 
USER	Post Marketplace Fees	END	1710470131100
REQUEST		Post marketplace fees	1710470121293	1710470131114	OK	 
USER	Post Marketplace Fees	END	1710470131115
REQUEST		Post marketplace fees	1710470122582	1710470131420	OK	 
USER	Post Marketplace Fees	END	1710470131421
REQUEST		Post marketplace fees	1710470120225	1710470131462	OK	 
USER	Post Marketplace Fees	END	1710470131462
REQUEST		Post marketplace fees	1710470120681	1710470131597	OK	 
USER	Post Marketplace Fees	END	1710470131598
REQUEST		Post marketplace fees	1710470122737	1710470131737	OK	 
USER	Post Marketplace Fees	END	1710470131738
REQUEST		Post marketplace fees	1710470122197	1710470131905	OK	 
USER	Post Marketplace Fees	END	1710470131907
REQUEST		Post marketplace fees	1710470123328	1710470131921	OK	 
USER	Post Marketplace Fees	END	1710470131923
REQUEST		Post marketplace fees	1710470121127	1710470132306	OK	 
USER	Post Marketplace Fees	END	1710470132307
REQUEST		Post marketplace fees	1710470122351	1710470132939	OK	 
USER	Post Marketplace Fees	END	1710470132939
REQUEST		Post marketplace fees	1710470123758	1710470133070	OK	 
USER	Post Marketplace Fees	END	1710470133071
REQUEST		Post marketplace fees	1710470122044	1710470133437	OK	 
USER	Post Marketplace Fees	END	1710470133437
REQUEST		Post marketplace fees	1710470123114	1710470133615	OK	 
USER	Post Marketplace Fees	END	1710470133615
REQUEST		Post marketplace fees	1710470123043	1710470133720	OK	 
USER	Post Marketplace Fees	END	1710470133721
REQUEST		Post marketplace fees	1710470120499	1710470134496	OK	 
USER	Post Marketplace Fees	END	1710470134497
REQUEST		Post marketplace fees	1710470124973	1710470134721	OK	 
USER	Post Marketplace Fees	END	1710470134722
REQUEST		Post marketplace fees	1710470126042	1710470134946	OK	 
USER	Post Marketplace Fees	END	1710470134947
REQUEST		Post marketplace fees	1710470121794	1710470134988	OK	 
USER	Post Marketplace Fees	END	1710470134989
REQUEST		Post marketplace fees	1710470126100	1710470135588	OK	 
USER	Post Marketplace Fees	END	1710470135588
REQUEST		Post marketplace fees	1710470123257	1710470135593	OK	 
USER	Post Marketplace Fees	END	1710470135593
REQUEST		Post marketplace fees	1710470122505	1710470135631	OK	 
USER	Post Marketplace Fees	END	1710470135631
REQUEST		Post marketplace fees	1710470125168	1710470135722	OK	 
USER	Post Marketplace Fees	END	1710470135723
REQUEST		Post marketplace fees	1710470121711	1710470136038	OK	 
USER	Post Marketplace Fees	END	1710470136039
REQUEST		Post marketplace fees	1710470121377	1710470136325	OK	 
USER	Post Marketplace Fees	END	1710470136326
REQUEST		Post marketplace fees	1710470124043	1710470136514	OK	 
USER	Post Marketplace Fees	END	1710470136515
REQUEST		Post marketplace fees	1710470122120	1710470136622	OK	 
USER	Post Marketplace Fees	END	1710470136622
REQUEST		Post marketplace fees	1710470124257	1710470137012	OK	 
USER	Post Marketplace Fees	END	1710470137013
REQUEST		Post marketplace fees	1710470122890	1710470137031	OK	 
USER	Post Marketplace Fees	END	1710470137031
REQUEST		Post marketplace fees	1710470122968	1710470137915	OK	 
USER	Post Marketplace Fees	END	1710470137915
REQUEST		Post marketplace fees	1710470127808	1710470138091	OK	 
USER	Post Marketplace Fees	END	1710470138091
REQUEST		Post marketplace fees	1710470129243	1710470138233	OK	 
USER	Post Marketplace Fees	END	1710470138234
REQUEST		Post marketplace fees	1710470124472	1710470140228	OK	 
USER	Post Marketplace Fees	END	1710470140229
REQUEST		Post marketplace fees	1710470121878	1710470140818	OK	 
USER	Post Marketplace Fees	END	1710470140818
REQUEST		Post marketplace fees	1710470129394	1710470140902	KO	status.find.is(201), but actually found 500
USER	Post Marketplace Fees	END	1710470140923
REQUEST		Post marketplace fees	1710470123686	1710470142531	OK	 
USER	Post Marketplace Fees	END	1710470142531
REQUEST		Post marketplace fees	1710470128517	1710470143928	OK	 
USER	Post Marketplace Fees	END	1710470143929
REQUEST		Post marketplace fees	1710470122813	1710470146612	OK	 
USER	Post Marketplace Fees	END	1710470146613
REQUEST		Post marketplace fees	1710470124758	1710470147191	OK	 
USER	Post Marketplace Fees	END	1710470147192
REQUEST		Post marketplace fees	1710470122660	1710470148211	OK	 
USER	Post Marketplace Fees	END	1710470148212
REQUEST		Post marketplace fees	1710470125731	1710470148310	OK	 
USER	Post Marketplace Fees	END	1710470148312
REQUEST		Post marketplace fees	1710470126808	1710470149118	OK	 
USER	Post Marketplace Fees	END	1710470149118
REQUEST		Post marketplace fees	1710470126514	1710470149826	OK	 
USER	Post Marketplace Fees	END	1710470149828
REQUEST		Post marketplace fees	1710470129343	1710470150136	OK	 
USER	Post Marketplace Fees	END	1710470150137
REQUEST		Post marketplace fees	1710470126748	1710470150815	OK	 
USER	Post Marketplace Fees	END	1710470150815
REQUEST		Post marketplace fees	1710470125105	1710470151029	OK	 
USER	Post Marketplace Fees	END	1710470151031
REQUEST		Post marketplace fees	1710470127220	1710470151097	OK	 
USER	Post Marketplace Fees	END	1710470151098
REQUEST		Post marketplace fees	1710470127101	1710470151190	OK	 
USER	Post Marketplace Fees	END	1710470151190
REQUEST		Post marketplace fees	1710470129994	1710470151194	OK	 
USER	Post Marketplace Fees	END	1710470151194
REQUEST		Post marketplace fees	1710470126691	1710470151791	OK	 
USER	Post Marketplace Fees	END	1710470151791
REQUEST		Post marketplace fees	1710470124902	1710470151826	OK	 
USER	Post Marketplace Fees	END	1710470151827
REQUEST		Post marketplace fees	1710470129143	1710470151923	OK	 
USER	Post Marketplace Fees	END	1710470151925
REQUEST		Post marketplace fees	1710470125856	1710470152289	OK	 
USER	Post Marketplace Fees	END	1710470152289
REQUEST		Post marketplace fees	1710470126926	1710470152317	OK	 
USER	Post Marketplace Fees	END	1710470152318
REQUEST		Post marketplace fees	1710470123472	1710470152417	OK	 
USER	Post Marketplace Fees	END	1710470152418
REQUEST		Post marketplace fees	1710470124686	1710470152419	OK	 
USER	Post Marketplace Fees	END	1710470152419
REQUEST		Post marketplace fees	1710470128675	1710470153025	OK	 
USER	Post Marketplace Fees	END	1710470153026
REQUEST		Post marketplace fees	1710470123185	1710470153226	KO	status.find.is(201), but actually found 504
USER	Post Marketplace Fees	END	1710470153228
REQUEST		Post marketplace fees	1710470123544	1710470153377	OK	 
USER	Post Marketplace Fees	END	1710470153378
REQUEST		Post marketplace fees	1710470123401	1710470153447	KO	status.find.is(201), but actually found 504
USER	Post Marketplace Fees	END	1710470153449
REQUEST		Post marketplace fees	1710470123615	1710470153658	KO	status.find.is(201), but actually found 504
USER	Post Marketplace Fees	END	1710470153662
REQUEST		Post marketplace fees	1710470126866	1710470153690	OK	 
USER	Post Marketplace Fees	END	1710470153691
REQUEST		Post marketplace fees	1710470127927	1710470153707	OK	 
USER	Post Marketplace Fees	END	1710470153707
REQUEST		Post marketplace fees	1710470128834	1710470153791	OK	 
USER	Post Marketplace Fees	END	1710470153792
REQUEST		Post marketplace fees	1710470128254	1710470153817	OK	 
USER	Post Marketplace Fees	END	1710470153818
REQUEST		Post marketplace fees	1710470124115	1710470153820	OK	 
USER	Post Marketplace Fees	END	1710470153820
REQUEST		Post marketplace fees	1710470123828	1710470153872	KO	status.find.is(201), but actually found 504
USER	Post Marketplace Fees	END	1710470153875
REQUEST		Post marketplace fees	1710470126454	1710470153994	OK	 
USER	Post Marketplace Fees	END	1710470153995
REQUEST		Post marketplace fees	1710470123901	1710470153945	KO	status.find.is(201), but actually found 504
USER	Post Marketplace Fees	END	1710470154065
REQUEST		Post marketplace fees	1710470127986	1710470154119	OK	 
USER	Post Marketplace Fees	END	1710470154120
REQUEST		Post marketplace fees	1710470123971	1710470154014	KO	status.find.is(201), but actually found 504
USER	Post Marketplace Fees	END	1710470154249
REQUEST		Post marketplace fees	1710470126395	1710470154320	OK	 
USER	Post Marketplace Fees	END	1710470154320
REQUEST		Post marketplace fees	1710470124186	1710470154229	KO	status.find.is(201), but actually found 504
USER	Post Marketplace Fees	END	1710470154342
REQUEST		Post marketplace fees	1710470128200	1710470154402	OK	 
USER	Post Marketplace Fees	END	1710470154402
REQUEST		Post marketplace fees	1710470124329	1710470154376	KO	status.find.is(201), but actually found 504
USER	Post Marketplace Fees	END	1710470154431
REQUEST		Post marketplace fees	1710470128780	1710470154489	OK	 
USER	Post Marketplace Fees	END	1710470154489
REQUEST		Post marketplace fees	1710470125355	1710470154496	OK	 
USER	Post Marketplace Fees	END	1710470154497
REQUEST		Post marketplace fees	1710470125919	1710470154499	OK	 
USER	Post Marketplace Fees	END	1710470154500
REQUEST		Post marketplace fees	1710470124401	1710470154444	KO	status.find.is(201), but actually found 504
USER	Post Marketplace Fees	END	1710470154524
REQUEST		Post marketplace fees	1710470124544	1710470154588	KO	status.find.is(201), but actually found 504
USER	Post Marketplace Fees	END	1710470154590
REQUEST		Post marketplace fees	1710470125794	1710470154592	OK	 
USER	Post Marketplace Fees	END	1710470154592
REQUEST		Post marketplace fees	1710470124615	1710470154658	KO	status.find.is(201), but actually found 504
USER	Post Marketplace Fees	END	1710470154660
REQUEST		Post marketplace fees	1710470126219	1710470154729	OK	 
USER	Post Marketplace Fees	END	1710470154729
REQUEST		Post marketplace fees	1710470125481	1710470154763	OK	 
USER	Post Marketplace Fees	END	1710470154764
REQUEST		Post marketplace fees	1710470125042	1710470154765	OK	 
USER	Post Marketplace Fees	END	1710470154765
REQUEST		Post marketplace fees	1710470125669	1710470154828	OK	 
USER	Post Marketplace Fees	END	1710470154828
REQUEST		Post marketplace fees	1710470124829	1710470154873	KO	status.find.is(201), but actually found 504
USER	Post Marketplace Fees	END	1710470154874
REQUEST		Post marketplace fees	1710470125605	1710470155000	OK	 
USER	Post Marketplace Fees	END	1710470155001
REQUEST		Post marketplace fees	1710470129493	1710470155187	OK	 
USER	Post Marketplace Fees	END	1710470155187
REQUEST		Post marketplace fees	1710470125230	1710470155271	KO	status.find.is(201), but actually found 504
USER	Post Marketplace Fees	END	1710470155274
REQUEST		Post marketplace fees	1710470125293	1710470155333	KO	status.find.is(201), but actually found 504
USER	Post Marketplace Fees	END	1710470155389
REQUEST		Post marketplace fees	1710470129193	1710470155399	OK	 
USER	Post Marketplace Fees	END	1710470155399
REQUEST		Post marketplace fees	1710470128623	1710470155400	OK	 
USER	Post Marketplace Fees	END	1710470155400
REQUEST		Post marketplace fees	1710470128728	1710470155428	OK	 
USER	Post Marketplace Fees	END	1710470155429
REQUEST		Post marketplace fees	1710470126572	1710470155429	OK	 
USER	Post Marketplace Fees	END	1710470155430
REQUEST		Post marketplace fees	1710470127513	1710470155431	OK	 
USER	Post Marketplace Fees	END	1710470155431
REQUEST		Post marketplace fees	1710470125419	1710470155461	KO	status.find.is(201), but actually found 504
USER	Post Marketplace Fees	END	1710470155469
REQUEST		Post marketplace fees	1710470127749	1710470155523	OK	 
USER	Post Marketplace Fees	END	1710470155523
REQUEST		Post marketplace fees	1710470125544	1710470155586	KO	status.find.is(201), but actually found 504
USER	Post Marketplace Fees	END	1710470155588
REQUEST		Post marketplace fees	1710470125981	1710470156024	KO	status.find.is(201), but actually found 504
USER	Post Marketplace Fees	END	1710470156027
REQUEST		Post marketplace fees	1710470126160	1710470156216	KO	status.find.is(201), but actually found 504
USER	Post Marketplace Fees	END	1710470156218
REQUEST		Post marketplace fees	1710470126279	1710470156320	KO	status.find.is(201), but actually found 504
USER	Post Marketplace Fees	END	1710470156321
REQUEST		Post marketplace fees	1710470126337	1710470156379	KO	status.find.is(201), but actually found 504
USER	Post Marketplace Fees	END	1710470156380
REQUEST		Post marketplace fees	1710470127572	1710470156429	OK	 
USER	Post Marketplace Fees	END	1710470156430
REQUEST		Post marketplace fees	1710470129943	1710470156599	OK	 
USER	Post Marketplace Fees	END	1710470156600
REQUEST		Post marketplace fees	1710470128306	1710470156625	OK	 
USER	Post Marketplace Fees	END	1710470156626
REQUEST		Post marketplace fees	1710470126630	1710470156674	KO	status.find.is(201), but actually found 504
USER	Post Marketplace Fees	END	1710470156676
REQUEST		Post marketplace fees	1710470128095	1710470156997	OK	 
USER	Post Marketplace Fees	END	1710470156999
REQUEST		Post marketplace fees	1710470129893	1710470157019	OK	 
USER	Post Marketplace Fees	END	1710470157020
REQUEST		Post marketplace fees	1710470127868	1710470157023	OK	 
USER	Post Marketplace Fees	END	1710470157024
REQUEST		Post marketplace fees	1710470126984	1710470157029	KO	status.find.is(201), but actually found 504
USER	Post Marketplace Fees	END	1710470157033
REQUEST		Post marketplace fees	1710470127043	1710470157085	KO	status.find.is(201), but actually found 504
USER	Post Marketplace Fees	END	1710470157105
REQUEST		Post marketplace fees	1710470127161	1710470157204	KO	status.find.is(201), but actually found 504
USER	Post Marketplace Fees	END	1710470157225
REQUEST		Post marketplace fees	1710470127454	1710470157295	OK	 
USER	Post Marketplace Fees	END	1710470157296
REQUEST		Post marketplace fees	1710470127278	1710470157320	KO	status.find.is(201), but actually found 504
USER	Post Marketplace Fees	END	1710470157321
REQUEST		Post marketplace fees	1710470127338	1710470157379	KO	status.find.is(201), but actually found 504
USER	Post Marketplace Fees	END	1710470157384
REQUEST		Post marketplace fees	1710470127396	1710470157436	KO	status.find.is(201), but actually found 504
USER	Post Marketplace Fees	END	1710470157471
REQUEST		Post marketplace fees	1710470129744	1710470157490	KO	status.find.is(201), but actually found 500
USER	Post Marketplace Fees	END	1710470157539
REQUEST		Post marketplace fees	1710470129543	1710470157490	KO	status.find.is(201), but actually found 500
USER	Post Marketplace Fees	END	1710470157644
REQUEST		Post marketplace fees	1710470128043	1710470157490	KO	status.find.is(201), but actually found 500
USER	Post Marketplace Fees	END	1710470157706
REQUEST		Post marketplace fees	1710470128412	1710470157490	KO	status.find.is(201), but actually found 500
USER	Post Marketplace Fees	END	1710470157765
REQUEST		Post marketplace fees	1710470129092	1710470157827	OK	 
USER	Post Marketplace Fees	END	1710470157828
REQUEST		Post marketplace fees	1710470128358	1710470157490	KO	status.find.is(201), but actually found 500
USER	Post Marketplace Fees	END	1710470157844
REQUEST		Post marketplace fees	1710470129843	1710470157490	KO	status.find.is(201), but actually found 500
USER	Post Marketplace Fees	END	1710470157925
REQUEST		Post marketplace fees	1710470127691	1710470157733	KO	status.find.is(201), but actually found 504
USER	Post Marketplace Fees	END	1710470157973
REQUEST		Post marketplace fees	1710470127631	1710470157671	KO	status.find.is(201), but actually found 504
USER	Post Marketplace Fees	END	1710470158061
REQUEST		Post marketplace fees	1710470128570	1710470158126	OK	 
USER	Post Marketplace Fees	END	1710470158126
REQUEST		Post marketplace fees	1710470129593	1710470157844	KO	status.find.is(201), but actually found 500
USER	Post Marketplace Fees	END	1710470158145
REQUEST		Post marketplace fees	1710470129294	1710470157706	KO	status.find.is(201), but actually found 500
USER	Post Marketplace Fees	END	1710470158207
REQUEST		Post marketplace fees	1710470128148	1710470158189	KO	status.find.is(201), but actually found 504
USER	Post Marketplace Fees	END	1710470158245
REQUEST		Post marketplace fees	1710470128465	1710470158508	KO	status.find.is(201), but actually found 504
USER	Post Marketplace Fees	END	1710470158511
REQUEST		Post marketplace fees	1710470128991	1710470158804	KO	status.find.is(201), but actually found 500
USER	Post Marketplace Fees	END	1710470158807
REQUEST		Post marketplace fees	1710470129444	1710470158804	KO	status.find.is(201), but actually found 500
USER	Post Marketplace Fees	END	1710470158897
REQUEST		Post marketplace fees	1710470129643	1710470158804	KO	status.find.is(201), but actually found 500
USER	Post Marketplace Fees	END	1710470158956
REQUEST		Post marketplace fees	1710470128887	1710470158804	KO	status.find.is(201), but actually found 500
USER	Post Marketplace Fees	END	1710470159037
REQUEST		Post marketplace fees	1710470129042	1710470158804	KO	status.find.is(201), but actually found 500
USER	Post Marketplace Fees	END	1710470159085
REQUEST		Post marketplace fees	1710470129793	1710470158804	KO	status.find.is(201), but actually found 500
USER	Post Marketplace Fees	END	1710470159179
REQUEST		Post marketplace fees	1710470128939	1710470158980	KO	status.find.is(201), but actually found 504
USER	Post Marketplace Fees	END	1710470159216
REQUEST		Post marketplace fees	1710470129693	1710470159617	OK	 
USER	Post Marketplace Fees	END	1710470159618
