RUN	transactions.MarketplaceFeesPostSimulation	marketplacefeespostsimulation	1710470317417	 	3.10.4
USER	Login	START	1710470317886
REQUEST		Login	1710470317884	1710470318509	OK	 
USER	Login	END	1710470323593
USER	Post Marketplace Fees	START	1710470323875
USER	Post Marketplace Fees	START	1710470324870
REQUEST		Post marketplace fees	1710470323881	1710470325131	OK	 
USER	Post Marketplace Fees	END	1710470325135
USER	Post Marketplace Fees	START	1710470325366
USER	Post Marketplace Fees	START	1710470325867
REQUEST		Post marketplace fees	1710470324872	1710470325920	OK	 
USER	Post Marketplace Fees	END	1710470325922
USER	Post Marketplace Fees	START	1710470326116
REQUEST		Post marketplace fees	1710470325367	1710470326320	OK	 
USER	Post Marketplace Fees	END	1710470326322
USER	Post Marketplace Fees	START	1710470326367
USER	Post Marketplace Fees	START	1710470326618
REQUEST		Post marketplace fees	1710470325868	1710470326863	OK	 
USER	Post Marketplace Fees	START	1710470326866
USER	Post Marketplace Fees	END	1710470326867
USER	Post Marketplace Fees	START	1710470327116
USER	Post Marketplace Fees	START	1710470327367
REQUEST		Post marketplace fees	1710470326118	1710470327552	OK	 
USER	Post Marketplace Fees	END	1710470327553
USER	Post Marketplace Fees	START	1710470327618
USER	Post Marketplace Fees	START	1710470327867
USER	Post Marketplace Fees	START	1710470328066
REQUEST		Post marketplace fees	1710470326867	1710470328227	OK	 
USER	Post Marketplace Fees	END	1710470328228
USER	Post Marketplace Fees	START	1710470328267
REQUEST		Post marketplace fees	1710470326620	1710470328433	OK	 
USER	Post Marketplace Fees	END	1710470328436
USER	Post Marketplace Fees	START	1710470328468
REQUEST		Post marketplace fees	1710470327367	1710470328596	OK	 
USER	Post Marketplace Fees	END	1710470328598
REQUEST		Post marketplace fees	1710470326369	1710470328617	OK	 
USER	Post Marketplace Fees	END	1710470328619
USER	Post Marketplace Fees	START	1710470328670
REQUEST		Post marketplace fees	1710470327619	1710470328824	OK	 
USER	Post Marketplace Fees	END	1710470328825
USER	Post Marketplace Fees	START	1710470328869
REQUEST		Post marketplace fees	1710470327117	1710470328994	OK	 
USER	Post Marketplace Fees	END	1710470328995
USER	Post Marketplace Fees	START	1710470329031
USER	Post Marketplace Fees	START	1710470329199
REQUEST		Post marketplace fees	1710470327869	1710470329316	OK	 
USER	Post Marketplace Fees	END	1710470329317
USER	Post Marketplace Fees	START	1710470329366
USER	Post Marketplace Fees	START	1710470329533
REQUEST		Post marketplace fees	1710470328268	1710470329536	OK	 
USER	Post Marketplace Fees	END	1710470329537
REQUEST		Post marketplace fees	1710470328067	1710470329691	OK	 
USER	Post Marketplace Fees	END	1710470329691
USER	Post Marketplace Fees	START	1710470329700
USER	Post Marketplace Fees	START	1710470329865
REQUEST		Post marketplace fees	1710470328671	1710470329947	OK	 
USER	Post Marketplace Fees	END	1710470329948
USER	Post Marketplace Fees	START	1710470330007
REQUEST		Post marketplace fees	1710470328470	1710470330017	OK	 
USER	Post Marketplace Fees	END	1710470330018
USER	Post Marketplace Fees	START	1710470330151
USER	Post Marketplace Fees	START	1710470330293
USER	Post Marketplace Fees	START	1710470330436
USER	Post Marketplace Fees	START	1710470330580
USER	Post Marketplace Fees	START	1710470330723
REQUEST		Post marketplace fees	1710470329866	1710470330859	OK	 
USER	Post Marketplace Fees	END	1710470330860
USER	Post Marketplace Fees	START	1710470330865
USER	Post Marketplace Fees	START	1710470331008
USER	Post Marketplace Fees	START	1710470331151
USER	Post Marketplace Fees	START	1710470331294
USER	Post Marketplace Fees	START	1710470331437
REQUEST		Post marketplace fees	1710470329032	1710470331468	OK	 
USER	Post Marketplace Fees	END	1710470331468
REQUEST		Post marketplace fees	1710470328871	1710470331518	OK	 
USER	Post Marketplace Fees	END	1710470331519
USER	Post Marketplace Fees	START	1710470331581
REQUEST		Post marketplace fees	1710470329367	1710470331622	OK	 
USER	Post Marketplace Fees	END	1710470331623
REQUEST		Post marketplace fees	1710470329533	1710470331723	OK	 
USER	Post Marketplace Fees	END	1710470331724
USER	Post Marketplace Fees	START	1710470331724
USER	Post Marketplace Fees	START	1710470331866
REQUEST		Post marketplace fees	1710470329701	1710470331892	OK	 
USER	Post Marketplace Fees	END	1710470331893
USER	Post Marketplace Fees	START	1710470331977
REQUEST		Post marketplace fees	1710470329200	1710470332033	OK	 
USER	Post Marketplace Fees	END	1710470332034
USER	Post Marketplace Fees	START	1710470332088
REQUEST		Post marketplace fees	1710470330008	1710470332125	OK	 
USER	Post Marketplace Fees	END	1710470332126
REQUEST		Post marketplace fees	1710470330725	1710470332140	OK	 
USER	Post Marketplace Fees	END	1710470332140
REQUEST		Post marketplace fees	1710470330581	1710470332195	OK	 
USER	Post Marketplace Fees	END	1710470332197
USER	Post Marketplace Fees	START	1710470332199
REQUEST		Post marketplace fees	1710470331295	1710470332230	OK	 
USER	Post Marketplace Fees	END	1710470332231
USER	Post Marketplace Fees	START	1710470332311
USER	Post Marketplace Fees	START	1710470332421
REQUEST		Post marketplace fees	1710470330151	1710470332427	OK	 
USER	Post Marketplace Fees	END	1710470332428
USER	Post Marketplace Fees	START	1710470332533
USER	Post Marketplace Fees	START	1710470332643
REQUEST		Post marketplace fees	1710470330866	1710470332694	OK	 
USER	Post Marketplace Fees	END	1710470332695
USER	Post Marketplace Fees	START	1710470332755
USER	Post Marketplace Fees	START	1710470332866
REQUEST		Post marketplace fees	1710470331725	1710470332903	OK	 
USER	Post Marketplace Fees	END	1710470332905
REQUEST		Post marketplace fees	1710470330294	1710470332910	OK	 
USER	Post Marketplace Fees	END	1710470332912
USER	Post Marketplace Fees	START	1710470332966
USER	Post Marketplace Fees	START	1710470333065
REQUEST		Post marketplace fees	1710470332201	1710470333129	OK	 
USER	Post Marketplace Fees	END	1710470333130
USER	Post Marketplace Fees	START	1710470333166
USER	Post Marketplace Fees	START	1710470333266
USER	Post Marketplace Fees	START	1710470333366
REQUEST		Post marketplace fees	1710470331009	1710470333449	OK	 
USER	Post Marketplace Fees	END	1710470333449
USER	Post Marketplace Fees	START	1710470333466
REQUEST		Post marketplace fees	1710470331581	1710470333518	OK	 
USER	Post Marketplace Fees	END	1710470333519
USER	Post Marketplace Fees	START	1710470333566
USER	Post Marketplace Fees	START	1710470333666
USER	Post Marketplace Fees	START	1710470333767
REQUEST		Post marketplace fees	1710470332089	1710470333855	OK	 
USER	Post Marketplace Fees	END	1710470333856
REQUEST		Post marketplace fees	1710470331438	1710470334014	OK	 
USER	Post Marketplace Fees	END	1710470334016
REQUEST		Post marketplace fees	1710470331978	1710470334096	OK	 
USER	Post Marketplace Fees	END	1710470334097
REQUEST		Post marketplace fees	1710470332422	1710470334125	OK	 
USER	Post Marketplace Fees	END	1710470334127
REQUEST		Post marketplace fees	1710470332311	1710470334315	OK	 
USER	Post Marketplace Fees	END	1710470334316
REQUEST		Post marketplace fees	1710470330437	1710470334398	OK	 
REQUEST		Post marketplace fees	1710470331152	1710470334398	OK	 
USER	Post Marketplace Fees	END	1710470334399
USER	Post Marketplace Fees	END	1710470334400
REQUEST		Post marketplace fees	1710470331866	1710470334627	OK	 
USER	Post Marketplace Fees	END	1710470334628
REQUEST		Post marketplace fees	1710470332644	1710470334961	OK	 
USER	Post Marketplace Fees	END	1710470334962
REQUEST		Post marketplace fees	1710470333769	1710470335109	OK	 
USER	Post Marketplace Fees	END	1710470335110
REQUEST		Post marketplace fees	1710470333066	1710470335322	OK	 
USER	Post Marketplace Fees	END	1710470335324
REQUEST		Post marketplace fees	1710470332534	1710470335517	OK	 
USER	Post Marketplace Fees	END	1710470335519
REQUEST		Post marketplace fees	1710470332967	1710470335698	OK	 
USER	Post Marketplace Fees	END	1710470335700
REQUEST		Post marketplace fees	1710470333568	1710470335891	OK	 
USER	Post Marketplace Fees	END	1710470335892
REQUEST		Post marketplace fees	1710470332756	1710470335892	OK	 
USER	Post Marketplace Fees	END	1710470335893
REQUEST		Post marketplace fees	1710470333368	1710470335916	OK	 
USER	Post Marketplace Fees	END	1710470335917
REQUEST		Post marketplace fees	1710470332868	1710470336191	OK	 
USER	Post Marketplace Fees	END	1710470336193
REQUEST		Post marketplace fees	1710470333267	1710470336326	OK	 
USER	Post Marketplace Fees	END	1710470336327
REQUEST		Post marketplace fees	1710470333668	1710470336327	OK	 
USER	Post Marketplace Fees	END	1710470336328
REQUEST		Post marketplace fees	1710470333166	1710470336520	OK	 
USER	Post Marketplace Fees	END	1710470336521
REQUEST		Post marketplace fees	1710470333467	1710470336624	OK	 
USER	Post Marketplace Fees	END	1710470336625
