RUN	transactions.MarketplaceFeesGetSimulation	marketplacefeesgetsimulation	1710451058855	 	3.10.4
USER	Login	START	1710451059386
REQUEST		Login	1710451059385	1710451061086	OK	 
USER	Login	END	1710451066156
USER	Get Marketplace Fees	START	1710451066374
USER	Get Marketplace Fees	START	1710451066413
USER	Get Marketplace Fees	START	1710451066445
USER	Get Marketplace Fees	START	1710451066469
USER	Get Marketplace Fees	START	1710451066489
USER	Get Marketplace Fees	START	1710451066505
USER	Get Marketplace Fees	START	1710451066519
USER	Get Marketplace Fees	START	1710451066532
USER	Get Marketplace Fees	START	1710451066544
USER	Get Marketplace Fees	START	1710451066554
USER	Get Marketplace Fees	START	1710451066564
USER	Get Marketplace Fees	START	1710451066573
USER	Get Marketplace Fees	START	1710451066581
USER	Get Marketplace Fees	START	1710451066589
USER	Get Marketplace Fees	START	1710451066596
USER	Get Marketplace Fees	START	1710451066603
USER	Get Marketplace Fees	START	1710451066611
USER	Get Marketplace Fees	START	1710451066618
USER	Get Marketplace Fees	START	1710451066624
USER	Get Marketplace Fees	START	1710451066630
USER	Get Marketplace Fees	START	1710451066637
USER	Get Marketplace Fees	START	1710451066642
USER	Get Marketplace Fees	START	1710451066648
USER	Get Marketplace Fees	START	1710451066653
USER	Get Marketplace Fees	START	1710451066658
USER	Get Marketplace Fees	START	1710451066663
USER	Get Marketplace Fees	START	1710451066668
USER	Get Marketplace Fees	START	1710451066673
USER	Get Marketplace Fees	START	1710451066677
USER	Get Marketplace Fees	START	1710451066682
USER	Get Marketplace Fees	START	1710451066686
USER	Get Marketplace Fees	START	1710451066691
USER	Get Marketplace Fees	START	1710451066695
USER	Get Marketplace Fees	START	1710451066700
USER	Get Marketplace Fees	START	1710451066704
USER	Get Marketplace Fees	START	1710451066708
USER	Get Marketplace Fees	START	1710451066712
USER	Get Marketplace Fees	START	1710451066716
USER	Get Marketplace Fees	START	1710451066720
USER	Get Marketplace Fees	START	1710451066724
USER	Get Marketplace Fees	START	1710451066741
USER	Get Marketplace Fees	START	1710451066741
USER	Get Marketplace Fees	START	1710451066741
USER	Get Marketplace Fees	START	1710451066741
USER	Get Marketplace Fees	START	1710451066742
USER	Get Marketplace Fees	START	1710451066746
USER	Get Marketplace Fees	START	1710451066749
USER	Get Marketplace Fees	START	1710451066752
USER	Get Marketplace Fees	START	1710451066756
USER	Get Marketplace Fees	START	1710451066759
USER	Get Marketplace Fees	START	1710451066763
USER	Get Marketplace Fees	START	1710451066766
USER	Get Marketplace Fees	START	1710451066769
USER	Get Marketplace Fees	START	1710451066773
USER	Get Marketplace Fees	START	1710451066776
USER	Get Marketplace Fees	START	1710451066780
USER	Get Marketplace Fees	START	1710451066783
USER	Get Marketplace Fees	START	1710451066786
USER	Get Marketplace Fees	START	1710451066789
USER	Get Marketplace Fees	START	1710451066793
USER	Get Marketplace Fees	START	1710451066796
USER	Get Marketplace Fees	START	1710451066799
USER	Get Marketplace Fees	START	1710451066802
USER	Get Marketplace Fees	START	1710451066805
USER	Get Marketplace Fees	START	1710451066808
USER	Get Marketplace Fees	START	1710451066811
USER	Get Marketplace Fees	START	1710451066814
USER	Get Marketplace Fees	START	1710451066817
USER	Get Marketplace Fees	START	1710451066820
USER	Get Marketplace Fees	START	1710451066823
USER	Get Marketplace Fees	START	1710451066826
USER	Get Marketplace Fees	START	1710451066829
USER	Get Marketplace Fees	START	1710451066832
USER	Get Marketplace Fees	START	1710451066836
USER	Get Marketplace Fees	START	1710451066839
USER	Get Marketplace Fees	START	1710451066842
USER	Get Marketplace Fees	START	1710451066843
USER	Get Marketplace Fees	START	1710451066847
USER	Get Marketplace Fees	START	1710451066850
USER	Get Marketplace Fees	START	1710451066853
USER	Get Marketplace Fees	START	1710451066856
USER	Get Marketplace Fees	START	1710451066859
USER	Get Marketplace Fees	START	1710451066862
USER	Get Marketplace Fees	START	1710451066865
USER	Get Marketplace Fees	START	1710451066868
USER	Get Marketplace Fees	START	1710451066870
USER	Get Marketplace Fees	START	1710451066873
USER	Get Marketplace Fees	START	1710451066876
USER	Get Marketplace Fees	START	1710451066879
USER	Get Marketplace Fees	START	1710451066882
USER	Get Marketplace Fees	START	1710451066885
USER	Get Marketplace Fees	START	1710451066888
USER	Get Marketplace Fees	START	1710451066891
USER	Get Marketplace Fees	START	1710451066894
USER	Get Marketplace Fees	START	1710451066897
USER	Get Marketplace Fees	START	1710451066899
USER	Get Marketplace Fees	START	1710451066902
USER	Get Marketplace Fees	START	1710451066905
USER	Get Marketplace Fees	START	1710451066908
USER	Get Marketplace Fees	START	1710451066911
USER	Get Marketplace Fees	START	1710451066914
USER	Get Marketplace Fees	START	1710451066917
USER	Get Marketplace Fees	START	1710451066920
USER	Get Marketplace Fees	START	1710451066923
USER	Get Marketplace Fees	START	1710451066926
USER	Get Marketplace Fees	START	1710451066929
USER	Get Marketplace Fees	START	1710451066932
USER	Get Marketplace Fees	START	1710451066935
USER	Get Marketplace Fees	START	1710451066938
USER	Get Marketplace Fees	START	1710451066941
USER	Get Marketplace Fees	START	1710451066945
USER	Get Marketplace Fees	START	1710451066947
USER	Get Marketplace Fees	START	1710451066951
USER	Get Marketplace Fees	START	1710451066955
USER	Get Marketplace Fees	START	1710451066957
USER	Get Marketplace Fees	START	1710451066961
USER	Get Marketplace Fees	START	1710451066963
USER	Get Marketplace Fees	START	1710451066968
USER	Get Marketplace Fees	START	1710451066971
USER	Get Marketplace Fees	START	1710451066974
USER	Get Marketplace Fees	START	1710451066977
USER	Get Marketplace Fees	START	1710451066981
USER	Get Marketplace Fees	START	1710451066984
USER	Get Marketplace Fees	START	1710451066988
USER	Get Marketplace Fees	START	1710451066991
USER	Get Marketplace Fees	START	1710451066994
USER	Get Marketplace Fees	START	1710451066998
USER	Get Marketplace Fees	START	1710451067002
USER	Get Marketplace Fees	START	1710451067005
USER	Get Marketplace Fees	START	1710451067009
USER	Get Marketplace Fees	START	1710451067012
USER	Get Marketplace Fees	START	1710451067016
USER	Get Marketplace Fees	START	1710451067020
USER	Get Marketplace Fees	START	1710451067024
USER	Get Marketplace Fees	START	1710451067028
USER	Get Marketplace Fees	START	1710451067032
USER	Get Marketplace Fees	START	1710451067036
USER	Get Marketplace Fees	START	1710451067040
USER	Get Marketplace Fees	START	1710451067044
USER	Get Marketplace Fees	START	1710451067048
USER	Get Marketplace Fees	START	1710451067053
USER	Get Marketplace Fees	START	1710451067057
USER	Get Marketplace Fees	START	1710451067062
USER	Get Marketplace Fees	START	1710451067066
USER	Get Marketplace Fees	START	1710451067072
USER	Get Marketplace Fees	START	1710451067077
USER	Get Marketplace Fees	START	1710451067082
USER	Get Marketplace Fees	START	1710451067087
USER	Get Marketplace Fees	START	1710451067092
USER	Get Marketplace Fees	START	1710451067098
USER	Get Marketplace Fees	START	1710451067103
USER	Get Marketplace Fees	START	1710451067109
USER	Get Marketplace Fees	START	1710451067115
USER	Get Marketplace Fees	START	1710451067121
USER	Get Marketplace Fees	START	1710451067128
USER	Get Marketplace Fees	START	1710451067135
USER	Get Marketplace Fees	START	1710451067142
USER	Get Marketplace Fees	START	1710451067149
USER	Get Marketplace Fees	START	1710451067157
USER	Get Marketplace Fees	START	1710451067165
USER	Get Marketplace Fees	START	1710451067174
USER	Get Marketplace Fees	START	1710451067184
USER	Get Marketplace Fees	START	1710451067194
USER	Get Marketplace Fees	START	1710451067205
USER	Get Marketplace Fees	START	1710451067218
USER	Get Marketplace Fees	START	1710451067232
USER	Get Marketplace Fees	START	1710451067248
USER	Get Marketplace Fees	START	1710451067267
USER	Get Marketplace Fees	START	1710451067291
USER	Get Marketplace Fees	START	1710451067324
REQUEST		Get all marketplace fees	1710451066531	1710451070642	OK	 
USER	Get Marketplace Fees	END	1710451070643
REQUEST		Get all marketplace fees	1710451066553	1710451072667	OK	 
USER	Get Marketplace Fees	END	1710451072670
REQUEST		Get all marketplace fees	1710451066742	1710451073128	OK	 
USER	Get Marketplace Fees	END	1710451073129
REQUEST		Get all marketplace fees	1710451066624	1710451073379	OK	 
USER	Get Marketplace Fees	END	1710451073381
REQUEST		Get all marketplace fees	1710451066653	1710451073550	OK	 
USER	Get Marketplace Fees	END	1710451073552
REQUEST		Get all marketplace fees	1710451066444	1710451073988	OK	 
USER	Get Marketplace Fees	END	1710451073990
REQUEST		Get all marketplace fees	1710451066838	1710451074152	OK	 
USER	Get Marketplace Fees	END	1710451074153
REQUEST		Get all marketplace fees	1710451066488	1710451075433	OK	 
USER	Get Marketplace Fees	END	1710451075435
REQUEST		Get all marketplace fees	1710451066735	1710451075443	OK	 
USER	Get Marketplace Fees	END	1710451075443
REQUEST		Get all marketplace fees	1710451066703	1710451075767	OK	 
USER	Get Marketplace Fees	END	1710451075769
REQUEST		Get all marketplace fees	1710451066469	1710451076046	OK	 
USER	Get Marketplace Fees	END	1710451076047
REQUEST		Get all marketplace fees	1710451066869	1710451076307	OK	 
USER	Get Marketplace Fees	END	1710451076307
REQUEST		Get all marketplace fees	1710451066682	1710451076337	OK	 
USER	Get Marketplace Fees	END	1710451076338
REQUEST		Get all marketplace fees	1710451066673	1710451076559	OK	 
USER	Get Marketplace Fees	END	1710451076560
REQUEST		Get all marketplace fees	1710451066929	1710451076806	OK	 
USER	Get Marketplace Fees	END	1710451076806
REQUEST		Get all marketplace fees	1710451066699	1710451077478	OK	 
USER	Get Marketplace Fees	END	1710451077478
REQUEST		Get all marketplace fees	1710451066677	1710451078100	OK	 
REQUEST		Get all marketplace fees	1710451066648	1710451078101	OK	 
USER	Get Marketplace Fees	END	1710451078101
USER	Get Marketplace Fees	END	1710451078102
REQUEST		Get all marketplace fees	1710451066658	1710451078732	OK	 
USER	Get Marketplace Fees	END	1710451078732
REQUEST		Get all marketplace fees	1710451066766	1710451079557	OK	 
USER	Get Marketplace Fees	END	1710451079558
REQUEST		Get all marketplace fees	1710451067142	1710451080002	OK	 
USER	Get Marketplace Fees	END	1710451080004
REQUEST		Get all marketplace fees	1710451066580	1710451080034	OK	 
USER	Get Marketplace Fees	END	1710451080036
REQUEST		Get all marketplace fees	1710451066749	1710451080119	OK	 
USER	Get Marketplace Fees	END	1710451080120
REQUEST		Get all marketplace fees	1710451066752	1710451080243	OK	 
USER	Get Marketplace Fees	END	1710451080244
REQUEST		Get all marketplace fees	1710451066728	1710451080339	OK	 
USER	Get Marketplace Fees	END	1710451080339
REQUEST		Get all marketplace fees	1710451066756	1710451080889	OK	 
USER	Get Marketplace Fees	END	1710451080891
REQUEST		Get all marketplace fees	1710451066668	1710451081260	OK	 
USER	Get Marketplace Fees	END	1710451081260
REQUEST		Get all marketplace fees	1710451066944	1710451082078	OK	 
USER	Get Marketplace Fees	END	1710451082079
REQUEST		Get all marketplace fees	1710451066610	1710451082109	OK	 
USER	Get Marketplace Fees	END	1710451082111
REQUEST		Get all marketplace fees	1710451066563	1710451082399	OK	 
USER	Get Marketplace Fees	END	1710451082400
REQUEST		Get all marketplace fees	1710451067128	1710451082903	OK	 
USER	Get Marketplace Fees	END	1710451082905
REQUEST		Get all marketplace fees	1710451066954	1710451082913	OK	 
USER	Get Marketplace Fees	END	1710451082913
REQUEST		Get all marketplace fees	1710451066786	1710451083207	OK	 
USER	Get Marketplace Fees	END	1710451083208
REQUEST		Get all marketplace fees	1710451066835	1710451083223	OK	 
USER	Get Marketplace Fees	END	1710451083225
REQUEST		Get all marketplace fees	1710451066504	1710451083829	OK	 
USER	Get Marketplace Fees	END	1710451083830
REQUEST		Get all marketplace fees	1710451066811	1710451083866	OK	 
USER	Get Marketplace Fees	END	1710451083868
REQUEST		Get all marketplace fees	1710451066412	1710451083909	OK	 
USER	Get Marketplace Fees	END	1710451083911
REQUEST		Get all marketplace fees	1710451066888	1710451084436	OK	 
USER	Get Marketplace Fees	END	1710451084437
REQUEST		Get all marketplace fees	1710451067291	1710451084477	OK	 
USER	Get Marketplace Fees	END	1710451084477
REQUEST		Get all marketplace fees	1710451066636	1710451084541	OK	 
USER	Get Marketplace Fees	END	1710451084542
REQUEST		Get all marketplace fees	1710451066998	1710451084631	OK	 
USER	Get Marketplace Fees	END	1710451084633
REQUEST		Get all marketplace fees	1710451066518	1710451084647	OK	 
REQUEST		Get all marketplace fees	1710451066603	1710451084647	OK	 
USER	Get Marketplace Fees	END	1710451084648
USER	Get Marketplace Fees	END	1710451084649
REQUEST		Get all marketplace fees	1710451066796	1710451084743	OK	 
USER	Get Marketplace Fees	END	1710451084744
REQUEST		Get all marketplace fees	1710451066723	1710451084944	OK	 
USER	Get Marketplace Fees	END	1710451084945
REQUEST		Get all marketplace fees	1710451067005	1710451085044	OK	 
USER	Get Marketplace Fees	END	1710451085045
REQUEST		Get all marketplace fees	1710451066957	1710451085210	OK	 
USER	Get Marketplace Fees	END	1710451085211
REQUEST		Get all marketplace fees	1710451066878	1710451085216	OK	 
USER	Get Marketplace Fees	END	1710451085216
REQUEST		Get all marketplace fees	1710451066641	1710451085395	OK	 
USER	Get Marketplace Fees	END	1710451085396
REQUEST		Get all marketplace fees	1710451066589	1710451085452	OK	 
USER	Get Marketplace Fees	END	1710451085453
REQUEST		Get all marketplace fees	1710451066789	1710451085560	OK	 
USER	Get Marketplace Fees	END	1710451085560
REQUEST		Get all marketplace fees	1710451066817	1710451085570	OK	 
USER	Get Marketplace Fees	END	1710451085570
REQUEST		Get all marketplace fees	1710451066543	1710451085716	OK	 
USER	Get Marketplace Fees	END	1710451085717
REQUEST		Get all marketplace fees	1710451067066	1710451085717	OK	 
USER	Get Marketplace Fees	END	1710451085717
REQUEST		Get all marketplace fees	1710451067149	1710451085839	OK	 
USER	Get Marketplace Fees	END	1710451085840
REQUEST		Get all marketplace fees	1710451067053	1710451085922	OK	 
USER	Get Marketplace Fees	END	1710451085923
REQUEST		Get all marketplace fees	1710451066914	1710451086012	OK	 
USER	Get Marketplace Fees	END	1710451086013
REQUEST		Get all marketplace fees	1710451066373	1710451086020	OK	 
USER	Get Marketplace Fees	END	1710451086021
REQUEST		Get all marketplace fees	1710451066663	1710451086127	OK	 
USER	Get Marketplace Fees	END	1710451086129
REQUEST		Get all marketplace fees	1710451066720	1710451086481	OK	 
USER	Get Marketplace Fees	END	1710451086481
REQUEST		Get all marketplace fees	1710451066905	1710451086518	OK	 
USER	Get Marketplace Fees	END	1710451086519
REQUEST		Get all marketplace fees	1710451067109	1710451086894	OK	 
USER	Get Marketplace Fees	END	1710451086895
REQUEST		Get all marketplace fees	1710451066715	1710451086934	OK	 
USER	Get Marketplace Fees	END	1710451086935
REQUEST		Get all marketplace fees	1710451066891	1710451087008	OK	 
USER	Get Marketplace Fees	END	1710451087009
REQUEST		Get all marketplace fees	1710451066984	1710451087407	OK	 
USER	Get Marketplace Fees	END	1710451087409
REQUEST		Get all marketplace fees	1710451066820	1710451087437	OK	 
USER	Get Marketplace Fees	END	1710451087439
REQUEST		Get all marketplace fees	1710451066618	1710451087813	OK	 
USER	Get Marketplace Fees	END	1710451087815
REQUEST		Get all marketplace fees	1710451066776	1710451087863	OK	 
USER	Get Marketplace Fees	END	1710451087864
REQUEST		Get all marketplace fees	1710451066746	1710451087915	OK	 
USER	Get Marketplace Fees	END	1710451087916
REQUEST		Get all marketplace fees	1710451067091	1710451087968	OK	 
USER	Get Marketplace Fees	END	1710451087969
REQUEST		Get all marketplace fees	1710451067071	1710451088038	OK	 
USER	Get Marketplace Fees	END	1710451088039
REQUEST		Get all marketplace fees	1710451066572	1710451088112	OK	 
USER	Get Marketplace Fees	END	1710451088113
REQUEST		Get all marketplace fees	1710451067032	1710451088147	OK	 
USER	Get Marketplace Fees	END	1710451088149
REQUEST		Get all marketplace fees	1710451066759	1710451088171	OK	 
USER	Get Marketplace Fees	END	1710451088171
REQUEST		Get all marketplace fees	1710451066802	1710451089790	OK	 
USER	Get Marketplace Fees	END	1710451089791
REQUEST		Get all marketplace fees	1710451066894	1710451090075	OK	 
USER	Get Marketplace Fees	END	1710451090075
REQUEST		Get all marketplace fees	1710451066799	1710451091711	OK	 
USER	Get Marketplace Fees	END	1710451091712
REQUEST		Get all marketplace fees	1710451067194	1710451092420	OK	 
USER	Get Marketplace Fees	END	1710451092421
REQUEST		Get all marketplace fees	1710451066976	1710451092737	OK	 
REQUEST		Get all marketplace fees	1710451067040	1710451092738	OK	 
USER	Get Marketplace Fees	END	1710451092739
USER	Get Marketplace Fees	END	1710451092739
REQUEST		Get all marketplace fees	1710451066823	1710451092948	OK	 
USER	Get Marketplace Fees	END	1710451092948
REQUEST		Get all marketplace fees	1710451066695	1710451093009	OK	 
USER	Get Marketplace Fees	END	1710451093010
REQUEST		Get all marketplace fees	1710451066686	1710451093512	OK	 
REQUEST		Get all marketplace fees	1710451067267	1710451093512	OK	 
USER	Get Marketplace Fees	END	1710451093514
USER	Get Marketplace Fees	END	1710451093514
REQUEST		Get all marketplace fees	1710451066926	1710451093812	OK	 
USER	Get Marketplace Fees	END	1710451093813
REQUEST		Get all marketplace fees	1710451066832	1710451093864	OK	 
USER	Get Marketplace Fees	END	1710451093865
REQUEST		Get all marketplace fees	1710451066731	1710451094162	OK	 
USER	Get Marketplace Fees	END	1710451094163
REQUEST		Get all marketplace fees	1710451066829	1710451094199	OK	 
USER	Get Marketplace Fees	END	1710451094200
REQUEST		Get all marketplace fees	1710451066908	1710451094779	OK	 
USER	Get Marketplace Fees	END	1710451094780
REQUEST		Get all marketplace fees	1710451066960	1710451095111	OK	 
USER	Get Marketplace Fees	END	1710451095113
REQUEST		Get all marketplace fees	1710451067165	1710451095232	OK	 
USER	Get Marketplace Fees	END	1710451095233
REQUEST		Get all marketplace fees	1710451067184	1710451095924	OK	 
USER	Get Marketplace Fees	END	1710451095925
REQUEST		Get all marketplace fees	1710451066993	1710451095952	OK	 
USER	Get Marketplace Fees	END	1710451095953
REQUEST		Get all marketplace fees	1710451066596	1710451095965	OK	 
USER	Get Marketplace Fees	END	1710451095965
REQUEST		Get all marketplace fees	1710451066935	1710451095975	OK	 
USER	Get Marketplace Fees	END	1710451095976
REQUEST		Get all marketplace fees	1710451067057	1710451096006	OK	 
USER	Get Marketplace Fees	END	1710451096006
REQUEST		Get all marketplace fees	1710451066738	1710451096009	OK	 
USER	Get Marketplace Fees	END	1710451096010
REQUEST		Get all marketplace fees	1710451066973	1710451096033	OK	 
USER	Get Marketplace Fees	END	1710451096034
REQUEST		Get all marketplace fees	1710451066849	1710451096046	OK	 
USER	Get Marketplace Fees	END	1710451096048
REQUEST		Get all marketplace fees	1710451066963	1710451096107	OK	 
USER	Get Marketplace Fees	END	1710451096109
REQUEST		Get all marketplace fees	1710451067120	1710451096115	OK	 
USER	Get Marketplace Fees	END	1710451096116
REQUEST		Get all marketplace fees	1710451067020	1710451096166	OK	 
USER	Get Marketplace Fees	END	1710451096166
REQUEST		Get all marketplace fees	1710451066843	1710451096258	OK	 
USER	Get Marketplace Fees	END	1710451096259
REQUEST		Get all marketplace fees	1710451067157	1710451096350	OK	 
USER	Get Marketplace Fees	END	1710451096351
REQUEST		Get all marketplace fees	1710451067062	1710451096410	OK	 
USER	Get Marketplace Fees	END	1710451096411
REQUEST		Get all marketplace fees	1710451066711	1710451096451	OK	 
USER	Get Marketplace Fees	END	1710451096452
REQUEST		Get all marketplace fees	1710451066947	1710451096518	OK	 
USER	Get Marketplace Fees	END	1710451096518
REQUEST		Get all marketplace fees	1710451067036	1710451096616	OK	 
USER	Get Marketplace Fees	END	1710451096617
REQUEST		Get all marketplace fees	1710451066855	1710451096690	OK	 
USER	Get Marketplace Fees	END	1710451096691
REQUEST		Get all marketplace fees	1710451066882	1710451096715	OK	 
USER	Get Marketplace Fees	END	1710451096716
REQUEST		Get all marketplace fees	1710451067097	1710451096728	OK	 
USER	Get Marketplace Fees	END	1710451096728
REQUEST		Get all marketplace fees	1710451066779	1710451096777	OK	 
USER	Get Marketplace Fees	END	1710451096777
REQUEST		Get all marketplace fees	1710451067086	1710451096815	OK	 
USER	Get Marketplace Fees	END	1710451096816
REQUEST		Get all marketplace fees	1710451067248	1710451096853	OK	 
USER	Get Marketplace Fees	END	1710451096854
REQUEST		Get all marketplace fees	1710451066841	1710451097170	OK	 
USER	Get Marketplace Fees	END	1710451097172
REQUEST		Get all marketplace fees	1710451067218	1710451097225	OK	 
REQUEST		Get all marketplace fees	1710451066826	1710451097225	OK	 
USER	Get Marketplace Fees	END	1710451097226
USER	Get Marketplace Fees	END	1710451097226
REQUEST		Get all marketplace fees	1710451066707	1710451100100	OK	 
USER	Get Marketplace Fees	END	1710451100101
REQUEST		Get all marketplace fees	1710451067048	1710451100924	OK	 
USER	Get Marketplace Fees	END	1710451100925
REQUEST		Get all marketplace fees	1710451066769	1710451100993	OK	 
USER	Get Marketplace Fees	END	1710451100995
REQUEST		Get all marketplace fees	1710451066897	1710451101645	OK	 
USER	Get Marketplace Fees	END	1710451101645
REQUEST		Get all marketplace fees	1710451066951	1710451101695	OK	 
USER	Get Marketplace Fees	END	1710451101696
REQUEST		Get all marketplace fees	1710451066793	1710451101723	OK	 
USER	Get Marketplace Fees	END	1710451101724
REQUEST		Get all marketplace fees	1710451066865	1710451101873	OK	 
USER	Get Marketplace Fees	END	1710451101874
REQUEST		Get all marketplace fees	1710451066875	1710451102994	OK	 
USER	Get Marketplace Fees	END	1710451102995
REQUEST		Get all marketplace fees	1710451067102	1710451103014	OK	 
USER	Get Marketplace Fees	END	1710451103015
REQUEST		Get all marketplace fees	1710451066867	1710451103077	OK	 
USER	Get Marketplace Fees	END	1710451103077
REQUEST		Get all marketplace fees	1710451067135	1710451103208	OK	 
USER	Get Marketplace Fees	END	1710451103209
REQUEST		Get all marketplace fees	1710451066772	1710451103820	OK	 
USER	Get Marketplace Fees	END	1710451103822
REQUEST		Get all marketplace fees	1710451067028	1710451103858	OK	 
USER	Get Marketplace Fees	END	1710451103859
REQUEST		Get all marketplace fees	1710451067044	1710451103911	OK	 
USER	Get Marketplace Fees	END	1710451103912
REQUEST		Get all marketplace fees	1710451067009	1710451104310	OK	 
REQUEST		Get all marketplace fees	1710451066991	1710451104310	OK	 
REQUEST		Get all marketplace fees	1710451067174	1710451104311	OK	 
USER	Get Marketplace Fees	END	1710451104311
USER	Get Marketplace Fees	END	1710451104311
USER	Get Marketplace Fees	END	1710451104311
REQUEST		Get all marketplace fees	1710451067205	1710451104331	OK	 
USER	Get Marketplace Fees	END	1710451104332
REQUEST		Get all marketplace fees	1710451066970	1710451104345	OK	 
USER	Get Marketplace Fees	END	1710451104346
REQUEST		Get all marketplace fees	1710451067115	1710451104372	OK	 
USER	Get Marketplace Fees	END	1710451104373
REQUEST		Get all marketplace fees	1710451066846	1710451104455	OK	 
USER	Get Marketplace Fees	END	1710451104456
REQUEST		Get all marketplace fees	1710451066902	1710451104518	OK	 
USER	Get Marketplace Fees	END	1710451104519
REQUEST		Get all marketplace fees	1710451067081	1710451105118	OK	 
USER	Get Marketplace Fees	END	1710451105118
REQUEST		Get all marketplace fees	1710451066899	1710451105637	OK	 
REQUEST		Get all marketplace fees	1710451066917	1710451105637	OK	 
USER	Get Marketplace Fees	END	1710451105638
USER	Get Marketplace Fees	END	1710451105638
REQUEST		Get all marketplace fees	1710451066782	1710451105879	OK	 
USER	Get Marketplace Fees	END	1710451105880
REQUEST		Get all marketplace fees	1710451066923	1710451106017	OK	 
USER	Get Marketplace Fees	END	1710451106018
REQUEST		Get all marketplace fees	1710451066941	1710451106348	OK	 
USER	Get Marketplace Fees	END	1710451106348
REQUEST		Get all marketplace fees	1710451066987	1710451106773	OK	 
USER	Get Marketplace Fees	END	1710451106774
REQUEST		Get all marketplace fees	1710451067024	1710451106814	OK	 
USER	Get Marketplace Fees	END	1710451106814
REQUEST		Get all marketplace fees	1710451066858	1710451106831	OK	 
USER	Get Marketplace Fees	END	1710451106832
REQUEST		Get all marketplace fees	1710451066805	1710451106901	OK	 
USER	Get Marketplace Fees	END	1710451106902
REQUEST		Get all marketplace fees	1710451066630	1710451107035	OK	 
USER	Get Marketplace Fees	END	1710451107035
REQUEST		Get all marketplace fees	1710451066885	1710451107036	OK	 
USER	Get Marketplace Fees	END	1710451107037
REQUEST		Get all marketplace fees	1710451067012	1710451107078	OK	 
USER	Get Marketplace Fees	END	1710451107079
REQUEST		Get all marketplace fees	1710451066920	1710451107209	OK	 
USER	Get Marketplace Fees	END	1710451107211
REQUEST		Get all marketplace fees	1710451067232	1710451107345	OK	 
REQUEST		Get all marketplace fees	1710451066938	1710451107345	OK	 
USER	Get Marketplace Fees	END	1710451107346
USER	Get Marketplace Fees	END	1710451107346
REQUEST		Get all marketplace fees	1710451067076	1710451107434	OK	 
USER	Get Marketplace Fees	END	1710451107435
REQUEST		Get all marketplace fees	1710451066932	1710451107446	OK	 
USER	Get Marketplace Fees	END	1710451107446
REQUEST		Get all marketplace fees	1710451066872	1710451107467	OK	 
USER	Get Marketplace Fees	END	1710451107467
REQUEST		Get all marketplace fees	1710451066861	1710451107479	OK	 
USER	Get Marketplace Fees	END	1710451107480
REQUEST		Get all marketplace fees	1710451066911	1710451107480	OK	 
USER	Get Marketplace Fees	END	1710451107481
REQUEST		Get all marketplace fees	1710451066691	1710451107549	OK	 
USER	Get Marketplace Fees	END	1710451107550
REQUEST		Get all marketplace fees	1710451066763	1710451107579	OK	 
USER	Get Marketplace Fees	END	1710451107580
REQUEST		Get all marketplace fees	1710451067016	1710451107780	OK	 
USER	Get Marketplace Fees	END	1710451107781
REQUEST		Get all marketplace fees	1710451066980	1710451107872	OK	 
USER	Get Marketplace Fees	END	1710451107874
REQUEST		Get all marketplace fees	1710451066852	1710451107961	OK	 
USER	Get Marketplace Fees	END	1710451107962
REQUEST		Get all marketplace fees	1710451067002	1710451108012	OK	 
USER	Get Marketplace Fees	END	1710451108014
REQUEST		Get all marketplace fees	1710451066814	1710451108080	OK	 
USER	Get Marketplace Fees	END	1710451108082
REQUEST		Get all marketplace fees	1710451067323	1710451108119	OK	 
USER	Get Marketplace Fees	END	1710451108119
REQUEST		Get all marketplace fees	1710451066967	1710451108148	OK	 
USER	Get Marketplace Fees	END	1710451108149
REQUEST		Get all marketplace fees	1710451066808	1710451108175	OK	 
USER	Get Marketplace Fees	END	1710451108176
