RUN	transactions.MarketplaceFeesPostSimulation	marketplacefeespostsimulation	1710456105217	 	3.10.4
USER	Login	START	1710456105748
REQUEST		Login	1710456105746	1710456106454	OK	 
USER	Login	END	1710456111505
USER	Post Marketplace Fees	START	1710456111738
USER	Post Marketplace Fees	START	1710456111790
USER	Post Marketplace Fees	START	1710456111830
USER	Post Marketplace Fees	START	1710456111860
USER	Post Marketplace Fees	START	1710456111886
USER	Post Marketplace Fees	START	1710456111908
USER	Post Marketplace Fees	START	1710456111928
USER	Post Marketplace Fees	START	1710456111946
USER	Post Marketplace Fees	START	1710456111963
USER	Post Marketplace Fees	START	1710456111978
USER	Post Marketplace Fees	START	1710456111991
USER	Post Marketplace Fees	START	1710456112004
USER	Post Marketplace Fees	START	1710456112016
USER	Post Marketplace Fees	START	1710456112028
USER	Post Marketplace Fees	START	1710456112039
USER	Post Marketplace Fees	START	1710456112050
USER	Post Marketplace Fees	START	1710456112060
USER	Post Marketplace Fees	START	1710456112070
USER	Post Marketplace Fees	START	1710456112080
USER	Post Marketplace Fees	START	1710456112088
USER	Post Marketplace Fees	START	1710456112098
USER	Post Marketplace Fees	START	1710456112106
USER	Post Marketplace Fees	START	1710456112115
USER	Post Marketplace Fees	START	1710456112123
USER	Post Marketplace Fees	START	1710456112131
USER	Post Marketplace Fees	START	1710456112139
USER	Post Marketplace Fees	START	1710456112146
USER	Post Marketplace Fees	START	1710456112154
USER	Post Marketplace Fees	START	1710456112162
USER	Post Marketplace Fees	START	1710456112169
USER	Post Marketplace Fees	START	1710456112177
USER	Post Marketplace Fees	START	1710456112184
USER	Post Marketplace Fees	START	1710456112191
USER	Post Marketplace Fees	START	1710456112198
USER	Post Marketplace Fees	START	1710456112205
USER	Post Marketplace Fees	START	1710456112211
USER	Post Marketplace Fees	START	1710456112219
USER	Post Marketplace Fees	START	1710456112226
USER	Post Marketplace Fees	START	1710456112233
USER	Post Marketplace Fees	START	1710456112240
USER	Post Marketplace Fees	START	1710456112247
USER	Post Marketplace Fees	START	1710456112253
USER	Post Marketplace Fees	START	1710456112260
USER	Post Marketplace Fees	START	1710456112267
USER	Post Marketplace Fees	START	1710456112275
USER	Post Marketplace Fees	START	1710456112282
USER	Post Marketplace Fees	START	1710456112288
USER	Post Marketplace Fees	START	1710456112295
USER	Post Marketplace Fees	START	1710456112302
USER	Post Marketplace Fees	START	1710456112309
USER	Post Marketplace Fees	START	1710456112316
USER	Post Marketplace Fees	START	1710456112324
USER	Post Marketplace Fees	START	1710456112331
USER	Post Marketplace Fees	START	1710456112338
USER	Post Marketplace Fees	START	1710456112347
USER	Post Marketplace Fees	START	1710456112354
USER	Post Marketplace Fees	START	1710456112362
USER	Post Marketplace Fees	START	1710456112370
USER	Post Marketplace Fees	START	1710456112378
USER	Post Marketplace Fees	START	1710456112386
USER	Post Marketplace Fees	START	1710456112394
USER	Post Marketplace Fees	START	1710456112403
USER	Post Marketplace Fees	START	1710456112412
USER	Post Marketplace Fees	START	1710456112421
USER	Post Marketplace Fees	START	1710456112431
USER	Post Marketplace Fees	START	1710456112440
USER	Post Marketplace Fees	START	1710456112450
USER	Post Marketplace Fees	START	1710456112461
USER	Post Marketplace Fees	START	1710456112472
USER	Post Marketplace Fees	START	1710456112483
USER	Post Marketplace Fees	START	1710456112495
USER	Post Marketplace Fees	START	1710456112509
USER	Post Marketplace Fees	START	1710456112523
USER	Post Marketplace Fees	START	1710456112538
USER	Post Marketplace Fees	START	1710456112555
USER	Post Marketplace Fees	START	1710456112573
USER	Post Marketplace Fees	START	1710456112594
USER	Post Marketplace Fees	START	1710456112619
USER	Post Marketplace Fees	START	1710456112649
USER	Post Marketplace Fees	START	1710456112690
REQUEST		Post marketplace fees	1710456111792	1710456116334	OK	 
USER	Post Marketplace Fees	END	1710456116336
REQUEST		Post marketplace fees	1710456111909	1710456118212	OK	 
USER	Post Marketplace Fees	END	1710456118213
REQUEST		Post marketplace fees	1710456111929	1710456118524	OK	 
USER	Post Marketplace Fees	END	1710456118526
REQUEST		Post marketplace fees	1710456112248	1710456118606	OK	 
USER	Post Marketplace Fees	END	1710456118607
REQUEST		Post marketplace fees	1710456111964	1710456118607	OK	 
USER	Post Marketplace Fees	END	1710456118608
REQUEST		Post marketplace fees	1710456112071	1710456119033	OK	 
REQUEST		Post marketplace fees	1710456111861	1710456119033	OK	 
USER	Post Marketplace Fees	END	1710456119034
USER	Post Marketplace Fees	END	1710456119034
REQUEST		Post marketplace fees	1710456112132	1710456119102	OK	 
USER	Post Marketplace Fees	END	1710456119104
REQUEST		Post marketplace fees	1710456111760	1710456119110	OK	 
USER	Post Marketplace Fees	END	1710456119112
REQUEST		Post marketplace fees	1710456111832	1710456119340	OK	 
USER	Post Marketplace Fees	END	1710456119342
REQUEST		Post marketplace fees	1710456112169	1710456119750	OK	 
REQUEST		Post marketplace fees	1710456112212	1710456119750	OK	 
USER	Post Marketplace Fees	END	1710456119752
USER	Post Marketplace Fees	END	1710456119752
REQUEST		Post marketplace fees	1710456111978	1710456119792	OK	 
USER	Post Marketplace Fees	END	1710456119793
REQUEST		Post marketplace fees	1710456112060	1710456119953	OK	 
REQUEST		Post marketplace fees	1710456111947	1710456119953	OK	 
USER	Post Marketplace Fees	END	1710456119955
USER	Post Marketplace Fees	END	1710456119955
REQUEST		Post marketplace fees	1710456112107	1710456120569	OK	 
USER	Post Marketplace Fees	END	1710456120571
REQUEST		Post marketplace fees	1710456112081	1710456120773	OK	 
USER	Post Marketplace Fees	END	1710456120775
REQUEST		Post marketplace fees	1710456112017	1710456120976	OK	 
USER	Post Marketplace Fees	END	1710456120977
REQUEST		Post marketplace fees	1710456112199	1710456121389	OK	 
USER	Post Marketplace Fees	END	1710456121390
REQUEST		Post marketplace fees	1710456112140	1710456121735	OK	 
USER	Post Marketplace Fees	END	1710456121737
REQUEST		Post marketplace fees	1710456112162	1710456122206	OK	 
USER	Post Marketplace Fees	END	1710456122207
REQUEST		Post marketplace fees	1710456112219	1710456122727	OK	 
USER	Post Marketplace Fees	END	1710456122727
REQUEST		Post marketplace fees	1710456112441	1710456124461	OK	 
USER	Post Marketplace Fees	END	1710456124463
REQUEST		Post marketplace fees	1710456112178	1710456124524	OK	 
USER	Post Marketplace Fees	END	1710456124525
REQUEST		Post marketplace fees	1710456112254	1710456124869	OK	 
REQUEST		Post marketplace fees	1710456112310	1710456124869	OK	 
USER	Post Marketplace Fees	END	1710456124870
USER	Post Marketplace Fees	END	1710456124870
REQUEST		Post marketplace fees	1710456112184	1710456125121	OK	 
USER	Post Marketplace Fees	END	1710456125122
REQUEST		Post marketplace fees	1710456112124	1710456125381	OK	 
USER	Post Marketplace Fees	END	1710456125381
REQUEST		Post marketplace fees	1710456111993	1710456125791	OK	 
USER	Post Marketplace Fees	END	1710456125792
REQUEST		Post marketplace fees	1710456112412	1710456125995	OK	 
USER	Post Marketplace Fees	END	1710456125996
REQUEST		Post marketplace fees	1710456112241	1710456126026	OK	 
USER	Post Marketplace Fees	END	1710456126027
REQUEST		Post marketplace fees	1710456112051	1710456126303	OK	 
USER	Post Marketplace Fees	END	1710456126304
REQUEST		Post marketplace fees	1710456112620	1710456126414	OK	 
USER	Post Marketplace Fees	END	1710456126415
REQUEST		Post marketplace fees	1710456112650	1710456126712	OK	 
USER	Post Marketplace Fees	END	1710456126713
REQUEST		Post marketplace fees	1710456112421	1710456127132	OK	 
REQUEST		Post marketplace fees	1710456112332	1710456127132	OK	 
USER	Post Marketplace Fees	END	1710456127133
USER	Post Marketplace Fees	END	1710456127133
REQUEST		Post marketplace fees	1710456112484	1710456127374	OK	 
USER	Post Marketplace Fees	END	1710456127376
REQUEST		Post marketplace fees	1710456112028	1710456127526	OK	 
USER	Post Marketplace Fees	END	1710456127528
REQUEST		Post marketplace fees	1710456112089	1710456127952	OK	 
USER	Post Marketplace Fees	END	1710456127953
REQUEST		Post marketplace fees	1710456112005	1710456128156	OK	 
USER	Post Marketplace Fees	END	1710456128157
REQUEST		Post marketplace fees	1710456112296	1710456128362	OK	 
REQUEST		Post marketplace fees	1710456112098	1710456128362	OK	 
USER	Post Marketplace Fees	END	1710456128363
USER	Post Marketplace Fees	END	1710456128363
REQUEST		Post marketplace fees	1710456112362	1710456128420	OK	 
USER	Post Marketplace Fees	END	1710456128421
REQUEST		Post marketplace fees	1710456112282	1710456129181	OK	 
REQUEST		Post marketplace fees	1710456111887	1710456129181	OK	 
REQUEST		Post marketplace fees	1710456112275	1710456129181	OK	 
USER	Post Marketplace Fees	END	1710456129181
USER	Post Marketplace Fees	END	1710456129181
USER	Post Marketplace Fees	END	1710456129181
REQUEST		Post marketplace fees	1710456112289	1710456129193	OK	 
USER	Post Marketplace Fees	END	1710456129194
REQUEST		Post marketplace fees	1710456112496	1710456129796	OK	 
REQUEST		Post marketplace fees	1710456112574	1710456129796	OK	 
REQUEST		Post marketplace fees	1710456112450	1710456129796	OK	 
REQUEST		Post marketplace fees	1710456112303	1710456129796	OK	 
REQUEST		Post marketplace fees	1710456112595	1710456129797	OK	 
USER	Post Marketplace Fees	END	1710456129798
USER	Post Marketplace Fees	END	1710456129798
USER	Post Marketplace Fees	END	1710456129798
USER	Post Marketplace Fees	END	1710456129798
USER	Post Marketplace Fees	END	1710456129799
REQUEST		Post marketplace fees	1710456112325	1710456129800	OK	 
USER	Post Marketplace Fees	END	1710456129801
REQUEST		Post marketplace fees	1710456112040	1710456129812	OK	 
USER	Post Marketplace Fees	END	1710456129816
REQUEST		Post marketplace fees	1710456112155	1710456130001	OK	 
REQUEST		Post marketplace fees	1710456112261	1710456130001	OK	 
USER	Post Marketplace Fees	END	1710456130002
USER	Post Marketplace Fees	END	1710456130003
REQUEST		Post marketplace fees	1710456112317	1710456130502	OK	 
REQUEST		Post marketplace fees	1710456112473	1710456130502	OK	 
REQUEST		Post marketplace fees	1710456112404	1710456130502	OK	 
REQUEST		Post marketplace fees	1710456112116	1710456130502	OK	 
REQUEST		Post marketplace fees	1710456112206	1710456130502	OK	 
USER	Post Marketplace Fees	END	1710456130502
USER	Post Marketplace Fees	END	1710456130502
USER	Post Marketplace Fees	END	1710456130502
USER	Post Marketplace Fees	END	1710456130502
USER	Post Marketplace Fees	END	1710456130502
REQUEST		Post marketplace fees	1710456112192	1710456131217	OK	 
USER	Post Marketplace Fees	END	1710456131218
REQUEST		Post marketplace fees	1710456112371	1710456131310	OK	 
USER	Post Marketplace Fees	END	1710456131312
REQUEST		Post marketplace fees	1710456112354	1710456131405	OK	 
USER	Post Marketplace Fees	END	1710456131406
REQUEST		Post marketplace fees	1710456112233	1710456131628	OK	 
USER	Post Marketplace Fees	END	1710456131629
REQUEST		Post marketplace fees	1710456112395	1710456131740	OK	 
USER	Post Marketplace Fees	END	1710456131741
REQUEST		Post marketplace fees	1710456112538	1710456131831	OK	 
USER	Post Marketplace Fees	END	1710456131831
REQUEST		Post marketplace fees	1710456112462	1710456131904	OK	 
USER	Post Marketplace Fees	END	1710456131904
REQUEST		Post marketplace fees	1710456112431	1710456131931	OK	 
USER	Post Marketplace Fees	END	1710456131931
REQUEST		Post marketplace fees	1710456112347	1710456132242	OK	 
USER	Post Marketplace Fees	END	1710456132242
REQUEST		Post marketplace fees	1710456112380	1710456132250	OK	 
USER	Post Marketplace Fees	END	1710456132251
REQUEST		Post marketplace fees	1710456112268	1710456132447	OK	 
USER	Post Marketplace Fees	END	1710456132449
REQUEST		Post marketplace fees	1710456112147	1710456132506	OK	 
USER	Post Marketplace Fees	END	1710456132507
REQUEST		Post marketplace fees	1710456112226	1710456132596	OK	 
USER	Post Marketplace Fees	END	1710456132598
REQUEST		Post marketplace fees	1710456112339	1710456132598	OK	 
USER	Post Marketplace Fees	END	1710456132599
REQUEST		Post marketplace fees	1710456112387	1710456132608	OK	 
USER	Post Marketplace Fees	END	1710456132610
REQUEST		Post marketplace fees	1710456112509	1710456132642	OK	 
USER	Post Marketplace Fees	END	1710456132643
REQUEST		Post marketplace fees	1710456112690	1710456132694	OK	 
USER	Post Marketplace Fees	END	1710456132694
REQUEST		Post marketplace fees	1710456112524	1710456132794	OK	 
USER	Post Marketplace Fees	END	1710456132794
REQUEST		Post marketplace fees	1710456112556	1710456132808	OK	 
USER	Post Marketplace Fees	END	1710456132809
