RUN	transactions.MarketplaceFeesPostSimulation	marketplacefeespostsimulation	1710469232408	 	3.10.4
USER	Login	START	1710469232901
REQUEST		Login	1710469232899	1710469233492	OK	 
USER	Login	END	1710469238599
USER	Post Marketplace Fees	START	1710469238898
USER	Post Marketplace Fees	START	1710469238977
USER	Post Marketplace Fees	START	1710469239070
USER	Post Marketplace Fees	START	1710469239181
USER	Post Marketplace Fees	START	1710469239254
USER	Post Marketplace Fees	START	1710469239347
USER	Post Marketplace Fees	START	1710469239439
USER	Post Marketplace Fees	START	1710469239531
USER	Post Marketplace Fees	START	1710469239623
USER	Post Marketplace Fees	START	1710469239715
REQUEST		Post marketplace fees	1710469238917	1710469239761	OK	 
USER	Post Marketplace Fees	END	1710469239764
USER	Post Marketplace Fees	START	1710469239808
REQUEST		Post marketplace fees	1710469238978	1710469239886	OK	 
USER	Post Marketplace Fees	END	1710469239890
USER	Post Marketplace Fees	START	1710469239900
USER	Post Marketplace Fees	START	1710469239974
USER	Post Marketplace Fees	START	1710469240066
USER	Post Marketplace Fees	START	1710469240158
USER	Post Marketplace Fees	START	1710469240250
USER	Post Marketplace Fees	START	1710469240341
USER	Post Marketplace Fees	START	1710469240433
USER	Post Marketplace Fees	START	1710469240525
USER	Post Marketplace Fees	START	1710469240617
USER	Post Marketplace Fees	START	1710469240708
USER	Post Marketplace Fees	START	1710469240800
USER	Post Marketplace Fees	START	1710469240885
REQUEST		Post marketplace fees	1710469239255	1710469240969	OK	 
USER	Post Marketplace Fees	END	1710469240971
USER	Post Marketplace Fees	START	1710469240974
USER	Post Marketplace Fees	START	1710469241065
REQUEST		Post marketplace fees	1710469239716	1710469241089	OK	 
USER	Post Marketplace Fees	END	1710469241089
USER	Post Marketplace Fees	START	1710469241156
USER	Post Marketplace Fees	START	1710469241248
USER	Post Marketplace Fees	START	1710469241339
USER	Post Marketplace Fees	START	1710469241430
REQUEST		Post marketplace fees	1710469239975	1710469241435	OK	 
USER	Post Marketplace Fees	END	1710469241436
USER	Post Marketplace Fees	START	1710469241521
USER	Post Marketplace Fees	START	1710469241612
REQUEST		Post marketplace fees	1710469239183	1710469241675	OK	 
USER	Post Marketplace Fees	END	1710469241677
USER	Post Marketplace Fees	START	1710469241703
USER	Post Marketplace Fees	START	1710469241795
REQUEST		Post marketplace fees	1710469239626	1710469241831	OK	 
USER	Post Marketplace Fees	END	1710469241832
USER	Post Marketplace Fees	START	1710469241886
USER	Post Marketplace Fees	START	1710469241973
USER	Post Marketplace Fees	START	1710469242065
USER	Post Marketplace Fees	START	1710469242156
USER	Post Marketplace Fees	START	1710469242247
USER	Post Marketplace Fees	START	1710469242338
REQUEST		Post marketplace fees	1710469239072	1710469242369	OK	 
USER	Post Marketplace Fees	END	1710469242370
USER	Post Marketplace Fees	START	1710469242429
USER	Post Marketplace Fees	START	1710469242520
USER	Post Marketplace Fees	START	1710469242611
USER	Post Marketplace Fees	START	1710469242702
USER	Post Marketplace Fees	START	1710469242793
USER	Post Marketplace Fees	START	1710469242884
REQUEST		Post marketplace fees	1710469239810	1710469242928	OK	 
USER	Post Marketplace Fees	END	1710469242929
USER	Post Marketplace Fees	START	1710469242974
USER	Post Marketplace Fees	START	1710469243065
USER	Post Marketplace Fees	START	1710469243156
REQUEST		Post marketplace fees	1710469240434	1710469243233	OK	 
USER	Post Marketplace Fees	END	1710469243235
USER	Post Marketplace Fees	START	1710469243247
USER	Post Marketplace Fees	START	1710469243338
USER	Post Marketplace Fees	START	1710469243430
USER	Post Marketplace Fees	START	1710469243520
REQUEST		Post marketplace fees	1710469240709	1710469243554	OK	 
USER	Post Marketplace Fees	END	1710469243555
USER	Post Marketplace Fees	START	1710469243612
REQUEST		Post marketplace fees	1710469240343	1710469243656	OK	 
USER	Post Marketplace Fees	END	1710469243657
USER	Post Marketplace Fees	START	1710469243703
USER	Post Marketplace Fees	START	1710469243794
USER	Post Marketplace Fees	START	1710469243885
USER	Post Marketplace Fees	START	1710469243974
USER	Post Marketplace Fees	START	1710469244065
USER	Post Marketplace Fees	START	1710469244156
USER	Post Marketplace Fees	START	1710469244247
REQUEST		Post marketplace fees	1710469239440	1710469244319	OK	 
USER	Post Marketplace Fees	END	1710469244321
REQUEST		Post marketplace fees	1710469240802	1710469244331	OK	 
USER	Post Marketplace Fees	END	1710469244333
USER	Post Marketplace Fees	START	1710469244338
USER	Post Marketplace Fees	START	1710469244429
USER	Post Marketplace Fees	START	1710469244520
USER	Post Marketplace Fees	START	1710469244611
USER	Post Marketplace Fees	START	1710469244702
REQUEST		Post marketplace fees	1710469239348	1710469244702	OK	 
USER	Post Marketplace Fees	END	1710469244704
USER	Post Marketplace Fees	START	1710469244793
USER	Post Marketplace Fees	START	1710469244883
USER	Post Marketplace Fees	START	1710469244974
USER	Post Marketplace Fees	START	1710469245065
USER	Post Marketplace Fees	START	1710469245156
REQUEST		Post marketplace fees	1710469240619	1710469245227	OK	 
USER	Post Marketplace Fees	END	1710469245227
USER	Post Marketplace Fees	START	1710469245247
USER	Post Marketplace Fees	START	1710469245338
USER	Post Marketplace Fees	START	1710469245429
USER	Post Marketplace Fees	START	1710469245520
USER	Post Marketplace Fees	START	1710469245612
USER	Post Marketplace Fees	START	1710469245702
USER	Post Marketplace Fees	START	1710469245794
USER	Post Marketplace Fees	START	1710469245884
USER	Post Marketplace Fees	START	1710469245974
USER	Post Marketplace Fees	START	1710469246065
REQUEST		Post marketplace fees	1710469241613	1710469246133	OK	 
USER	Post Marketplace Fees	END	1710469246134
USER	Post Marketplace Fees	START	1710469246156
USER	Post Marketplace Fees	START	1710469246248
USER	Post Marketplace Fees	START	1710469246339
USER	Post Marketplace Fees	START	1710469246430
USER	Post Marketplace Fees	START	1710469246521
USER	Post Marketplace Fees	START	1710469246612
USER	Post Marketplace Fees	START	1710469246703
USER	Post Marketplace Fees	START	1710469246794
REQUEST		Post marketplace fees	1710469241067	1710469246794	OK	 
USER	Post Marketplace Fees	END	1710469246795
REQUEST		Post marketplace fees	1710469239532	1710469246837	OK	 
USER	Post Marketplace Fees	END	1710469246838
USER	Post Marketplace Fees	START	1710469246884
USER	Post Marketplace Fees	START	1710469246974
USER	Post Marketplace Fees	START	1710469247065
REQUEST		Post marketplace fees	1710469241431	1710469247099	OK	 
USER	Post Marketplace Fees	END	1710469247100
REQUEST		Post marketplace fees	1710469241157	1710469247104	OK	 
USER	Post Marketplace Fees	END	1710469247105
USER	Post Marketplace Fees	START	1710469247156
USER	Post Marketplace Fees	START	1710469247247
USER	Post Marketplace Fees	START	1710469247338
USER	Post Marketplace Fees	START	1710469247429
REQUEST		Post marketplace fees	1710469241704	1710469247443	OK	 
USER	Post Marketplace Fees	END	1710469247444
USER	Post Marketplace Fees	START	1710469247520
USER	Post Marketplace Fees	START	1710469247611
USER	Post Marketplace Fees	START	1710469247702
USER	Post Marketplace Fees	START	1710469247794
USER	Post Marketplace Fees	START	1710469247885
USER	Post Marketplace Fees	START	1710469247973
USER	Post Marketplace Fees	START	1710469248064
USER	Post Marketplace Fees	START	1710469248156
USER	Post Marketplace Fees	START	1710469248247
REQUEST		Post marketplace fees	1710469241796	1710469248337	OK	 
USER	Post Marketplace Fees	END	1710469248337
USER	Post Marketplace Fees	START	1710469248338
USER	Post Marketplace Fees	START	1710469248429
USER	Post Marketplace Fees	START	1710469248520
USER	Post Marketplace Fees	START	1710469248611
USER	Post Marketplace Fees	START	1710469248702
USER	Post Marketplace Fees	START	1710469248795
REQUEST		Post marketplace fees	1710469241340	1710469248920	OK	 
USER	Post Marketplace Fees	END	1710469248921
REQUEST		Post marketplace fees	1710469241886	1710469249131	OK	 
USER	Post Marketplace Fees	END	1710469249132
REQUEST		Post marketplace fees	1710469242066	1710469249133	OK	 
USER	Post Marketplace Fees	END	1710469249134
REQUEST		Post marketplace fees	1710469240067	1710469249971	OK	 
USER	Post Marketplace Fees	END	1710469249973
REQUEST		Post marketplace fees	1710469242794	1710469249996	OK	 
USER	Post Marketplace Fees	END	1710469249997
REQUEST		Post marketplace fees	1710469242974	1710469250068	OK	 
USER	Post Marketplace Fees	END	1710469250070
REQUEST		Post marketplace fees	1710469242886	1710469250164	OK	 
USER	Post Marketplace Fees	END	1710469250166
REQUEST		Post marketplace fees	1710469243885	1710469250822	OK	 
USER	Post Marketplace Fees	END	1710469250823
REQUEST		Post marketplace fees	1710469242521	1710469251243	OK	 
USER	Post Marketplace Fees	END	1710469251245
REQUEST		Post marketplace fees	1710469240252	1710469251531	OK	 
USER	Post Marketplace Fees	END	1710469251531
REQUEST		Post marketplace fees	1710469243340	1710469251707	OK	 
USER	Post Marketplace Fees	END	1710469251709
REQUEST		Post marketplace fees	1710469243065	1710469251716	OK	 
USER	Post Marketplace Fees	END	1710469251718
REQUEST		Post marketplace fees	1710469241521	1710469251941	OK	 
USER	Post Marketplace Fees	END	1710469251942
REQUEST		Post marketplace fees	1710469240886	1710469252026	OK	 
USER	Post Marketplace Fees	END	1710469252027
REQUEST		Post marketplace fees	1710469239902	1710469252294	OK	 
USER	Post Marketplace Fees	END	1710469252295
REQUEST		Post marketplace fees	1710469240160	1710469252297	OK	 
USER	Post Marketplace Fees	END	1710469252298
REQUEST		Post marketplace fees	1710469242157	1710469252983	OK	 
USER	Post Marketplace Fees	END	1710469252984
REQUEST		Post marketplace fees	1710469242248	1710469253232	OK	 
USER	Post Marketplace Fees	END	1710469253233
REQUEST		Post marketplace fees	1710469241250	1710469253496	OK	 
USER	Post Marketplace Fees	END	1710469253498
REQUEST		Post marketplace fees	1710469240975	1710469253658	OK	 
USER	Post Marketplace Fees	END	1710469253659
REQUEST		Post marketplace fees	1710469242613	1710469253920	OK	 
USER	Post Marketplace Fees	END	1710469253920
REQUEST		Post marketplace fees	1710469240526	1710469254042	OK	 
REQUEST		Post marketplace fees	1710469244066	1710469254042	OK	 
USER	Post Marketplace Fees	END	1710469254043
USER	Post Marketplace Fees	END	1710469254043
REQUEST		Post marketplace fees	1710469243704	1710469254245	OK	 
USER	Post Marketplace Fees	END	1710469254246
REQUEST		Post marketplace fees	1710469242340	1710469254328	OK	 
USER	Post Marketplace Fees	END	1710469254329
REQUEST		Post marketplace fees	1710469243795	1710469254860	OK	 
USER	Post Marketplace Fees	END	1710469254861
REQUEST		Post marketplace fees	1710469243521	1710469255091	OK	 
USER	Post Marketplace Fees	END	1710469255092
REQUEST		Post marketplace fees	1710469242431	1710469255533	OK	 
USER	Post Marketplace Fees	END	1710469255534
REQUEST		Post marketplace fees	1710469242704	1710469255732	OK	 
USER	Post Marketplace Fees	END	1710469255734
REQUEST		Post marketplace fees	1710469243249	1710469256290	OK	 
USER	Post Marketplace Fees	END	1710469256291
REQUEST		Post marketplace fees	1710469244704	1710469256310	OK	 
USER	Post Marketplace Fees	END	1710469256312
REQUEST		Post marketplace fees	1710469241974	1710469256620	OK	 
USER	Post Marketplace Fees	END	1710469256622
REQUEST		Post marketplace fees	1710469244248	1710469256820	OK	 
USER	Post Marketplace Fees	END	1710469256822
REQUEST		Post marketplace fees	1710469243157	1710469257128	OK	 
USER	Post Marketplace Fees	END	1710469257130
REQUEST		Post marketplace fees	1710469244521	1710469257131	OK	 
REQUEST		Post marketplace fees	1710469244339	1710469257131	OK	 
USER	Post Marketplace Fees	END	1710469257132
USER	Post Marketplace Fees	END	1710469257133
REQUEST		Post marketplace fees	1710469245248	1710469258034	OK	 
USER	Post Marketplace Fees	END	1710469258034
REQUEST		Post marketplace fees	1710469244884	1710469258436	OK	 
USER	Post Marketplace Fees	END	1710469258438
REQUEST		Post marketplace fees	1710469243975	1710469258610	OK	 
USER	Post Marketplace Fees	END	1710469258612
REQUEST		Post marketplace fees	1710469246249	1710469258728	OK	 
USER	Post Marketplace Fees	END	1710469258729
REQUEST		Post marketplace fees	1710469246795	1710469259024	OK	 
USER	Post Marketplace Fees	END	1710469259025
REQUEST		Post marketplace fees	1710469246704	1710469259423	OK	 
USER	Post Marketplace Fees	END	1710469259424
REQUEST		Post marketplace fees	1710469245340	1710469259974	OK	 
USER	Post Marketplace Fees	END	1710469259975
REQUEST		Post marketplace fees	1710469243432	1710469260007	OK	 
REQUEST		Post marketplace fees	1710469247612	1710469260007	OK	 
USER	Post Marketplace Fees	END	1710469260008
USER	Post Marketplace Fees	END	1710469260008
REQUEST		Post marketplace fees	1710469244612	1710469260188	OK	 
USER	Post Marketplace Fees	END	1710469260190
REQUEST		Post marketplace fees	1710469247795	1710469260215	OK	 
USER	Post Marketplace Fees	END	1710469260215
REQUEST		Post marketplace fees	1710469248338	1710469260224	OK	 
USER	Post Marketplace Fees	END	1710469260225
REQUEST		Post marketplace fees	1710469244794	1710469260328	OK	 
USER	Post Marketplace Fees	END	1710469260329
REQUEST		Post marketplace fees	1710469248247	1710469260824	OK	 
USER	Post Marketplace Fees	END	1710469260825
REQUEST		Post marketplace fees	1710469244158	1710469260918	OK	 
USER	Post Marketplace Fees	END	1710469260920
REQUEST		Post marketplace fees	1710469245521	1710469261294	OK	 
USER	Post Marketplace Fees	END	1710469261296
REQUEST		Post marketplace fees	1710469246340	1710469261524	OK	 
USER	Post Marketplace Fees	END	1710469261525
REQUEST		Post marketplace fees	1710469245157	1710469261685	OK	 
USER	Post Marketplace Fees	END	1710469261686
REQUEST		Post marketplace fees	1710469246066	1710469261798	OK	 
USER	Post Marketplace Fees	END	1710469261800
REQUEST		Post marketplace fees	1710469244430	1710469261825	OK	 
USER	Post Marketplace Fees	END	1710469261826
REQUEST		Post marketplace fees	1710469247247	1710469261928	OK	 
USER	Post Marketplace Fees	END	1710469261929
REQUEST		Post marketplace fees	1710469245703	1710469261999	OK	 
USER	Post Marketplace Fees	END	1710469262000
REQUEST		Post marketplace fees	1710469244975	1710469262142	OK	 
USER	Post Marketplace Fees	END	1710469262143
REQUEST		Post marketplace fees	1710469247066	1710469262521	OK	 
USER	Post Marketplace Fees	END	1710469262522
REQUEST		Post marketplace fees	1710469248704	1710469262688	OK	 
USER	Post Marketplace Fees	END	1710469262688
REQUEST		Post marketplace fees	1710469245885	1710469262893	OK	 
USER	Post Marketplace Fees	END	1710469262894
REQUEST		Post marketplace fees	1710469246432	1710469263919	OK	 
USER	Post Marketplace Fees	END	1710469263919
REQUEST		Post marketplace fees	1710469247430	1710469264219	OK	 
USER	Post Marketplace Fees	END	1710469264220
REQUEST		Post marketplace fees	1710469248796	1710469264424	OK	 
USER	Post Marketplace Fees	END	1710469264426
REQUEST		Post marketplace fees	1710469246614	1710469264507	OK	 
USER	Post Marketplace Fees	END	1710469264509
REQUEST		Post marketplace fees	1710469243613	1710469264602	OK	 
USER	Post Marketplace Fees	END	1710469264603
REQUEST		Post marketplace fees	1710469246886	1710469264609	OK	 
USER	Post Marketplace Fees	END	1710469264610
REQUEST		Post marketplace fees	1710469245430	1710469264739	OK	 
REQUEST		Post marketplace fees	1710469248431	1710469264739	OK	 
USER	Post Marketplace Fees	END	1710469264740
USER	Post Marketplace Fees	END	1710469264740
REQUEST		Post marketplace fees	1710469248065	1710469264819	OK	 
USER	Post Marketplace Fees	END	1710469264819
REQUEST		Post marketplace fees	1710469247974	1710469264887	OK	 
USER	Post Marketplace Fees	END	1710469264887
REQUEST		Post marketplace fees	1710469248521	1710469265524	OK	 
REQUEST		Post marketplace fees	1710469246522	1710469265524	OK	 
USER	Post Marketplace Fees	END	1710469265525
USER	Post Marketplace Fees	END	1710469265525
REQUEST		Post marketplace fees	1710469247703	1710469265551	OK	 
USER	Post Marketplace Fees	END	1710469265552
REQUEST		Post marketplace fees	1710469246157	1710469265790	OK	 
USER	Post Marketplace Fees	END	1710469265792
REQUEST		Post marketplace fees	1710469247887	1710469265795	OK	 
USER	Post Marketplace Fees	END	1710469265796
REQUEST		Post marketplace fees	1710469247339	1710469265813	OK	 
USER	Post Marketplace Fees	END	1710469265814
REQUEST		Post marketplace fees	1710469245795	1710469265989	OK	 
USER	Post Marketplace Fees	END	1710469265991
REQUEST		Post marketplace fees	1710469245613	1710469265997	OK	 
USER	Post Marketplace Fees	END	1710469265998
REQUEST		Post marketplace fees	1710469245066	1710469265999	OK	 
USER	Post Marketplace Fees	END	1710469266000
REQUEST		Post marketplace fees	1710469245975	1710469266109	OK	 
USER	Post Marketplace Fees	END	1710469266111
REQUEST		Post marketplace fees	1710469248156	1710469266215	OK	 
USER	Post Marketplace Fees	END	1710469266216
REQUEST		Post marketplace fees	1710469248613	1710469266414	OK	 
USER	Post Marketplace Fees	END	1710469266415
REQUEST		Post marketplace fees	1710469247158	1710469266530	OK	 
USER	Post Marketplace Fees	END	1710469266531
REQUEST		Post marketplace fees	1710469246975	1710469266690	OK	 
USER	Post Marketplace Fees	END	1710469266690
REQUEST		Post marketplace fees	1710469247521	1710469266819	OK	 
USER	Post Marketplace Fees	END	1710469266820
