RUN	transactions.MarketplaceFeesGetSimulation	marketplacefeesgetsimulation	1710448642561	 	3.10.4
USER	Login	START	1710448643092
REQUEST		Login	1710448643090	1710448645592	OK	 
USER	Login	END	1710448650678
USER	Get Marketplace Fees	START	1710448651085
USER	Get Marketplace Fees	START	1710448651129
USER	Get Marketplace Fees	START	1710448651160
USER	Get Marketplace Fees	START	1710448651183
USER	Get Marketplace Fees	START	1710448651203
USER	Get Marketplace Fees	START	1710448651219
USER	Get Marketplace Fees	START	1710448651232
USER	Get Marketplace Fees	START	1710448651244
USER	Get Marketplace Fees	START	1710448651256
USER	Get Marketplace Fees	START	1710448651266
USER	Get Marketplace Fees	START	1710448651276
USER	Get Marketplace Fees	START	1710448651284
USER	Get Marketplace Fees	START	1710448651292
USER	Get Marketplace Fees	START	1710448651301
USER	Get Marketplace Fees	START	1710448651308
USER	Get Marketplace Fees	START	1710448651315
USER	Get Marketplace Fees	START	1710448651322
USER	Get Marketplace Fees	START	1710448651328
USER	Get Marketplace Fees	START	1710448651334
USER	Get Marketplace Fees	START	1710448651340
USER	Get Marketplace Fees	START	1710448651347
USER	Get Marketplace Fees	START	1710448651352
USER	Get Marketplace Fees	START	1710448651358
USER	Get Marketplace Fees	START	1710448651363
USER	Get Marketplace Fees	START	1710448651368
USER	Get Marketplace Fees	START	1710448651373
USER	Get Marketplace Fees	START	1710448651377
USER	Get Marketplace Fees	START	1710448651382
USER	Get Marketplace Fees	START	1710448651386
USER	Get Marketplace Fees	START	1710448651391
USER	Get Marketplace Fees	START	1710448651395
USER	Get Marketplace Fees	START	1710448651399
USER	Get Marketplace Fees	START	1710448651404
USER	Get Marketplace Fees	START	1710448651408
USER	Get Marketplace Fees	START	1710448651412
USER	Get Marketplace Fees	START	1710448651415
USER	Get Marketplace Fees	START	1710448651419
USER	Get Marketplace Fees	START	1710448651423
USER	Get Marketplace Fees	START	1710448651427
USER	Get Marketplace Fees	START	1710448651477
USER	Get Marketplace Fees	START	1710448651478
USER	Get Marketplace Fees	START	1710448651478
USER	Get Marketplace Fees	START	1710448651478
USER	Get Marketplace Fees	START	1710448651478
USER	Get Marketplace Fees	START	1710448651478
USER	Get Marketplace Fees	START	1710448651478
USER	Get Marketplace Fees	START	1710448651478
USER	Get Marketplace Fees	START	1710448651478
USER	Get Marketplace Fees	START	1710448651478
USER	Get Marketplace Fees	START	1710448651478
USER	Get Marketplace Fees	START	1710448651478
USER	Get Marketplace Fees	START	1710448651478
USER	Get Marketplace Fees	START	1710448651478
USER	Get Marketplace Fees	START	1710448651479
USER	Get Marketplace Fees	START	1710448651482
USER	Get Marketplace Fees	START	1710448651485
USER	Get Marketplace Fees	START	1710448651488
USER	Get Marketplace Fees	START	1710448651491
USER	Get Marketplace Fees	START	1710448651494
USER	Get Marketplace Fees	START	1710448651497
USER	Get Marketplace Fees	START	1710448651500
USER	Get Marketplace Fees	START	1710448651503
USER	Get Marketplace Fees	START	1710448651506
USER	Get Marketplace Fees	START	1710448651509
USER	Get Marketplace Fees	START	1710448651512
USER	Get Marketplace Fees	START	1710448651514
USER	Get Marketplace Fees	START	1710448651517
USER	Get Marketplace Fees	START	1710448651520
USER	Get Marketplace Fees	START	1710448651523
USER	Get Marketplace Fees	START	1710448651527
USER	Get Marketplace Fees	START	1710448651530
USER	Get Marketplace Fees	START	1710448651531
USER	Get Marketplace Fees	START	1710448651534
USER	Get Marketplace Fees	START	1710448651537
USER	Get Marketplace Fees	START	1710448651540
USER	Get Marketplace Fees	START	1710448651544
USER	Get Marketplace Fees	START	1710448651546
USER	Get Marketplace Fees	START	1710448651548
USER	Get Marketplace Fees	START	1710448651551
USER	Get Marketplace Fees	START	1710448651554
USER	Get Marketplace Fees	START	1710448651556
USER	Get Marketplace Fees	START	1710448651560
USER	Get Marketplace Fees	START	1710448651563
USER	Get Marketplace Fees	START	1710448651566
USER	Get Marketplace Fees	START	1710448651568
USER	Get Marketplace Fees	START	1710448651571
USER	Get Marketplace Fees	START	1710448651574
USER	Get Marketplace Fees	START	1710448651576
USER	Get Marketplace Fees	START	1710448651579
USER	Get Marketplace Fees	START	1710448651582
USER	Get Marketplace Fees	START	1710448651585
USER	Get Marketplace Fees	START	1710448651587
USER	Get Marketplace Fees	START	1710448651590
USER	Get Marketplace Fees	START	1710448651593
USER	Get Marketplace Fees	START	1710448651595
USER	Get Marketplace Fees	START	1710448651598
USER	Get Marketplace Fees	START	1710448651601
USER	Get Marketplace Fees	START	1710448651603
USER	Get Marketplace Fees	START	1710448651606
USER	Get Marketplace Fees	START	1710448651610
USER	Get Marketplace Fees	START	1710448651612
USER	Get Marketplace Fees	START	1710448651614
USER	Get Marketplace Fees	START	1710448651617
USER	Get Marketplace Fees	START	1710448651620
USER	Get Marketplace Fees	START	1710448651623
USER	Get Marketplace Fees	START	1710448651625
USER	Get Marketplace Fees	START	1710448651628
USER	Get Marketplace Fees	START	1710448651632
USER	Get Marketplace Fees	START	1710448651635
USER	Get Marketplace Fees	START	1710448651638
USER	Get Marketplace Fees	START	1710448651640
USER	Get Marketplace Fees	START	1710448651644
USER	Get Marketplace Fees	START	1710448651646
USER	Get Marketplace Fees	START	1710448651649
USER	Get Marketplace Fees	START	1710448651652
USER	Get Marketplace Fees	START	1710448651655
USER	Get Marketplace Fees	START	1710448651657
USER	Get Marketplace Fees	START	1710448651660
USER	Get Marketplace Fees	START	1710448651663
USER	Get Marketplace Fees	START	1710448651666
USER	Get Marketplace Fees	START	1710448651669
USER	Get Marketplace Fees	START	1710448651672
USER	Get Marketplace Fees	START	1710448651675
USER	Get Marketplace Fees	START	1710448651678
USER	Get Marketplace Fees	START	1710448651681
USER	Get Marketplace Fees	START	1710448651684
USER	Get Marketplace Fees	START	1710448651687
USER	Get Marketplace Fees	START	1710448651690
USER	Get Marketplace Fees	START	1710448651695
USER	Get Marketplace Fees	START	1710448651697
USER	Get Marketplace Fees	START	1710448651700
USER	Get Marketplace Fees	START	1710448651703
USER	Get Marketplace Fees	START	1710448651706
USER	Get Marketplace Fees	START	1710448651710
USER	Get Marketplace Fees	START	1710448651713
USER	Get Marketplace Fees	START	1710448651716
USER	Get Marketplace Fees	START	1710448651720
USER	Get Marketplace Fees	START	1710448651723
USER	Get Marketplace Fees	START	1710448651727
USER	Get Marketplace Fees	START	1710448651730
USER	Get Marketplace Fees	START	1710448651734
USER	Get Marketplace Fees	START	1710448651738
USER	Get Marketplace Fees	START	1710448651742
USER	Get Marketplace Fees	START	1710448651746
USER	Get Marketplace Fees	START	1710448651750
USER	Get Marketplace Fees	START	1710448651754
USER	Get Marketplace Fees	START	1710448651757
USER	Get Marketplace Fees	START	1710448651761
USER	Get Marketplace Fees	START	1710448651765
USER	Get Marketplace Fees	START	1710448651770
USER	Get Marketplace Fees	START	1710448651774
USER	Get Marketplace Fees	START	1710448651778
USER	Get Marketplace Fees	START	1710448651783
USER	Get Marketplace Fees	START	1710448651787
USER	Get Marketplace Fees	START	1710448651792
USER	Get Marketplace Fees	START	1710448651796
USER	Get Marketplace Fees	START	1710448651801
USER	Get Marketplace Fees	START	1710448651806
USER	Get Marketplace Fees	START	1710448651811
USER	Get Marketplace Fees	START	1710448651817
USER	Get Marketplace Fees	START	1710448651822
USER	Get Marketplace Fees	START	1710448651828
USER	Get Marketplace Fees	START	1710448651834
USER	Get Marketplace Fees	START	1710448651840
USER	Get Marketplace Fees	START	1710448651846
USER	Get Marketplace Fees	START	1710448651853
USER	Get Marketplace Fees	START	1710448651860
USER	Get Marketplace Fees	START	1710448651867
USER	Get Marketplace Fees	START	1710448651875
USER	Get Marketplace Fees	START	1710448651883
USER	Get Marketplace Fees	START	1710448651891
USER	Get Marketplace Fees	START	1710448651901
USER	Get Marketplace Fees	START	1710448651911
USER	Get Marketplace Fees	START	1710448651923
USER	Get Marketplace Fees	START	1710448651935
USER	Get Marketplace Fees	START	1710448651948
USER	Get Marketplace Fees	START	1710448651968
USER	Get Marketplace Fees	START	1710448651984
USER	Get Marketplace Fees	START	1710448652007
USER	Get Marketplace Fees	START	1710448652039
REQUEST		Get all marketplace fees	1710448651448	1710448662484	OK	 
USER	Get Marketplace Fees	END	1710448662486
REQUEST		Get all marketplace fees	1710448651468	1710448663198	OK	 
USER	Get Marketplace Fees	END	1710448663199
REQUEST		Get all marketplace fees	1710448651419	1710448663200	OK	 
USER	Get Marketplace Fees	END	1710448663200
REQUEST		Get all marketplace fees	1710448651231	1710448665453	OK	 
USER	Get Marketplace Fees	END	1710448665454
REQUEST		Get all marketplace fees	1710448651846	1710448666025	OK	 
USER	Get Marketplace Fees	END	1710448666026
REQUEST		Get all marketplace fees	1710448651395	1710448667095	OK	 
USER	Get Marketplace Fees	END	1710448667096
REQUEST		Get all marketplace fees	1710448651351	1710448667640	OK	 
USER	Get Marketplace Fees	END	1710448667641
REQUEST		Get all marketplace fees	1710448651462	1710448667779	OK	 
USER	Get Marketplace Fees	END	1710448667780
REQUEST		Get all marketplace fees	1710448651275	1710448667807	OK	 
USER	Get Marketplace Fees	END	1710448667807
REQUEST		Get all marketplace fees	1710448651128	1710448668138	OK	 
USER	Get Marketplace Fees	END	1710448668139
REQUEST		Get all marketplace fees	1710448651408	1710448668229	OK	 
REQUEST		Get all marketplace fees	1710448651487	1710448668229	OK	 
USER	Get Marketplace Fees	END	1710448668230
USER	Get Marketplace Fees	END	1710448668230
REQUEST		Get all marketplace fees	1710448651321	1710448668401	OK	 
USER	Get Marketplace Fees	END	1710448668402
REQUEST		Get all marketplace fees	1710448651307	1710448668437	OK	 
USER	Get Marketplace Fees	END	1710448668438
REQUEST		Get all marketplace fees	1710448651531	1710448668640	OK	 
USER	Get Marketplace Fees	END	1710448668642
REQUEST		Get all marketplace fees	1710448651382	1710448668749	OK	 
USER	Get Marketplace Fees	END	1710448668750
REQUEST		Get all marketplace fees	1710448651423	1710448668803	OK	 
USER	Get Marketplace Fees	END	1710448668804
REQUEST		Get all marketplace fees	1710448651534	1710448668822	OK	 
USER	Get Marketplace Fees	END	1710448668823
REQUEST		Get all marketplace fees	1710448651328	1710448668906	OK	 
REQUEST		Get all marketplace fees	1710448651537	1710448668906	OK	 
USER	Get Marketplace Fees	END	1710448668906
USER	Get Marketplace Fees	END	1710448668906
REQUEST		Get all marketplace fees	1710448651159	1710448668914	OK	 
USER	Get Marketplace Fees	END	1710448668915
REQUEST		Get all marketplace fees	1710448651300	1710448668980	OK	 
USER	Get Marketplace Fees	END	1710448668981
REQUEST		Get all marketplace fees	1710448651452	1710448668986	OK	 
USER	Get Marketplace Fees	END	1710448668987
REQUEST		Get all marketplace fees	1710448651376	1710448670267	OK	 
USER	Get Marketplace Fees	END	1710448670268
REQUEST		Get all marketplace fees	1710448651631	1710448670394	OK	 
USER	Get Marketplace Fees	END	1710448670395
REQUEST		Get all marketplace fees	1710448651706	1710448670557	OK	 
USER	Get Marketplace Fees	END	1710448670559
REQUEST		Get all marketplace fees	1710448651455	1710448670591	OK	 
USER	Get Marketplace Fees	END	1710448670593
REQUEST		Get all marketplace fees	1710448651556	1710448670675	OK	 
USER	Get Marketplace Fees	END	1710448670677
REQUEST		Get all marketplace fees	1710448651523	1710448670771	OK	 
USER	Get Marketplace Fees	END	1710448670771
REQUEST		Get all marketplace fees	1710448651431	1710448670782	OK	 
USER	Get Marketplace Fees	END	1710448670782
REQUEST		Get all marketplace fees	1710448651628	1710448670843	OK	 
USER	Get Marketplace Fees	END	1710448670843
REQUEST		Get all marketplace fees	1710448651484	1710448670856	OK	 
USER	Get Marketplace Fees	END	1710448670857
REQUEST		Get all marketplace fees	1710448651695	1710448671330	OK	 
USER	Get Marketplace Fees	END	1710448671330
REQUEST		Get all marketplace fees	1710448651493	1710448671645	OK	 
USER	Get Marketplace Fees	END	1710448671646
REQUEST		Get all marketplace fees	1710448651623	1710448671874	OK	 
USER	Get Marketplace Fees	END	1710448671874
REQUEST		Get all marketplace fees	1710448651590	1710448671893	OK	 
USER	Get Marketplace Fees	END	1710448671894
REQUEST		Get all marketplace fees	1710448651217	1710448671973	OK	 
USER	Get Marketplace Fees	END	1710448671974
REQUEST		Get all marketplace fees	1710448651548	1710448672043	OK	 
USER	Get Marketplace Fees	END	1710448672044
REQUEST		Get all marketplace fees	1710448651441	1710448672398	OK	 
USER	Get Marketplace Fees	END	1710448672399
REQUEST		Get all marketplace fees	1710448651346	1710448672469	OK	 
USER	Get Marketplace Fees	END	1710448672471
REQUEST		Get all marketplace fees	1710448651527	1710448672614	OK	 
USER	Get Marketplace Fees	END	1710448672615
REQUEST		Get all marketplace fees	1710448651340	1710448672748	OK	 
USER	Get Marketplace Fees	END	1710448672750
REQUEST		Get all marketplace fees	1710448651891	1710448672849	OK	 
USER	Get Marketplace Fees	END	1710448672850
REQUEST		Get all marketplace fees	1710448651265	1710448672968	OK	 
USER	Get Marketplace Fees	END	1710448672969
REQUEST		Get all marketplace fees	1710448651659	1710448673171	OK	 
USER	Get Marketplace Fees	END	1710448673172
REQUEST		Get all marketplace fees	1710448651385	1710448673634	OK	 
USER	Get Marketplace Fees	END	1710448673635
REQUEST		Get all marketplace fees	1710448651244	1710448674465	OK	 
USER	Get Marketplace Fees	END	1710448674465
REQUEST		Get all marketplace fees	1710448651760	1710448674987	OK	 
USER	Get Marketplace Fees	END	1710448674988
REQUEST		Get all marketplace fees	1710448651372	1710448674991	OK	 
USER	Get Marketplace Fees	END	1710448674991
REQUEST		Get all marketplace fees	1710448651753	1710448675293	OK	 
USER	Get Marketplace Fees	END	1710448675294
REQUEST		Get all marketplace fees	1710448651367	1710448675489	OK	 
USER	Get Marketplace Fees	END	1710448675490
REQUEST		Get all marketplace fees	1710448651517	1710448676013	OK	 
USER	Get Marketplace Fees	END	1710448676014
REQUEST		Get all marketplace fees	1710448651438	1710448676016	OK	 
USER	Get Marketplace Fees	END	1710448676017
REQUEST		Get all marketplace fees	1710448651357	1710448677435	OK	 
USER	Get Marketplace Fees	END	1710448677436
REQUEST		Get all marketplace fees	1710448651543	1710448677689	OK	 
USER	Get Marketplace Fees	END	1710448677690
REQUEST		Get all marketplace fees	1710448651901	1710448678552	OK	 
USER	Get Marketplace Fees	END	1710448678553
REQUEST		Get all marketplace fees	1710448651520	1710448678831	OK	 
USER	Get Marketplace Fees	END	1710448678832
REQUEST		Get all marketplace fees	1710448651565	1710448679574	OK	 
USER	Get Marketplace Fees	END	1710448679574
REQUEST		Get all marketplace fees	1710448651283	1710448679805	OK	 
USER	Get Marketplace Fees	END	1710448679806
REQUEST		Get all marketplace fees	1710448651948	1710448680108	OK	 
USER	Get Marketplace Fees	END	1710448680109
REQUEST		Get all marketplace fees	1710448651690	1710448681789	OK	 
USER	Get Marketplace Fees	END	1710448681790
REQUEST		Get all marketplace fees	1710448651514	1710448681846	OK	 
USER	Get Marketplace Fees	END	1710448681847
REQUEST		Get all marketplace fees	1710448651745	1710448682506	OK	 
USER	Get Marketplace Fees	END	1710448682507
REQUEST		Get all marketplace fees	1710448651255	1710448695392	OK	 
USER	Get Marketplace Fees	END	1710448695393
REQUEST		Get all marketplace fees	1710448651479	1710448695874	OK	 
USER	Get Marketplace Fees	END	1710448695874
REQUEST		Get all marketplace fees	1710448651774	1710448695993	OK	 
USER	Get Marketplace Fees	END	1710448695994
REQUEST		Get all marketplace fees	1710448651334	1710448695996	OK	 
USER	Get Marketplace Fees	END	1710448695997
REQUEST		Get all marketplace fees	1710448651362	1710448696020	OK	 
USER	Get Marketplace Fees	END	1710448696021
REQUEST		Get all marketplace fees	1710448651496	1710448696275	OK	 
USER	Get Marketplace Fees	END	1710448696275
REQUEST		Get all marketplace fees	1710448651666	1710448696289	OK	 
USER	Get Marketplace Fees	END	1710448696290
REQUEST		Get all marketplace fees	1710448651777	1710448696537	OK	 
USER	Get Marketplace Fees	END	1710448696538
REQUEST		Get all marketplace fees	1710448651474	1710448696829	OK	 
USER	Get Marketplace Fees	END	1710448696829
REQUEST		Get all marketplace fees	1710448651625	1710448696837	OK	 
USER	Get Marketplace Fees	END	1710448696837
REQUEST		Get all marketplace fees	1710448651427	1710448696875	OK	 
USER	Get Marketplace Fees	END	1710448696876
REQUEST		Get all marketplace fees	1710448651503	1710448697254	OK	 
USER	Get Marketplace Fees	END	1710448697255
REQUEST		Get all marketplace fees	1710448651398	1710448697259	OK	 
USER	Get Marketplace Fees	END	1710448697260
REQUEST		Get all marketplace fees	1710448651606	1710448697354	OK	 
USER	Get Marketplace Fees	END	1710448697355
REQUEST		Get all marketplace fees	1710448651458	1710448698211	OK	 
REQUEST		Get all marketplace fees	1710448651084	1710448698212	OK	 
REQUEST		Get all marketplace fees	1710448651612	1710448698212	OK	 
USER	Get Marketplace Fees	END	1710448698213
USER	Get Marketplace Fees	END	1710448698213
USER	Get Marketplace Fees	END	1710448698213
REQUEST		Get all marketplace fees	1710448651512	1710448698296	OK	 
USER	Get Marketplace Fees	END	1710448698296
REQUEST		Get all marketplace fees	1710448651575	1710448698426	OK	 
USER	Get Marketplace Fees	END	1710448698427
REQUEST		Get all marketplace fees	1710448651545	1710448698439	OK	 
USER	Get Marketplace Fees	END	1710448698440
REQUEST		Get all marketplace fees	1710448651614	1710448698876	OK	 
USER	Get Marketplace Fees	END	1710448698876
REQUEST		Get all marketplace fees	1710448651291	1710448699580	OK	 
USER	Get Marketplace Fees	END	1710448699580
REQUEST		Get all marketplace fees	1710448651559	1710448699737	OK	 
USER	Get Marketplace Fees	END	1710448699739
REQUEST		Get all marketplace fees	1710448651567	1710448699976	OK	 
USER	Get Marketplace Fees	END	1710448699977
REQUEST		Get all marketplace fees	1710448651681	1710448699977	OK	 
USER	Get Marketplace Fees	END	1710448699978
REQUEST		Get all marketplace fees	1710448651656	1710448700468	OK	 
USER	Get Marketplace Fees	END	1710448700470
REQUEST		Get all marketplace fees	1710448651415	1710448700994	OK	 
USER	Get Marketplace Fees	END	1710448700995
REQUEST		Get all marketplace fees	1710448651639	1710448701196	OK	 
USER	Get Marketplace Fees	END	1710448701197
REQUEST		Get all marketplace fees	1710448652038	1710448701297	OK	 
USER	Get Marketplace Fees	END	1710448701297
REQUEST		Get all marketplace fees	1710448651506	1710448701397	OK	 
USER	Get Marketplace Fees	END	1710448701398
REQUEST		Get all marketplace fees	1710448651509	1710448701671	OK	 
USER	Get Marketplace Fees	END	1710448701672
REQUEST		Get all marketplace fees	1710448651687	1710448701691	OK	 
USER	Get Marketplace Fees	END	1710448701692
REQUEST		Get all marketplace fees	1710448651551	1710448702294	OK	 
USER	Get Marketplace Fees	END	1710448702295
REQUEST		Get all marketplace fees	1710448651390	1710448702463	OK	 
USER	Get Marketplace Fees	END	1710448702464
REQUEST		Get all marketplace fees	1710448651587	1710448702673	OK	 
USER	Get Marketplace Fees	END	1710448702674
REQUEST		Get all marketplace fees	1710448651782	1710448702898	OK	 
USER	Get Marketplace Fees	END	1710448702899
REQUEST		Get all marketplace fees	1710448651500	1710448703073	OK	 
USER	Get Marketplace Fees	END	1710448703073
REQUEST		Get all marketplace fees	1710448651585	1710448703278	OK	 
USER	Get Marketplace Fees	END	1710448703279
REQUEST		Get all marketplace fees	1710448651490	1710448703713	OK	 
USER	Get Marketplace Fees	END	1710448703714
REQUEST		Get all marketplace fees	1710448651652	1710448703801	OK	 
USER	Get Marketplace Fees	END	1710448703802
REQUEST		Get all marketplace fees	1710448651540	1710448703904	OK	 
REQUEST		Get all marketplace fees	1710448651697	1710448703904	OK	 
USER	Get Marketplace Fees	END	1710448703904
USER	Get Marketplace Fees	END	1710448703904
REQUEST		Get all marketplace fees	1710448651182	1710448703905	OK	 
USER	Get Marketplace Fees	END	1710448703905
REQUEST		Get all marketplace fees	1710448651764	1710448703982	OK	 
USER	Get Marketplace Fees	END	1710448703983
REQUEST		Get all marketplace fees	1710448651201	1710448704094	OK	 
USER	Get Marketplace Fees	END	1710448704095
REQUEST		Get all marketplace fees	1710448651554	1710448704379	OK	 
USER	Get Marketplace Fees	END	1710448704380
REQUEST		Get all marketplace fees	1710448651911	1710448704477	OK	 
USER	Get Marketplace Fees	END	1710448704478
REQUEST		Get all marketplace fees	1710448651792	1710448704700	OK	 
USER	Get Marketplace Fees	END	1710448704701
REQUEST		Get all marketplace fees	1710448651734	1710448704812	OK	 
USER	Get Marketplace Fees	END	1710448704814
REQUEST		Get all marketplace fees	1710448651710	1710448704989	OK	 
USER	Get Marketplace Fees	END	1710448704989
REQUEST		Get all marketplace fees	1710448652006	1710448705098	OK	 
USER	Get Marketplace Fees	END	1710448705098
REQUEST		Get all marketplace fees	1710448651678	1710448705182	OK	 
USER	Get Marketplace Fees	END	1710448705183
REQUEST		Get all marketplace fees	1710448651672	1710448705192	OK	 
USER	Get Marketplace Fees	END	1710448705193
REQUEST		Get all marketplace fees	1710448651822	1710448705235	OK	 
USER	Get Marketplace Fees	END	1710448705236
REQUEST		Get all marketplace fees	1710448651445	1710448705294	OK	 
USER	Get Marketplace Fees	END	1710448705294
REQUEST		Get all marketplace fees	1710448651634	1710448705332	OK	 
USER	Get Marketplace Fees	END	1710448705332
REQUEST		Get all marketplace fees	1710448651574	1710448705334	OK	 
USER	Get Marketplace Fees	END	1710448705334
REQUEST		Get all marketplace fees	1710448651967	1710448705466	OK	 
USER	Get Marketplace Fees	END	1710448705468
REQUEST		Get all marketplace fees	1710448651637	1710448705507	OK	 
REQUEST		Get all marketplace fees	1710448651601	1710448705507	OK	 
REQUEST		Get all marketplace fees	1710448651663	1710448705507	OK	 
USER	Get Marketplace Fees	END	1710448705508
USER	Get Marketplace Fees	END	1710448705508
USER	Get Marketplace Fees	END	1710448705508
REQUEST		Get all marketplace fees	1710448651481	1710448705602	OK	 
USER	Get Marketplace Fees	END	1710448705603
REQUEST		Get all marketplace fees	1710448651404	1710448705677	OK	 
USER	Get Marketplace Fees	END	1710448705677
REQUEST		Get all marketplace fees	1710448651922	1710448705704	OK	 
USER	Get Marketplace Fees	END	1710448705705
REQUEST		Get all marketplace fees	1710448651598	1710448705745	OK	 
USER	Get Marketplace Fees	END	1710448705746
REQUEST		Get all marketplace fees	1710448651595	1710448705815	OK	 
USER	Get Marketplace Fees	END	1710448705815
REQUEST		Get all marketplace fees	1710448651529	1710448705817	OK	 
USER	Get Marketplace Fees	END	1710448705818
REQUEST		Get all marketplace fees	1710448651786	1710448705913	OK	 
USER	Get Marketplace Fees	END	1710448705913
REQUEST		Get all marketplace fees	1710448651593	1710448705915	OK	 
USER	Get Marketplace Fees	END	1710448705916
REQUEST		Get all marketplace fees	1710448651684	1710448705944	OK	 
USER	Get Marketplace Fees	END	1710448705944
REQUEST		Get all marketplace fees	1710448651723	1710448706087	OK	 
USER	Get Marketplace Fees	END	1710448706088
REQUEST		Get all marketplace fees	1710448651828	1710448706145	OK	 
USER	Get Marketplace Fees	END	1710448706146
REQUEST		Get all marketplace fees	1710448651571	1710448706176	OK	 
USER	Get Marketplace Fees	END	1710448706176
REQUEST		Get all marketplace fees	1710448651749	1710448706284	OK	 
USER	Get Marketplace Fees	END	1710448706285
REQUEST		Get all marketplace fees	1710448651700	1710448706323	OK	 
USER	Get Marketplace Fees	END	1710448706324
REQUEST		Get all marketplace fees	1710448651609	1710448706329	OK	 
USER	Get Marketplace Fees	END	1710448706329
REQUEST		Get all marketplace fees	1710448651983	1710448706359	OK	 
USER	Get Marketplace Fees	END	1710448706359
REQUEST		Get all marketplace fees	1710448651716	1710448706386	OK	 
USER	Get Marketplace Fees	END	1710448706387
REQUEST		Get all marketplace fees	1710448651675	1710448706484	OK	 
USER	Get Marketplace Fees	END	1710448706485
REQUEST		Get all marketplace fees	1710448651817	1710448706522	OK	 
USER	Get Marketplace Fees	END	1710448706523
REQUEST		Get all marketplace fees	1710448651703	1710448706588	OK	 
REQUEST		Get all marketplace fees	1710448651875	1710448706588	OK	 
USER	Get Marketplace Fees	END	1710448706589
USER	Get Marketplace Fees	END	1710448706589
REQUEST		Get all marketplace fees	1710448651834	1710448706666	OK	 
USER	Get Marketplace Fees	END	1710448706666
REQUEST		Get all marketplace fees	1710448651727	1710448706707	OK	 
USER	Get Marketplace Fees	END	1710448706708
REQUEST		Get all marketplace fees	1710448651603	1710448706712	OK	 
USER	Get Marketplace Fees	END	1710448706713
REQUEST		Get all marketplace fees	1710448651769	1710448706871	OK	 
USER	Get Marketplace Fees	END	1710448706871
REQUEST		Get all marketplace fees	1710448651713	1710448706979	OK	 
USER	Get Marketplace Fees	END	1710448706980
REQUEST		Get all marketplace fees	1710448651741	1710448706988	OK	 
USER	Get Marketplace Fees	END	1710448706989
REQUEST		Get all marketplace fees	1710448651934	1710448707077	OK	 
USER	Get Marketplace Fees	END	1710448707079
REQUEST		Get all marketplace fees	1710448651801	1710448707085	OK	 
USER	Get Marketplace Fees	END	1710448707087
REQUEST		Get all marketplace fees	1710448651412	1710448707189	OK	 
USER	Get Marketplace Fees	END	1710448707190
REQUEST		Get all marketplace fees	1710448651617	1710448707221	OK	 
USER	Get Marketplace Fees	END	1710448707221
REQUEST		Get all marketplace fees	1710448651643	1710448707282	OK	 
USER	Get Marketplace Fees	END	1710448707283
REQUEST		Get all marketplace fees	1710448651853	1710448707292	OK	 
USER	Get Marketplace Fees	END	1710448707294
REQUEST		Get all marketplace fees	1710448651620	1710448707312	OK	 
USER	Get Marketplace Fees	END	1710448707312
REQUEST		Get all marketplace fees	1710448651730	1710448707333	OK	 
USER	Get Marketplace Fees	END	1710448707334
REQUEST		Get all marketplace fees	1710448651578	1710448707393	OK	 
USER	Get Marketplace Fees	END	1710448707394
REQUEST		Get all marketplace fees	1710448651860	1710448707398	OK	 
USER	Get Marketplace Fees	END	1710448707398
REQUEST		Get all marketplace fees	1710448651811	1710448707428	OK	 
USER	Get Marketplace Fees	END	1710448707429
REQUEST		Get all marketplace fees	1710448651806	1710448707499	OK	 
USER	Get Marketplace Fees	END	1710448707500
REQUEST		Get all marketplace fees	1710448651720	1710448707590	OK	 
USER	Get Marketplace Fees	END	1710448707590
REQUEST		Get all marketplace fees	1710448651314	1710448707700	OK	 
USER	Get Marketplace Fees	END	1710448707701
REQUEST		Get all marketplace fees	1710448651582	1710448707712	OK	 
REQUEST		Get all marketplace fees	1710448651867	1710448707712	OK	 
USER	Get Marketplace Fees	END	1710448707712
USER	Get Marketplace Fees	END	1710448707712
REQUEST		Get all marketplace fees	1710448651840	1710448707744	OK	 
USER	Get Marketplace Fees	END	1710448707745
REQUEST		Get all marketplace fees	1710448651648	1710448707773	OK	 
USER	Get Marketplace Fees	END	1710448707774
REQUEST		Get all marketplace fees	1710448651562	1710448707806	OK	 
USER	Get Marketplace Fees	END	1710448707807
REQUEST		Get all marketplace fees	1710448651471	1710448707834	OK	 
USER	Get Marketplace Fees	END	1710448707835
REQUEST		Get all marketplace fees	1710448651434	1710448707879	OK	 
REQUEST		Get all marketplace fees	1710448651737	1710448707879	OK	 
USER	Get Marketplace Fees	END	1710448707880
USER	Get Marketplace Fees	END	1710448707880
REQUEST		Get all marketplace fees	1710448651883	1710448707946	OK	 
USER	Get Marketplace Fees	END	1710448707947
REQUEST		Get all marketplace fees	1710448651669	1710448707951	OK	 
USER	Get Marketplace Fees	END	1710448707952
REQUEST		Get all marketplace fees	1710448651654	1710448707955	OK	 
USER	Get Marketplace Fees	END	1710448707955
REQUEST		Get all marketplace fees	1710448651756	1710448708184	OK	 
USER	Get Marketplace Fees	END	1710448708184
REQUEST		Get all marketplace fees	1710448651645	1710448708189	OK	 
USER	Get Marketplace Fees	END	1710448708190
REQUEST		Get all marketplace fees	1710448651796	1710448708190	OK	 
USER	Get Marketplace Fees	END	1710448708190
REQUEST		Get all marketplace fees	1710448651465	1710448708376	OK	 
USER	Get Marketplace Fees	END	1710448708377
