RUN	transactions.MarketplaceFeesPostSimulation	marketplacefeespostsimulation	1710469840245	 	3.10.4
USER	Login	START	1710469840701
REQUEST		Login	1710469840699	1710469841270	OK	 
USER	Login	END	1710469846321
USER	Post Marketplace Fees	START	1710469846712
USER	Post Marketplace Fees	START	1710469847192
USER	Post Marketplace Fees	START	1710469847693
REQUEST		Post marketplace fees	1710469847194	1710469848024	OK	 
USER	Post Marketplace Fees	END	1710469848025
USER	Post Marketplace Fees	START	1710469848189
REQUEST		Post marketplace fees	1710469846718	1710469848233	OK	 
USER	Post Marketplace Fees	END	1710469848236
USER	Post Marketplace Fees	START	1710469848688
REQUEST		Post marketplace fees	1710469847695	1710469848762	OK	 
USER	Post Marketplace Fees	END	1710469848763
USER	Post Marketplace Fees	START	1710469849190
REQUEST		Post marketplace fees	1710469848191	1710469849566	OK	 
USER	Post Marketplace Fees	END	1710469849568
USER	Post Marketplace Fees	START	1710469849688
REQUEST		Post marketplace fees	1710469848690	1710469849737	OK	 
USER	Post Marketplace Fees	END	1710469849737
USER	Post Marketplace Fees	START	1710469850189
USER	Post Marketplace Fees	START	1710469850688
REQUEST		Post marketplace fees	1710469849192	1710469850696	OK	 
USER	Post Marketplace Fees	END	1710469850698
REQUEST		Post marketplace fees	1710469849690	1710469851125	OK	 
USER	Post Marketplace Fees	END	1710469851127
USER	Post Marketplace Fees	START	1710469851189
USER	Post Marketplace Fees	START	1710469851688
REQUEST		Post marketplace fees	1710469850192	1710469851952	OK	 
USER	Post Marketplace Fees	END	1710469851954
USER	Post Marketplace Fees	START	1710469852189
REQUEST		Post marketplace fees	1710469851191	1710469852398	OK	 
USER	Post Marketplace Fees	END	1710469852400
REQUEST		Post marketplace fees	1710469850690	1710469852534	OK	 
USER	Post Marketplace Fees	END	1710469852535
USER	Post Marketplace Fees	START	1710469852688
REQUEST		Post marketplace fees	1710469851699	1710469853020	OK	 
USER	Post Marketplace Fees	END	1710469853022
USER	Post Marketplace Fees	START	1710469853189
REQUEST		Post marketplace fees	1710469852190	1710469853298	OK	 
USER	Post Marketplace Fees	END	1710469853299
REQUEST		Post marketplace fees	1710469852690	1710469853439	OK	 
USER	Post Marketplace Fees	END	1710469853441
USER	Post Marketplace Fees	START	1710469853687
REQUEST		Post marketplace fees	1710469853190	1710469853923	OK	 
USER	Post Marketplace Fees	END	1710469853924
USER	Post Marketplace Fees	START	1710469854188
REQUEST		Post marketplace fees	1710469853688	1710469854525	OK	 
USER	Post Marketplace Fees	END	1710469854527
USER	Post Marketplace Fees	START	1710469854688
USER	Post Marketplace Fees	START	1710469855189
REQUEST		Post marketplace fees	1710469854189	1710469855324	OK	 
USER	Post Marketplace Fees	END	1710469855325
USER	Post Marketplace Fees	START	1710469855688
REQUEST		Post marketplace fees	1710469854690	1710469855837	OK	 
USER	Post Marketplace Fees	END	1710469855839
USER	Post Marketplace Fees	START	1710469856190
REQUEST		Post marketplace fees	1710469855190	1710469856514	OK	 
USER	Post Marketplace Fees	END	1710469856516
REQUEST		Post marketplace fees	1710469855690	1710469856523	OK	 
USER	Post Marketplace Fees	END	1710469856525
USER	Post Marketplace Fees	START	1710469856687
REQUEST		Post marketplace fees	1710469856191	1710469857034	OK	 
USER	Post Marketplace Fees	END	1710469857036
USER	Post Marketplace Fees	START	1710469857188
USER	Post Marketplace Fees	START	1710469857687
REQUEST		Post marketplace fees	1710469856688	1710469857713	OK	 
USER	Post Marketplace Fees	END	1710469857713
USER	Post Marketplace Fees	START	1710469858188
REQUEST		Post marketplace fees	1710469857190	1710469858624	OK	 
USER	Post Marketplace Fees	END	1710469858625
USER	Post Marketplace Fees	START	1710469858687
REQUEST		Post marketplace fees	1710469858188	1710469858921	OK	 
USER	Post Marketplace Fees	END	1710469858923
REQUEST		Post marketplace fees	1710469857688	1710469859081	OK	 
USER	Post Marketplace Fees	END	1710469859083
USER	Post Marketplace Fees	START	1710469859188
USER	Post Marketplace Fees	START	1710469859688
REQUEST		Post marketplace fees	1710469858689	1710469859947	OK	 
USER	Post Marketplace Fees	END	1710469859948
USER	Post Marketplace Fees	START	1710469860188
REQUEST		Post marketplace fees	1710469859688	1710469860421	OK	 
USER	Post Marketplace Fees	END	1710469860423
REQUEST		Post marketplace fees	1710469859191	1710469860626	OK	 
USER	Post Marketplace Fees	END	1710469860628
USER	Post Marketplace Fees	START	1710469860688
USER	Post Marketplace Fees	START	1710469861022
REQUEST		Post marketplace fees	1710469860189	1710469861226	OK	 
USER	Post Marketplace Fees	END	1710469861227
USER	Post Marketplace Fees	START	1710469861355
USER	Post Marketplace Fees	START	1710469861687
REQUEST		Post marketplace fees	1710469860688	1710469861818	OK	 
USER	Post Marketplace Fees	END	1710469861819
REQUEST		Post marketplace fees	1710469861023	1710469862159	OK	 
USER	Post Marketplace Fees	END	1710469862160
USER	Post Marketplace Fees	START	1710469862188
REQUEST		Post marketplace fees	1710469861356	1710469862559	OK	 
USER	Post Marketplace Fees	END	1710469862561
USER	Post Marketplace Fees	START	1710469862688
USER	Post Marketplace Fees	START	1710469863021
REQUEST		Post marketplace fees	1710469861689	1710469863027	OK	 
USER	Post Marketplace Fees	END	1710469863028
USER	Post Marketplace Fees	START	1710469863354
REQUEST		Post marketplace fees	1710469862189	1710469863626	OK	 
REQUEST		Post marketplace fees	1710469862689	1710469863626	OK	 
USER	Post Marketplace Fees	END	1710469863627
USER	Post Marketplace Fees	END	1710469863627
USER	Post Marketplace Fees	START	1710469863688
USER	Post Marketplace Fees	START	1710469864021
REQUEST		Post marketplace fees	1710469863021	1710469864104	OK	 
USER	Post Marketplace Fees	END	1710469864104
REQUEST		Post marketplace fees	1710469863355	1710469864233	OK	 
USER	Post Marketplace Fees	END	1710469864234
USER	Post Marketplace Fees	START	1710469864355
USER	Post Marketplace Fees	START	1710469864688
REQUEST		Post marketplace fees	1710469863689	1710469864820	OK	 
USER	Post Marketplace Fees	END	1710469864821
USER	Post Marketplace Fees	START	1710469865021
USER	Post Marketplace Fees	START	1710469865355
REQUEST		Post marketplace fees	1710469864022	1710469865403	OK	 
USER	Post Marketplace Fees	END	1710469865404
USER	Post Marketplace Fees	START	1710469865688
REQUEST		Post marketplace fees	1710469864356	1710469865941	OK	 
USER	Post Marketplace Fees	END	1710469865942
REQUEST		Post marketplace fees	1710469864689	1710469865993	OK	 
USER	Post Marketplace Fees	END	1710469865994
USER	Post Marketplace Fees	START	1710469866021
REQUEST		Post marketplace fees	1710469865022	1710469866128	OK	 
USER	Post Marketplace Fees	END	1710469866129
USER	Post Marketplace Fees	START	1710469866355
REQUEST		Post marketplace fees	1710469865356	1710469866526	OK	 
USER	Post Marketplace Fees	END	1710469866527
USER	Post Marketplace Fees	START	1710469866688
REQUEST		Post marketplace fees	1710469865688	1710469866891	OK	 
USER	Post Marketplace Fees	END	1710469866893
USER	Post Marketplace Fees	START	1710469867021
REQUEST		Post marketplace fees	1710469866022	1710469867323	OK	 
USER	Post Marketplace Fees	END	1710469867325
USER	Post Marketplace Fees	START	1710469867355
REQUEST		Post marketplace fees	1710469866357	1710469867599	OK	 
USER	Post Marketplace Fees	END	1710469867600
USER	Post Marketplace Fees	START	1710469867687
USER	Post Marketplace Fees	START	1710469868021
REQUEST		Post marketplace fees	1710469866689	1710469868196	OK	 
USER	Post Marketplace Fees	END	1710469868197
USER	Post Marketplace Fees	START	1710469868355
REQUEST		Post marketplace fees	1710469867023	1710469868358	OK	 
USER	Post Marketplace Fees	END	1710469868359
REQUEST		Post marketplace fees	1710469867689	1710469868626	OK	 
USER	Post Marketplace Fees	END	1710469868627
USER	Post Marketplace Fees	START	1710469868688
REQUEST		Post marketplace fees	1710469867356	1710469868688	OK	 
USER	Post Marketplace Fees	END	1710469868690
REQUEST		Post marketplace fees	1710469868022	1710469868940	OK	 
USER	Post Marketplace Fees	END	1710469868942
USER	Post Marketplace Fees	START	1710469869021
USER	Post Marketplace Fees	START	1710469869354
REQUEST		Post marketplace fees	1710469868356	1710469869499	OK	 
USER	Post Marketplace Fees	END	1710469869500
USER	Post Marketplace Fees	START	1710469869688
USER	Post Marketplace Fees	START	1710469870021
REQUEST		Post marketplace fees	1710469869355	1710469870241	OK	 
USER	Post Marketplace Fees	END	1710469870241
USER	Post Marketplace Fees	START	1710469870354
REQUEST		Post marketplace fees	1710469868689	1710469870395	OK	 
USER	Post Marketplace Fees	END	1710469870397
REQUEST		Post marketplace fees	1710469869022	1710469870529	OK	 
USER	Post Marketplace Fees	END	1710469870531
USER	Post Marketplace Fees	START	1710469870687
USER	Post Marketplace Fees	START	1710469871021
REQUEST		Post marketplace fees	1710469869689	1710469871195	OK	 
USER	Post Marketplace Fees	END	1710469871195
USER	Post Marketplace Fees	START	1710469871354
REQUEST		Post marketplace fees	1710469870022	1710469871430	OK	 
USER	Post Marketplace Fees	END	1710469871432
USER	Post Marketplace Fees	START	1710469871688
USER	Post Marketplace Fees	START	1710469872022
REQUEST		Post marketplace fees	1710469870689	1710469872129	OK	 
USER	Post Marketplace Fees	END	1710469872130
USER	Post Marketplace Fees	START	1710469872355
REQUEST		Post marketplace fees	1710469870355	1710469872397	OK	 
USER	Post Marketplace Fees	END	1710469872399
REQUEST		Post marketplace fees	1710469871690	1710469872632	OK	 
USER	Post Marketplace Fees	END	1710469872633
USER	Post Marketplace Fees	START	1710469872688
USER	Post Marketplace Fees	START	1710469873021
REQUEST		Post marketplace fees	1710469871354	1710469873057	OK	 
USER	Post Marketplace Fees	END	1710469873058
REQUEST		Post marketplace fees	1710469871023	1710469873157	OK	 
USER	Post Marketplace Fees	END	1710469873158
USER	Post Marketplace Fees	START	1710469873354
REQUEST		Post marketplace fees	1710469872023	1710469873536	OK	 
USER	Post Marketplace Fees	END	1710469873538
USER	Post Marketplace Fees	START	1710469873687
REQUEST		Post marketplace fees	1710469872357	1710469873926	OK	 
USER	Post Marketplace Fees	END	1710469873928
USER	Post Marketplace Fees	START	1710469874021
REQUEST		Post marketplace fees	1710469872689	1710469874113	OK	 
USER	Post Marketplace Fees	END	1710469874114
USER	Post Marketplace Fees	START	1710469874353
REQUEST		Post marketplace fees	1710469873023	1710469874426	OK	 
USER	Post Marketplace Fees	END	1710469874427
REQUEST		Post marketplace fees	1710469873355	1710469874562	OK	 
USER	Post Marketplace Fees	END	1710469874564
USER	Post Marketplace Fees	START	1710469874688
REQUEST		Post marketplace fees	1710469873688	1710469874832	OK	 
USER	Post Marketplace Fees	END	1710469874833
USER	Post Marketplace Fees	START	1710469875021
USER	Post Marketplace Fees	START	1710469875355
REQUEST		Post marketplace fees	1710469874022	1710469875618	OK	 
USER	Post Marketplace Fees	END	1710469875619
USER	Post Marketplace Fees	START	1710469875687
REQUEST		Post marketplace fees	1710469874688	1710469875821	OK	 
USER	Post Marketplace Fees	END	1710469875823
USER	Post Marketplace Fees	START	1710469876021
REQUEST		Post marketplace fees	1710469874355	1710469876097	OK	 
USER	Post Marketplace Fees	END	1710469876099
USER	Post Marketplace Fees	START	1710469876354
REQUEST		Post marketplace fees	1710469875023	1710469876423	OK	 
USER	Post Marketplace Fees	END	1710469876424
REQUEST		Post marketplace fees	1710469875689	1710469876619	OK	 
USER	Post Marketplace Fees	END	1710469876620
USER	Post Marketplace Fees	START	1710469876687
USER	Post Marketplace Fees	START	1710469877021
REQUEST		Post marketplace fees	1710469876022	1710469877058	OK	 
USER	Post Marketplace Fees	END	1710469877060
REQUEST		Post marketplace fees	1710469875356	1710469877227	OK	 
USER	Post Marketplace Fees	END	1710469877228
USER	Post Marketplace Fees	START	1710469877354
REQUEST		Post marketplace fees	1710469876356	1710469877587	OK	 
USER	Post Marketplace Fees	END	1710469877588
USER	Post Marketplace Fees	START	1710469877688
USER	Post Marketplace Fees	START	1710469878021
REQUEST		Post marketplace fees	1710469877023	1710469878276	OK	 
USER	Post Marketplace Fees	END	1710469878276
REQUEST		Post marketplace fees	1710469876688	1710469878298	OK	 
USER	Post Marketplace Fees	END	1710469878299
USER	Post Marketplace Fees	START	1710469878355
USER	Post Marketplace Fees	START	1710469878687
REQUEST		Post marketplace fees	1710469877355	1710469878744	OK	 
USER	Post Marketplace Fees	END	1710469878745
USER	Post Marketplace Fees	START	1710469879020
USER	Post Marketplace Fees	START	1710469879354
REQUEST		Post marketplace fees	1710469877690	1710469879398	OK	 
USER	Post Marketplace Fees	END	1710469879399
USER	Post Marketplace Fees	START	1710469879687
USER	Post Marketplace Fees	START	1710469880021
USER	Post Marketplace Fees	START	1710469880354
REQUEST		Post marketplace fees	1710469879022	1710469880419	OK	 
USER	Post Marketplace Fees	END	1710469880419
USER	Post Marketplace Fees	START	1710469880687
REQUEST		Post marketplace fees	1710469878689	1710469880727	OK	 
USER	Post Marketplace Fees	END	1710469880728
REQUEST		Post marketplace fees	1710469878023	1710469880836	OK	 
USER	Post Marketplace Fees	END	1710469880837
REQUEST		Post marketplace fees	1710469878356	1710469880921	OK	 
USER	Post Marketplace Fees	END	1710469880922
USER	Post Marketplace Fees	START	1710469880937
REQUEST		Post marketplace fees	1710469880021	1710469881036	OK	 
USER	Post Marketplace Fees	END	1710469881036
USER	Post Marketplace Fees	START	1710469881188
USER	Post Marketplace Fees	START	1710469881438
USER	Post Marketplace Fees	START	1710469881687
REQUEST		Post marketplace fees	1710469879355	1710469881834	OK	 
USER	Post Marketplace Fees	END	1710469881836
REQUEST		Post marketplace fees	1710469879688	1710469881875	OK	 
USER	Post Marketplace Fees	END	1710469881876
USER	Post Marketplace Fees	START	1710469882021
REQUEST		Post marketplace fees	1710469880355	1710469882030	OK	 
USER	Post Marketplace Fees	END	1710469882032
USER	Post Marketplace Fees	START	1710469882354
REQUEST		Post marketplace fees	1710469881189	1710469882652	OK	 
USER	Post Marketplace Fees	END	1710469882654
USER	Post Marketplace Fees	START	1710469882687
USER	Post Marketplace Fees	START	1710469882938
REQUEST		Post marketplace fees	1710469881440	1710469883019	OK	 
USER	Post Marketplace Fees	END	1710469883020
USER	Post Marketplace Fees	START	1710469883188
REQUEST		Post marketplace fees	1710469881689	1710469883312	OK	 
USER	Post Marketplace Fees	END	1710469883312
REQUEST		Post marketplace fees	1710469880688	1710469883314	OK	 
USER	Post Marketplace Fees	END	1710469883315
USER	Post Marketplace Fees	START	1710469883438
USER	Post Marketplace Fees	START	1710469883687
REQUEST		Post marketplace fees	1710469880938	1710469883729	OK	 
REQUEST		Post marketplace fees	1710469882022	1710469883729	OK	 
USER	Post Marketplace Fees	END	1710469883729
USER	Post Marketplace Fees	END	1710469883730
REQUEST		Post marketplace fees	1710469882689	1710469883782	OK	 
USER	Post Marketplace Fees	END	1710469883784
USER	Post Marketplace Fees	START	1710469883937
REQUEST		Post marketplace fees	1710469882355	1710469884022	OK	 
USER	Post Marketplace Fees	END	1710469884023
USER	Post Marketplace Fees	START	1710469884188
REQUEST		Post marketplace fees	1710469882938	1710469884413	OK	 
USER	Post Marketplace Fees	END	1710469884414
USER	Post Marketplace Fees	START	1710469884438
REQUEST		Post marketplace fees	1710469883188	1710469884525	OK	 
USER	Post Marketplace Fees	END	1710469884526
USER	Post Marketplace Fees	START	1710469884688
USER	Post Marketplace Fees	START	1710469884938
USER	Post Marketplace Fees	START	1710469885188
USER	Post Marketplace Fees	START	1710469885438
USER	Post Marketplace Fees	START	1710469885688
REQUEST		Post marketplace fees	1710469883938	1710469885692	OK	 
USER	Post Marketplace Fees	END	1710469885693
REQUEST		Post marketplace fees	1710469884438	1710469885718	OK	 
USER	Post Marketplace Fees	END	1710469885718
REQUEST		Post marketplace fees	1710469883439	1710469885857	OK	 
USER	Post Marketplace Fees	END	1710469885858
REQUEST		Post marketplace fees	1710469883689	1710469885929	OK	 
USER	Post Marketplace Fees	END	1710469885930
USER	Post Marketplace Fees	START	1710469885938
REQUEST		Post marketplace fees	1710469884189	1710469886032	OK	 
USER	Post Marketplace Fees	END	1710469886032
USER	Post Marketplace Fees	START	1710469886188
USER	Post Marketplace Fees	START	1710469886438
REQUEST		Post marketplace fees	1710469885189	1710469886493	OK	 
USER	Post Marketplace Fees	END	1710469886494
USER	Post Marketplace Fees	START	1710469886687
USER	Post Marketplace Fees	START	1710469886937
REQUEST		Post marketplace fees	1710469884939	1710469887034	OK	 
USER	Post Marketplace Fees	END	1710469887034
USER	Post Marketplace Fees	START	1710469887188
USER	Post Marketplace Fees	START	1710469887437
USER	Post Marketplace Fees	START	1710469887687
REQUEST		Post marketplace fees	1710469885439	1710469887922	OK	 
USER	Post Marketplace Fees	END	1710469887923
USER	Post Marketplace Fees	START	1710469887938
REQUEST		Post marketplace fees	1710469885688	1710469888075	OK	 
USER	Post Marketplace Fees	END	1710469888076
REQUEST		Post marketplace fees	1710469885938	1710469888103	OK	 
USER	Post Marketplace Fees	END	1710469888104
USER	Post Marketplace Fees	START	1710469888188
REQUEST		Post marketplace fees	1710469884689	1710469888202	OK	 
USER	Post Marketplace Fees	END	1710469888203
REQUEST		Post marketplace fees	1710469886189	1710469888226	OK	 
USER	Post Marketplace Fees	END	1710469888226
REQUEST		Post marketplace fees	1710469886439	1710469888324	OK	 
USER	Post Marketplace Fees	END	1710469888325
USER	Post Marketplace Fees	START	1710469888438
USER	Post Marketplace Fees	START	1710469888687
USER	Post Marketplace Fees	START	1710469888937
REQUEST		Post marketplace fees	1710469887438	1710469889126	OK	 
USER	Post Marketplace Fees	END	1710469889127
USER	Post Marketplace Fees	START	1710469889188
REQUEST		Post marketplace fees	1710469886688	1710469889315	OK	 
USER	Post Marketplace Fees	END	1710469889316
REQUEST		Post marketplace fees	1710469886939	1710469889420	OK	 
USER	Post Marketplace Fees	END	1710469889422
USER	Post Marketplace Fees	START	1710469889437
REQUEST		Post marketplace fees	1710469887188	1710469889628	OK	 
USER	Post Marketplace Fees	END	1710469889628
USER	Post Marketplace Fees	START	1710469889688
USER	Post Marketplace Fees	START	1710469889938
USER	Post Marketplace Fees	START	1710469890188
REQUEST		Post marketplace fees	1710469887688	1710469890393	OK	 
USER	Post Marketplace Fees	END	1710469890393
USER	Post Marketplace Fees	START	1710469890438
USER	Post Marketplace Fees	START	1710469890688
REQUEST		Post marketplace fees	1710469888688	1710469890730	OK	 
USER	Post Marketplace Fees	END	1710469890730
REQUEST		Post marketplace fees	1710469887938	1710469890888	OK	 
USER	Post Marketplace Fees	END	1710469890888
USER	Post Marketplace Fees	START	1710469890938
REQUEST		Post marketplace fees	1710469888938	1710469891107	OK	 
USER	Post Marketplace Fees	END	1710469891108
REQUEST		Post marketplace fees	1710469888439	1710469891121	OK	 
USER	Post Marketplace Fees	END	1710469891122
USER	Post Marketplace Fees	START	1710469891188
USER	Post Marketplace Fees	START	1710469891438
USER	Post Marketplace Fees	START	1710469891687
REQUEST		Post marketplace fees	1710469889189	1710469891699	OK	 
USER	Post Marketplace Fees	END	1710469891699
REQUEST		Post marketplace fees	1710469888189	1710469891929	OK	 
USER	Post Marketplace Fees	END	1710469891929
USER	Post Marketplace Fees	START	1710469891938
USER	Post Marketplace Fees	START	1710469892188
REQUEST		Post marketplace fees	1710469889938	1710469892290	OK	 
USER	Post Marketplace Fees	END	1710469892290
USER	Post Marketplace Fees	START	1710469892438
REQUEST		Post marketplace fees	1710469889439	1710469892654	OK	 
USER	Post Marketplace Fees	END	1710469892654
USER	Post Marketplace Fees	START	1710469892687
USER	Post Marketplace Fees	START	1710469892937
REQUEST		Post marketplace fees	1710469890689	1710469893061	OK	 
USER	Post Marketplace Fees	END	1710469893062
REQUEST		Post marketplace fees	1710469889689	1710469893098	OK	 
USER	Post Marketplace Fees	END	1710469893099
USER	Post Marketplace Fees	START	1710469893188
REQUEST		Post marketplace fees	1710469890939	1710469893428	OK	 
USER	Post Marketplace Fees	END	1710469893429
USER	Post Marketplace Fees	START	1710469893437
USER	Post Marketplace Fees	START	1710469893687
REQUEST		Post marketplace fees	1710469890439	1710469893927	OK	 
USER	Post Marketplace Fees	END	1710469893928
USER	Post Marketplace Fees	START	1710469893937
REQUEST		Post marketplace fees	1710469891189	1710469894142	OK	 
USER	Post Marketplace Fees	END	1710469894143
USER	Post Marketplace Fees	START	1710469894188
REQUEST		Post marketplace fees	1710469891439	1710469894429	OK	 
USER	Post Marketplace Fees	END	1710469894429
USER	Post Marketplace Fees	START	1710469894437
REQUEST		Post marketplace fees	1710469891688	1710469894502	OK	 
USER	Post Marketplace Fees	END	1710469894503
REQUEST		Post marketplace fees	1710469890189	1710469894587	OK	 
USER	Post Marketplace Fees	END	1710469894588
REQUEST		Post marketplace fees	1710469892688	1710469894618	OK	 
USER	Post Marketplace Fees	END	1710469894619
USER	Post Marketplace Fees	START	1710469894688
USER	Post Marketplace Fees	START	1710469894938
REQUEST		Post marketplace fees	1710469892438	1710469895064	OK	 
USER	Post Marketplace Fees	END	1710469895064
USER	Post Marketplace Fees	START	1710469895188
USER	Post Marketplace Fees	START	1710469895438
REQUEST		Post marketplace fees	1710469893189	1710469895624	OK	 
USER	Post Marketplace Fees	END	1710469895626
USER	Post Marketplace Fees	START	1710469895687
USER	Post Marketplace Fees	START	1710469895937
USER	Post Marketplace Fees	START	1710469896188
USER	Post Marketplace Fees	START	1710469896437
REQUEST		Post marketplace fees	1710469894438	1710469896636	OK	 
USER	Post Marketplace Fees	END	1710469896637
USER	Post Marketplace Fees	START	1710469896687
USER	Post Marketplace Fees	START	1710469896937
USER	Post Marketplace Fees	START	1710469897187
REQUEST		Post marketplace fees	1710469891938	1710469897355	OK	 
USER	Post Marketplace Fees	END	1710469897356
USER	Post Marketplace Fees	START	1710469897438
REQUEST		Post marketplace fees	1710469893688	1710469897633	OK	 
REQUEST		Post marketplace fees	1710469892189	1710469897633	OK	 
USER	Post Marketplace Fees	END	1710469897634
USER	Post Marketplace Fees	END	1710469897634
USER	Post Marketplace Fees	START	1710469897687
REQUEST		Post marketplace fees	1710469892938	1710469897926	OK	 
USER	Post Marketplace Fees	END	1710469897927
REQUEST		Post marketplace fees	1710469893438	1710469897928	OK	 
USER	Post Marketplace Fees	END	1710469897930
USER	Post Marketplace Fees	START	1710469897937
REQUEST		Post marketplace fees	1710469894688	1710469898025	OK	 
USER	Post Marketplace Fees	END	1710469898025
USER	Post Marketplace Fees	START	1710469898188
REQUEST		Post marketplace fees	1710469894189	1710469898321	OK	 
USER	Post Marketplace Fees	END	1710469898322
USER	Post Marketplace Fees	START	1710469898438
USER	Post Marketplace Fees	START	1710469898687
REQUEST		Post marketplace fees	1710469894938	1710469898741	OK	 
USER	Post Marketplace Fees	END	1710469898743
USER	Post Marketplace Fees	START	1710469898938
REQUEST		Post marketplace fees	1710469893938	1710469899119	OK	 
USER	Post Marketplace Fees	END	1710469899120
USER	Post Marketplace Fees	START	1710469899188
REQUEST		Post marketplace fees	1710469895439	1710469899196	OK	 
USER	Post Marketplace Fees	END	1710469899196
USER	Post Marketplace Fees	START	1710469899438
REQUEST		Post marketplace fees	1710469895688	1710469899524	OK	 
USER	Post Marketplace Fees	END	1710469899525
USER	Post Marketplace Fees	START	1710469899687
USER	Post Marketplace Fees	START	1710469899937
USER	Post Marketplace Fees	START	1710469900188
REQUEST		Post marketplace fees	1710469896189	1710469900324	OK	 
USER	Post Marketplace Fees	END	1710469900324
USER	Post Marketplace Fees	START	1710469900438
USER	Post Marketplace Fees	START	1710469900688
USER	Post Marketplace Fees	START	1710469900888
USER	Post Marketplace Fees	START	1710469901088
REQUEST		Post marketplace fees	1710469896938	1710469901241	OK	 
USER	Post Marketplace Fees	END	1710469901243
USER	Post Marketplace Fees	START	1710469901288
REQUEST		Post marketplace fees	1710469895938	1710469901337	OK	 
USER	Post Marketplace Fees	END	1710469901337
USER	Post Marketplace Fees	START	1710469901489
USER	Post Marketplace Fees	START	1710469901687
REQUEST		Post marketplace fees	1710469897188	1710469901765	OK	 
USER	Post Marketplace Fees	END	1710469901767
REQUEST		Post marketplace fees	1710469896438	1710469901825	OK	 
USER	Post Marketplace Fees	END	1710469901826
REQUEST		Post marketplace fees	1710469897439	1710469901927	OK	 
USER	Post Marketplace Fees	END	1710469901927
USER	Post Marketplace Fees	START	1710469901937
REQUEST		Post marketplace fees	1710469895189	1710469902025	OK	 
USER	Post Marketplace Fees	END	1710469902026
USER	Post Marketplace Fees	START	1710469902188
USER	Post Marketplace Fees	START	1710469902438
USER	Post Marketplace Fees	START	1710469902687
USER	Post Marketplace Fees	START	1710469902887
USER	Post Marketplace Fees	START	1710469903088
REQUEST		Post marketplace fees	1710469897688	1710469903235	OK	 
USER	Post Marketplace Fees	END	1710469903235
USER	Post Marketplace Fees	START	1710469903287
USER	Post Marketplace Fees	START	1710469903488
USER	Post Marketplace Fees	START	1710469903688
REQUEST		Post marketplace fees	1710469899188	1710469903839	OK	 
USER	Post Marketplace Fees	END	1710469903840
USER	Post Marketplace Fees	START	1710469903888
REQUEST		Post marketplace fees	1710469897939	1710469903994	OK	 
USER	Post Marketplace Fees	END	1710469903995
USER	Post Marketplace Fees	START	1710469904088
REQUEST		Post marketplace fees	1710469896688	1710469904126	OK	 
USER	Post Marketplace Fees	END	1710469904127
USER	Post Marketplace Fees	START	1710469904288
REQUEST		Post marketplace fees	1710469898938	1710469904323	OK	 
USER	Post Marketplace Fees	END	1710469904324
USER	Post Marketplace Fees	START	1710469904489
REQUEST		Post marketplace fees	1710469898439	1710469904527	OK	 
USER	Post Marketplace Fees	END	1710469904528
USER	Post Marketplace Fees	START	1710469904688
USER	Post Marketplace Fees	START	1710469904888
USER	Post Marketplace Fees	START	1710469905088
REQUEST		Post marketplace fees	1710469898688	1710469905220	OK	 
USER	Post Marketplace Fees	END	1710469905220
USER	Post Marketplace Fees	START	1710469905289
REQUEST		Post marketplace fees	1710469898188	1710469905308	OK	 
USER	Post Marketplace Fees	END	1710469905310
USER	Post Marketplace Fees	START	1710469905488
USER	Post Marketplace Fees	START	1710469905687
REQUEST		Post marketplace fees	1710469900689	1710469905817	OK	 
USER	Post Marketplace Fees	END	1710469905818
USER	Post Marketplace Fees	START	1710469905887
REQUEST		Post marketplace fees	1710469899439	1710469905942	OK	 
USER	Post Marketplace Fees	END	1710469905942
USER	Post Marketplace Fees	START	1710469906088
USER	Post Marketplace Fees	START	1710469906288
REQUEST		Post marketplace fees	1710469899938	1710469906463	OK	 
USER	Post Marketplace Fees	END	1710469906463
USER	Post Marketplace Fees	START	1710469906489
USER	Post Marketplace Fees	START	1710469906688
USER	Post Marketplace Fees	START	1710469906888
USER	Post Marketplace Fees	START	1710469907088
USER	Post Marketplace Fees	START	1710469907288
USER	Post Marketplace Fees	START	1710469907488
USER	Post Marketplace Fees	START	1710469907687
REQUEST		Post marketplace fees	1710469900439	1710469907815	OK	 
USER	Post Marketplace Fees	END	1710469907816
REQUEST		Post marketplace fees	1710469900888	1710469907831	OK	 
USER	Post Marketplace Fees	END	1710469907832
USER	Post Marketplace Fees	START	1710469907888
USER	Post Marketplace Fees	START	1710469908088
REQUEST		Post marketplace fees	1710469899688	1710469908111	OK	 
USER	Post Marketplace Fees	END	1710469908112
REQUEST		Post marketplace fees	1710469900189	1710469908226	OK	 
USER	Post Marketplace Fees	END	1710469908227
USER	Post Marketplace Fees	START	1710469908288
USER	Post Marketplace Fees	START	1710469908488
USER	Post Marketplace Fees	START	1710469908687
USER	Post Marketplace Fees	START	1710469908887
USER	Post Marketplace Fees	START	1710469909088
USER	Post Marketplace Fees	START	1710469909288
REQUEST		Post marketplace fees	1710469901289	1710469909440	OK	 
USER	Post Marketplace Fees	END	1710469909442
USER	Post Marketplace Fees	START	1710469909488
USER	Post Marketplace Fees	START	1710469909687
USER	Post Marketplace Fees	START	1710469909888
USER	Post Marketplace Fees	START	1710469910088
REQUEST		Post marketplace fees	1710469901938	1710469910120	OK	 
USER	Post Marketplace Fees	END	1710469910120
USER	Post Marketplace Fees	START	1710469910287
USER	Post Marketplace Fees	START	1710469910488
USER	Post Marketplace Fees	START	1710469910687
USER	Post Marketplace Fees	START	1710469910887
REQUEST		Post marketplace fees	1710469901090	1710469911028	OK	 
USER	Post Marketplace Fees	END	1710469911029
USER	Post Marketplace Fees	START	1710469911088
USER	Post Marketplace Fees	START	1710469911288
USER	Post Marketplace Fees	START	1710469911487
USER	Post Marketplace Fees	START	1710469911687
REQUEST		Post marketplace fees	1710469902688	1710469911693	OK	 
USER	Post Marketplace Fees	END	1710469911694
REQUEST		Post marketplace fees	1710469901688	1710469911827	OK	 
USER	Post Marketplace Fees	END	1710469911828
USER	Post Marketplace Fees	START	1710469911887
USER	Post Marketplace Fees	START	1710469912087
USER	Post Marketplace Fees	START	1710469912287
USER	Post Marketplace Fees	START	1710469912488
USER	Post Marketplace Fees	START	1710469912687
USER	Post Marketplace Fees	START	1710469912887
USER	Post Marketplace Fees	START	1710469913088
REQUEST		Post marketplace fees	1710469901490	1710469913130	OK	 
USER	Post Marketplace Fees	END	1710469913131
USER	Post Marketplace Fees	START	1710469913288
USER	Post Marketplace Fees	START	1710469913488
USER	Post Marketplace Fees	START	1710469913688
USER	Post Marketplace Fees	START	1710469913888
USER	Post Marketplace Fees	START	1710469914088
USER	Post Marketplace Fees	START	1710469914288
USER	Post Marketplace Fees	START	1710469914488
REQUEST		Post marketplace fees	1710469903088	1710469914523	OK	 
USER	Post Marketplace Fees	END	1710469914524
USER	Post Marketplace Fees	START	1710469914687
USER	Post Marketplace Fees	START	1710469914887
REQUEST		Post marketplace fees	1710469904089	1710469915022	OK	 
USER	Post Marketplace Fees	END	1710469915023
USER	Post Marketplace Fees	START	1710469915087
REQUEST		Post marketplace fees	1710469902439	1710469915098	OK	 
USER	Post Marketplace Fees	END	1710469915099
USER	Post Marketplace Fees	START	1710469915287
REQUEST		Post marketplace fees	1710469902189	1710469915454	OK	 
USER	Post Marketplace Fees	END	1710469915455
USER	Post Marketplace Fees	START	1710469915488
REQUEST		Post marketplace fees	1710469904289	1710469915648	OK	 
USER	Post Marketplace Fees	END	1710469915649
USER	Post Marketplace Fees	START	1710469915688
REQUEST		Post marketplace fees	1710469905290	1710469915722	OK	 
USER	Post Marketplace Fees	END	1710469915723
USER	Post Marketplace Fees	START	1710469915888
USER	Post Marketplace Fees	START	1710469916087
REQUEST		Post marketplace fees	1710469903689	1710469916126	OK	 
USER	Post Marketplace Fees	END	1710469916126
USER	Post Marketplace Fees	START	1710469916288
USER	Post Marketplace Fees	START	1710469916488
REQUEST		Post marketplace fees	1710469903488	1710469916491	OK	 
USER	Post Marketplace Fees	END	1710469916492
REQUEST		Post marketplace fees	1710469902889	1710469916497	OK	 
USER	Post Marketplace Fees	END	1710469916498
REQUEST		Post marketplace fees	1710469904489	1710469916528	OK	 
USER	Post Marketplace Fees	END	1710469916529
REQUEST		Post marketplace fees	1710469905089	1710469916533	OK	 
USER	Post Marketplace Fees	END	1710469916534
USER	Post Marketplace Fees	START	1710469916687
REQUEST		Post marketplace fees	1710469903288	1710469916854	OK	 
USER	Post Marketplace Fees	END	1710469916855
USER	Post Marketplace Fees	START	1710469916887
REQUEST		Post marketplace fees	1710469903888	1710469917032	OK	 
USER	Post Marketplace Fees	END	1710469917032
USER	Post Marketplace Fees	START	1710469917088
USER	Post Marketplace Fees	START	1710469917288
USER	Post Marketplace Fees	START	1710469917488
USER	Post Marketplace Fees	START	1710469917687
USER	Post Marketplace Fees	START	1710469917888
REQUEST		Post marketplace fees	1710469904689	1710469917928	OK	 
USER	Post Marketplace Fees	END	1710469917929
USER	Post Marketplace Fees	START	1710469918088
USER	Post Marketplace Fees	START	1710469918288
REQUEST		Post marketplace fees	1710469904889	1710469918389	OK	 
USER	Post Marketplace Fees	END	1710469918390
USER	Post Marketplace Fees	START	1710469918489
USER	Post Marketplace Fees	START	1710469918688
REQUEST		Post marketplace fees	1710469905888	1710469918795	OK	 
USER	Post Marketplace Fees	END	1710469918797
USER	Post Marketplace Fees	START	1710469918888
USER	Post Marketplace Fees	START	1710469919088
REQUEST		Post marketplace fees	1710469907688	1710469919127	OK	 
USER	Post Marketplace Fees	END	1710469919129
USER	Post Marketplace Fees	START	1710469919288
USER	Post Marketplace Fees	START	1710469919488
USER	Post Marketplace Fees	START	1710469919687
REQUEST		Post marketplace fees	1710469905489	1710469919837	OK	 
USER	Post Marketplace Fees	END	1710469919837
USER	Post Marketplace Fees	START	1710469919887
USER	Post Marketplace Fees	START	1710469920087
USER	Post Marketplace Fees	START	1710469920288
USER	Post Marketplace Fees	START	1710469920488
USER	Post Marketplace Fees	START	1710469920687
USER	Post Marketplace Fees	START	1710469920853
USER	Post Marketplace Fees	START	1710469921021
USER	Post Marketplace Fees	START	1710469921188
REQUEST		Post marketplace fees	1710469906288	1710469921236	OK	 
USER	Post Marketplace Fees	END	1710469921238
REQUEST		Post marketplace fees	1710469905688	1710469921238	OK	 
USER	Post Marketplace Fees	END	1710469921239
USER	Post Marketplace Fees	START	1710469921354
USER	Post Marketplace Fees	START	1710469921521
USER	Post Marketplace Fees	START	1710469921687
USER	Post Marketplace Fees	START	1710469921887
REQUEST		Post marketplace fees	1710469907488	1710469921937	OK	 
USER	Post Marketplace Fees	END	1710469921937
USER	Post Marketplace Fees	START	1710469922088
REQUEST		Post marketplace fees	1710469907289	1710469922146	OK	 
USER	Post Marketplace Fees	END	1710469922147
USER	Post Marketplace Fees	START	1710469922288
USER	Post Marketplace Fees	START	1710469922488
REQUEST		Post marketplace fees	1710469906088	1710469922618	OK	 
USER	Post Marketplace Fees	END	1710469922619
USER	Post Marketplace Fees	START	1710469922687
USER	Post Marketplace Fees	START	1710469922854
USER	Post Marketplace Fees	START	1710469923021
REQUEST		Post marketplace fees	1710469908489	1710469923029	OK	 
USER	Post Marketplace Fees	END	1710469923029
USER	Post Marketplace Fees	START	1710469923188
USER	Post Marketplace Fees	START	1710469923354
USER	Post Marketplace Fees	START	1710469923521
REQUEST		Post marketplace fees	1710469908088	1710469923619	OK	 
USER	Post Marketplace Fees	END	1710469923620
USER	Post Marketplace Fees	START	1710469923687
REQUEST		Post marketplace fees	1710469906489	1710469923819	OK	 
USER	Post Marketplace Fees	END	1710469923820
USER	Post Marketplace Fees	START	1710469923853
USER	Post Marketplace Fees	START	1710469924020
REQUEST		Post marketplace fees	1710469908687	1710469924138	OK	 
USER	Post Marketplace Fees	END	1710469924139
USER	Post Marketplace Fees	START	1710469924188
REQUEST		Post marketplace fees	1710469909088	1710469924221	OK	 
USER	Post Marketplace Fees	END	1710469924222
REQUEST		Post marketplace fees	1710469907089	1710469924296	OK	 
USER	Post Marketplace Fees	END	1710469924298
USER	Post Marketplace Fees	START	1710469924353
USER	Post Marketplace Fees	START	1710469924521
USER	Post Marketplace Fees	START	1710469924687
USER	Post Marketplace Fees	START	1710469924853
USER	Post Marketplace Fees	START	1710469925020
USER	Post Marketplace Fees	START	1710469925187
USER	Post Marketplace Fees	START	1710469925353
USER	Post Marketplace Fees	START	1710469925521
USER	Post Marketplace Fees	START	1710469925688
REQUEST		Post marketplace fees	1710469911289	1710469925718	OK	 
USER	Post Marketplace Fees	END	1710469925720
REQUEST		Post marketplace fees	1710469906888	1710469925836	OK	 
USER	Post Marketplace Fees	END	1710469925837
USER	Post Marketplace Fees	START	1710469925854
USER	Post Marketplace Fees	START	1710469926021
REQUEST		Post marketplace fees	1710469910088	1710469926105	OK	 
USER	Post Marketplace Fees	END	1710469926106
USER	Post Marketplace Fees	START	1710469926188
USER	Post Marketplace Fees	START	1710469926354
REQUEST		Post marketplace fees	1710469906688	1710469926414	OK	 
USER	Post Marketplace Fees	END	1710469926415
USER	Post Marketplace Fees	START	1710469926521
REQUEST		Post marketplace fees	1710469909889	1710469926524	OK	 
USER	Post Marketplace Fees	END	1710469926525
REQUEST		Post marketplace fees	1710469910288	1710469926532	OK	 
USER	Post Marketplace Fees	END	1710469926533
USER	Post Marketplace Fees	START	1710469926687
USER	Post Marketplace Fees	START	1710469926853
REQUEST		Post marketplace fees	1710469907889	1710469926870	OK	 
USER	Post Marketplace Fees	END	1710469926871
USER	Post Marketplace Fees	START	1710469927021
USER	Post Marketplace Fees	START	1710469927188
USER	Post Marketplace Fees	START	1710469927354
USER	Post Marketplace Fees	START	1710469927521
USER	Post Marketplace Fees	START	1710469927688
USER	Post Marketplace Fees	START	1710469927854
USER	Post Marketplace Fees	START	1710469928021
USER	Post Marketplace Fees	START	1710469928188
USER	Post Marketplace Fees	START	1710469928354
USER	Post Marketplace Fees	START	1710469928521
USER	Post Marketplace Fees	START	1710469928687
REQUEST		Post marketplace fees	1710469912088	1710469928727	OK	 
USER	Post Marketplace Fees	END	1710469928729
REQUEST		Post marketplace fees	1710469911488	1710469928833	OK	 
USER	Post Marketplace Fees	END	1710469928834
USER	Post Marketplace Fees	START	1710469928854
USER	Post Marketplace Fees	START	1710469929021
USER	Post Marketplace Fees	START	1710469929188
REQUEST		Post marketplace fees	1710469909288	1710469929215	OK	 
USER	Post Marketplace Fees	END	1710469929216
USER	Post Marketplace Fees	START	1710469929354
REQUEST		Post marketplace fees	1710469910489	1710469929519	OK	 
USER	Post Marketplace Fees	END	1710469929519
USER	Post Marketplace Fees	START	1710469929521
USER	Post Marketplace Fees	START	1710469929687
USER	Post Marketplace Fees	START	1710469929853
USER	Post Marketplace Fees	START	1710469930020
USER	Post Marketplace Fees	START	1710469930188
REQUEST		Post marketplace fees	1710469922088	1710469930279	OK	 
USER	Post Marketplace Fees	END	1710469930280
REQUEST		Post marketplace fees	1710469910688	1710469930312	OK	 
USER	Post Marketplace Fees	END	1710469930313
REQUEST		Post marketplace fees	1710469925021	1710469930345	OK	 
USER	Post Marketplace Fees	END	1710469930346
USER	Post Marketplace Fees	START	1710469930353
USER	Post Marketplace Fees	START	1710469930521
USER	Post Marketplace Fees	START	1710469930687
USER	Post Marketplace Fees	START	1710469930853
USER	Post Marketplace Fees	START	1710469931021
REQUEST		Post marketplace fees	1710469909688	1710469931021	OK	 
USER	Post Marketplace Fees	END	1710469931022
USER	Post Marketplace Fees	START	1710469931187
USER	Post Marketplace Fees	START	1710469931354
REQUEST		Post marketplace fees	1710469920088	1710469931436	OK	 
USER	Post Marketplace Fees	END	1710469931437
USER	Post Marketplace Fees	START	1710469931521
USER	Post Marketplace Fees	START	1710469931687
USER	Post Marketplace Fees	START	1710469931853
USER	Post Marketplace Fees	START	1710469932020
REQUEST		Post marketplace fees	1710469930354	1710469932139	OK	 
USER	Post Marketplace Fees	END	1710469932140
USER	Post Marketplace Fees	START	1710469932188
REQUEST		Post marketplace fees	1710469912288	1710469932294	OK	 
USER	Post Marketplace Fees	END	1710469932295
USER	Post Marketplace Fees	START	1710469932353
USER	Post Marketplace Fees	START	1710469932521
USER	Post Marketplace Fees	START	1710469932687
REQUEST		Post marketplace fees	1710469908289	1710469932695	OK	 
USER	Post Marketplace Fees	END	1710469932695
REQUEST		Post marketplace fees	1710469912489	1710469932705	OK	 
USER	Post Marketplace Fees	END	1710469932706
USER	Post Marketplace Fees	START	1710469932854
USER	Post Marketplace Fees	START	1710469933021
USER	Post Marketplace Fees	START	1710469933188
REQUEST		Post marketplace fees	1710469930021	1710469933324	OK	 
USER	Post Marketplace Fees	END	1710469933325
USER	Post Marketplace Fees	START	1710469933354
USER	Post Marketplace Fees	START	1710469933521
REQUEST		Post marketplace fees	1710469908888	1710469933533	OK	 
USER	Post Marketplace Fees	END	1710469933534
USER	Post Marketplace Fees	START	1710469933687
USER	Post Marketplace Fees	START	1710469933853
REQUEST		Post marketplace fees	1710469916088	1710469933894	OK	 
USER	Post Marketplace Fees	END	1710469933895
USER	Post Marketplace Fees	START	1710469934020
REQUEST		Post marketplace fees	1710469924354	1710469934026	OK	 
USER	Post Marketplace Fees	END	1710469934027
USER	Post Marketplace Fees	START	1710469934187
USER	Post Marketplace Fees	START	1710469934353
USER	Post Marketplace Fees	START	1710469934520
USER	Post Marketplace Fees	START	1710469934688
REQUEST		Post marketplace fees	1710469931188	1710469934726	OK	 
USER	Post Marketplace Fees	END	1710469934726
REQUEST		Post marketplace fees	1710469915288	1710469934733	OK	 
USER	Post Marketplace Fees	END	1710469934733
USER	Post Marketplace Fees	START	1710469934854
USER	Post Marketplace Fees	START	1710469935021
USER	Post Marketplace Fees	START	1710469935188
USER	Post Marketplace Fees	START	1710469935354
USER	Post Marketplace Fees	START	1710469935521
USER	Post Marketplace Fees	START	1710469935687
USER	Post Marketplace Fees	START	1710469935854
REQUEST		Post marketplace fees	1710469920854	1710469935924	OK	 
USER	Post Marketplace Fees	END	1710469935925
USER	Post Marketplace Fees	START	1710469936021
USER	Post Marketplace Fees	START	1710469936188
REQUEST		Post marketplace fees	1710469931022	1710469936235	OK	 
USER	Post Marketplace Fees	END	1710469936237
USER	Post Marketplace Fees	START	1710469936354
USER	Post Marketplace Fees	START	1710469936521
REQUEST		Post marketplace fees	1710469934021	1710469937334	OK	 
USER	Post Marketplace Fees	END	1710469937335
REQUEST		Post marketplace fees	1710469926854	1710469937788	OK	 
USER	Post Marketplace Fees	END	1710469937789
REQUEST		Post marketplace fees	1710469933522	1710469938039	OK	 
USER	Post Marketplace Fees	END	1710469938040
REQUEST		Post marketplace fees	1710469934688	1710469938328	OK	 
USER	Post Marketplace Fees	END	1710469938328
REQUEST		Post marketplace fees	1710469921888	1710469938379	KO	status.find.is(201), but actually found 500
USER	Post Marketplace Fees	END	1710469938417
REQUEST		Post marketplace fees	1710469914088	1710469938379	KO	status.find.is(201), but actually found 500
USER	Post Marketplace Fees	END	1710469938508
REQUEST		Post marketplace fees	1710469911888	1710469938379	KO	status.find.is(201), but actually found 500
USER	Post Marketplace Fees	END	1710469938635
REQUEST		Post marketplace fees	1710469931688	1710469938379	KO	status.find.is(201), but actually found 500
USER	Post Marketplace Fees	END	1710469938719
REQUEST		Post marketplace fees	1710469929688	1710469938381	KO	status.find.is(201), but actually found 500
USER	Post Marketplace Fees	END	1710469938783
REQUEST		Post marketplace fees	1710469932021	1710469938379	KO	status.find.is(201), but actually found 500
USER	Post Marketplace Fees	END	1710469938873
REQUEST		Post marketplace fees	1710469930854	1710469938378	KO	status.find.is(201), but actually found 500
USER	Post Marketplace Fees	END	1710469938925
REQUEST		Post marketplace fees	1710469927021	1710469938379	KO	status.find.is(201), but actually found 500
USER	Post Marketplace Fees	END	1710469939019
REQUEST		Post marketplace fees	1710469931854	1710469938380	KO	status.find.is(201), but actually found 500
USER	Post Marketplace Fees	END	1710469939066
REQUEST		Post marketplace fees	1710469929189	1710469938378	KO	status.find.is(201), but actually found 500
USER	Post Marketplace Fees	END	1710469939187
REQUEST		Post marketplace fees	1710469919887	1710469938379	KO	status.find.is(201), but actually found 500
USER	Post Marketplace Fees	END	1710469939245
REQUEST		Post marketplace fees	1710469923521	1710469938379	KO	status.find.is(201), but actually found 500
USER	Post Marketplace Fees	END	1710469939296
REQUEST		Post marketplace fees	1710469916489	1710469938379	KO	status.find.is(201), but actually found 500
USER	Post Marketplace Fees	END	1710469939423
REQUEST		Post marketplace fees	1710469930521	1710469938381	KO	status.find.is(201), but actually found 500
USER	Post Marketplace Fees	END	1710469939485
REQUEST		Post marketplace fees	1710469918088	1710469938379	KO	status.find.is(201), but actually found 500
USER	Post Marketplace Fees	END	1710469939582
REQUEST		Post marketplace fees	1710469915489	1710469938379	KO	status.find.is(201), but actually found 500
USER	Post Marketplace Fees	END	1710469939621
REQUEST		Post marketplace fees	1710469923189	1710469938378	KO	status.find.is(201), but actually found 500
USER	Post Marketplace Fees	END	1710469939702
REQUEST		Post marketplace fees	1710469930189	1710469938380	KO	status.find.is(201), but actually found 500
USER	Post Marketplace Fees	END	1710469939747
REQUEST		Post marketplace fees	1710469921687	1710469938380	KO	status.find.is(201), but actually found 500
USER	Post Marketplace Fees	END	1710469939866
REQUEST		Post marketplace fees	1710469922288	1710469938381	KO	status.find.is(201), but actually found 500
USER	Post Marketplace Fees	END	1710469939928
REQUEST		Post marketplace fees	1710469914888	1710469938873	KO	status.find.is(201), but actually found 500
USER	Post Marketplace Fees	END	1710469940021
REQUEST		Post marketplace fees	1710469936022	1710469940022	OK	 
USER	Post Marketplace Fees	END	1710469940022
REQUEST		Post marketplace fees	1710469921355	1710469938635	KO	status.find.is(201), but actually found 500
USER	Post Marketplace Fees	END	1710469940069
REQUEST		Post marketplace fees	1710469923687	1710469938719	KO	status.find.is(201), but actually found 500
USER	Post Marketplace Fees	END	1710469940145
REQUEST		Post marketplace fees	1710469928188	1710469939245	KO	status.find.is(201), but actually found 500
USER	Post Marketplace Fees	END	1710469940223
REQUEST		Post marketplace fees	1710469935521	1710469939296	KO	status.find.is(201), but actually found 500
USER	Post Marketplace Fees	END	1710469940269
REQUEST		Post marketplace fees	1710469919489	1710469939066	KO	status.find.is(201), but actually found 500
USER	Post Marketplace Fees	END	1710469940386
REQUEST		Post marketplace fees	1710469935855	1710469940387	OK	 
USER	Post Marketplace Fees	END	1710469940387
REQUEST		Post marketplace fees	1710469933188	1710469939187	KO	status.find.is(201), but actually found 500
USER	Post Marketplace Fees	END	1710469940443
REQUEST		Post marketplace fees	1710469913088	1710469939485	KO	status.find.is(201), but actually found 500
USER	Post Marketplace Fees	END	1710469940490
REQUEST		Post marketplace fees	1710469917088	1710469939866	KO	status.find.is(201), but actually found 500
USER	Post Marketplace Fees	END	1710469940561
REQUEST		Post marketplace fees	1710469929355	1710469939423	KO	status.find.is(201), but actually found 500
USER	Post Marketplace Fees	END	1710469940650
REQUEST		Post marketplace fees	1710469913889	1710469939702	KO	status.find.is(201), but actually found 500
USER	Post Marketplace Fees	END	1710469940697
REQUEST		Post marketplace fees	1710469934189	1710469939747	KO	status.find.is(201), but actually found 500
USER	Post Marketplace Fees	END	1710469940806
REQUEST		Post marketplace fees	1710469932522	1710469939621	KO	status.find.is(201), but actually found 500
USER	Post Marketplace Fees	END	1710469940854
REQUEST		Post marketplace fees	1710469917688	1710469939928	KO	status.find.is(201), but actually found 500
USER	Post Marketplace Fees	END	1710469940932
REQUEST		Post marketplace fees	1710469909489	1710469940269	KO	status.find.is(201), but actually found 504
USER	Post Marketplace Fees	END	1710469940978
REQUEST		Post marketplace fees	1710469936188	1710469940223	KO	status.find.is(201), but actually found 500
USER	Post Marketplace Fees	END	1710469941072
REQUEST		Post marketplace fees	1710469935021	1710469940901	KO	status.find.is(201), but actually found 500
USER	Post Marketplace Fees	END	1710469941132
REQUEST		Post marketplace fees	1710469925354	1710469940903	KO	status.find.is(201), but actually found 500
USER	Post Marketplace Fees	END	1710469941208
REQUEST		Post marketplace fees	1710469925688	1710469940901	KO	status.find.is(201), but actually found 500
USER	Post Marketplace Fees	END	1710469941276
REQUEST		Post marketplace fees	1710469922688	1710469940901	KO	status.find.is(201), but actually found 500
USER	Post Marketplace Fees	END	1710469941352
REQUEST		Post marketplace fees	1710469928355	1710469940901	KO	status.find.is(201), but actually found 500
USER	Post Marketplace Fees	END	1710469941412
REQUEST		Post marketplace fees	1710469935355	1710469940901	KO	status.find.is(201), but actually found 500
USER	Post Marketplace Fees	END	1710469941506
REQUEST		Post marketplace fees	1710469936522	1710469940855	KO	status.find.is(201), but actually found 500
USER	Post Marketplace Fees	END	1710469941566
REQUEST		Post marketplace fees	1710469932855	1710469940901	KO	status.find.is(201), but actually found 500
USER	Post Marketplace Fees	END	1710469941613
REQUEST		Post marketplace fees	1710469933853	1710469940902	KO	status.find.is(201), but actually found 500
USER	Post Marketplace Fees	END	1710469941655
REQUEST		Post marketplace fees	1710469925188	1710469940903	KO	status.find.is(201), but actually found 500
USER	Post Marketplace Fees	END	1710469941735
REQUEST		Post marketplace fees	1710469924688	1710469940903	KO	status.find.is(201), but actually found 500
USER	Post Marketplace Fees	END	1710469941833
REQUEST		Post marketplace fees	1710469919289	1710469940902	KO	status.find.is(201), but actually found 500
USER	Post Marketplace Fees	END	1710469941864
REQUEST		Post marketplace fees	1710469924021	1710469940903	KO	status.find.is(201), but actually found 500
USER	Post Marketplace Fees	END	1710469941953
REQUEST		Post marketplace fees	1710469926521	1710469940903	KO	status.find.is(201), but actually found 500
USER	Post Marketplace Fees	END	1710469942019
REQUEST		Post marketplace fees	1710469929022	1710469940903	KO	status.find.is(201), but actually found 500
USER	Post Marketplace Fees	END	1710469942078
REQUEST		Post marketplace fees	1710469913489	1710469940902	KO	status.find.is(201), but actually found 500
USER	Post Marketplace Fees	END	1710469942158
REQUEST		Post marketplace fees	1710469929521	1710469940902	KO	status.find.is(201), but actually found 500
USER	Post Marketplace Fees	END	1710469942232
REQUEST		Post marketplace fees	1710469917288	1710469940903	KO	status.find.is(201), but actually found 500
USER	Post Marketplace Fees	END	1710469942280
REQUEST		Post marketplace fees	1710469931522	1710469940978	KO	status.find.is(201), but actually found 500
USER	Post Marketplace Fees	END	1710469942356
REQUEST		Post marketplace fees	1710469924189	1710469941072	KO	status.find.is(201), but actually found 500
USER	Post Marketplace Fees	END	1710469942438
REQUEST		Post marketplace fees	1710469918490	1710469941132	KO	status.find.is(201), but actually found 500
USER	Post Marketplace Fees	END	1710469942513
REQUEST		Post marketplace fees	1710469933687	1710469941276	KO	status.find.is(201), but actually found 500
USER	Post Marketplace Fees	END	1710469942557
REQUEST		Post marketplace fees	1710469930688	1710469941353	KO	status.find.is(201), but actually found 500
USER	Post Marketplace Fees	END	1710469942634
REQUEST		Post marketplace fees	1710469920688	1710469941614	KO	status.find.is(201), but actually found 500
USER	Post Marketplace Fees	END	1710469942703
REQUEST		Post marketplace fees	1710469927354	1710469941506	KO	status.find.is(201), but actually found 500
USER	Post Marketplace Fees	END	1710469942749
REQUEST		Post marketplace fees	1710469928522	1710469941566	KO	status.find.is(201), but actually found 500
USER	Post Marketplace Fees	END	1710469942840
REQUEST		Post marketplace fees	1710469911688	1710469941208	KO	status.find.is(201), but actually found 500
USER	Post Marketplace Fees	END	1710469942939
REQUEST		Post marketplace fees	1710469910888	1710469941834	KO	status.find.is(201), but actually found 500
USER	Post Marketplace Fees	END	1710469942971
REQUEST		Post marketplace fees	1710469927688	1710469941864	KO	status.find.is(201), but actually found 500
USER	Post Marketplace Fees	END	1710469943062
REQUEST		Post marketplace fees	1710469925855	1710469941655	KO	status.find.is(201), but actually found 500
USER	Post Marketplace Fees	END	1710469943142
REQUEST		Post marketplace fees	1710469934854	1710469942158	KO	status.find.is(201), but actually found 500
USER	Post Marketplace Fees	END	1710469943198
REQUEST		Post marketplace fees	1710469934521	1710469942019	KO	status.find.is(201), but actually found 500
USER	Post Marketplace Fees	END	1710469943279
REQUEST		Post marketplace fees	1710469921021	1710469941735	KO	status.find.is(201), but actually found 500
USER	Post Marketplace Fees	END	1710469943357
REQUEST		Post marketplace fees	1710469925521	1710469942232	KO	status.find.is(201), but actually found 500
USER	Post Marketplace Fees	END	1710469943406
REQUEST		Post marketplace fees	1710469927521	1710469942357	KO	status.find.is(201), but actually found 500
USER	Post Marketplace Fees	END	1710469943498
REQUEST		Post marketplace fees	1710469929854	1710469943522	OK	 
USER	Post Marketplace Fees	END	1710469943523
REQUEST		Post marketplace fees	1710469915088	1710469942438	KO	status.find.is(201), but actually found 500
USER	Post Marketplace Fees	END	1710469943566
REQUEST		Post marketplace fees	1710469912688	1710469942731	KO	status.find.is(201), but actually found 504
USER	Post Marketplace Fees	END	1710469943608
REQUEST		Post marketplace fees	1710469924522	1710469942840	KO	status.find.is(201), but actually found 500
USER	Post Marketplace Fees	END	1710469943703
REQUEST		Post marketplace fees	1710469923355	1710469942750	KO	status.find.is(201), but actually found 500
USER	Post Marketplace Fees	END	1710469943782
REQUEST		Post marketplace fees	1710469928854	1710469942703	KO	status.find.is(201), but actually found 500
USER	Post Marketplace Fees	END	1710469943876
REQUEST		Post marketplace fees	1710469926688	1710469942635	KO	status.find.is(201), but actually found 500
USER	Post Marketplace Fees	END	1710469943939
REQUEST		Post marketplace fees	1710469912888	1710469942933	KO	status.find.is(201), but actually found 504
USER	Post Marketplace Fees	END	1710469943953
REQUEST		Post marketplace fees	1710469921522	1710469942557	KO	status.find.is(201), but actually found 500
USER	Post Marketplace Fees	END	1710469944058
REQUEST		Post marketplace fees	1710469922855	1710469943198	KO	status.find.is(201), but actually found 500
USER	Post Marketplace Fees	END	1710469944104
REQUEST		Post marketplace fees	1710469915689	1710469942971	KO	status.find.is(201), but actually found 500
USER	Post Marketplace Fees	END	1710469944180
REQUEST		Post marketplace fees	1710469921189	1710469942939	KO	status.find.is(201), but actually found 500
USER	Post Marketplace Fees	END	1710469944226
REQUEST		Post marketplace fees	1710469933354	1710469944226	OK	 
USER	Post Marketplace Fees	END	1710469944227
REQUEST		Post marketplace fees	1710469914489	1710469943062	KO	status.find.is(201), but actually found 500
USER	Post Marketplace Fees	END	1710469944325
REQUEST		Post marketplace fees	1710469916289	1710469943357	KO	status.find.is(201), but actually found 500
USER	Post Marketplace Fees	END	1710469944389
REQUEST		Post marketplace fees	1710469919088	1710469943498	KO	status.find.is(201), but actually found 500
USER	Post Marketplace Fees	END	1710469944483
REQUEST		Post marketplace fees	1710469911089	1710469943876	KO	status.find.is(201), but actually found 500
USER	Post Marketplace Fees	END	1710469944529
REQUEST		Post marketplace fees	1710469916888	1710469944058	KO	status.find.is(201), but actually found 500
USER	Post Marketplace Fees	END	1710469944607
REQUEST		Post marketplace fees	1710469931355	1710469944628	OK	 
USER	Post Marketplace Fees	END	1710469944629
REQUEST		Post marketplace fees	1710469913688	1710469943728	KO	status.find.is(201), but actually found 504
USER	Post Marketplace Fees	END	1710469944704
REQUEST		Post marketplace fees	1710469913288	1710469943940	KO	status.find.is(201), but actually found 504
USER	Post Marketplace Fees	END	1710469944741
REQUEST		Post marketplace fees	1710469914288	1710469944483	KO	status.find.is(201), but actually found 500
USER	Post Marketplace Fees	END	1710469944821
REQUEST		Post marketplace fees	1710469914688	1710469944727	KO	status.find.is(201), but actually found 504
USER	Post Marketplace Fees	END	1710469944887
REQUEST		Post marketplace fees	1710469924854	1710469944529	KO	status.find.is(201), but actually found 500
USER	Post Marketplace Fees	END	1710469944974
REQUEST		Post marketplace fees	1710469923022	1710469945423	OK	 
USER	Post Marketplace Fees	END	1710469945424
REQUEST		Post marketplace fees	1710469915889	1710469945931	KO	status.find.is(201), but actually found 504
USER	Post Marketplace Fees	END	1710469945932
REQUEST		Post marketplace fees	1710469916688	1710469946733	KO	status.find.is(201), but actually found 504
USER	Post Marketplace Fees	END	1710469946736
REQUEST		Post marketplace fees	1710469917489	1710469947533	KO	status.find.is(201), but actually found 504
USER	Post Marketplace Fees	END	1710469947534
REQUEST		Post marketplace fees	1710469917889	1710469947932	KO	status.find.is(201), but actually found 504
USER	Post Marketplace Fees	END	1710469947935
REQUEST		Post marketplace fees	1710469936355	1710469948267	OK	 
USER	Post Marketplace Fees	END	1710469948268
REQUEST		Post marketplace fees	1710469918288	1710469948330	KO	status.find.is(201), but actually found 504
USER	Post Marketplace Fees	END	1710469948332
REQUEST		Post marketplace fees	1710469918689	1710469948731	KO	status.find.is(201), but actually found 504
USER	Post Marketplace Fees	END	1710469948734
REQUEST		Post marketplace fees	1710469918888	1710469948930	KO	status.find.is(201), but actually found 504
USER	Post Marketplace Fees	END	1710469948951
REQUEST		Post marketplace fees	1710469920488	1710469949321	OK	 
USER	Post Marketplace Fees	END	1710469949322
REQUEST		Post marketplace fees	1710469933022	1710469949599	OK	 
USER	Post Marketplace Fees	END	1710469949600
REQUEST		Post marketplace fees	1710469919687	1710469949730	KO	status.find.is(201), but actually found 504
USER	Post Marketplace Fees	END	1710469949734
REQUEST		Post marketplace fees	1710469920289	1710469950332	KO	status.find.is(201), but actually found 504
USER	Post Marketplace Fees	END	1710469950335
REQUEST		Post marketplace fees	1710469927188	1710469950927	OK	 
USER	Post Marketplace Fees	END	1710469950928
REQUEST		Post marketplace fees	1710469932354	1710469951015	OK	 
USER	Post Marketplace Fees	END	1710469951016
REQUEST		Post marketplace fees	1710469932188	1710469951920	OK	 
USER	Post Marketplace Fees	END	1710469951921
REQUEST		Post marketplace fees	1710469928688	1710469952132	OK	 
USER	Post Marketplace Fees	END	1710469952132
REQUEST		Post marketplace fees	1710469927855	1710469952419	OK	 
USER	Post Marketplace Fees	END	1710469952420
REQUEST		Post marketplace fees	1710469922488	1710469952528	KO	status.find.is(201), but actually found 504
USER	Post Marketplace Fees	END	1710469952530
REQUEST		Post marketplace fees	1710469926355	1710469952715	OK	 
USER	Post Marketplace Fees	END	1710469952715
REQUEST		Post marketplace fees	1710469926189	1710469952717	OK	 
USER	Post Marketplace Fees	END	1710469952718
REQUEST		Post marketplace fees	1710469934354	1710469953230	OK	 
USER	Post Marketplace Fees	END	1710469953230
REQUEST		Post marketplace fees	1710469928022	1710469953321	OK	 
USER	Post Marketplace Fees	END	1710469953322
REQUEST		Post marketplace fees	1710469923854	1710469953323	OK	 
USER	Post Marketplace Fees	END	1710469953323
REQUEST		Post marketplace fees	1710469932688	1710469954221	OK	 
USER	Post Marketplace Fees	END	1710469954221
REQUEST		Post marketplace fees	1710469935189	1710469954228	OK	 
USER	Post Marketplace Fees	END	1710469954228
REQUEST		Post marketplace fees	1710469926021	1710469954594	OK	 
USER	Post Marketplace Fees	END	1710469954595
REQUEST		Post marketplace fees	1710469935688	1710469954692	OK	 
USER	Post Marketplace Fees	END	1710469954693
