RUN	transactions.MarketplaceFeesPostSimulation	marketplacefeespostsimulation	1710470479675	 	3.10.4
USER	Login	START	1710470480124
REQUEST		Login	1710470480122	1710470480854	OK	 
USER	Login	END	1710470485909
USER	Post Marketplace Fees	START	1710470486119
USER	Post Marketplace Fees	START	1710470487114
REQUEST		Post marketplace fees	1710470486125	1710470487279	OK	 
USER	Post Marketplace Fees	END	1710470487283
USER	Post Marketplace Fees	START	1710470488109
REQUEST		Post marketplace fees	1710470487115	1710470488327	OK	 
USER	Post Marketplace Fees	END	1710470488329
USER	Post Marketplace Fees	START	1710470488609
REQUEST		Post marketplace fees	1710470488110	1710470488989	OK	 
USER	Post Marketplace Fees	END	1710470488990
USER	Post Marketplace Fees	START	1710470489109
USER	Post Marketplace Fees	START	1710470489610
REQUEST		Post marketplace fees	1710470488610	1710470489896	OK	 
USER	Post Marketplace Fees	END	1710470489898
USER	Post Marketplace Fees	START	1710470490109
REQUEST		Post marketplace fees	1710470489110	1710470490292	OK	 
USER	Post Marketplace Fees	END	1710470490294
REQUEST		Post marketplace fees	1710470489611	1710470490523	OK	 
USER	Post Marketplace Fees	END	1710470490524
USER	Post Marketplace Fees	START	1710470490610
USER	Post Marketplace Fees	START	1710470491110
REQUEST		Post marketplace fees	1710470490110	1710470491244	OK	 
USER	Post Marketplace Fees	END	1710470491245
USER	Post Marketplace Fees	START	1710470491443
REQUEST		Post marketplace fees	1710470490611	1710470491625	OK	 
USER	Post Marketplace Fees	END	1710470491626
USER	Post Marketplace Fees	START	1710470491777
REQUEST		Post marketplace fees	1710470491110	1710470491828	OK	 
USER	Post Marketplace Fees	END	1710470491829
USER	Post Marketplace Fees	START	1710470492110
REQUEST		Post marketplace fees	1710470491444	1710470492129	OK	 
USER	Post Marketplace Fees	END	1710470492130
USER	Post Marketplace Fees	START	1710470492443
REQUEST		Post marketplace fees	1710470491778	1710470492729	OK	 
USER	Post Marketplace Fees	END	1710470492729
USER	Post Marketplace Fees	START	1710470492777
USER	Post Marketplace Fees	START	1710470493110
REQUEST		Post marketplace fees	1710470492110	1710470493251	OK	 
USER	Post Marketplace Fees	END	1710470493253
USER	Post Marketplace Fees	START	1710470493444
REQUEST		Post marketplace fees	1710470492444	1710470493450	OK	 
USER	Post Marketplace Fees	END	1710470493451
REQUEST		Post marketplace fees	1710470492778	1710470493618	OK	 
USER	Post Marketplace Fees	END	1710470493619
USER	Post Marketplace Fees	START	1710470493781
USER	Post Marketplace Fees	START	1710470494111
USER	Post Marketplace Fees	START	1710470494360
USER	Post Marketplace Fees	START	1710470494611
REQUEST		Post marketplace fees	1710470493782	1710470494634	OK	 
USER	Post Marketplace Fees	END	1710470494636
REQUEST		Post marketplace fees	1710470493116	1710470494796	OK	 
USER	Post Marketplace Fees	END	1710470494798
REQUEST		Post marketplace fees	1710470493446	1710470494828	OK	 
USER	Post Marketplace Fees	END	1710470494830
USER	Post Marketplace Fees	START	1710470494862
USER	Post Marketplace Fees	START	1710470495113
REQUEST		Post marketplace fees	1710470494113	1710470495224	OK	 
USER	Post Marketplace Fees	END	1710470495225
USER	Post Marketplace Fees	START	1710470495360
REQUEST		Post marketplace fees	1710470494612	1710470495419	OK	 
USER	Post Marketplace Fees	END	1710470495421
REQUEST		Post marketplace fees	1710470494361	1710470495423	OK	 
USER	Post Marketplace Fees	END	1710470495425
USER	Post Marketplace Fees	START	1710470495611
USER	Post Marketplace Fees	START	1710470495861
USER	Post Marketplace Fees	START	1710470496110
REQUEST		Post marketplace fees	1710470494862	1710470496229	OK	 
USER	Post Marketplace Fees	END	1710470496230
USER	Post Marketplace Fees	START	1710470496360
REQUEST		Post marketplace fees	1710470495612	1710470496586	OK	 
USER	Post Marketplace Fees	END	1710470496588
USER	Post Marketplace Fees	START	1710470496610
REQUEST		Post marketplace fees	1710470495115	1710470496740	OK	 
USER	Post Marketplace Fees	END	1710470496741
USER	Post Marketplace Fees	START	1710470496860
USER	Post Marketplace Fees	START	1710470497109
REQUEST		Post marketplace fees	1710470495363	1710470497126	OK	 
USER	Post Marketplace Fees	END	1710470497127
REQUEST		Post marketplace fees	1710470495862	1710470497195	OK	 
USER	Post Marketplace Fees	END	1710470497195
USER	Post Marketplace Fees	START	1710470497360
REQUEST		Post marketplace fees	1710470496361	1710470497528	OK	 
USER	Post Marketplace Fees	END	1710470497530
USER	Post Marketplace Fees	START	1710470497610
REQUEST		Post marketplace fees	1710470496110	1710470497792	OK	 
USER	Post Marketplace Fees	END	1710470497794
USER	Post Marketplace Fees	START	1710470497860
REQUEST		Post marketplace fees	1710470496611	1710470497995	OK	 
USER	Post Marketplace Fees	END	1710470497996
USER	Post Marketplace Fees	START	1710470498110
REQUEST		Post marketplace fees	1710470496861	1710470498197	OK	 
USER	Post Marketplace Fees	END	1710470498198
REQUEST		Post marketplace fees	1710470497110	1710470498252	OK	 
USER	Post Marketplace Fees	END	1710470498254
USER	Post Marketplace Fees	START	1710470498310
USER	Post Marketplace Fees	START	1710470498510
REQUEST		Post marketplace fees	1710470497611	1710470498524	OK	 
USER	Post Marketplace Fees	END	1710470498526
REQUEST		Post marketplace fees	1710470497361	1710470498703	OK	 
USER	Post Marketplace Fees	END	1710470498705
USER	Post Marketplace Fees	START	1710470498711
REQUEST		Post marketplace fees	1710470497861	1710470498823	OK	 
USER	Post Marketplace Fees	END	1710470498824
USER	Post Marketplace Fees	START	1710470498910
USER	Post Marketplace Fees	START	1710470499109
REQUEST		Post marketplace fees	1710470498110	1710470499190	OK	 
USER	Post Marketplace Fees	END	1710470499191
USER	Post Marketplace Fees	START	1710470499309
USER	Post Marketplace Fees	START	1710470499510
REQUEST		Post marketplace fees	1710470498512	1710470499529	OK	 
USER	Post Marketplace Fees	END	1710470499531
USER	Post Marketplace Fees	START	1710470499710
REQUEST		Post marketplace fees	1710470498911	1710470499837	OK	 
USER	Post Marketplace Fees	END	1710470499838
USER	Post Marketplace Fees	START	1710470499911
REQUEST		Post marketplace fees	1710470498312	1710470499919	OK	 
USER	Post Marketplace Fees	END	1710470499920
REQUEST		Post marketplace fees	1710470498712	1710470500029	OK	 
USER	Post Marketplace Fees	END	1710470500029
USER	Post Marketplace Fees	START	1710470500110
USER	Post Marketplace Fees	START	1710470500310
REQUEST		Post marketplace fees	1710470499511	1710470500424	OK	 
USER	Post Marketplace Fees	END	1710470500426
USER	Post Marketplace Fees	START	1710470500510
REQUEST		Post marketplace fees	1710470499111	1710470500646	OK	 
USER	Post Marketplace Fees	END	1710470500647
USER	Post Marketplace Fees	START	1710470500710
REQUEST		Post marketplace fees	1710470499310	1710470500811	OK	 
USER	Post Marketplace Fees	END	1710470500812
USER	Post Marketplace Fees	START	1710470500911
USER	Post Marketplace Fees	START	1710470501111
USER	Post Marketplace Fees	START	1710470501276
USER	Post Marketplace Fees	START	1710470501443
USER	Post Marketplace Fees	START	1710470501610
REQUEST		Post marketplace fees	1710470499912	1710470501730	OK	 
USER	Post Marketplace Fees	END	1710470501732
USER	Post Marketplace Fees	START	1710470501776
REQUEST		Post marketplace fees	1710470500112	1710470501822	OK	 
USER	Post Marketplace Fees	END	1710470501823
USER	Post Marketplace Fees	START	1710470501943
USER	Post Marketplace Fees	START	1710470502111
REQUEST		Post marketplace fees	1710470500312	1710470502124	OK	 
USER	Post Marketplace Fees	END	1710470502125
USER	Post Marketplace Fees	START	1710470502276
REQUEST		Post marketplace fees	1710470500712	1710470502417	OK	 
USER	Post Marketplace Fees	END	1710470502418
REQUEST		Post marketplace fees	1710470500512	1710470502431	OK	 
USER	Post Marketplace Fees	END	1710470502432
USER	Post Marketplace Fees	START	1710470502443
USER	Post Marketplace Fees	START	1710470502610
REQUEST		Post marketplace fees	1710470501445	1710470502663	OK	 
USER	Post Marketplace Fees	END	1710470502665
REQUEST		Post marketplace fees	1710470499712	1710470502725	OK	 
USER	Post Marketplace Fees	END	1710470502726
USER	Post Marketplace Fees	START	1710470502777
REQUEST		Post marketplace fees	1710470500911	1710470502820	OK	 
USER	Post Marketplace Fees	END	1710470502822
USER	Post Marketplace Fees	START	1710470502944
USER	Post Marketplace Fees	START	1710470503109
REQUEST		Post marketplace fees	1710470501278	1710470503127	OK	 
USER	Post Marketplace Fees	END	1710470503127
USER	Post Marketplace Fees	START	1710470503276
REQUEST		Post marketplace fees	1710470501112	1710470503414	OK	 
USER	Post Marketplace Fees	END	1710470503415
USER	Post Marketplace Fees	START	1710470503443
USER	Post Marketplace Fees	START	1710470503610
REQUEST		Post marketplace fees	1710470501612	1710470503615	OK	 
USER	Post Marketplace Fees	END	1710470503616
USER	Post Marketplace Fees	START	1710470503776
USER	Post Marketplace Fees	START	1710470503943
REQUEST		Post marketplace fees	1710470502778	1710470503999	OK	 
USER	Post Marketplace Fees	END	1710470504001
REQUEST		Post marketplace fees	1710470501944	1710470504016	OK	 
USER	Post Marketplace Fees	END	1710470504018
USER	Post Marketplace Fees	START	1710470504109
REQUEST		Post marketplace fees	1710470501778	1710470504127	OK	 
USER	Post Marketplace Fees	END	1710470504128
REQUEST		Post marketplace fees	1710470502111	1710470504129	OK	 
USER	Post Marketplace Fees	END	1710470504130
USER	Post Marketplace Fees	START	1710470504251
USER	Post Marketplace Fees	START	1710470504395
REQUEST		Post marketplace fees	1710470502277	1710470504419	OK	 
USER	Post Marketplace Fees	END	1710470504420
REQUEST		Post marketplace fees	1710470502444	1710470504534	OK	 
USER	Post Marketplace Fees	END	1710470504535
USER	Post Marketplace Fees	START	1710470504538
USER	Post Marketplace Fees	START	1710470504681
REQUEST		Post marketplace fees	1710470502611	1710470504717	OK	 
USER	Post Marketplace Fees	END	1710470504719
USER	Post Marketplace Fees	START	1710470504824
REQUEST		Post marketplace fees	1710470503110	1710470504925	OK	 
USER	Post Marketplace Fees	END	1710470504926
USER	Post Marketplace Fees	START	1710470504966
USER	Post Marketplace Fees	START	1710470505109
USER	Post Marketplace Fees	START	1710470505251
USER	Post Marketplace Fees	START	1710470505394
USER	Post Marketplace Fees	START	1710470505537
USER	Post Marketplace Fees	START	1710470505680
REQUEST		Post marketplace fees	1710470504109	1710470505718	OK	 
USER	Post Marketplace Fees	END	1710470505719
USER	Post Marketplace Fees	START	1710470505824
REQUEST		Post marketplace fees	1710470504252	1710470505934	OK	 
USER	Post Marketplace Fees	END	1710470505935
USER	Post Marketplace Fees	START	1710470505967
REQUEST		Post marketplace fees	1710470503778	1710470505995	OK	 
USER	Post Marketplace Fees	END	1710470505995
USER	Post Marketplace Fees	START	1710470506109
USER	Post Marketplace Fees	START	1710470506252
REQUEST		Post marketplace fees	1710470502945	1710470506333	OK	 
USER	Post Marketplace Fees	END	1710470506334
USER	Post Marketplace Fees	START	1710470506395
REQUEST		Post marketplace fees	1710470503944	1710470506471	OK	 
USER	Post Marketplace Fees	END	1710470506472
USER	Post Marketplace Fees	START	1710470506537
REQUEST		Post marketplace fees	1710470503610	1710470506547	OK	 
USER	Post Marketplace Fees	END	1710470506548
USER	Post Marketplace Fees	START	1710470506681
USER	Post Marketplace Fees	START	1710470506823
USER	Post Marketplace Fees	START	1710470506967
USER	Post Marketplace Fees	START	1710470507109
REQUEST		Post marketplace fees	1710470503443	1710470507200	OK	 
USER	Post Marketplace Fees	END	1710470507202
REQUEST		Post marketplace fees	1710470503277	1710470507242	OK	 
USER	Post Marketplace Fees	END	1710470507244
USER	Post Marketplace Fees	START	1710470507251
USER	Post Marketplace Fees	START	1710470507394
USER	Post Marketplace Fees	START	1710470507537
USER	Post Marketplace Fees	START	1710470507680
REQUEST		Post marketplace fees	1710470504538	1710470507810	OK	 
USER	Post Marketplace Fees	END	1710470507812
USER	Post Marketplace Fees	START	1710470507824
REQUEST		Post marketplace fees	1710470504396	1710470507838	OK	 
USER	Post Marketplace Fees	END	1710470507840
USER	Post Marketplace Fees	START	1710470507966
USER	Post Marketplace Fees	START	1710470508109
REQUEST		Post marketplace fees	1710470505253	1710470508113	OK	 
USER	Post Marketplace Fees	END	1710470508114
REQUEST		Post marketplace fees	1710470505681	1710470508196	OK	 
USER	Post Marketplace Fees	END	1710470508197
REQUEST		Post marketplace fees	1710470505109	1710470508229	OK	 
USER	Post Marketplace Fees	END	1710470508229
USER	Post Marketplace Fees	START	1710470508234
REQUEST		Post marketplace fees	1710470504825	1710470508321	OK	 
USER	Post Marketplace Fees	END	1710470508321
REQUEST		Post marketplace fees	1710470504967	1710470508324	OK	 
REQUEST		Post marketplace fees	1710470505395	1710470508325	OK	 
USER	Post Marketplace Fees	END	1710470508325
USER	Post Marketplace Fees	END	1710470508325
USER	Post Marketplace Fees	START	1710470508359
REQUEST		Post marketplace fees	1710470505538	1710470508443	OK	 
USER	Post Marketplace Fees	END	1710470508444
USER	Post Marketplace Fees	START	1710470508484
REQUEST		Post marketplace fees	1710470504682	1710470508491	OK	 
USER	Post Marketplace Fees	END	1710470508492
USER	Post Marketplace Fees	START	1710470508610
USER	Post Marketplace Fees	START	1710470508734
REQUEST		Post marketplace fees	1710470505968	1710470508829	OK	 
USER	Post Marketplace Fees	END	1710470508830
USER	Post Marketplace Fees	START	1710470508859
USER	Post Marketplace Fees	START	1710470508984
USER	Post Marketplace Fees	START	1710470509109
REQUEST		Post marketplace fees	1710470506110	1710470509190	OK	 
USER	Post Marketplace Fees	END	1710470509192
REQUEST		Post marketplace fees	1710470506253	1710470509233	OK	 
USER	Post Marketplace Fees	END	1710470509234
USER	Post Marketplace Fees	START	1710470509235
REQUEST		Post marketplace fees	1710470505824	1710470509314	OK	 
USER	Post Marketplace Fees	END	1710470509315
USER	Post Marketplace Fees	START	1710470509360
USER	Post Marketplace Fees	START	1710470509485
REQUEST		Post marketplace fees	1710470506396	1710470509519	OK	 
USER	Post Marketplace Fees	END	1710470509520
USER	Post Marketplace Fees	START	1710470509610
REQUEST		Post marketplace fees	1710470506538	1710470509652	OK	 
USER	Post Marketplace Fees	END	1710470509653
USER	Post Marketplace Fees	START	1710470509735
REQUEST		Post marketplace fees	1710470506681	1710470509752	OK	 
USER	Post Marketplace Fees	END	1710470509754
USER	Post Marketplace Fees	START	1710470509860
USER	Post Marketplace Fees	START	1710470509985
USER	Post Marketplace Fees	START	1710470510109
REQUEST		Post marketplace fees	1710470506968	1710470510230	OK	 
USER	Post Marketplace Fees	END	1710470510230
USER	Post Marketplace Fees	START	1710470510234
USER	Post Marketplace Fees	START	1710470510359
REQUEST		Post marketplace fees	1710470507538	1710470510391	OK	 
USER	Post Marketplace Fees	END	1710470510392
USER	Post Marketplace Fees	START	1710470510484
USER	Post Marketplace Fees	START	1710470510609
USER	Post Marketplace Fees	START	1710470510734
USER	Post Marketplace Fees	START	1710470510859
USER	Post Marketplace Fees	START	1710470510985
USER	Post Marketplace Fees	START	1710470511110
USER	Post Marketplace Fees	START	1710470511221
REQUEST		Post marketplace fees	1710470508735	1710470511299	OK	 
USER	Post Marketplace Fees	END	1710470511300
USER	Post Marketplace Fees	START	1710470511332
USER	Post Marketplace Fees	START	1710470511443
USER	Post Marketplace Fees	START	1710470511554
REQUEST		Post marketplace fees	1710470507396	1710470511643	OK	 
USER	Post Marketplace Fees	END	1710470511644
USER	Post Marketplace Fees	START	1710470511665
USER	Post Marketplace Fees	START	1710470511777
USER	Post Marketplace Fees	START	1710470511887
REQUEST		Post marketplace fees	1710470507109	1710470511965	OK	 
USER	Post Marketplace Fees	END	1710470511965
USER	Post Marketplace Fees	START	1710470511998
USER	Post Marketplace Fees	START	1710470512109
USER	Post Marketplace Fees	START	1710470512221
REQUEST		Post marketplace fees	1710470507967	1710470512316	OK	 
USER	Post Marketplace Fees	END	1710470512316
USER	Post Marketplace Fees	START	1710470512332
USER	Post Marketplace Fees	START	1710470512443
USER	Post Marketplace Fees	START	1710470512554
REQUEST		Post marketplace fees	1710470506824	1710470512632	OK	 
USER	Post Marketplace Fees	END	1710470512633
USER	Post Marketplace Fees	START	1710470512665
USER	Post Marketplace Fees	START	1710470512776
USER	Post Marketplace Fees	START	1710470512887
USER	Post Marketplace Fees	START	1710470512998
USER	Post Marketplace Fees	START	1710470513109
USER	Post Marketplace Fees	START	1710470513220
USER	Post Marketplace Fees	START	1710470513332
USER	Post Marketplace Fees	START	1710470513443
USER	Post Marketplace Fees	START	1710470513554
REQUEST		Post marketplace fees	1710470508360	1710470513556	OK	 
USER	Post Marketplace Fees	END	1710470513558
USER	Post Marketplace Fees	START	1710470513665
USER	Post Marketplace Fees	START	1710470513776
REQUEST		Post marketplace fees	1710470508611	1710470513794	OK	 
USER	Post Marketplace Fees	END	1710470513795
REQUEST		Post marketplace fees	1710470507253	1710470513817	OK	 
USER	Post Marketplace Fees	END	1710470513818
USER	Post Marketplace Fees	START	1710470513887
USER	Post Marketplace Fees	START	1710470513998
REQUEST		Post marketplace fees	1710470508234	1710470514103	OK	 
USER	Post Marketplace Fees	END	1710470514104
USER	Post Marketplace Fees	START	1710470514110
USER	Post Marketplace Fees	START	1710470514210
USER	Post Marketplace Fees	START	1710470514310
USER	Post Marketplace Fees	START	1710470514410
REQUEST		Post marketplace fees	1710470508985	1710470514431	OK	 
USER	Post Marketplace Fees	END	1710470514432
USER	Post Marketplace Fees	START	1710470514510
REQUEST		Post marketplace fees	1710470509611	1710470514516	OK	 
USER	Post Marketplace Fees	END	1710470514517
USER	Post Marketplace Fees	START	1710470514610
USER	Post Marketplace Fees	START	1710470514710
REQUEST		Post marketplace fees	1710470508860	1710470514730	OK	 
USER	Post Marketplace Fees	END	1710470514731
REQUEST		Post marketplace fees	1710470509361	1710470514736	OK	 
USER	Post Marketplace Fees	END	1710470514738
USER	Post Marketplace Fees	START	1710470514810
USER	Post Marketplace Fees	START	1710470514911
USER	Post Marketplace Fees	START	1710470515011
REQUEST		Post marketplace fees	1710470509110	1710470515023	OK	 
USER	Post Marketplace Fees	END	1710470515025
USER	Post Marketplace Fees	START	1710470515109
USER	Post Marketplace Fees	START	1710470515209
REQUEST		Post marketplace fees	1710470510360	1710470515304	OK	 
USER	Post Marketplace Fees	END	1710470515306
USER	Post Marketplace Fees	START	1710470515309
REQUEST		Post marketplace fees	1710470508486	1710470515335	OK	 
USER	Post Marketplace Fees	END	1710470515337
REQUEST		Post marketplace fees	1710470507682	1710470515399	OK	 
USER	Post Marketplace Fees	END	1710470515400
USER	Post Marketplace Fees	START	1710470515410
REQUEST		Post marketplace fees	1710470509861	1710470515425	OK	 
USER	Post Marketplace Fees	END	1710470515426
USER	Post Marketplace Fees	START	1710470515509
USER	Post Marketplace Fees	START	1710470515610
USER	Post Marketplace Fees	START	1710470515710
USER	Post Marketplace Fees	START	1710470515810
REQUEST		Post marketplace fees	1710470510735	1710470515905	OK	 
USER	Post Marketplace Fees	END	1710470515906
USER	Post Marketplace Fees	START	1710470515910
USER	Post Marketplace Fees	START	1710470516010
REQUEST		Post marketplace fees	1710470507825	1710470516229	OK	 
USER	Post Marketplace Fees	END	1710470516230
REQUEST		Post marketplace fees	1710470510234	1710470516729	OK	 
USER	Post Marketplace Fees	END	1710470516730
REQUEST		Post marketplace fees	1710470509486	1710470517001	OK	 
USER	Post Marketplace Fees	END	1710470517002
REQUEST		Post marketplace fees	1710470508109	1710470517426	OK	 
USER	Post Marketplace Fees	END	1710470517427
REQUEST		Post marketplace fees	1710470511778	1710470517924	OK	 
USER	Post Marketplace Fees	END	1710470517925
REQUEST		Post marketplace fees	1710470511556	1710470518220	OK	 
USER	Post Marketplace Fees	END	1710470518220
REQUEST		Post marketplace fees	1710470509236	1710470518724	OK	 
USER	Post Marketplace Fees	END	1710470518725
REQUEST		Post marketplace fees	1710470510610	1710470518923	OK	 
USER	Post Marketplace Fees	END	1710470518924
REQUEST		Post marketplace fees	1710470511110	1710470518926	OK	 
USER	Post Marketplace Fees	END	1710470518926
REQUEST		Post marketplace fees	1710470512888	1710470519019	OK	 
USER	Post Marketplace Fees	END	1710470519020
REQUEST		Post marketplace fees	1710470509986	1710470519157	OK	 
USER	Post Marketplace Fees	END	1710470519158
REQUEST		Post marketplace fees	1710470510485	1710470519722	OK	 
USER	Post Marketplace Fees	END	1710470519724
REQUEST		Post marketplace fees	1710470512333	1710470519864	OK	 
USER	Post Marketplace Fees	END	1710470519865
REQUEST		Post marketplace fees	1710470513110	1710470519996	OK	 
USER	Post Marketplace Fees	END	1710470519997
REQUEST		Post marketplace fees	1710470511333	1710470520216	OK	 
USER	Post Marketplace Fees	END	1710470520216
REQUEST		Post marketplace fees	1710470512221	1710470521327	OK	 
USER	Post Marketplace Fees	END	1710470521328
REQUEST		Post marketplace fees	1710470514310	1710470522422	OK	 
USER	Post Marketplace Fees	END	1710470522423
REQUEST		Post marketplace fees	1710470512444	1710470522429	OK	 
USER	Post Marketplace Fees	END	1710470522430
REQUEST		Post marketplace fees	1710470511445	1710470522529	OK	 
USER	Post Marketplace Fees	END	1710470522531
REQUEST		Post marketplace fees	1710470510860	1710470522738	OK	 
USER	Post Marketplace Fees	END	1710470522739
REQUEST		Post marketplace fees	1710470510109	1710470522825	OK	 
USER	Post Marketplace Fees	END	1710470522827
REQUEST		Post marketplace fees	1710470511999	1710470522922	OK	 
USER	Post Marketplace Fees	END	1710470522923
REQUEST		Post marketplace fees	1710470511888	1710470523493	OK	 
REQUEST		Post marketplace fees	1710470513444	1710470523494	OK	 
USER	Post Marketplace Fees	END	1710470523494
USER	Post Marketplace Fees	END	1710470523494
REQUEST		Post marketplace fees	1710470514112	1710470523531	OK	 
USER	Post Marketplace Fees	END	1710470523532
REQUEST		Post marketplace fees	1710470514811	1710470523533	OK	 
USER	Post Marketplace Fees	END	1710470523534
REQUEST		Post marketplace fees	1710470511665	1710470523595	OK	 
USER	Post Marketplace Fees	END	1710470523596
REQUEST		Post marketplace fees	1710470512999	1710470523720	OK	 
USER	Post Marketplace Fees	END	1710470523720
REQUEST		Post marketplace fees	1710470509736	1710470524021	OK	 
USER	Post Marketplace Fees	END	1710470524021
REQUEST		Post marketplace fees	1710470512110	1710470524124	OK	 
USER	Post Marketplace Fees	END	1710470524125
REQUEST		Post marketplace fees	1710470513888	1710470524402	OK	 
USER	Post Marketplace Fees	END	1710470524403
REQUEST		Post marketplace fees	1710470510986	1710470524410	OK	 
USER	Post Marketplace Fees	END	1710470524412
REQUEST		Post marketplace fees	1710470515411	1710470524562	OK	 
USER	Post Marketplace Fees	END	1710470524563
REQUEST		Post marketplace fees	1710470511222	1710470524694	OK	 
USER	Post Marketplace Fees	END	1710470524695
REQUEST		Post marketplace fees	1710470514912	1710470525094	OK	 
USER	Post Marketplace Fees	END	1710470525095
REQUEST		Post marketplace fees	1710470514411	1710470525127	OK	 
USER	Post Marketplace Fees	END	1710470525128
REQUEST		Post marketplace fees	1710470515711	1710470525128	OK	 
USER	Post Marketplace Fees	END	1710470525128
REQUEST		Post marketplace fees	1710470514711	1710470525190	OK	 
USER	Post Marketplace Fees	END	1710470525192
REQUEST		Post marketplace fees	1710470515510	1710470525209	OK	 
USER	Post Marketplace Fees	END	1710470525210
REQUEST		Post marketplace fees	1710470512777	1710470525297	OK	 
USER	Post Marketplace Fees	END	1710470525299
REQUEST		Post marketplace fees	1710470512555	1710470525333	OK	 
USER	Post Marketplace Fees	END	1710470525335
REQUEST		Post marketplace fees	1710470512665	1710470525398	OK	 
USER	Post Marketplace Fees	END	1710470525399
REQUEST		Post marketplace fees	1710470514511	1710470525409	OK	 
USER	Post Marketplace Fees	END	1710470525410
REQUEST		Post marketplace fees	1710470513221	1710470525690	OK	 
USER	Post Marketplace Fees	END	1710470525690
REQUEST		Post marketplace fees	1710470513333	1710470525825	OK	 
USER	Post Marketplace Fees	END	1710470525826
REQUEST		Post marketplace fees	1710470515110	1710470526491	OK	 
USER	Post Marketplace Fees	END	1710470526491
REQUEST		Post marketplace fees	1710470515811	1710470526682	OK	 
REQUEST		Post marketplace fees	1710470515311	1710470526683	OK	 
USER	Post Marketplace Fees	END	1710470526683
USER	Post Marketplace Fees	END	1710470526684
REQUEST		Post marketplace fees	1710470515012	1710470526818	OK	 
USER	Post Marketplace Fees	END	1710470526819
REQUEST		Post marketplace fees	1710470515910	1710470526921	OK	 
USER	Post Marketplace Fees	END	1710470526922
REQUEST		Post marketplace fees	1710470513666	1710470527094	OK	 
USER	Post Marketplace Fees	END	1710470527095
REQUEST		Post marketplace fees	1710470513777	1710470527218	OK	 
USER	Post Marketplace Fees	END	1710470527219
REQUEST		Post marketplace fees	1710470513555	1710470527321	OK	 
USER	Post Marketplace Fees	END	1710470527321
REQUEST		Post marketplace fees	1710470516011	1710470527394	OK	 
REQUEST		Post marketplace fees	1710470514210	1710470527395	OK	 
USER	Post Marketplace Fees	END	1710470527396
USER	Post Marketplace Fees	END	1710470527396
REQUEST		Post marketplace fees	1710470514611	1710470527420	OK	 
USER	Post Marketplace Fees	END	1710470527421
REQUEST		Post marketplace fees	1710470515210	1710470527723	OK	 
REQUEST		Post marketplace fees	1710470515611	1710470527723	OK	 
USER	Post Marketplace Fees	END	1710470527724
USER	Post Marketplace Fees	END	1710470527724
REQUEST		Post marketplace fees	1710470513999	1710470527829	OK	 
USER	Post Marketplace Fees	END	1710470527831
