RUN	transactions.MarketplaceFeesGetSimulation	marketplacefeesgetsimulation	1710452289633	 	3.10.4
USER	Login	START	1710452290269
REQUEST		Login	1710452290266	1710452291023	OK	 
USER	Login	END	1710452296097
USER	Get Marketplace Fees	START	1710452296279
USER	Get Marketplace Fees	START	1710452296449
USER	Get Marketplace Fees	START	1710452296648
USER	Get Marketplace Fees	START	1710452296850
USER	Get Marketplace Fees	START	1710452297052
USER	Get Marketplace Fees	START	1710452297254
REQUEST		Get all marketplace fees	1710452296446	1710452297326	OK	 
USER	Get Marketplace Fees	END	1710452297327
REQUEST		Get all marketplace fees	1710452296277	1710452297433	OK	 
USER	Get Marketplace Fees	END	1710452297434
USER	Get Marketplace Fees	START	1710452297440
REQUEST		Get all marketplace fees	1710452296849	1710452297624	OK	 
USER	Get Marketplace Fees	END	1710452297625
USER	Get Marketplace Fees	START	1710452297641
REQUEST		Get all marketplace fees	1710452296647	1710452297642	OK	 
USER	Get Marketplace Fees	END	1710452297643
USER	Get Marketplace Fees	START	1710452297842
USER	Get Marketplace Fees	START	1710452298045
REQUEST		Get all marketplace fees	1710452297439	1710452298078	OK	 
USER	Get Marketplace Fees	END	1710452298079
USER	Get Marketplace Fees	START	1710452298242
USER	Get Marketplace Fees	START	1710452298440
USER	Get Marketplace Fees	START	1710452298643
REQUEST		Get all marketplace fees	1710452297051	1710452298746	OK	 
USER	Get Marketplace Fees	END	1710452298747
REQUEST		Get all marketplace fees	1710452297253	1710452298821	OK	 
USER	Get Marketplace Fees	END	1710452298823
USER	Get Marketplace Fees	START	1710452298845
USER	Get Marketplace Fees	START	1710452299044
REQUEST		Get all marketplace fees	1710452297841	1710452299124	OK	 
USER	Get Marketplace Fees	END	1710452299125
REQUEST		Get all marketplace fees	1710452298240	1710452299130	OK	 
USER	Get Marketplace Fees	END	1710452299132
REQUEST		Get all marketplace fees	1710452297640	1710452299151	OK	 
USER	Get Marketplace Fees	END	1710452299152
USER	Get Marketplace Fees	START	1710452299241
REQUEST		Get all marketplace fees	1710452298440	1710452299418	OK	 
USER	Get Marketplace Fees	END	1710452299419
USER	Get Marketplace Fees	START	1710452299440
USER	Get Marketplace Fees	START	1710452299641
REQUEST		Get all marketplace fees	1710452298043	1710452299813	OK	 
USER	Get Marketplace Fees	END	1710452299814
USER	Get Marketplace Fees	START	1710452299844
REQUEST		Get all marketplace fees	1710452298843	1710452299926	OK	 
USER	Get Marketplace Fees	END	1710452299927
USER	Get Marketplace Fees	START	1710452300044
REQUEST		Get all marketplace fees	1710452299043	1710452300127	OK	 
USER	Get Marketplace Fees	END	1710452300128
REQUEST		Get all marketplace fees	1710452298641	1710452300219	OK	 
USER	Get Marketplace Fees	END	1710452300220
USER	Get Marketplace Fees	START	1710452300253
REQUEST		Get all marketplace fees	1710452299240	1710452300433	OK	 
USER	Get Marketplace Fees	END	1710452300434
USER	Get Marketplace Fees	START	1710452300440
REQUEST		Get all marketplace fees	1710452299640	1710452300526	OK	 
USER	Get Marketplace Fees	END	1710452300527
USER	Get Marketplace Fees	START	1710452300641
REQUEST		Get all marketplace fees	1710452299842	1710452300735	OK	 
USER	Get Marketplace Fees	END	1710452300736
REQUEST		Get all marketplace fees	1710452299439	1710452300752	OK	 
USER	Get Marketplace Fees	END	1710452300754
USER	Get Marketplace Fees	START	1710452300843
USER	Get Marketplace Fees	START	1710452301042
USER	Get Marketplace Fees	START	1710452301243
REQUEST		Get all marketplace fees	1710452300043	1710452301332	OK	 
USER	Get Marketplace Fees	END	1710452301333
USER	Get Marketplace Fees	START	1710452301441
REQUEST		Get all marketplace fees	1710452300251	1710452301534	OK	 
USER	Get Marketplace Fees	END	1710452301535
USER	Get Marketplace Fees	START	1710452301640
USER	Get Marketplace Fees	START	1710452301840
USER	Get Marketplace Fees	START	1710452302042
REQUEST		Get all marketplace fees	1710452300440	1710452302138	OK	 
USER	Get Marketplace Fees	END	1710452302140
USER	Get Marketplace Fees	START	1710452302240
USER	Get Marketplace Fees	START	1710452302440
REQUEST		Get all marketplace fees	1710452301243	1710452302476	OK	 
USER	Get Marketplace Fees	END	1710452302477
REQUEST		Get all marketplace fees	1710452300641	1710452302623	OK	 
USER	Get Marketplace Fees	END	1710452302625
USER	Get Marketplace Fees	START	1710452302641
USER	Get Marketplace Fees	START	1710452302841
REQUEST		Get all marketplace fees	1710452302041	1710452302911	OK	 
USER	Get Marketplace Fees	END	1710452302911
REQUEST		Get all marketplace fees	1710452301639	1710452302934	OK	 
USER	Get Marketplace Fees	END	1710452302934
USER	Get Marketplace Fees	START	1710452303041
USER	Get Marketplace Fees	START	1710452303239
REQUEST		Get all marketplace fees	1710452301440	1710452303319	OK	 
USER	Get Marketplace Fees	END	1710452303321
REQUEST		Get all marketplace fees	1710452301042	1710452303410	OK	 
USER	Get Marketplace Fees	END	1710452303411
REQUEST		Get all marketplace fees	1710452302439	1710452303413	OK	 
USER	Get Marketplace Fees	END	1710452303415
USER	Get Marketplace Fees	START	1710452303441
REQUEST		Get all marketplace fees	1710452302239	1710452303441	OK	 
USER	Get Marketplace Fees	END	1710452303443
REQUEST		Get all marketplace fees	1710452300842	1710452303516	OK	 
USER	Get Marketplace Fees	END	1710452303517
REQUEST		Get all marketplace fees	1710452302640	1710452303532	OK	 
USER	Get Marketplace Fees	END	1710452303533
REQUEST		Get all marketplace fees	1710452301840	1710452303608	OK	 
USER	Get Marketplace Fees	END	1710452303609
USER	Get Marketplace Fees	START	1710452303640
USER	Get Marketplace Fees	START	1710452303840
USER	Get Marketplace Fees	START	1710452304040
REQUEST		Get all marketplace fees	1710452302841	1710452304137	OK	 
USER	Get Marketplace Fees	END	1710452304138
USER	Get Marketplace Fees	START	1710452304239
REQUEST		Get all marketplace fees	1710452303040	1710452304240	OK	 
USER	Get Marketplace Fees	END	1710452304241
USER	Get Marketplace Fees	START	1710452304439
USER	Get Marketplace Fees	START	1710452304639
REQUEST		Get all marketplace fees	1710452303639	1710452304711	OK	 
USER	Get Marketplace Fees	END	1710452304712
USER	Get Marketplace Fees	START	1710452304839
REQUEST		Get all marketplace fees	1710452303440	1710452304841	OK	 
USER	Get Marketplace Fees	END	1710452304842
USER	Get Marketplace Fees	START	1710452305039
REQUEST		Get all marketplace fees	1710452303239	1710452305114	OK	 
USER	Get Marketplace Fees	END	1710452305115
REQUEST		Get all marketplace fees	1710452303839	1710452305207	OK	 
USER	Get Marketplace Fees	END	1710452305208
USER	Get Marketplace Fees	START	1710452305240
REQUEST		Get all marketplace fees	1710452304040	1710452305417	OK	 
REQUEST		Get all marketplace fees	1710452304238	1710452305418	OK	 
USER	Get Marketplace Fees	END	1710452305419
USER	Get Marketplace Fees	END	1710452305420
USER	Get Marketplace Fees	START	1710452305441
REQUEST		Get all marketplace fees	1710452304439	1710452305543	OK	 
USER	Get Marketplace Fees	END	1710452305544
USER	Get Marketplace Fees	START	1710452305641
REQUEST		Get all marketplace fees	1710452304639	1710452305818	OK	 
USER	Get Marketplace Fees	END	1710452305819
USER	Get Marketplace Fees	START	1710452305840
USER	Get Marketplace Fees	START	1710452306042
REQUEST		Get all marketplace fees	1710452305039	1710452306044	OK	 
USER	Get Marketplace Fees	END	1710452306044
USER	Get Marketplace Fees	START	1710452306241
USER	Get Marketplace Fees	START	1710452306441
REQUEST		Get all marketplace fees	1710452304839	1710452306448	OK	 
USER	Get Marketplace Fees	END	1710452306450
REQUEST		Get all marketplace fees	1710452305440	1710452306518	OK	 
USER	Get Marketplace Fees	END	1710452306519
REQUEST		Get all marketplace fees	1710452305240	1710452306538	OK	 
USER	Get Marketplace Fees	END	1710452306539
USER	Get Marketplace Fees	START	1710452306640
REQUEST		Get all marketplace fees	1710452305640	1710452306641	OK	 
USER	Get Marketplace Fees	END	1710452306642
USER	Get Marketplace Fees	START	1710452306840
REQUEST		Get all marketplace fees	1710452306042	1710452307016	OK	 
USER	Get Marketplace Fees	END	1710452307017
USER	Get Marketplace Fees	START	1710452307041
USER	Get Marketplace Fees	START	1710452307239
REQUEST		Get all marketplace fees	1710452306440	1710452307332	OK	 
USER	Get Marketplace Fees	END	1710452307332
USER	Get Marketplace Fees	START	1710452307440
REQUEST		Get all marketplace fees	1710452306240	1710452307610	OK	 
USER	Get Marketplace Fees	END	1710452307611
REQUEST		Get all marketplace fees	1710452305840	1710452307623	OK	 
USER	Get Marketplace Fees	END	1710452307623
USER	Get Marketplace Fees	START	1710452307640
REQUEST		Get all marketplace fees	1710452306840	1710452307734	OK	 
USER	Get Marketplace Fees	END	1710452307735
USER	Get Marketplace Fees	START	1710452307840
REQUEST		Get all marketplace fees	1710452306640	1710452307960	OK	 
USER	Get Marketplace Fees	END	1710452307961
REQUEST		Get all marketplace fees	1710452307040	1710452308014	OK	 
USER	Get Marketplace Fees	END	1710452308014
USER	Get Marketplace Fees	START	1710452308040
USER	Get Marketplace Fees	START	1710452308248
USER	Get Marketplace Fees	START	1710452308439
REQUEST		Get all marketplace fees	1710452307639	1710452308513	OK	 
USER	Get Marketplace Fees	END	1710452308514
REQUEST		Get all marketplace fees	1710452307239	1710452308607	OK	 
USER	Get Marketplace Fees	END	1710452308608
USER	Get Marketplace Fees	START	1710452308639
REQUEST		Get all marketplace fees	1710452307439	1710452308715	OK	 
USER	Get Marketplace Fees	END	1710452308716
USER	Get Marketplace Fees	START	1710452308839
REQUEST		Get all marketplace fees	1710452307840	1710452308922	OK	 
USER	Get Marketplace Fees	END	1710452308922
REQUEST		Get all marketplace fees	1710452308040	1710452308937	OK	 
USER	Get Marketplace Fees	END	1710452308941
USER	Get Marketplace Fees	START	1710452309040
USER	Get Marketplace Fees	START	1710452309239
REQUEST		Get all marketplace fees	1710452308438	1710452309316	OK	 
USER	Get Marketplace Fees	END	1710452309317
USER	Get Marketplace Fees	START	1710452309439
USER	Get Marketplace Fees	START	1710452309639
REQUEST		Get all marketplace fees	1710452308839	1710452309665	OK	 
USER	Get Marketplace Fees	END	1710452309666
REQUEST		Get all marketplace fees	1710452308248	1710452309744	OK	 
USER	Get Marketplace Fees	END	1710452309745
USER	Get Marketplace Fees	START	1710452309839
REQUEST		Get all marketplace fees	1710452308639	1710452309919	OK	 
USER	Get Marketplace Fees	END	1710452309920
REQUEST		Get all marketplace fees	1710452309039	1710452310020	OK	 
USER	Get Marketplace Fees	END	1710452310020
USER	Get Marketplace Fees	START	1710452310039
USER	Get Marketplace Fees	START	1710452310241
USER	Get Marketplace Fees	START	1710452310406
USER	Get Marketplace Fees	START	1710452310573
USER	Get Marketplace Fees	START	1710452310740
REQUEST		Get all marketplace fees	1710452309639	1710452310761	OK	 
USER	Get Marketplace Fees	END	1710452310762
REQUEST		Get all marketplace fees	1710452309239	1710452310836	OK	 
USER	Get Marketplace Fees	END	1710452310837
USER	Get Marketplace Fees	START	1710452310906
REQUEST		Get all marketplace fees	1710452309438	1710452311011	OK	 
USER	Get Marketplace Fees	END	1710452311011
REQUEST		Get all marketplace fees	1710452310039	1710452311045	OK	 
USER	Get Marketplace Fees	END	1710452311046
USER	Get Marketplace Fees	START	1710452311074
REQUEST		Get all marketplace fees	1710452309839	1710452311125	OK	 
USER	Get Marketplace Fees	END	1710452311125
USER	Get Marketplace Fees	START	1710452311239
USER	Get Marketplace Fees	START	1710452311439
REQUEST		Get all marketplace fees	1710452310240	1710452311532	OK	 
USER	Get Marketplace Fees	END	1710452311533
USER	Get Marketplace Fees	START	1710452311639
REQUEST		Get all marketplace fees	1710452310740	1710452311654	OK	 
USER	Get Marketplace Fees	END	1710452311654
REQUEST		Get all marketplace fees	1710452310573	1710452311714	OK	 
USER	Get Marketplace Fees	END	1710452311715
USER	Get Marketplace Fees	START	1710452311840
REQUEST		Get all marketplace fees	1710452310906	1710452311921	OK	 
USER	Get Marketplace Fees	END	1710452311922
REQUEST		Get all marketplace fees	1710452310405	1710452312036	OK	 
USER	Get Marketplace Fees	END	1710452312036
USER	Get Marketplace Fees	START	1710452312039
USER	Get Marketplace Fees	START	1710452312239
REQUEST		Get all marketplace fees	1710452311438	1710452312343	OK	 
USER	Get Marketplace Fees	END	1710452312344
USER	Get Marketplace Fees	START	1710452312405
REQUEST		Get all marketplace fees	1710452311238	1710452312414	OK	 
USER	Get Marketplace Fees	END	1710452312415
USER	Get Marketplace Fees	START	1710452312573
USER	Get Marketplace Fees	START	1710452312739
REQUEST		Get all marketplace fees	1710452311639	1710452312813	OK	 
USER	Get Marketplace Fees	END	1710452312815
USER	Get Marketplace Fees	START	1710452312906
REQUEST		Get all marketplace fees	1710452311073	1710452312946	OK	 
USER	Get Marketplace Fees	END	1710452312947
REQUEST		Get all marketplace fees	1710452312238	1710452312947	OK	 
USER	Get Marketplace Fees	END	1710452312948
USER	Get Marketplace Fees	START	1710452313073
REQUEST		Get all marketplace fees	1710452311839	1710452313118	OK	 
USER	Get Marketplace Fees	END	1710452313119
USER	Get Marketplace Fees	START	1710452313239
USER	Get Marketplace Fees	START	1710452313406
REQUEST		Get all marketplace fees	1710452312039	1710452313456	OK	 
USER	Get Marketplace Fees	END	1710452313457
USER	Get Marketplace Fees	START	1710452313572
REQUEST		Get all marketplace fees	1710452312572	1710452313718	OK	 
USER	Get Marketplace Fees	END	1710452313719
USER	Get Marketplace Fees	START	1710452313739
USER	Get Marketplace Fees	START	1710452313906
REQUEST		Get all marketplace fees	1710452312905	1710452314045	OK	 
USER	Get Marketplace Fees	END	1710452314046
USER	Get Marketplace Fees	START	1710452314074
REQUEST		Get all marketplace fees	1710452312405	1710452314214	OK	 
USER	Get Marketplace Fees	END	1710452314215
USER	Get Marketplace Fees	START	1710452314239
REQUEST		Get all marketplace fees	1710452312738	1710452314310	OK	 
USER	Get Marketplace Fees	END	1710452314311
USER	Get Marketplace Fees	START	1710452314405
REQUEST		Get all marketplace fees	1710452313072	1710452314416	OK	 
USER	Get Marketplace Fees	END	1710452314417
USER	Get Marketplace Fees	START	1710452314573
REQUEST		Get all marketplace fees	1710452313405	1710452314611	OK	 
USER	Get Marketplace Fees	END	1710452314612
REQUEST		Get all marketplace fees	1710452313238	1710452314728	OK	 
USER	Get Marketplace Fees	END	1710452314729
USER	Get Marketplace Fees	START	1710452314739
REQUEST		Get all marketplace fees	1710452314073	1710452314763	OK	 
USER	Get Marketplace Fees	END	1710452314763
USER	Get Marketplace Fees	START	1710452314907
USER	Get Marketplace Fees	START	1710452315073
REQUEST		Get all marketplace fees	1710452313739	1710452315215	OK	 
USER	Get Marketplace Fees	END	1710452315217
USER	Get Marketplace Fees	START	1710452315249
REQUEST		Get all marketplace fees	1710452313906	1710452315316	OK	 
USER	Get Marketplace Fees	END	1710452315317
USER	Get Marketplace Fees	START	1710452315406
REQUEST		Get all marketplace fees	1710452313572	1710452315432	OK	 
USER	Get Marketplace Fees	END	1710452315433
REQUEST		Get all marketplace fees	1710452314404	1710452315518	OK	 
USER	Get Marketplace Fees	END	1710452315520
USER	Get Marketplace Fees	START	1710452315573
USER	Get Marketplace Fees	START	1710452315739
USER	Get Marketplace Fees	START	1710452315906
REQUEST		Get all marketplace fees	1710452314238	1710452316015	OK	 
USER	Get Marketplace Fees	END	1710452316015
USER	Get Marketplace Fees	START	1710452316073
REQUEST		Get all marketplace fees	1710452314572	1710452316226	OK	 
USER	Get Marketplace Fees	END	1710452316227
USER	Get Marketplace Fees	START	1710452316241
USER	Get Marketplace Fees	START	1710452316406
USER	Get Marketplace Fees	START	1710452316572
REQUEST		Get all marketplace fees	1710452314906	1710452316630	OK	 
USER	Get Marketplace Fees	END	1710452316631
REQUEST		Get all marketplace fees	1710452314739	1710452316632	OK	 
USER	Get Marketplace Fees	END	1710452316633
REQUEST		Get all marketplace fees	1710452315572	1710452316716	OK	 
USER	Get Marketplace Fees	END	1710452316717
REQUEST		Get all marketplace fees	1710452315739	1710452316724	OK	 
USER	Get Marketplace Fees	END	1710452316725
REQUEST		Get all marketplace fees	1710452315405	1710452316738	OK	 
USER	Get Marketplace Fees	END	1710452316738
USER	Get Marketplace Fees	START	1710452316740
REQUEST		Get all marketplace fees	1710452315072	1710452316809	OK	 
USER	Get Marketplace Fees	END	1710452316810
USER	Get Marketplace Fees	START	1710452316906
REQUEST		Get all marketplace fees	1710452315906	1710452317012	OK	 
USER	Get Marketplace Fees	END	1710452317012
USER	Get Marketplace Fees	START	1710452317073
REQUEST		Get all marketplace fees	1710452315249	1710452317144	OK	 
USER	Get Marketplace Fees	END	1710452317145
USER	Get Marketplace Fees	START	1710452317249
REQUEST		Get all marketplace fees	1710452316572	1710452317309	OK	 
USER	Get Marketplace Fees	END	1710452317310
USER	Get Marketplace Fees	START	1710452317406
REQUEST		Get all marketplace fees	1710452316406	1710452317414	OK	 
USER	Get Marketplace Fees	END	1710452317415
USER	Get Marketplace Fees	START	1710452317573
REQUEST		Get all marketplace fees	1710452316073	1710452317730	OK	 
USER	Get Marketplace Fees	END	1710452317731
USER	Get Marketplace Fees	START	1710452317740
REQUEST		Get all marketplace fees	1710452316906	1710452317819	OK	 
USER	Get Marketplace Fees	END	1710452317820
USER	Get Marketplace Fees	START	1710452317907
REQUEST		Get all marketplace fees	1710452316739	1710452317939	OK	 
USER	Get Marketplace Fees	END	1710452317940
REQUEST		Get all marketplace fees	1710452316240	1710452317945	OK	 
USER	Get Marketplace Fees	END	1710452317947
REQUEST		Get all marketplace fees	1710452317405	1710452318020	OK	 
USER	Get Marketplace Fees	END	1710452318020
USER	Get Marketplace Fees	START	1710452318073
USER	Get Marketplace Fees	START	1710452318241
USER	Get Marketplace Fees	START	1710452318405
REQUEST		Get all marketplace fees	1710452317740	1710452318519	OK	 
USER	Get Marketplace Fees	END	1710452318520
USER	Get Marketplace Fees	START	1710452318572
REQUEST		Get all marketplace fees	1710452317249	1710452318614	OK	 
USER	Get Marketplace Fees	END	1710452318614
USER	Get Marketplace Fees	START	1710452318740
USER	Get Marketplace Fees	START	1710452318906
REQUEST		Get all marketplace fees	1710452317073	1710452318930	OK	 
USER	Get Marketplace Fees	END	1710452318931
REQUEST		Get all marketplace fees	1710452317572	1710452318935	OK	 
USER	Get Marketplace Fees	END	1710452318936
USER	Get Marketplace Fees	START	1710452319074
REQUEST		Get all marketplace fees	1710452318072	1710452319217	OK	 
USER	Get Marketplace Fees	END	1710452319218
REQUEST		Get all marketplace fees	1710452317906	1710452319234	OK	 
USER	Get Marketplace Fees	END	1710452319235
USER	Get Marketplace Fees	START	1710452319240
REQUEST		Get all marketplace fees	1710452318240	1710452319313	OK	 
USER	Get Marketplace Fees	END	1710452319314
USER	Get Marketplace Fees	START	1710452319406
USER	Get Marketplace Fees	START	1710452319572
REQUEST		Get all marketplace fees	1710452318739	1710452319615	OK	 
USER	Get Marketplace Fees	END	1710452319616
REQUEST		Get all marketplace fees	1710452318405	1710452319617	OK	 
USER	Get Marketplace Fees	END	1710452319618
REQUEST		Get all marketplace fees	1710452318572	1710452319731	OK	 
USER	Get Marketplace Fees	END	1710452319732
USER	Get Marketplace Fees	START	1710452319739
USER	Get Marketplace Fees	START	1710452319906
USER	Get Marketplace Fees	START	1710452320073
REQUEST		Get all marketplace fees	1710452318905	1710452320217	OK	 
USER	Get Marketplace Fees	END	1710452320218
USER	Get Marketplace Fees	START	1710452320252
USER	Get Marketplace Fees	START	1710452320407
REQUEST		Get all marketplace fees	1710452319405	1710452320424	OK	 
USER	Get Marketplace Fees	END	1710452320426
REQUEST		Get all marketplace fees	1710452319073	1710452320519	OK	 
USER	Get Marketplace Fees	END	1710452320520
USER	Get Marketplace Fees	START	1710452320573
REQUEST		Get all marketplace fees	1710452319739	1710452320726	OK	 
USER	Get Marketplace Fees	END	1710452320726
USER	Get Marketplace Fees	START	1710452320740
REQUEST		Get all marketplace fees	1710452319572	1710452320841	OK	 
USER	Get Marketplace Fees	END	1710452320842
USER	Get Marketplace Fees	START	1710452320907
REQUEST		Get all marketplace fees	1710452319239	1710452321034	OK	 
USER	Get Marketplace Fees	END	1710452321035
USER	Get Marketplace Fees	START	1710452321072
USER	Get Marketplace Fees	START	1710452321239
REQUEST		Get all marketplace fees	1710452320239	1710452321311	OK	 
USER	Get Marketplace Fees	END	1710452321312
REQUEST		Get all marketplace fees	1710452320072	1710452321348	OK	 
USER	Get Marketplace Fees	END	1710452321349
USER	Get Marketplace Fees	START	1710452321406
REQUEST		Get all marketplace fees	1710452319905	1710452321412	OK	 
USER	Get Marketplace Fees	END	1710452321412
USER	Get Marketplace Fees	START	1710452321573
USER	Get Marketplace Fees	START	1710452321742
REQUEST		Get all marketplace fees	1710452320406	1710452321839	OK	 
USER	Get Marketplace Fees	END	1710452321840
USER	Get Marketplace Fees	START	1710452321907
REQUEST		Get all marketplace fees	1710452320739	1710452321909	OK	 
USER	Get Marketplace Fees	END	1710452321911
USER	Get Marketplace Fees	START	1710452322074
REQUEST		Get all marketplace fees	1710452320573	1710452322115	OK	 
USER	Get Marketplace Fees	END	1710452322116
REQUEST		Get all marketplace fees	1710452321072	1710452322117	OK	 
USER	Get Marketplace Fees	END	1710452322118
REQUEST		Get all marketplace fees	1710452320906	1710452322214	OK	 
USER	Get Marketplace Fees	END	1710452322215
USER	Get Marketplace Fees	START	1710452322248
USER	Get Marketplace Fees	START	1710452322405
USER	Get Marketplace Fees	START	1710452322573
REQUEST		Get all marketplace fees	1710452321405	1710452322615	OK	 
USER	Get Marketplace Fees	END	1710452322615
REQUEST		Get all marketplace fees	1710452321572	1710452322732	OK	 
USER	Get Marketplace Fees	END	1710452322733
USER	Get Marketplace Fees	START	1710452322740
USER	Get Marketplace Fees	START	1710452322907
REQUEST		Get all marketplace fees	1710452321239	1710452322941	OK	 
USER	Get Marketplace Fees	END	1710452322943
USER	Get Marketplace Fees	START	1710452323073
REQUEST		Get all marketplace fees	1710452322073	1710452323117	OK	 
USER	Get Marketplace Fees	END	1710452323117
USER	Get Marketplace Fees	START	1710452323240
REQUEST		Get all marketplace fees	1710452321740	1710452323332	OK	 
USER	Get Marketplace Fees	END	1710452323333
USER	Get Marketplace Fees	START	1710452323406
USER	Get Marketplace Fees	START	1710452323572
REQUEST		Get all marketplace fees	1710452322248	1710452323722	OK	 
USER	Get Marketplace Fees	END	1710452323723
USER	Get Marketplace Fees	START	1710452323739
REQUEST		Get all marketplace fees	1710452322906	1710452323878	OK	 
USER	Get Marketplace Fees	END	1710452323878
USER	Get Marketplace Fees	START	1710452323905
REQUEST		Get all marketplace fees	1710452321906	1710452323933	OK	 
USER	Get Marketplace Fees	END	1710452323933
USER	Get Marketplace Fees	START	1710452324072
REQUEST		Get all marketplace fees	1710452322572	1710452324167	OK	 
USER	Get Marketplace Fees	END	1710452324168
REQUEST		Get all marketplace fees	1710452322405	1710452324205	OK	 
USER	Get Marketplace Fees	END	1710452324206
USER	Get Marketplace Fees	START	1710452324239
REQUEST		Get all marketplace fees	1710452322739	1710452324279	OK	 
USER	Get Marketplace Fees	END	1710452324279
USER	Get Marketplace Fees	START	1710452324406
USER	Get Marketplace Fees	START	1710452324572
REQUEST		Get all marketplace fees	1710452323072	1710452324620	OK	 
USER	Get Marketplace Fees	END	1710452324621
USER	Get Marketplace Fees	START	1710452324739
USER	Get Marketplace Fees	START	1710452324905
REQUEST		Get all marketplace fees	1710452323240	1710452324931	OK	 
USER	Get Marketplace Fees	END	1710452324932
REQUEST		Get all marketplace fees	1710452323405	1710452325042	OK	 
USER	Get Marketplace Fees	END	1710452325042
USER	Get Marketplace Fees	START	1710452325072
REQUEST		Get all marketplace fees	1710452323572	1710452325111	OK	 
USER	Get Marketplace Fees	END	1710452325111
REQUEST		Get all marketplace fees	1710452323905	1710452325137	OK	 
USER	Get Marketplace Fees	END	1710452325137
USER	Get Marketplace Fees	START	1710452325249
REQUEST		Get all marketplace fees	1710452323739	1710452325326	OK	 
USER	Get Marketplace Fees	END	1710452325327
USER	Get Marketplace Fees	START	1710452325405
REQUEST		Get all marketplace fees	1710452324072	1710452325408	OK	 
USER	Get Marketplace Fees	END	1710452325409
USER	Get Marketplace Fees	START	1710452325572
REQUEST		Get all marketplace fees	1710452324405	1710452325716	OK	 
USER	Get Marketplace Fees	END	1710452325716
USER	Get Marketplace Fees	START	1710452325740
USER	Get Marketplace Fees	START	1710452325906
REQUEST		Get all marketplace fees	1710452324905	1710452326035	OK	 
USER	Get Marketplace Fees	END	1710452326035
USER	Get Marketplace Fees	START	1710452326073
REQUEST		Get all marketplace fees	1710452325072	1710452326116	OK	 
USER	Get Marketplace Fees	END	1710452326117
USER	Get Marketplace Fees	START	1710452326239
USER	Get Marketplace Fees	START	1710452326405
USER	Get Marketplace Fees	START	1710452326572
REQUEST		Get all marketplace fees	1710452325572	1710452326640	OK	 
USER	Get Marketplace Fees	END	1710452326641
REQUEST		Get all marketplace fees	1710452324239	1710452326716	OK	 
USER	Get Marketplace Fees	END	1710452326717
USER	Get Marketplace Fees	START	1710452326739
REQUEST		Get all marketplace fees	1710452324572	1710452326822	OK	 
USER	Get Marketplace Fees	END	1710452326823
USER	Get Marketplace Fees	START	1710452326905
REQUEST		Get all marketplace fees	1710452326073	1710452326915	OK	 
USER	Get Marketplace Fees	END	1710452326916
USER	Get Marketplace Fees	START	1710452327072
REQUEST		Get all marketplace fees	1710452325739	1710452327133	OK	 
USER	Get Marketplace Fees	END	1710452327133
USER	Get Marketplace Fees	START	1710452327238
REQUEST		Get all marketplace fees	1710452326239	1710452327243	OK	 
USER	Get Marketplace Fees	END	1710452327244
REQUEST		Get all marketplace fees	1710452326404	1710452327319	OK	 
USER	Get Marketplace Fees	END	1710452327320
REQUEST		Get all marketplace fees	1710452325249	1710452327364	OK	 
USER	Get Marketplace Fees	END	1710452327364
REQUEST		Get all marketplace fees	1710452324739	1710452327382	OK	 
USER	Get Marketplace Fees	END	1710452327382
USER	Get Marketplace Fees	START	1710452327405
REQUEST		Get all marketplace fees	1710452325405	1710452327520	OK	 
USER	Get Marketplace Fees	END	1710452327521
USER	Get Marketplace Fees	START	1710452327572
USER	Get Marketplace Fees	START	1710452327739
REQUEST		Get all marketplace fees	1710452326904	1710452327810	OK	 
USER	Get Marketplace Fees	END	1710452327811
REQUEST		Get all marketplace fees	1710452326739	1710452327842	OK	 
USER	Get Marketplace Fees	END	1710452327843
USER	Get Marketplace Fees	START	1710452327905
REQUEST		Get all marketplace fees	1710452325906	1710452327924	OK	 
USER	Get Marketplace Fees	END	1710452327925
USER	Get Marketplace Fees	START	1710452328073
USER	Get Marketplace Fees	START	1710452328238
REQUEST		Get all marketplace fees	1710452327238	1710452328240	OK	 
USER	Get Marketplace Fees	END	1710452328240
USER	Get Marketplace Fees	START	1710452328405
REQUEST		Get all marketplace fees	1710452326571	1710452328524	OK	 
USER	Get Marketplace Fees	END	1710452328525
REQUEST		Get all marketplace fees	1710452327404	1710452328525	OK	 
USER	Get Marketplace Fees	END	1710452328525
USER	Get Marketplace Fees	START	1710452328572
REQUEST		Get all marketplace fees	1710452327072	1710452328716	OK	 
USER	Get Marketplace Fees	END	1710452328716
REQUEST		Get all marketplace fees	1710452327905	1710452328733	OK	 
USER	Get Marketplace Fees	END	1710452328734
USER	Get Marketplace Fees	START	1710452328738
USER	Get Marketplace Fees	START	1710452328904
REQUEST		Get all marketplace fees	1710452327571	1710452328917	OK	 
USER	Get Marketplace Fees	END	1710452328917
USER	Get Marketplace Fees	START	1710452329072
USER	Get Marketplace Fees	START	1710452329240
USER	Get Marketplace Fees	START	1710452329406
USER	Get Marketplace Fees	START	1710452329573
REQUEST		Get all marketplace fees	1710452328072	1710452329729	OK	 
USER	Get Marketplace Fees	END	1710452329730
USER	Get Marketplace Fees	START	1710452329741
REQUEST		Get all marketplace fees	1710452328738	1710452329816	OK	 
USER	Get Marketplace Fees	END	1710452329817
USER	Get Marketplace Fees	START	1710452329906
REQUEST		Get all marketplace fees	1710452328904	1710452329916	OK	 
USER	Get Marketplace Fees	END	1710452329917
REQUEST		Get all marketplace fees	1710452328238	1710452330014	OK	 
USER	Get Marketplace Fees	END	1710452330015
REQUEST		Get all marketplace fees	1710452327738	1710452330017	OK	 
USER	Get Marketplace Fees	END	1710452330017
REQUEST		Get all marketplace fees	1710452328404	1710452330037	OK	 
USER	Get Marketplace Fees	END	1710452330037
USER	Get Marketplace Fees	START	1710452330073
USER	Get Marketplace Fees	START	1710452330239
REQUEST		Get all marketplace fees	1710452328571	1710452330336	OK	 
USER	Get Marketplace Fees	END	1710452330338
REQUEST		Get all marketplace fees	1710452329071	1710452330344	OK	 
USER	Get Marketplace Fees	END	1710452330344
USER	Get Marketplace Fees	START	1710452330381
REQUEST		Get all marketplace fees	1710452329239	1710452330519	OK	 
USER	Get Marketplace Fees	END	1710452330519
USER	Get Marketplace Fees	START	1710452330524
USER	Get Marketplace Fees	START	1710452330667
REQUEST		Get all marketplace fees	1710452329572	1710452330672	OK	 
USER	Get Marketplace Fees	END	1710452330672
USER	Get Marketplace Fees	START	1710452330811
REQUEST		Get all marketplace fees	1710452329906	1710452330918	OK	 
USER	Get Marketplace Fees	END	1710452330919
USER	Get Marketplace Fees	START	1710452330953
USER	Get Marketplace Fees	START	1710452331097
USER	Get Marketplace Fees	START	1710452331240
REQUEST		Get all marketplace fees	1710452329405	1710452331332	OK	 
USER	Get Marketplace Fees	END	1710452331333
USER	Get Marketplace Fees	START	1710452331406
REQUEST		Get all marketplace fees	1710452330073	1710452331413	OK	 
USER	Get Marketplace Fees	END	1710452331414
USER	Get Marketplace Fees	START	1710452331572
REQUEST		Get all marketplace fees	1710452329740	1710452331633	OK	 
USER	Get Marketplace Fees	END	1710452331633
REQUEST		Get all marketplace fees	1710452330239	1710452331646	OK	 
USER	Get Marketplace Fees	END	1710452331647
REQUEST		Get all marketplace fees	1710452330524	1710452331652	OK	 
USER	Get Marketplace Fees	END	1710452331653
USER	Get Marketplace Fees	START	1710452331740
REQUEST		Get all marketplace fees	1710452330667	1710452331741	OK	 
USER	Get Marketplace Fees	END	1710452331742
REQUEST		Get all marketplace fees	1710452330380	1710452331814	OK	 
USER	Get Marketplace Fees	END	1710452331815
USER	Get Marketplace Fees	START	1710452331905
USER	Get Marketplace Fees	START	1710452332073
REQUEST		Get all marketplace fees	1710452331097	1710452332126	OK	 
REQUEST		Get all marketplace fees	1710452330953	1710452332126	OK	 
USER	Get Marketplace Fees	END	1710452332127
USER	Get Marketplace Fees	END	1710452332127
USER	Get Marketplace Fees	START	1710452332240
USER	Get Marketplace Fees	START	1710452332382
REQUEST		Get all marketplace fees	1710452330810	1710452332515	OK	 
USER	Get Marketplace Fees	END	1710452332516
USER	Get Marketplace Fees	START	1710452332524
USER	Get Marketplace Fees	START	1710452332668
USER	Get Marketplace Fees	START	1710452332812
REQUEST		Get all marketplace fees	1710452331572	1710452332812	OK	 
USER	Get Marketplace Fees	END	1710452332813
REQUEST		Get all marketplace fees	1710452331405	1710452332935	OK	 
USER	Get Marketplace Fees	END	1710452332936
USER	Get Marketplace Fees	START	1710452332954
REQUEST		Get all marketplace fees	1710452331239	1710452332983	OK	 
USER	Get Marketplace Fees	END	1710452332983
USER	Get Marketplace Fees	START	1710452333098
REQUEST		Get all marketplace fees	1710452331739	1710452333135	OK	 
USER	Get Marketplace Fees	END	1710452333136
REQUEST		Get all marketplace fees	1710452332381	1710452333152	OK	 
USER	Get Marketplace Fees	END	1710452333153
USER	Get Marketplace Fees	START	1710452333239
REQUEST		Get all marketplace fees	1710452332072	1710452333323	OK	 
USER	Get Marketplace Fees	END	1710452333324
USER	Get Marketplace Fees	START	1710452333381
USER	Get Marketplace Fees	START	1710452333525
USER	Get Marketplace Fees	START	1710452333667
REQUEST		Get all marketplace fees	1710452332239	1710452333744	OK	 
USER	Get Marketplace Fees	END	1710452333745
USER	Get Marketplace Fees	START	1710452333811
REQUEST		Get all marketplace fees	1710452331905	1710452333820	OK	 
USER	Get Marketplace Fees	END	1710452333822
USER	Get Marketplace Fees	START	1710452333953
REQUEST		Get all marketplace fees	1710452332524	1710452334008	OK	 
USER	Get Marketplace Fees	END	1710452334008
REQUEST		Get all marketplace fees	1710452332667	1710452334015	OK	 
USER	Get Marketplace Fees	END	1710452334016
USER	Get Marketplace Fees	START	1710452334097
USER	Get Marketplace Fees	START	1710452334240
REQUEST		Get all marketplace fees	1710452332953	1710452334316	OK	 
USER	Get Marketplace Fees	END	1710452334317
REQUEST		Get all marketplace fees	1710452333238	1710452334340	OK	 
USER	Get Marketplace Fees	END	1710452334341
USER	Get Marketplace Fees	START	1710452334382
REQUEST		Get all marketplace fees	1710452333380	1710452334459	OK	 
USER	Get Marketplace Fees	END	1710452334459
USER	Get Marketplace Fees	START	1710452334525
USER	Get Marketplace Fees	START	1710452334668
REQUEST		Get all marketplace fees	1710452333097	1710452334810	OK	 
USER	Get Marketplace Fees	END	1710452334810
USER	Get Marketplace Fees	START	1710452334811
REQUEST		Get all marketplace fees	1710452333524	1710452334920	OK	 
USER	Get Marketplace Fees	END	1710452334921
REQUEST		Get all marketplace fees	1710452332811	1710452334936	OK	 
USER	Get Marketplace Fees	END	1710452334937
USER	Get Marketplace Fees	START	1710452334954
USER	Get Marketplace Fees	START	1710452335097
USER	Get Marketplace Fees	START	1710452335238
USER	Get Marketplace Fees	START	1710452335381
USER	Get Marketplace Fees	START	1710452335524
REQUEST		Get all marketplace fees	1710452333667	1710452335630	OK	 
USER	Get Marketplace Fees	END	1710452335631
USER	Get Marketplace Fees	START	1710452335667
REQUEST		Get all marketplace fees	1710452334097	1710452335731	OK	 
USER	Get Marketplace Fees	END	1710452335732
REQUEST		Get all marketplace fees	1710452333810	1710452335738	OK	 
USER	Get Marketplace Fees	END	1710452335739
USER	Get Marketplace Fees	START	1710452335810
USER	Get Marketplace Fees	START	1710452335953
USER	Get Marketplace Fees	START	1710452336096
REQUEST		Get all marketplace fees	1710452334381	1710452336112	OK	 
USER	Get Marketplace Fees	END	1710452336112
USER	Get Marketplace Fees	START	1710452336240
REQUEST		Get all marketplace fees	1710452334811	1710452336311	OK	 
USER	Get Marketplace Fees	END	1710452336311
REQUEST		Get all marketplace fees	1710452335667	1710452336340	OK	 
USER	Get Marketplace Fees	END	1710452336340
USER	Get Marketplace Fees	START	1710452336381
REQUEST		Get all marketplace fees	1710452334239	1710452336416	OK	 
USER	Get Marketplace Fees	END	1710452336417
REQUEST		Get all marketplace fees	1710452335238	1710452336480	OK	 
USER	Get Marketplace Fees	END	1710452336481
USER	Get Marketplace Fees	START	1710452336525
REQUEST		Get all marketplace fees	1710452334667	1710452336609	OK	 
USER	Get Marketplace Fees	END	1710452336610
USER	Get Marketplace Fees	START	1710452336667
REQUEST		Get all marketplace fees	1710452334525	1710452336678	OK	 
USER	Get Marketplace Fees	END	1710452336678
USER	Get Marketplace Fees	START	1710452336810
USER	Get Marketplace Fees	START	1710452336954
REQUEST		Get all marketplace fees	1710452335380	1710452337021	OK	 
USER	Get Marketplace Fees	END	1710452337022
USER	Get Marketplace Fees	START	1710452337097
REQUEST		Get all marketplace fees	1710452333953	1710452337116	OK	 
USER	Get Marketplace Fees	END	1710452337117
REQUEST		Get all marketplace fees	1710452334953	1710452337133	OK	 
USER	Get Marketplace Fees	END	1710452337133
REQUEST		Get all marketplace fees	1710452335097	1710452337134	OK	 
USER	Get Marketplace Fees	END	1710452337134
USER	Get Marketplace Fees	START	1710452337239
USER	Get Marketplace Fees	START	1710452337382
REQUEST		Get all marketplace fees	1710452335523	1710452337518	OK	 
USER	Get Marketplace Fees	END	1710452337519
REQUEST		Get all marketplace fees	1710452336381	1710452337520	OK	 
USER	Get Marketplace Fees	END	1710452337521
USER	Get Marketplace Fees	START	1710452337525
REQUEST		Get all marketplace fees	1710452335952	1710452337641	OK	 
USER	Get Marketplace Fees	END	1710452337642
REQUEST		Get all marketplace fees	1710452336239	1710452337642	OK	 
USER	Get Marketplace Fees	END	1710452337643
USER	Get Marketplace Fees	START	1710452337667
REQUEST		Get all marketplace fees	1710452336095	1710452337708	OK	 
USER	Get Marketplace Fees	END	1710452337709
USER	Get Marketplace Fees	START	1710452337811
REQUEST		Get all marketplace fees	1710452335809	1710452337842	OK	 
USER	Get Marketplace Fees	END	1710452337843
REQUEST		Get all marketplace fees	1710452336667	1710452337929	OK	 
USER	Get Marketplace Fees	END	1710452337930
USER	Get Marketplace Fees	START	1710452337953
USER	Get Marketplace Fees	START	1710452338096
REQUEST		Get all marketplace fees	1710452336810	1710452338236	OK	 
USER	Get Marketplace Fees	END	1710452338237
USER	Get Marketplace Fees	START	1710452338249
REQUEST		Get all marketplace fees	1710452337097	1710452338310	OK	 
USER	Get Marketplace Fees	END	1710452338310
REQUEST		Get all marketplace fees	1710452336954	1710452338344	OK	 
USER	Get Marketplace Fees	END	1710452338345
USER	Get Marketplace Fees	START	1710452338381
REQUEST		Get all marketplace fees	1710452336524	1710452338515	OK	 
USER	Get Marketplace Fees	END	1710452338515
USER	Get Marketplace Fees	START	1710452338524
USER	Get Marketplace Fees	START	1710452338668
USER	Get Marketplace Fees	START	1710452338812
REQUEST		Get all marketplace fees	1710452337524	1710452338915	OK	 
USER	Get Marketplace Fees	END	1710452338915
USER	Get Marketplace Fees	START	1710452338954
USER	Get Marketplace Fees	START	1710452339098
REQUEST		Get all marketplace fees	1710452338096	1710452339132	OK	 
USER	Get Marketplace Fees	END	1710452339132
USER	Get Marketplace Fees	START	1710452339241
USER	Get Marketplace Fees	START	1710452339381
USER	Get Marketplace Fees	START	1710452339524
REQUEST		Get all marketplace fees	1710452337238	1710452339609	OK	 
USER	Get Marketplace Fees	END	1710452339610
REQUEST		Get all marketplace fees	1710452337667	1710452339610	OK	 
USER	Get Marketplace Fees	END	1710452339610
REQUEST		Get all marketplace fees	1710452337953	1710452339615	OK	 
USER	Get Marketplace Fees	END	1710452339615
USER	Get Marketplace Fees	START	1710452339667
USER	Get Marketplace Fees	START	1710452339811
REQUEST		Get all marketplace fees	1710452338524	1710452339846	OK	 
USER	Get Marketplace Fees	END	1710452339847
USER	Get Marketplace Fees	START	1710452339953
REQUEST		Get all marketplace fees	1710452338248	1710452340013	OK	 
USER	Get Marketplace Fees	END	1710452340014
USER	Get Marketplace Fees	START	1710452340096
REQUEST		Get all marketplace fees	1710452338381	1710452340109	OK	 
USER	Get Marketplace Fees	END	1710452340110
REQUEST		Get all marketplace fees	1710452338667	1710452340117	OK	 
USER	Get Marketplace Fees	END	1710452340118
REQUEST		Get all marketplace fees	1710452337810	1710452340211	OK	 
USER	Get Marketplace Fees	END	1710452340212
USER	Get Marketplace Fees	START	1710452340239
REQUEST		Get all marketplace fees	1710452337381	1710452340316	OK	 
USER	Get Marketplace Fees	END	1710452340316
REQUEST		Get all marketplace fees	1710452339097	1710452340336	OK	 
USER	Get Marketplace Fees	END	1710452340337
USER	Get Marketplace Fees	START	1710452340381
USER	Get Marketplace Fees	START	1710452340524
REQUEST		Get all marketplace fees	1710452339240	1710452340537	OK	 
USER	Get Marketplace Fees	END	1710452340538
USER	Get Marketplace Fees	START	1710452340668
USER	Get Marketplace Fees	START	1710452340810
USER	Get Marketplace Fees	START	1710452340954
USER	Get Marketplace Fees	START	1710452341097
USER	Get Marketplace Fees	START	1710452341248
REQUEST		Get all marketplace fees	1710452339953	1710452341311	OK	 
USER	Get Marketplace Fees	END	1710452341312
REQUEST		Get all marketplace fees	1710452339524	1710452341341	OK	 
USER	Get Marketplace Fees	END	1710452341342
USER	Get Marketplace Fees	START	1710452341381
REQUEST		Get all marketplace fees	1710452339381	1710452341426	OK	 
USER	Get Marketplace Fees	END	1710452341426
USER	Get Marketplace Fees	START	1710452341524
USER	Get Marketplace Fees	START	1710452341667
REQUEST		Get all marketplace fees	1710452340239	1710452341745	OK	 
USER	Get Marketplace Fees	END	1710452341745
USER	Get Marketplace Fees	START	1710452341811
REQUEST		Get all marketplace fees	1710452340096	1710452341810	OK	 
USER	Get Marketplace Fees	END	1710452341811
USER	Get Marketplace Fees	START	1710452341954
REQUEST		Get all marketplace fees	1710452338954	1710452342010	OK	 
USER	Get Marketplace Fees	END	1710452342010
USER	Get Marketplace Fees	START	1710452342096
REQUEST		Get all marketplace fees	1710452340954	1710452342146	OK	 
USER	Get Marketplace Fees	END	1710452342146
USER	Get Marketplace Fees	START	1710452342239
USER	Get Marketplace Fees	START	1710452342380
USER	Get Marketplace Fees	START	1710452342523
USER	Get Marketplace Fees	START	1710452342666
REQUEST		Get all marketplace fees	1710452338811	1710452342713	OK	 
USER	Get Marketplace Fees	END	1710452342713
REQUEST		Get all marketplace fees	1710452339667	1710452342717	OK	 
USER	Get Marketplace Fees	END	1710452342718
USER	Get Marketplace Fees	START	1710452342810
REQUEST		Get all marketplace fees	1710452341097	1710452342812	OK	 
USER	Get Marketplace Fees	END	1710452342813
USER	Get Marketplace Fees	START	1710452342952
USER	Get Marketplace Fees	START	1710452343096
REQUEST		Get all marketplace fees	1710452339810	1710452343177	OK	 
USER	Get Marketplace Fees	END	1710452343178
USER	Get Marketplace Fees	START	1710452343238
USER	Get Marketplace Fees	START	1710452343381
REQUEST		Get all marketplace fees	1710452340810	1710452343409	OK	 
USER	Get Marketplace Fees	END	1710452343410
REQUEST		Get all marketplace fees	1710452341381	1710452343502	OK	 
USER	Get Marketplace Fees	END	1710452343502
USER	Get Marketplace Fees	START	1710452343524
REQUEST		Get all marketplace fees	1710452341810	1710452343610	OK	 
USER	Get Marketplace Fees	END	1710452343610
USER	Get Marketplace Fees	START	1710452343667
REQUEST		Get all marketplace fees	1710452340381	1710452343678	OK	 
USER	Get Marketplace Fees	END	1710452343678
USER	Get Marketplace Fees	START	1710452343810
USER	Get Marketplace Fees	START	1710452343954
REQUEST		Get all marketplace fees	1710452340524	1710452344009	OK	 
USER	Get Marketplace Fees	END	1710452344009
REQUEST		Get all marketplace fees	1710452341524	1710452344015	OK	 
USER	Get Marketplace Fees	END	1710452344016
USER	Get Marketplace Fees	START	1710452344097
REQUEST		Get all marketplace fees	1710452341667	1710452344116	OK	 
USER	Get Marketplace Fees	END	1710452344117
REQUEST		Get all marketplace fees	1710452341953	1710452344211	OK	 
USER	Get Marketplace Fees	END	1710452344212
USER	Get Marketplace Fees	START	1710452344248
REQUEST		Get all marketplace fees	1710452340667	1710452344320	OK	 
USER	Get Marketplace Fees	END	1710452344320
USER	Get Marketplace Fees	START	1710452344381
REQUEST		Get all marketplace fees	1710452342523	1710452344501	OK	 
USER	Get Marketplace Fees	END	1710452344502
USER	Get Marketplace Fees	START	1710452344524
REQUEST		Get all marketplace fees	1710452341248	1710452344632	OK	 
USER	Get Marketplace Fees	END	1710452344633
USER	Get Marketplace Fees	START	1710452344667
USER	Get Marketplace Fees	START	1710452344811
REQUEST		Get all marketplace fees	1710452342096	1710452344830	OK	 
USER	Get Marketplace Fees	END	1710452344831
USER	Get Marketplace Fees	START	1710452344953
USER	Get Marketplace Fees	START	1710452345096
REQUEST		Get all marketplace fees	1710452343667	1710452345115	OK	 
USER	Get Marketplace Fees	END	1710452345116
REQUEST		Get all marketplace fees	1710452342380	1710452345128	OK	 
USER	Get Marketplace Fees	END	1710452345128
USER	Get Marketplace Fees	START	1710452345240
USER	Get Marketplace Fees	START	1710452345381
REQUEST		Get all marketplace fees	1710452342666	1710452345438	OK	 
USER	Get Marketplace Fees	END	1710452345439
USER	Get Marketplace Fees	START	1710452345525
REQUEST		Get all marketplace fees	1710452343095	1710452345637	OK	 
USER	Get Marketplace Fees	END	1710452345637
USER	Get Marketplace Fees	START	1710452345667
REQUEST		Get all marketplace fees	1710452342239	1710452345711	OK	 
USER	Get Marketplace Fees	END	1710452345712
USER	Get Marketplace Fees	START	1710452345810
REQUEST		Get all marketplace fees	1710452343238	1710452345919	OK	 
USER	Get Marketplace Fees	END	1710452345919
REQUEST		Get all marketplace fees	1710452343381	1710452345921	OK	 
USER	Get Marketplace Fees	END	1710452345921
USER	Get Marketplace Fees	START	1710452345954
USER	Get Marketplace Fees	START	1710452346097
REQUEST		Get all marketplace fees	1710452343953	1710452346141	OK	 
USER	Get Marketplace Fees	END	1710452346142
REQUEST		Get all marketplace fees	1710452343524	1710452346201	OK	 
USER	Get Marketplace Fees	END	1710452346202
USER	Get Marketplace Fees	START	1710452346248
REQUEST		Get all marketplace fees	1710452344096	1710452346341	OK	 
USER	Get Marketplace Fees	END	1710452346341
USER	Get Marketplace Fees	START	1710452346381
REQUEST		Get all marketplace fees	1710452343810	1710452346415	OK	 
USER	Get Marketplace Fees	END	1710452346416
REQUEST		Get all marketplace fees	1710452344248	1710452346519	OK	 
USER	Get Marketplace Fees	END	1710452346520
USER	Get Marketplace Fees	START	1710452346525
REQUEST		Get all marketplace fees	1710452342809	1710452346554	OK	 
USER	Get Marketplace Fees	END	1710452346554
USER	Get Marketplace Fees	START	1710452346668
REQUEST		Get all marketplace fees	1710452344381	1710452346722	OK	 
USER	Get Marketplace Fees	END	1710452346722
USER	Get Marketplace Fees	START	1710452346811
USER	Get Marketplace Fees	START	1710452346954
REQUEST		Get all marketplace fees	1710452342952	1710452346993	OK	 
USER	Get Marketplace Fees	END	1710452346993
USER	Get Marketplace Fees	START	1710452347097
REQUEST		Get all marketplace fees	1710452344667	1710452347130	OK	 
USER	Get Marketplace Fees	END	1710452347130
USER	Get Marketplace Fees	START	1710452347239
REQUEST		Get all marketplace fees	1710452345524	1710452347246	OK	 
USER	Get Marketplace Fees	END	1710452347247
USER	Get Marketplace Fees	START	1710452347381
USER	Get Marketplace Fees	START	1710452347524
REQUEST		Get all marketplace fees	1710452346096	1710452347537	OK	 
USER	Get Marketplace Fees	END	1710452347538
USER	Get Marketplace Fees	START	1710452347667
USER	Get Marketplace Fees	START	1710452347811
REQUEST		Get all marketplace fees	1710452345381	1710452347813	OK	 
USER	Get Marketplace Fees	END	1710452347814
REQUEST		Get all marketplace fees	1710452345953	1710452347936	OK	 
USER	Get Marketplace Fees	END	1710452347936
USER	Get Marketplace Fees	START	1710452347954
REQUEST		Get all marketplace fees	1710452345240	1710452348014	OK	 
USER	Get Marketplace Fees	END	1710452348015
USER	Get Marketplace Fees	START	1710452348097
USER	Get Marketplace Fees	START	1710452348250
USER	Get Marketplace Fees	START	1710452348381
REQUEST		Get all marketplace fees	1710452345667	1710452348411	OK	 
USER	Get Marketplace Fees	END	1710452348412
USER	Get Marketplace Fees	START	1710452348524
REQUEST		Get all marketplace fees	1710452344953	1710452348611	OK	 
USER	Get Marketplace Fees	END	1710452348611
USER	Get Marketplace Fees	START	1710452348668
USER	Get Marketplace Fees	START	1710452348811
REQUEST		Get all marketplace fees	1710452344524	1710452348816	OK	 
USER	Get Marketplace Fees	END	1710452348817
REQUEST		Get all marketplace fees	1710452344811	1710452348831	OK	 
USER	Get Marketplace Fees	END	1710452348832
REQUEST		Get all marketplace fees	1710452346524	1710452348919	OK	 
REQUEST		Get all marketplace fees	1710452345096	1710452348919	OK	 
USER	Get Marketplace Fees	END	1710452348920
USER	Get Marketplace Fees	END	1710452348920
USER	Get Marketplace Fees	START	1710452348954
USER	Get Marketplace Fees	START	1710452349097
REQUEST		Get all marketplace fees	1710452346953	1710452349233	OK	 
USER	Get Marketplace Fees	END	1710452349233
USER	Get Marketplace Fees	START	1710452349240
USER	Get Marketplace Fees	START	1710452349382
REQUEST		Get all marketplace fees	1710452347524	1710452349433	OK	 
USER	Get Marketplace Fees	END	1710452349433
USER	Get Marketplace Fees	START	1710452349524
USER	Get Marketplace Fees	START	1710452349668
USER	Get Marketplace Fees	START	1710452349811
REQUEST		Get all marketplace fees	1710452348096	1710452349837	OK	 
USER	Get Marketplace Fees	END	1710452349838
USER	Get Marketplace Fees	START	1710452349954
REQUEST		Get all marketplace fees	1710452346248	1710452350033	OK	 
USER	Get Marketplace Fees	END	1710452350033
USER	Get Marketplace Fees	START	1710452350097
REQUEST		Get all marketplace fees	1710452347667	1710452350144	OK	 
USER	Get Marketplace Fees	END	1710452350144
USER	Get Marketplace Fees	START	1710452350249
REQUEST		Get all marketplace fees	1710452346381	1710452350314	OK	 
USER	Get Marketplace Fees	END	1710452350315
USER	Get Marketplace Fees	START	1710452350377
REQUEST		Get all marketplace fees	1710452346667	1710452350424	OK	 
USER	Get Marketplace Fees	END	1710452350426
USER	Get Marketplace Fees	START	1710452350490
REQUEST		Get all marketplace fees	1710452347239	1710452350510	OK	 
USER	Get Marketplace Fees	END	1710452350511
USER	Get Marketplace Fees	START	1710452350614
REQUEST		Get all marketplace fees	1710452348810	1710452350647	OK	 
USER	Get Marketplace Fees	END	1710452350648
REQUEST		Get all marketplace fees	1710452347380	1710452350662	OK	 
USER	Get Marketplace Fees	END	1710452350663
USER	Get Marketplace Fees	START	1710452350739
REQUEST		Get all marketplace fees	1710452347810	1710452350817	OK	 
USER	Get Marketplace Fees	END	1710452350818
REQUEST		Get all marketplace fees	1710452345810	1710452350832	OK	 
USER	Get Marketplace Fees	END	1710452350832
USER	Get Marketplace Fees	START	1710452350864
REQUEST		Get all marketplace fees	1710452348524	1710452350934	OK	 
USER	Get Marketplace Fees	END	1710452350935
USER	Get Marketplace Fees	START	1710452350989
USER	Get Marketplace Fees	START	1710452351115
REQUEST		Get all marketplace fees	1710452348381	1710452351119	OK	 
USER	Get Marketplace Fees	END	1710452351119
REQUEST		Get all marketplace fees	1710452347953	1710452351207	OK	 
USER	Get Marketplace Fees	END	1710452351208
USER	Get Marketplace Fees	START	1710452351239
USER	Get Marketplace Fees	START	1710452351381
REQUEST		Get all marketplace fees	1710452349239	1710452351434	OK	 
USER	Get Marketplace Fees	END	1710452351435
USER	Get Marketplace Fees	START	1710452351524
REQUEST		Get all marketplace fees	1710452348953	1710452351537	OK	 
USER	Get Marketplace Fees	END	1710452351538
USER	Get Marketplace Fees	START	1710452351668
USER	Get Marketplace Fees	START	1710452351810
USER	Get Marketplace Fees	START	1710452351953
REQUEST		Get all marketplace fees	1710452347096	1710452352011	OK	 
USER	Get Marketplace Fees	END	1710452352011
USER	Get Marketplace Fees	START	1710452352097
USER	Get Marketplace Fees	START	1710452352248
REQUEST		Get all marketplace fees	1710452350864	1710452352312	OK	 
USER	Get Marketplace Fees	END	1710452352314
USER	Get Marketplace Fees	START	1710452352364
REQUEST		Get all marketplace fees	1710452349811	1710452352430	OK	 
USER	Get Marketplace Fees	END	1710452352430
USER	Get Marketplace Fees	START	1710452352489
USER	Get Marketplace Fees	START	1710452352614
REQUEST		Get all marketplace fees	1710452348249	1710452352709	OK	 
USER	Get Marketplace Fees	END	1710452352710
USER	Get Marketplace Fees	START	1710452352739
REQUEST		Get all marketplace fees	1710452348667	1710452352814	OK	 
USER	Get Marketplace Fees	END	1710452352814
USER	Get Marketplace Fees	START	1710452352865
USER	Get Marketplace Fees	START	1710452352989
USER	Get Marketplace Fees	START	1710452353114
REQUEST		Get all marketplace fees	1710452346810	1710452353179	OK	 
USER	Get Marketplace Fees	END	1710452353180
REQUEST		Get all marketplace fees	1710452349667	1710452353217	OK	 
USER	Get Marketplace Fees	END	1710452353218
USER	Get Marketplace Fees	START	1710452353240
REQUEST		Get all marketplace fees	1710452349097	1710452353312	OK	 
USER	Get Marketplace Fees	END	1710452353313
USER	Get Marketplace Fees	START	1710452353364
REQUEST		Get all marketplace fees	1710452349381	1710452353416	OK	 
USER	Get Marketplace Fees	END	1710452353417
USER	Get Marketplace Fees	START	1710452353489
REQUEST		Get all marketplace fees	1710452351810	1710452353540	OK	 
USER	Get Marketplace Fees	END	1710452353541
USER	Get Marketplace Fees	START	1710452353614
REQUEST		Get all marketplace fees	1710452350097	1710452353714	OK	 
USER	Get Marketplace Fees	END	1710452353715
USER	Get Marketplace Fees	START	1710452353740
USER	Get Marketplace Fees	START	1710452353865
REQUEST		Get all marketplace fees	1710452349954	1710452353907	OK	 
USER	Get Marketplace Fees	END	1710452353908
USER	Get Marketplace Fees	START	1710452353990
REQUEST		Get all marketplace fees	1710452350248	1710452354081	OK	 
USER	Get Marketplace Fees	END	1710452354082
USER	Get Marketplace Fees	START	1710452354115
REQUEST		Get all marketplace fees	1710452350364	1710452354133	OK	 
USER	Get Marketplace Fees	END	1710452354134
USER	Get Marketplace Fees	START	1710452354240
USER	Get Marketplace Fees	START	1710452354364
USER	Get Marketplace Fees	START	1710452354489
USER	Get Marketplace Fees	START	1710452354614
USER	Get Marketplace Fees	START	1710452354739
USER	Get Marketplace Fees	START	1710452354865
REQUEST		Get all marketplace fees	1710452352364	1710452354928	OK	 
USER	Get Marketplace Fees	END	1710452354929
USER	Get Marketplace Fees	START	1710452354990
REQUEST		Get all marketplace fees	1710452351667	1710452355045	OK	 
USER	Get Marketplace Fees	END	1710452355046
REQUEST		Get all marketplace fees	1710452350739	1710452355101	OK	 
USER	Get Marketplace Fees	END	1710452355102
REQUEST		Get all marketplace fees	1710452351381	1710452355106	OK	 
USER	Get Marketplace Fees	END	1710452355107
USER	Get Marketplace Fees	START	1710452355115
USER	Get Marketplace Fees	START	1710452355239
USER	Get Marketplace Fees	START	1710452355364
USER	Get Marketplace Fees	START	1710452355489
USER	Get Marketplace Fees	START	1710452355614
REQUEST		Get all marketplace fees	1710452350989	1710452355616	OK	 
USER	Get Marketplace Fees	END	1710452355616
REQUEST		Get all marketplace fees	1710452351239	1710452355620	OK	 
REQUEST		Get all marketplace fees	1710452350613	1710452355620	OK	 
USER	Get Marketplace Fees	END	1710452355621
REQUEST		Get all marketplace fees	1710452351524	1710452355621	OK	 
USER	Get Marketplace Fees	END	1710452355621
USER	Get Marketplace Fees	END	1710452355621
USER	Get Marketplace Fees	START	1710452355740
REQUEST		Get all marketplace fees	1710452351114	1710452355746	OK	 
USER	Get Marketplace Fees	END	1710452355747
REQUEST		Get all marketplace fees	1710452352614	1710452355858	OK	 
USER	Get Marketplace Fees	END	1710452355859
USER	Get Marketplace Fees	START	1710452355865
USER	Get Marketplace Fees	START	1710452355989
REQUEST		Get all marketplace fees	1710452349524	1710452356011	OK	 
REQUEST		Get all marketplace fees	1710452352248	1710452356011	OK	 
USER	Get Marketplace Fees	END	1710452356012
USER	Get Marketplace Fees	END	1710452356012
REQUEST		Get all marketplace fees	1710452352096	1710452356017	OK	 
USER	Get Marketplace Fees	END	1710452356017
USER	Get Marketplace Fees	START	1710452356114
USER	Get Marketplace Fees	START	1710452356239
USER	Get Marketplace Fees	START	1710452356365
USER	Get Marketplace Fees	START	1710452356489
REQUEST		Get all marketplace fees	1710452352989	1710452356611	OK	 
USER	Get Marketplace Fees	END	1710452356612
USER	Get Marketplace Fees	START	1710452356615
REQUEST		Get all marketplace fees	1710452352864	1710452356630	OK	 
USER	Get Marketplace Fees	END	1710452356631
REQUEST		Get all marketplace fees	1710452350489	1710452356708	OK	 
USER	Get Marketplace Fees	END	1710452356709
USER	Get Marketplace Fees	START	1710452356741
REQUEST		Get all marketplace fees	1710452351953	1710452356810	OK	 
USER	Get Marketplace Fees	END	1710452356811
USER	Get Marketplace Fees	START	1710452356865
USER	Get Marketplace Fees	START	1710452356990
REQUEST		Get all marketplace fees	1710452352489	1710452357014	OK	 
USER	Get Marketplace Fees	END	1710452357014
REQUEST		Get all marketplace fees	1710452352739	1710452357017	OK	 
USER	Get Marketplace Fees	END	1710452357017
USER	Get Marketplace Fees	START	1710452357115
USER	Get Marketplace Fees	START	1710452357239
REQUEST		Get all marketplace fees	1710452354364	1710452357316	OK	 
USER	Get Marketplace Fees	END	1710452357317
USER	Get Marketplace Fees	START	1710452357365
REQUEST		Get all marketplace fees	1710452353489	1710452357423	OK	 
USER	Get Marketplace Fees	END	1710452357423
REQUEST		Get all marketplace fees	1710452353364	1710452357434	OK	 
USER	Get Marketplace Fees	END	1710452357434
USER	Get Marketplace Fees	START	1710452357490
REQUEST		Get all marketplace fees	1710452353739	1710452357535	OK	 
USER	Get Marketplace Fees	END	1710452357536
USER	Get Marketplace Fees	START	1710452357614
REQUEST		Get all marketplace fees	1710452353614	1710452357634	OK	 
USER	Get Marketplace Fees	END	1710452357635
REQUEST		Get all marketplace fees	1710452353114	1710452357647	OK	 
USER	Get Marketplace Fees	END	1710452357647
REQUEST		Get all marketplace fees	1710452354114	1710452357680	OK	 
USER	Get Marketplace Fees	END	1710452357681
USER	Get Marketplace Fees	START	1710452357739
REQUEST		Get all marketplace fees	1710452355115	1710452357815	OK	 
USER	Get Marketplace Fees	END	1710452357816
USER	Get Marketplace Fees	START	1710452357865
USER	Get Marketplace Fees	START	1710452357990
REQUEST		Get all marketplace fees	1710452353864	1710452358106	OK	 
USER	Get Marketplace Fees	END	1710452358106
USER	Get Marketplace Fees	START	1710452358114
USER	Get Marketplace Fees	START	1710452358248
REQUEST		Get all marketplace fees	1710452354739	1710452358325	OK	 
USER	Get Marketplace Fees	END	1710452358326
USER	Get Marketplace Fees	START	1710452358365
USER	Get Marketplace Fees	START	1710452358489
USER	Get Marketplace Fees	START	1710452358614
REQUEST		Get all marketplace fees	1710452354990	1710452358730	OK	 
USER	Get Marketplace Fees	END	1710452358730
USER	Get Marketplace Fees	START	1710452358739
USER	Get Marketplace Fees	START	1710452358864
REQUEST		Get all marketplace fees	1710452355740	1710452358922	OK	 
USER	Get Marketplace Fees	END	1710452358923
USER	Get Marketplace Fees	START	1710452358989
USER	Get Marketplace Fees	START	1710452359114
USER	Get Marketplace Fees	START	1710452359240
REQUEST		Get all marketplace fees	1710452354614	1710452359346	OK	 
USER	Get Marketplace Fees	END	1710452359347
USER	Get Marketplace Fees	START	1710452359364
REQUEST		Get all marketplace fees	1710452354489	1710452359421	OK	 
USER	Get Marketplace Fees	END	1710452359422
REQUEST		Get all marketplace fees	1710452355239	1710452359435	OK	 
USER	Get Marketplace Fees	END	1710452359436
USER	Get Marketplace Fees	START	1710452359490
REQUEST		Get all marketplace fees	1710452356364	1710452359581	OK	 
USER	Get Marketplace Fees	END	1710452359582
USER	Get Marketplace Fees	START	1710452359615
USER	Get Marketplace Fees	START	1710452359740
USER	Get Marketplace Fees	START	1710452359865
REQUEST		Get all marketplace fees	1710452355364	1710452359932	OK	 
USER	Get Marketplace Fees	END	1710452359932
REQUEST		Get all marketplace fees	1710452353240	1710452359956	OK	 
USER	Get Marketplace Fees	END	1710452359956
USER	Get Marketplace Fees	START	1710452359989
USER	Get Marketplace Fees	START	1710452360114
REQUEST		Get all marketplace fees	1710452356114	1710452360114	OK	 
USER	Get Marketplace Fees	END	1710452360114
USER	Get Marketplace Fees	START	1710452360240
USER	Get Marketplace Fees	START	1710452360363
REQUEST		Get all marketplace fees	1710452355489	1710452360407	OK	 
USER	Get Marketplace Fees	END	1710452360407
REQUEST		Get all marketplace fees	1710452355864	1710452360434	OK	 
USER	Get Marketplace Fees	END	1710452360435
USER	Get Marketplace Fees	START	1710452360488
REQUEST		Get all marketplace fees	1710452354865	1710452360512	OK	 
USER	Get Marketplace Fees	END	1710452360512
USER	Get Marketplace Fees	START	1710452360614
REQUEST		Get all marketplace fees	1710452353989	1710452360655	OK	 
USER	Get Marketplace Fees	END	1710452360657
REQUEST		Get all marketplace fees	1710452356239	1710452360674	OK	 
USER	Get Marketplace Fees	END	1710452360675
REQUEST		Get all marketplace fees	1710452355614	1710452360698	OK	 
USER	Get Marketplace Fees	END	1710452360698
REQUEST		Get all marketplace fees	1710452354240	1710452360719	OK	 
USER	Get Marketplace Fees	END	1710452360720
USER	Get Marketplace Fees	START	1710452360739
REQUEST		Get all marketplace fees	1710452356865	1710452360833	OK	 
USER	Get Marketplace Fees	END	1710452360834
USER	Get Marketplace Fees	START	1710452360864
USER	Get Marketplace Fees	START	1710452360989
USER	Get Marketplace Fees	START	1710452361114
USER	Get Marketplace Fees	START	1710452361239
REQUEST		Get all marketplace fees	1710452358248	1710452361307	OK	 
USER	Get Marketplace Fees	END	1710452361307
USER	Get Marketplace Fees	START	1710452361364
REQUEST		Get all marketplace fees	1710452358739	1710452361433	OK	 
USER	Get Marketplace Fees	END	1710452361434
USER	Get Marketplace Fees	START	1710452361489
REQUEST		Get all marketplace fees	1710452356489	1710452361583	OK	 
USER	Get Marketplace Fees	END	1710452361584
USER	Get Marketplace Fees	START	1710452361614
USER	Get Marketplace Fees	START	1710452361739
USER	Get Marketplace Fees	START	1710452361882
USER	Get Marketplace Fees	START	1710452361989
USER	Get Marketplace Fees	START	1710452362114
REQUEST		Get all marketplace fees	1710452358364	1710452362131	OK	 
USER	Get Marketplace Fees	END	1710452362131
USER	Get Marketplace Fees	START	1710452362248
USER	Get Marketplace Fees	START	1710452362364
REQUEST		Get all marketplace fees	1710452357364	1710452362430	OK	 
USER	Get Marketplace Fees	END	1710452362431
USER	Get Marketplace Fees	START	1710452362489
REQUEST		Get all marketplace fees	1710452358114	1710452362580	OK	 
USER	Get Marketplace Fees	END	1710452362581
USER	Get Marketplace Fees	START	1710452362614
USER	Get Marketplace Fees	START	1710452362740
USER	Get Marketplace Fees	START	1710452362864
REQUEST		Get all marketplace fees	1710452356990	1710452362930	OK	 
USER	Get Marketplace Fees	END	1710452362930
USER	Get Marketplace Fees	START	1710452362989
REQUEST		Get all marketplace fees	1710452357989	1710452363019	OK	 
USER	Get Marketplace Fees	END	1710452363020
REQUEST		Get all marketplace fees	1710452359614	1710452363112	OK	 
USER	Get Marketplace Fees	END	1710452363112
USER	Get Marketplace Fees	START	1710452363114
REQUEST		Get all marketplace fees	1710452356614	1710452363210	OK	 
USER	Get Marketplace Fees	END	1710452363210
USER	Get Marketplace Fees	START	1710452363239
USER	Get Marketplace Fees	START	1710452363364
REQUEST		Get all marketplace fees	1710452357614	1710452363413	OK	 
USER	Get Marketplace Fees	END	1710452363413
REQUEST		Get all marketplace fees	1710452356740	1710452363413	OK	 
USER	Get Marketplace Fees	END	1710452363414
REQUEST		Get all marketplace fees	1710452358864	1710452363434	OK	 
USER	Get Marketplace Fees	END	1710452363434
REQUEST		Get all marketplace fees	1710452359364	1710452363434	OK	 
USER	Get Marketplace Fees	END	1710452363435
USER	Get Marketplace Fees	START	1710452363489
USER	Get Marketplace Fees	START	1710452363614
REQUEST		Get all marketplace fees	1710452357239	1710452363738	OK	 
USER	Get Marketplace Fees	END	1710452363739
USER	Get Marketplace Fees	START	1710452363739
USER	Get Marketplace Fees	START	1710452363865
USER	Get Marketplace Fees	START	1710452363989
REQUEST		Get all marketplace fees	1710452357489	1710452364008	OK	 
USER	Get Marketplace Fees	END	1710452364008
USER	Get Marketplace Fees	START	1710452364115
REQUEST		Get all marketplace fees	1710452358614	1710452364201	OK	 
USER	Get Marketplace Fees	END	1710452364202
USER	Get Marketplace Fees	START	1710452364248
USER	Get Marketplace Fees	START	1710452364364
REQUEST		Get all marketplace fees	1710452357739	1710452364415	OK	 
USER	Get Marketplace Fees	END	1710452364416
USER	Get Marketplace Fees	START	1710452364489
USER	Get Marketplace Fees	START	1710452364614
USER	Get Marketplace Fees	START	1710452364738
REQUEST		Get all marketplace fees	1710452357114	1710452364809	OK	 
USER	Get Marketplace Fees	END	1710452364809
USER	Get Marketplace Fees	START	1710452364863
REQUEST		Get all marketplace fees	1710452359989	1710452364932	OK	 
USER	Get Marketplace Fees	END	1710452364933
USER	Get Marketplace Fees	START	1710452364988
REQUEST		Get all marketplace fees	1710452359114	1710452365048	OK	 
USER	Get Marketplace Fees	END	1710452365048
USER	Get Marketplace Fees	START	1710452365113
USER	Get Marketplace Fees	START	1710452365239
USER	Get Marketplace Fees	START	1710452365364
USER	Get Marketplace Fees	START	1710452365490
USER	Get Marketplace Fees	START	1710452365615
REQUEST		Get all marketplace fees	1710452358489	1710452365709	OK	 
USER	Get Marketplace Fees	END	1710452365710
USER	Get Marketplace Fees	START	1710452365740
REQUEST		Get all marketplace fees	1710452357864	1710452365810	OK	 
USER	Get Marketplace Fees	END	1710452365811
REQUEST		Get all marketplace fees	1710452358989	1710452365814	OK	 
USER	Get Marketplace Fees	END	1710452365814
USER	Get Marketplace Fees	START	1710452365865
USER	Get Marketplace Fees	START	1710452365990
REQUEST		Get all marketplace fees	1710452359864	1710452366026	OK	 
USER	Get Marketplace Fees	END	1710452366027
REQUEST		Get all marketplace fees	1710452360363	1710452366035	OK	 
USER	Get Marketplace Fees	END	1710452366035
USER	Get Marketplace Fees	START	1710452366114
REQUEST		Get all marketplace fees	1710452360488	1710452366141	OK	 
USER	Get Marketplace Fees	END	1710452366141
REQUEST		Get all marketplace fees	1710452359240	1710452366212	OK	 
USER	Get Marketplace Fees	END	1710452366213
USER	Get Marketplace Fees	START	1710452366249
REQUEST		Get all marketplace fees	1710452360239	1710452366317	OK	 
USER	Get Marketplace Fees	END	1710452366317
USER	Get Marketplace Fees	START	1710452366364
REQUEST		Get all marketplace fees	1710452361239	1710452366433	OK	 
USER	Get Marketplace Fees	END	1710452366434
REQUEST		Get all marketplace fees	1710452355989	1710452366478	OK	 
USER	Get Marketplace Fees	END	1710452366479
USER	Get Marketplace Fees	START	1710452366489
USER	Get Marketplace Fees	START	1710452366614
USER	Get Marketplace Fees	START	1710452366739
REQUEST		Get all marketplace fees	1710452362364	1710452366834	OK	 
USER	Get Marketplace Fees	END	1710452366835
USER	Get Marketplace Fees	START	1710452366864
REQUEST		Get all marketplace fees	1710452360738	1710452366908	OK	 
USER	Get Marketplace Fees	END	1710452366908
REQUEST		Get all marketplace fees	1710452362114	1710452366914	OK	 
USER	Get Marketplace Fees	END	1710452366915
REQUEST		Get all marketplace fees	1710452360613	1710452366931	OK	 
USER	Get Marketplace Fees	END	1710452366931
USER	Get Marketplace Fees	START	1710452366989
USER	Get Marketplace Fees	START	1710452367114
USER	Get Marketplace Fees	START	1710452367239
REQUEST		Get all marketplace fees	1710452360863	1710452367307	OK	 
USER	Get Marketplace Fees	END	1710452367308
USER	Get Marketplace Fees	START	1710452367363
USER	Get Marketplace Fees	START	1710452367489
REQUEST		Get all marketplace fees	1710452359739	1710452367578	OK	 
USER	Get Marketplace Fees	END	1710452367578
REQUEST		Get all marketplace fees	1710452359489	1710452367611	OK	 
USER	Get Marketplace Fees	END	1710452367612
USER	Get Marketplace Fees	START	1710452367614
USER	Get Marketplace Fees	START	1710452367739
USER	Get Marketplace Fees	START	1710452367863
USER	Get Marketplace Fees	START	1710452367988
REQUEST		Get all marketplace fees	1710452361364	1710452368012	OK	 
USER	Get Marketplace Fees	END	1710452368012
USER	Get Marketplace Fees	START	1710452368114
REQUEST		Get all marketplace fees	1710452362614	1710452368231	OK	 
USER	Get Marketplace Fees	END	1710452368231
USER	Get Marketplace Fees	START	1710452368238
USER	Get Marketplace Fees	START	1710452368363
USER	Get Marketplace Fees	START	1710452368488
REQUEST		Get all marketplace fees	1710452360114	1710452368527	OK	 
USER	Get Marketplace Fees	END	1710452368527
REQUEST		Get all marketplace fees	1710452361114	1710452368610	OK	 
USER	Get Marketplace Fees	END	1710452368610
USER	Get Marketplace Fees	START	1710452368613
REQUEST		Get all marketplace fees	1710452360989	1710452368708	OK	 
USER	Get Marketplace Fees	END	1710452368708
USER	Get Marketplace Fees	START	1710452368739
USER	Get Marketplace Fees	START	1710452368863
USER	Get Marketplace Fees	START	1710452368988
REQUEST		Get all marketplace fees	1710452363239	1710452369014	OK	 
USER	Get Marketplace Fees	END	1710452369014
REQUEST		Get all marketplace fees	1710452362988	1710452369106	OK	 
USER	Get Marketplace Fees	END	1710452369107
USER	Get Marketplace Fees	START	1710452369114
REQUEST		Get all marketplace fees	1710452361864	1710452369121	OK	 
USER	Get Marketplace Fees	END	1710452369121
USER	Get Marketplace Fees	START	1710452369238
USER	Get Marketplace Fees	START	1710452369364
USER	Get Marketplace Fees	START	1710452369489
REQUEST		Get all marketplace fees	1710452363113	1710452369612	OK	 
USER	Get Marketplace Fees	END	1710452369613
USER	Get Marketplace Fees	START	1710452369614
REQUEST		Get all marketplace fees	1710452361989	1710452369709	OK	 
USER	Get Marketplace Fees	END	1710452369709
USER	Get Marketplace Fees	START	1710452369739
REQUEST		Get all marketplace fees	1710452361489	1710452369808	OK	 
USER	Get Marketplace Fees	END	1710452369809
USER	Get Marketplace Fees	START	1710452369865
USER	Get Marketplace Fees	START	1710452369989
REQUEST		Get all marketplace fees	1710452363489	1710452370010	OK	 
USER	Get Marketplace Fees	END	1710452370011
REQUEST		Get all marketplace fees	1710452362248	1710452370112	OK	 
USER	Get Marketplace Fees	END	1710452370112
USER	Get Marketplace Fees	START	1710452370114
USER	Get Marketplace Fees	START	1710452370238
USER	Get Marketplace Fees	START	1710452370350
USER	Get Marketplace Fees	START	1710452370461
REQUEST		Get all marketplace fees	1710452362489	1710452370534	OK	 
USER	Get Marketplace Fees	END	1710452370534
USER	Get Marketplace Fees	START	1710452370572
USER	Get Marketplace Fees	START	1710452370683
REQUEST		Get all marketplace fees	1710452363739	1710452370710	OK	 
USER	Get Marketplace Fees	END	1710452370711
USER	Get Marketplace Fees	START	1710452370794
USER	Get Marketplace Fees	START	1710452370904
USER	Get Marketplace Fees	START	1710452371016
USER	Get Marketplace Fees	START	1710452371127
REQUEST		Get all marketplace fees	1710452361739	1710452371210	OK	 
USER	Get Marketplace Fees	END	1710452371210
USER	Get Marketplace Fees	START	1710452371238
USER	Get Marketplace Fees	START	1710452371363
REQUEST		Get all marketplace fees	1710452361614	1710452371413	OK	 
USER	Get Marketplace Fees	END	1710452371413
USER	Get Marketplace Fees	START	1710452371489
USER	Get Marketplace Fees	START	1710452371614
REQUEST		Get all marketplace fees	1710452363363	1710452371711	OK	 
USER	Get Marketplace Fees	END	1710452371711
USER	Get Marketplace Fees	START	1710452371739
USER	Get Marketplace Fees	START	1710452371864
REQUEST		Get all marketplace fees	1710452364248	1710452371902	OK	 
USER	Get Marketplace Fees	END	1710452371902
REQUEST		Get all marketplace fees	1710452365864	1710452371938	OK	 
USER	Get Marketplace Fees	END	1710452371938
USER	Get Marketplace Fees	START	1710452371988
USER	Get Marketplace Fees	START	1710452372114
REQUEST		Get all marketplace fees	1710452363614	1710452372132	OK	 
USER	Get Marketplace Fees	END	1710452372132
USER	Get Marketplace Fees	START	1710452372239
USER	Get Marketplace Fees	START	1710452372350
USER	Get Marketplace Fees	START	1710452372461
REQUEST		Get all marketplace fees	1710452364114	1710452372514	OK	 
USER	Get Marketplace Fees	END	1710452372514
REQUEST		Get all marketplace fees	1710452364363	1710452372515	OK	 
USER	Get Marketplace Fees	END	1710452372515
USER	Get Marketplace Fees	START	1710452372572
REQUEST		Get all marketplace fees	1710452363989	1710452372602	OK	 
USER	Get Marketplace Fees	END	1710452372603
REQUEST		Get all marketplace fees	1710452362864	1710452372613	OK	 
USER	Get Marketplace Fees	END	1710452372613
USER	Get Marketplace Fees	START	1710452372683
USER	Get Marketplace Fees	START	1710452372796
USER	Get Marketplace Fees	START	1710452372907
REQUEST		Get all marketplace fees	1710452364488	1710452372935	OK	 
USER	Get Marketplace Fees	END	1710452372936
REQUEST		Get all marketplace fees	1710452364988	1710452372952	OK	 
USER	Get Marketplace Fees	END	1710452372953
USER	Get Marketplace Fees	START	1710452373016
REQUEST		Get all marketplace fees	1710452366248	1710452373110	OK	 
USER	Get Marketplace Fees	END	1710452373111
USER	Get Marketplace Fees	START	1710452373128
USER	Get Marketplace Fees	START	1710452373239
USER	Get Marketplace Fees	START	1710452373350
REQUEST		Get all marketplace fees	1710452362739	1710452373407	OK	 
USER	Get Marketplace Fees	END	1710452373408
USER	Get Marketplace Fees	START	1710452373461
USER	Get Marketplace Fees	START	1710452373572
REQUEST		Get all marketplace fees	1710452363864	1710452373618	OK	 
REQUEST		Get all marketplace fees	1710452364863	1710452373618	OK	 
USER	Get Marketplace Fees	END	1710452373618
USER	Get Marketplace Fees	END	1710452373618
USER	Get Marketplace Fees	START	1710452373683
REQUEST		Get all marketplace fees	1710452366739	1710452373732	OK	 
USER	Get Marketplace Fees	END	1710452373732
USER	Get Marketplace Fees	START	1710452373794
USER	Get Marketplace Fees	START	1710452373905
REQUEST		Get all marketplace fees	1710452365239	1710452373930	OK	 
USER	Get Marketplace Fees	END	1710452373931
REQUEST		Get all marketplace fees	1710452366114	1710452374011	OK	 
USER	Get Marketplace Fees	END	1710452374011
USER	Get Marketplace Fees	START	1710452374016
USER	Get Marketplace Fees	START	1710452374128
REQUEST		Get all marketplace fees	1710452365740	1710452374129	OK	 
USER	Get Marketplace Fees	END	1710452374129
USER	Get Marketplace Fees	START	1710452374238
USER	Get Marketplace Fees	START	1710452374350
USER	Get Marketplace Fees	START	1710452374461
USER	Get Marketplace Fees	START	1710452374572
REQUEST		Get all marketplace fees	1710452364614	1710452374611	OK	 
USER	Get Marketplace Fees	END	1710452374612
REQUEST		Get all marketplace fees	1710452365364	1710452374615	OK	 
USER	Get Marketplace Fees	END	1710452374616
USER	Get Marketplace Fees	START	1710452374684
USER	Get Marketplace Fees	START	1710452374794
USER	Get Marketplace Fees	START	1710452374905
USER	Get Marketplace Fees	START	1710452375016
USER	Get Marketplace Fees	START	1710452375128
USER	Get Marketplace Fees	START	1710452375239
REQUEST		Get all marketplace fees	1710452365113	1710452375321	OK	 
USER	Get Marketplace Fees	END	1710452375322
USER	Get Marketplace Fees	START	1710452375350
USER	Get Marketplace Fees	START	1710452375462
USER	Get Marketplace Fees	START	1710452375572
REQUEST		Get all marketplace fees	1710452366363	1710452375616	OK	 
USER	Get Marketplace Fees	END	1710452375616
USER	Get Marketplace Fees	START	1710452375684
REQUEST		Get all marketplace fees	1710452368238	1710452375735	OK	 
USER	Get Marketplace Fees	END	1710452375735
USER	Get Marketplace Fees	START	1710452375795
REQUEST		Get all marketplace fees	1710452367488	1710452375801	OK	 
USER	Get Marketplace Fees	END	1710452375802
USER	Get Marketplace Fees	START	1710452375905
REQUEST		Get all marketplace fees	1710452364738	1710452375911	OK	 
USER	Get Marketplace Fees	END	1710452375911
REQUEST		Get all marketplace fees	1710452367114	1710452375933	OK	 
USER	Get Marketplace Fees	END	1710452375933
REQUEST		Get all marketplace fees	1710452365489	1710452376007	OK	 
USER	Get Marketplace Fees	END	1710452376008
USER	Get Marketplace Fees	START	1710452376017
USER	Get Marketplace Fees	START	1710452376128
REQUEST		Get all marketplace fees	1710452369364	1710452376136	OK	 
USER	Get Marketplace Fees	END	1710452376137
USER	Get Marketplace Fees	START	1710452376248
REQUEST		Get all marketplace fees	1710452368363	1710452376306	OK	 
USER	Get Marketplace Fees	END	1710452376307
REQUEST		Get all marketplace fees	1710452365989	1710452376317	OK	 
REQUEST		Get all marketplace fees	1710452366614	1710452376317	OK	 
USER	Get Marketplace Fees	END	1710452376318
USER	Get Marketplace Fees	END	1710452376318
USER	Get Marketplace Fees	START	1710452376350
USER	Get Marketplace Fees	START	1710452376461
USER	Get Marketplace Fees	START	1710452376571
USER	Get Marketplace Fees	START	1710452376682
USER	Get Marketplace Fees	START	1710452376793
REQUEST		Get all marketplace fees	1710452368488	1710452376901	OK	 
USER	Get Marketplace Fees	END	1710452376902
USER	Get Marketplace Fees	START	1710452376905
USER	Get Marketplace Fees	START	1710452377016
REQUEST		Get all marketplace fees	1710452365614	1710452377017	OK	 
USER	Get Marketplace Fees	END	1710452377017
USER	Get Marketplace Fees	START	1710452377128
REQUEST		Get all marketplace fees	1710452368613	1710452377134	OK	 
USER	Get Marketplace Fees	END	1710452377135
USER	Get Marketplace Fees	START	1710452377239
USER	Get Marketplace Fees	START	1710452377350
USER	Get Marketplace Fees	START	1710452377461
USER	Get Marketplace Fees	START	1710452377572
USER	Get Marketplace Fees	START	1710452377683
REQUEST		Get all marketplace fees	1710452366864	1710452377720	OK	 
USER	Get Marketplace Fees	END	1710452377721
REQUEST		Get all marketplace fees	1710452367738	1710452377733	OK	 
USER	Get Marketplace Fees	END	1710452377734
USER	Get Marketplace Fees	START	1710452377794
REQUEST		Get all marketplace fees	1710452368863	1710452377814	OK	 
USER	Get Marketplace Fees	END	1710452377815
REQUEST		Get all marketplace fees	1710452367363	1710452377856	OK	 
USER	Get Marketplace Fees	END	1710452377857
USER	Get Marketplace Fees	START	1710452377906
REQUEST		Get all marketplace fees	1710452367863	1710452377908	OK	 
USER	Get Marketplace Fees	END	1710452377909
USER	Get Marketplace Fees	START	1710452378017
USER	Get Marketplace Fees	START	1710452378128
USER	Get Marketplace Fees	START	1710452378238
USER	Get Marketplace Fees	START	1710452378350
REQUEST		Get all marketplace fees	1710452369864	1710452378409	OK	 
USER	Get Marketplace Fees	END	1710452378410
USER	Get Marketplace Fees	START	1710452378461
USER	Get Marketplace Fees	START	1710452378572
USER	Get Marketplace Fees	START	1710452378683
USER	Get Marketplace Fees	START	1710452378794
USER	Get Marketplace Fees	START	1710452378905
USER	Get Marketplace Fees	START	1710452379016
REQUEST		Get all marketplace fees	1710452366989	1710452379080	OK	 
USER	Get Marketplace Fees	END	1710452379081
USER	Get Marketplace Fees	START	1710452379127
USER	Get Marketplace Fees	START	1710452379238
USER	Get Marketplace Fees	START	1710452379350
REQUEST		Get all marketplace fees	1710452369113	1710452379427	OK	 
USER	Get Marketplace Fees	END	1710452379427
USER	Get Marketplace Fees	START	1710452379462
REQUEST		Get all marketplace fees	1710452367614	1710452379510	OK	 
USER	Get Marketplace Fees	END	1710452379511
USER	Get Marketplace Fees	START	1710452379572
REQUEST		Get all marketplace fees	1710452367239	1710452379624	OK	 
USER	Get Marketplace Fees	END	1710452379624
USER	Get Marketplace Fees	START	1710452379683
USER	Get Marketplace Fees	START	1710452379794
USER	Get Marketplace Fees	START	1710452379906
USER	Get Marketplace Fees	START	1710452380016
REQUEST		Get all marketplace fees	1710452368988	1710452380112	OK	 
USER	Get Marketplace Fees	END	1710452380113
USER	Get Marketplace Fees	START	1710452380127
USER	Get Marketplace Fees	START	1710452380240
REQUEST		Get all marketplace fees	1710452369238	1710452380350	OK	 
USER	Get Marketplace Fees	END	1710452380351
USER	Get Marketplace Fees	START	1710452380351
USER	Get Marketplace Fees	START	1710452380475
REQUEST		Get all marketplace fees	1710452370460	1710452380510	OK	 
USER	Get Marketplace Fees	END	1710452380511
USER	Get Marketplace Fees	START	1710452380572
REQUEST		Get all marketplace fees	1710452367988	1710452380581	OK	 
USER	Get Marketplace Fees	END	1710452380582
USER	Get Marketplace Fees	START	1710452380683
USER	Get Marketplace Fees	START	1710452380795
USER	Get Marketplace Fees	START	1710452380906
REQUEST		Get all marketplace fees	1710452368738	1710452380910	OK	 
USER	Get Marketplace Fees	END	1710452380910
REQUEST		Get all marketplace fees	1710452366489	1710452381012	OK	 
USER	Get Marketplace Fees	END	1710452381013
USER	Get Marketplace Fees	START	1710452381017
USER	Get Marketplace Fees	START	1710452381128
REQUEST		Get all marketplace fees	1710452369739	1710452381158	OK	 
USER	Get Marketplace Fees	END	1710452381158
REQUEST		Get all marketplace fees	1710452371488	1710452381158	OK	 
USER	Get Marketplace Fees	END	1710452381159
USER	Get Marketplace Fees	START	1710452381248
REQUEST		Get all marketplace fees	1710452368113	1710452381311	OK	 
USER	Get Marketplace Fees	END	1710452381312
USER	Get Marketplace Fees	START	1710452381350
REQUEST		Get all marketplace fees	1710452369614	1710452381409	OK	 
USER	Get Marketplace Fees	END	1710452381410
REQUEST		Get all marketplace fees	1710452371863	1710452381433	OK	 
USER	Get Marketplace Fees	END	1710452381434
USER	Get Marketplace Fees	START	1710452381461
USER	Get Marketplace Fees	START	1710452381572
USER	Get Marketplace Fees	START	1710452381683
REQUEST		Get all marketplace fees	1710452371739	1710452381732	OK	 
USER	Get Marketplace Fees	END	1710452381732
USER	Get Marketplace Fees	START	1710452381795
USER	Get Marketplace Fees	START	1710452381906
USER	Get Marketplace Fees	START	1710452382017
REQUEST		Get all marketplace fees	1710452370114	1710452382106	OK	 
USER	Get Marketplace Fees	END	1710452382106
USER	Get Marketplace Fees	START	1710452382127
USER	Get Marketplace Fees	START	1710452382239
USER	Get Marketplace Fees	START	1710452382351
USER	Get Marketplace Fees	START	1710452382462
USER	Get Marketplace Fees	START	1710452382573
USER	Get Marketplace Fees	START	1710452382684
REQUEST		Get all marketplace fees	1710452370350	1710452382744	OK	 
USER	Get Marketplace Fees	END	1710452382745
REQUEST		Get all marketplace fees	1710452371238	1710452382750	OK	 
USER	Get Marketplace Fees	END	1710452382750
USER	Get Marketplace Fees	START	1710452382795
REQUEST		Get all marketplace fees	1710452371988	1710452382901	OK	 
USER	Get Marketplace Fees	END	1710452382902
USER	Get Marketplace Fees	START	1710452382906
REQUEST		Get all marketplace fees	1710452373016	1710452382933	OK	 
USER	Get Marketplace Fees	END	1710452382934
USER	Get Marketplace Fees	START	1710452383016
REQUEST		Get all marketplace fees	1710452369489	1710452383017	OK	 
REQUEST		Get all marketplace fees	1710452370238	1710452383017	OK	 
USER	Get Marketplace Fees	END	1710452383017
USER	Get Marketplace Fees	END	1710452383017
USER	Get Marketplace Fees	START	1710452383128
USER	Get Marketplace Fees	START	1710452383239
USER	Get Marketplace Fees	START	1710452383350
USER	Get Marketplace Fees	START	1710452383461
REQUEST		Get all marketplace fees	1710452371016	1710452383512	OK	 
USER	Get Marketplace Fees	END	1710452383513
USER	Get Marketplace Fees	START	1710452383572
USER	Get Marketplace Fees	START	1710452383683
USER	Get Marketplace Fees	START	1710452383794
USER	Get Marketplace Fees	START	1710452383906
USER	Get Marketplace Fees	START	1710452384017
REQUEST		Get all marketplace fees	1710452372683	1710452384081	OK	 
USER	Get Marketplace Fees	END	1710452384081
USER	Get Marketplace Fees	START	1710452384127
REQUEST		Get all marketplace fees	1710452370571	1710452384150	OK	 
USER	Get Marketplace Fees	END	1710452384150
USER	Get Marketplace Fees	START	1710452384239
REQUEST		Get all marketplace fees	1710452371613	1710452384285	OK	 
USER	Get Marketplace Fees	END	1710452384286
USER	Get Marketplace Fees	START	1710452384350
USER	Get Marketplace Fees	START	1710452384461
USER	Get Marketplace Fees	START	1710452384572
USER	Get Marketplace Fees	START	1710452384683
USER	Get Marketplace Fees	START	1710452384794
REQUEST		Get all marketplace fees	1710452370793	1710452384811	OK	 
USER	Get Marketplace Fees	END	1710452384812
USER	Get Marketplace Fees	START	1710452384905
USER	Get Marketplace Fees	START	1710452385017
USER	Get Marketplace Fees	START	1710452385127
USER	Get Marketplace Fees	START	1710452385239
USER	Get Marketplace Fees	START	1710452385349
REQUEST		Get all marketplace fees	1710452373794	1710452385442	OK	 
USER	Get Marketplace Fees	END	1710452385443
USER	Get Marketplace Fees	START	1710452385461
USER	Get Marketplace Fees	START	1710452385572
USER	Get Marketplace Fees	START	1710452385682
USER	Get Marketplace Fees	START	1710452385793
USER	Get Marketplace Fees	START	1710452385905
REQUEST		Get all marketplace fees	1710452372114	1710452385908	OK	 
USER	Get Marketplace Fees	END	1710452385909
USER	Get Marketplace Fees	START	1710452386017
USER	Get Marketplace Fees	START	1710452386127
REQUEST		Get all marketplace fees	1710452370682	1710452386467	OK	 
USER	Get Marketplace Fees	END	1710452386468
REQUEST		Get all marketplace fees	1710452373238	1710452386983	OK	 
REQUEST		Get all marketplace fees	1710452369989	1710452386983	OK	 
USER	Get Marketplace Fees	END	1710452386984
USER	Get Marketplace Fees	END	1710452386984
REQUEST		Get all marketplace fees	1710452372461	1710452387256	OK	 
USER	Get Marketplace Fees	END	1710452387257
REQUEST		Get all marketplace fees	1710452374460	1710452387632	OK	 
USER	Get Marketplace Fees	END	1710452387633
REQUEST		Get all marketplace fees	1710452371363	1710452387709	OK	 
USER	Get Marketplace Fees	END	1710452387710
REQUEST		Get all marketplace fees	1710452374238	1710452388223	OK	 
USER	Get Marketplace Fees	END	1710452388224
REQUEST		Get all marketplace fees	1710452372238	1710452388279	OK	 
USER	Get Marketplace Fees	END	1710452388280
REQUEST		Get all marketplace fees	1710452374016	1710452388502	OK	 
USER	Get Marketplace Fees	END	1710452388502
REQUEST		Get all marketplace fees	1710452373905	1710452388691	OK	 
USER	Get Marketplace Fees	END	1710452388692
REQUEST		Get all marketplace fees	1710452374571	1710452389134	OK	 
REQUEST		Get all marketplace fees	1710452371127	1710452389134	OK	 
USER	Get Marketplace Fees	END	1710452389134
USER	Get Marketplace Fees	END	1710452389135
REQUEST		Get all marketplace fees	1710452370904	1710452389333	OK	 
USER	Get Marketplace Fees	END	1710452389334
REQUEST		Get all marketplace fees	1710452376682	1710452389849	OK	 
USER	Get Marketplace Fees	END	1710452389849
REQUEST		Get all marketplace fees	1710452375127	1710452389849	OK	 
USER	Get Marketplace Fees	END	1710452389850
REQUEST		Get all marketplace fees	1710452373350	1710452390256	OK	 
USER	Get Marketplace Fees	END	1710452390257
REQUEST		Get all marketplace fees	1710452374683	1710452390645	OK	 
USER	Get Marketplace Fees	END	1710452390646
REQUEST		Get all marketplace fees	1710452374794	1710452390807	OK	 
USER	Get Marketplace Fees	END	1710452390808
REQUEST		Get all marketplace fees	1710452374905	1710452390836	OK	 
USER	Get Marketplace Fees	END	1710452390837
REQUEST		Get all marketplace fees	1710452373461	1710452390896	OK	 
USER	Get Marketplace Fees	END	1710452390897
REQUEST		Get all marketplace fees	1710452376349	1710452390934	OK	 
USER	Get Marketplace Fees	END	1710452390935
REQUEST		Get all marketplace fees	1710452378349	1710452391182	OK	 
USER	Get Marketplace Fees	END	1710452391182
REQUEST		Get all marketplace fees	1710452376248	1710452391231	OK	 
USER	Get Marketplace Fees	END	1710452391231
REQUEST		Get all marketplace fees	1710452373572	1710452391492	OK	 
USER	Get Marketplace Fees	END	1710452391493
REQUEST		Get all marketplace fees	1710452377571	1710452391502	OK	 
USER	Get Marketplace Fees	END	1710452391503
REQUEST		Get all marketplace fees	1710452376571	1710452391512	OK	 
USER	Get Marketplace Fees	END	1710452391513
REQUEST		Get all marketplace fees	1710452376904	1710452391603	OK	 
USER	Get Marketplace Fees	END	1710452391603
REQUEST		Get all marketplace fees	1710452375572	1710452391616	OK	 
USER	Get Marketplace Fees	END	1710452391616
REQUEST		Get all marketplace fees	1710452372794	1710452391619	OK	 
USER	Get Marketplace Fees	END	1710452391620
REQUEST		Get all marketplace fees	1710452372906	1710452391716	OK	 
USER	Get Marketplace Fees	END	1710452391717
REQUEST		Get all marketplace fees	1710452374349	1710452392001	OK	 
REQUEST		Get all marketplace fees	1710452375905	1710452392001	OK	 
USER	Get Marketplace Fees	END	1710452392001
USER	Get Marketplace Fees	END	1710452392001
REQUEST		Get all marketplace fees	1710452374127	1710452392215	OK	 
USER	Get Marketplace Fees	END	1710452392216
REQUEST		Get all marketplace fees	1710452372572	1710452392611	OK	 
USER	Get Marketplace Fees	END	1710452392612
REQUEST		Get all marketplace fees	1710452379572	1710452393022	OK	 
USER	Get Marketplace Fees	END	1710452393023
REQUEST		Get all marketplace fees	1710452377127	1710452393212	OK	 
USER	Get Marketplace Fees	END	1710452393213
REQUEST		Get all marketplace fees	1710452380239	1710452393218	OK	 
USER	Get Marketplace Fees	END	1710452393218
REQUEST		Get all marketplace fees	1710452375350	1710452393314	OK	 
USER	Get Marketplace Fees	END	1710452393314
REQUEST		Get all marketplace fees	1710452375794	1710452393407	OK	 
USER	Get Marketplace Fees	END	1710452393408
REQUEST		Get all marketplace fees	1710452373127	1710452394213	OK	 
USER	Get Marketplace Fees	END	1710452394213
REQUEST		Get all marketplace fees	1710452377016	1710452394225	OK	 
USER	Get Marketplace Fees	END	1710452394226
REQUEST		Get all marketplace fees	1710452375683	1710452394331	OK	 
USER	Get Marketplace Fees	END	1710452394331
REQUEST		Get all marketplace fees	1710452378127	1710452394407	OK	 
USER	Get Marketplace Fees	END	1710452394407
REQUEST		Get all marketplace fees	1710452372349	1710452394419	OK	 
USER	Get Marketplace Fees	END	1710452394419
REQUEST		Get all marketplace fees	1710452376016	1710452394420	OK	 
USER	Get Marketplace Fees	END	1710452394420
REQUEST		Get all marketplace fees	1710452373683	1710452394545	OK	 
USER	Get Marketplace Fees	END	1710452394545
REQUEST		Get all marketplace fees	1710452377793	1710452394908	OK	 
USER	Get Marketplace Fees	END	1710452394909
REQUEST		Get all marketplace fees	1710452377683	1710452395032	OK	 
USER	Get Marketplace Fees	END	1710452395033
REQUEST		Get all marketplace fees	1710452379794	1710452395141	OK	 
USER	Get Marketplace Fees	END	1710452395141
REQUEST		Get all marketplace fees	1710452377906	1710452395205	OK	 
USER	Get Marketplace Fees	END	1710452395206
REQUEST		Get all marketplace fees	1710452379016	1710452395331	OK	 
USER	Get Marketplace Fees	END	1710452395332
REQUEST		Get all marketplace fees	1710452378683	1710452395414	OK	 
USER	Get Marketplace Fees	END	1710452395414
REQUEST		Get all marketplace fees	1710452378461	1710452395436	OK	 
USER	Get Marketplace Fees	END	1710452395437
REQUEST		Get all marketplace fees	1710452378905	1710452395439	OK	 
USER	Get Marketplace Fees	END	1710452395439
REQUEST		Get all marketplace fees	1710452380350	1710452395509	OK	 
USER	Get Marketplace Fees	END	1710452395509
REQUEST		Get all marketplace fees	1710452377239	1710452395516	OK	 
USER	Get Marketplace Fees	END	1710452395516
REQUEST		Get all marketplace fees	1710452381905	1710452395786	OK	 
USER	Get Marketplace Fees	END	1710452395786
REQUEST		Get all marketplace fees	1710452376793	1710452395788	OK	 
USER	Get Marketplace Fees	END	1710452395788
REQUEST		Get all marketplace fees	1710452376127	1710452395811	OK	 
USER	Get Marketplace Fees	END	1710452395812
REQUEST		Get all marketplace fees	1710452379238	1710452395907	OK	 
USER	Get Marketplace Fees	END	1710452395908
REQUEST		Get all marketplace fees	1710452379461	1710452396010	OK	 
USER	Get Marketplace Fees	END	1710452396011
REQUEST		Get all marketplace fees	1710452381794	1710452396031	OK	 
USER	Get Marketplace Fees	END	1710452396031
REQUEST		Get all marketplace fees	1710452379683	1710452396309	OK	 
USER	Get Marketplace Fees	END	1710452396309
REQUEST		Get all marketplace fees	1710452376460	1710452396335	OK	 
USER	Get Marketplace Fees	END	1710452396335
REQUEST		Get all marketplace fees	1710452380461	1710452396336	OK	 
USER	Get Marketplace Fees	END	1710452396336
REQUEST		Get all marketplace fees	1710452375461	1710452396337	OK	 
USER	Get Marketplace Fees	END	1710452396337
REQUEST		Get all marketplace fees	1710452379126	1710452396421	OK	 
USER	Get Marketplace Fees	END	1710452396422
REQUEST		Get all marketplace fees	1710452375016	1710452396753	OK	 
USER	Get Marketplace Fees	END	1710452396753
REQUEST		Get all marketplace fees	1710452382016	1710452396754	OK	 
USER	Get Marketplace Fees	END	1710452396755
REQUEST		Get all marketplace fees	1710452383238	1710452396778	OK	 
USER	Get Marketplace Fees	END	1710452396779
REQUEST		Get all marketplace fees	1710452380127	1710452396836	OK	 
USER	Get Marketplace Fees	END	1710452396836
REQUEST		Get all marketplace fees	1710452380906	1710452397118	OK	 
USER	Get Marketplace Fees	END	1710452397118
REQUEST		Get all marketplace fees	1710452381683	1710452397119	OK	 
USER	Get Marketplace Fees	END	1710452397119
REQUEST		Get all marketplace fees	1710452384461	1710452397135	OK	 
USER	Get Marketplace Fees	END	1710452397135
REQUEST		Get all marketplace fees	1710452384016	1710452397294	OK	 
USER	Get Marketplace Fees	END	1710452397295
REQUEST		Get all marketplace fees	1710452383905	1710452397312	OK	 
USER	Get Marketplace Fees	END	1710452397313
REQUEST		Get all marketplace fees	1710452380683	1710452397400	OK	 
USER	Get Marketplace Fees	END	1710452397400
REQUEST		Get all marketplace fees	1710452382905	1710452397414	OK	 
USER	Get Marketplace Fees	END	1710452397415
REQUEST		Get all marketplace fees	1710452384349	1710452397517	OK	 
USER	Get Marketplace Fees	END	1710452397519
REQUEST		Get all marketplace fees	1710452382794	1710452397520	OK	 
USER	Get Marketplace Fees	END	1710452397520
REQUEST		Get all marketplace fees	1710452382461	1710452397523	OK	 
USER	Get Marketplace Fees	END	1710452397524
REQUEST		Get all marketplace fees	1710452385682	1710452397537	OK	 
USER	Get Marketplace Fees	END	1710452397538
REQUEST		Get all marketplace fees	1710452379905	1710452397610	OK	 
USER	Get Marketplace Fees	END	1710452397610
REQUEST		Get all marketplace fees	1710452385238	1710452397615	OK	 
USER	Get Marketplace Fees	END	1710452397615
REQUEST		Get all marketplace fees	1710452380794	1710452397633	OK	 
USER	Get Marketplace Fees	END	1710452397633
REQUEST		Get all marketplace fees	1710452381349	1710452397634	OK	 
USER	Get Marketplace Fees	END	1710452397634
REQUEST		Get all marketplace fees	1710452377461	1710452397838	OK	 
USER	Get Marketplace Fees	END	1710452397839
REQUEST		Get all marketplace fees	1710452384793	1710452397841	OK	 
USER	Get Marketplace Fees	END	1710452397841
REQUEST		Get all marketplace fees	1710452385905	1710452397913	OK	 
USER	Get Marketplace Fees	END	1710452397913
REQUEST		Get all marketplace fees	1710452385793	1710452397914	OK	 
USER	Get Marketplace Fees	END	1710452397914
REQUEST		Get all marketplace fees	1710452385127	1710452398030	OK	 
USER	Get Marketplace Fees	END	1710452398030
REQUEST		Get all marketplace fees	1710452384572	1710452398244	OK	 
USER	Get Marketplace Fees	END	1710452398245
REQUEST		Get all marketplace fees	1710452382572	1710452398260	OK	 
USER	Get Marketplace Fees	END	1710452398261
REQUEST		Get all marketplace fees	1710452375239	1710452398309	OK	 
USER	Get Marketplace Fees	END	1710452398310
REQUEST		Get all marketplace fees	1710452385349	1710452398332	OK	 
USER	Get Marketplace Fees	END	1710452398332
REQUEST		Get all marketplace fees	1710452385460	1710452398333	OK	 
USER	Get Marketplace Fees	END	1710452398334
REQUEST		Get all marketplace fees	1710452384682	1710452398359	OK	 
REQUEST		Get all marketplace fees	1710452381461	1710452398359	OK	 
USER	Get Marketplace Fees	END	1710452398359
USER	Get Marketplace Fees	END	1710452398359
REQUEST		Get all marketplace fees	1710452379350	1710452398414	OK	 
USER	Get Marketplace Fees	END	1710452398415
REQUEST		Get all marketplace fees	1710452383794	1710452398449	OK	 
USER	Get Marketplace Fees	END	1710452398449
REQUEST		Get all marketplace fees	1710452378238	1710452398480	OK	 
USER	Get Marketplace Fees	END	1710452398481
REQUEST		Get all marketplace fees	1710452383683	1710452398531	OK	 
USER	Get Marketplace Fees	END	1710452398531
REQUEST		Get all marketplace fees	1710452382683	1710452398601	OK	 
USER	Get Marketplace Fees	END	1710452398602
REQUEST		Get all marketplace fees	1710452386127	1710452398639	OK	 
USER	Get Marketplace Fees	END	1710452398640
REQUEST		Get all marketplace fees	1710452383572	1710452398640	OK	 
USER	Get Marketplace Fees	END	1710452398641
REQUEST		Get all marketplace fees	1710452381571	1710452398642	OK	 
USER	Get Marketplace Fees	END	1710452398643
REQUEST		Get all marketplace fees	1710452378572	1710452398811	OK	 
USER	Get Marketplace Fees	END	1710452398812
REQUEST		Get all marketplace fees	1710452383461	1710452398897	OK	 
USER	Get Marketplace Fees	END	1710452398898
REQUEST		Get all marketplace fees	1710452381127	1710452398911	OK	 
USER	Get Marketplace Fees	END	1710452398911
REQUEST		Get all marketplace fees	1710452381016	1710452399014	OK	 
USER	Get Marketplace Fees	END	1710452399015
REQUEST		Get all marketplace fees	1710452378794	1710452399610	OK	 
USER	Get Marketplace Fees	END	1710452399610
REQUEST		Get all marketplace fees	1710452380016	1710452399717	OK	 
USER	Get Marketplace Fees	END	1710452399718
REQUEST		Get all marketplace fees	1710452381248	1710452399744	OK	 
USER	Get Marketplace Fees	END	1710452399744
REQUEST		Get all marketplace fees	1710452377350	1710452399748	OK	 
USER	Get Marketplace Fees	END	1710452399748
REQUEST		Get all marketplace fees	1710452378016	1710452399810	OK	 
USER	Get Marketplace Fees	END	1710452399811
REQUEST		Get all marketplace fees	1710452382350	1710452399913	OK	 
USER	Get Marketplace Fees	END	1710452399914
REQUEST		Get all marketplace fees	1710452380572	1710452399916	OK	 
USER	Get Marketplace Fees	END	1710452399917
REQUEST		Get all marketplace fees	1710452384127	1710452400016	OK	 
USER	Get Marketplace Fees	END	1710452400016
REQUEST		Get all marketplace fees	1710452386016	1710452400083	OK	 
REQUEST		Get all marketplace fees	1710452382239	1710452400083	OK	 
USER	Get Marketplace Fees	END	1710452400084
USER	Get Marketplace Fees	END	1710452400084
REQUEST		Get all marketplace fees	1710452384238	1710452400180	OK	 
USER	Get Marketplace Fees	END	1710452400181
REQUEST		Get all marketplace fees	1710452383016	1710452400260	OK	 
REQUEST		Get all marketplace fees	1710452383127	1710452400261	OK	 
USER	Get Marketplace Fees	END	1710452400261
USER	Get Marketplace Fees	END	1710452400261
REQUEST		Get all marketplace fees	1710452385016	1710452400281	OK	 
USER	Get Marketplace Fees	END	1710452400281
REQUEST		Get all marketplace fees	1710452384905	1710452400311	OK	 
USER	Get Marketplace Fees	END	1710452400312
REQUEST		Get all marketplace fees	1710452382127	1710452400312	OK	 
USER	Get Marketplace Fees	END	1710452400313
REQUEST		Get all marketplace fees	1710452385572	1710452400317	OK	 
USER	Get Marketplace Fees	END	1710452400318
REQUEST		Get all marketplace fees	1710452383350	1710452400421	OK	 
USER	Get Marketplace Fees	END	1710452400422
