RUN	transactions.MarketplaceFeesGetSimulation	marketplacefeesgetsimulation	1710450904596	 	3.10.4
USER	Login	START	1710450905273
REQUEST		Login	1710450905271	1710450905948	OK	 
USER	Login	END	1710450911017
USER	Get Marketplace Fees	START	1710450911259
USER	Get Marketplace Fees	START	1710450911303
USER	Get Marketplace Fees	START	1710450911334
USER	Get Marketplace Fees	START	1710450911358
USER	Get Marketplace Fees	START	1710450911378
USER	Get Marketplace Fees	START	1710450911395
USER	Get Marketplace Fees	START	1710450911409
USER	Get Marketplace Fees	START	1710450911422
USER	Get Marketplace Fees	START	1710450911433
USER	Get Marketplace Fees	START	1710450911443
USER	Get Marketplace Fees	START	1710450911453
USER	Get Marketplace Fees	START	1710450911463
USER	Get Marketplace Fees	START	1710450911470
USER	Get Marketplace Fees	START	1710450911479
USER	Get Marketplace Fees	START	1710450911486
USER	Get Marketplace Fees	START	1710450911493
USER	Get Marketplace Fees	START	1710450911500
USER	Get Marketplace Fees	START	1710450911508
USER	Get Marketplace Fees	START	1710450911514
USER	Get Marketplace Fees	START	1710450911520
USER	Get Marketplace Fees	START	1710450911526
USER	Get Marketplace Fees	START	1710450911531
USER	Get Marketplace Fees	START	1710450911537
USER	Get Marketplace Fees	START	1710450911542
USER	Get Marketplace Fees	START	1710450911548
USER	Get Marketplace Fees	START	1710450911552
USER	Get Marketplace Fees	START	1710450911557
USER	Get Marketplace Fees	START	1710450911563
USER	Get Marketplace Fees	START	1710450911567
USER	Get Marketplace Fees	START	1710450911572
USER	Get Marketplace Fees	START	1710450911576
USER	Get Marketplace Fees	START	1710450911581
USER	Get Marketplace Fees	START	1710450911585
USER	Get Marketplace Fees	START	1710450911589
USER	Get Marketplace Fees	START	1710450911593
USER	Get Marketplace Fees	START	1710450911597
USER	Get Marketplace Fees	START	1710450911601
USER	Get Marketplace Fees	START	1710450911605
USER	Get Marketplace Fees	START	1710450911609
USER	Get Marketplace Fees	START	1710450911613
USER	Get Marketplace Fees	START	1710450911654
USER	Get Marketplace Fees	START	1710450911654
USER	Get Marketplace Fees	START	1710450911654
USER	Get Marketplace Fees	START	1710450911654
USER	Get Marketplace Fees	START	1710450911654
USER	Get Marketplace Fees	START	1710450911654
USER	Get Marketplace Fees	START	1710450911654
USER	Get Marketplace Fees	START	1710450911654
USER	Get Marketplace Fees	START	1710450911655
USER	Get Marketplace Fees	START	1710450911655
USER	Get Marketplace Fees	START	1710450911655
USER	Get Marketplace Fees	START	1710450911656
USER	Get Marketplace Fees	START	1710450911659
USER	Get Marketplace Fees	START	1710450911663
USER	Get Marketplace Fees	START	1710450911666
USER	Get Marketplace Fees	START	1710450911670
USER	Get Marketplace Fees	START	1710450911673
USER	Get Marketplace Fees	START	1710450911676
USER	Get Marketplace Fees	START	1710450911679
USER	Get Marketplace Fees	START	1710450911683
USER	Get Marketplace Fees	START	1710450911686
USER	Get Marketplace Fees	START	1710450911689
USER	Get Marketplace Fees	START	1710450911692
USER	Get Marketplace Fees	START	1710450911695
USER	Get Marketplace Fees	START	1710450911698
USER	Get Marketplace Fees	START	1710450911701
USER	Get Marketplace Fees	START	1710450911704
USER	Get Marketplace Fees	START	1710450911708
USER	Get Marketplace Fees	START	1710450911710
USER	Get Marketplace Fees	START	1710450911713
USER	Get Marketplace Fees	START	1710450911716
USER	Get Marketplace Fees	START	1710450911719
USER	Get Marketplace Fees	START	1710450911722
USER	Get Marketplace Fees	START	1710450911725
USER	Get Marketplace Fees	START	1710450911729
USER	Get Marketplace Fees	START	1710450911731
USER	Get Marketplace Fees	START	1710450911734
USER	Get Marketplace Fees	START	1710450911737
USER	Get Marketplace Fees	START	1710450911740
USER	Get Marketplace Fees	START	1710450911743
USER	Get Marketplace Fees	START	1710450911746
USER	Get Marketplace Fees	START	1710450911749
USER	Get Marketplace Fees	START	1710450911752
USER	Get Marketplace Fees	START	1710450911755
USER	Get Marketplace Fees	START	1710450911758
USER	Get Marketplace Fees	START	1710450911760
USER	Get Marketplace Fees	START	1710450911763
USER	Get Marketplace Fees	START	1710450911766
USER	Get Marketplace Fees	START	1710450911769
USER	Get Marketplace Fees	START	1710450911772
USER	Get Marketplace Fees	START	1710450911776
USER	Get Marketplace Fees	START	1710450911778
USER	Get Marketplace Fees	START	1710450911782
USER	Get Marketplace Fees	START	1710450911785
USER	Get Marketplace Fees	START	1710450911788
USER	Get Marketplace Fees	START	1710450911790
USER	Get Marketplace Fees	START	1710450911793
USER	Get Marketplace Fees	START	1710450911796
USER	Get Marketplace Fees	START	1710450911799
USER	Get Marketplace Fees	START	1710450911802
USER	Get Marketplace Fees	START	1710450911805
USER	Get Marketplace Fees	START	1710450911808
USER	Get Marketplace Fees	START	1710450911811
USER	Get Marketplace Fees	START	1710450911814
USER	Get Marketplace Fees	START	1710450911817
USER	Get Marketplace Fees	START	1710450911820
USER	Get Marketplace Fees	START	1710450911823
USER	Get Marketplace Fees	START	1710450911827
USER	Get Marketplace Fees	START	1710450911829
USER	Get Marketplace Fees	START	1710450911832
USER	Get Marketplace Fees	START	1710450911835
USER	Get Marketplace Fees	START	1710450911838
USER	Get Marketplace Fees	START	1710450911843
USER	Get Marketplace Fees	START	1710450911846
USER	Get Marketplace Fees	START	1710450911849
USER	Get Marketplace Fees	START	1710450911852
USER	Get Marketplace Fees	START	1710450911855
USER	Get Marketplace Fees	START	1710450911859
USER	Get Marketplace Fees	START	1710450911862
USER	Get Marketplace Fees	START	1710450911865
USER	Get Marketplace Fees	START	1710450911868
USER	Get Marketplace Fees	START	1710450911872
USER	Get Marketplace Fees	START	1710450911875
USER	Get Marketplace Fees	START	1710450911879
USER	Get Marketplace Fees	START	1710450911882
USER	Get Marketplace Fees	START	1710450911885
USER	Get Marketplace Fees	START	1710450911890
USER	Get Marketplace Fees	START	1710450911893
USER	Get Marketplace Fees	START	1710450911896
USER	Get Marketplace Fees	START	1710450911900
USER	Get Marketplace Fees	START	1710450911903
USER	Get Marketplace Fees	START	1710450911908
USER	Get Marketplace Fees	START	1710450911911
USER	Get Marketplace Fees	START	1710450911916
USER	Get Marketplace Fees	START	1710450911920
USER	Get Marketplace Fees	START	1710450911924
USER	Get Marketplace Fees	START	1710450911928
USER	Get Marketplace Fees	START	1710450911932
USER	Get Marketplace Fees	START	1710450911936
USER	Get Marketplace Fees	START	1710450911940
USER	Get Marketplace Fees	START	1710450911945
USER	Get Marketplace Fees	START	1710450911949
USER	Get Marketplace Fees	START	1710450911954
USER	Get Marketplace Fees	START	1710450911958
USER	Get Marketplace Fees	START	1710450911963
USER	Get Marketplace Fees	START	1710450911968
USER	Get Marketplace Fees	START	1710450911973
USER	Get Marketplace Fees	START	1710450911978
USER	Get Marketplace Fees	START	1710450911983
USER	Get Marketplace Fees	START	1710450911989
USER	Get Marketplace Fees	START	1710450911994
USER	Get Marketplace Fees	START	1710450912000
USER	Get Marketplace Fees	START	1710450912006
USER	Get Marketplace Fees	START	1710450912013
USER	Get Marketplace Fees	START	1710450912020
USER	Get Marketplace Fees	START	1710450912027
USER	Get Marketplace Fees	START	1710450912034
USER	Get Marketplace Fees	START	1710450912041
USER	Get Marketplace Fees	START	1710450912049
USER	Get Marketplace Fees	START	1710450912057
USER	Get Marketplace Fees	START	1710450912066
USER	Get Marketplace Fees	START	1710450912076
USER	Get Marketplace Fees	START	1710450912086
USER	Get Marketplace Fees	START	1710450912097
USER	Get Marketplace Fees	START	1710450912110
USER	Get Marketplace Fees	START	1710450912124
USER	Get Marketplace Fees	START	1710450912140
USER	Get Marketplace Fees	START	1710450912159
USER	Get Marketplace Fees	START	1710450912184
USER	Get Marketplace Fees	START	1710450912215
REQUEST		Get all marketplace fees	1710450911258	1710450914082	OK	 
USER	Get Marketplace Fees	END	1710450914084
REQUEST		Get all marketplace fees	1710450911302	1710450914241	OK	 
USER	Get Marketplace Fees	END	1710450914242
REQUEST		Get all marketplace fees	1710450911333	1710450916291	OK	 
USER	Get Marketplace Fees	END	1710450916292
REQUEST		Get all marketplace fees	1710450911470	1710450916821	OK	 
USER	Get Marketplace Fees	END	1710450916821
REQUEST		Get all marketplace fees	1710450911585	1710450918671	OK	 
USER	Get Marketplace Fees	END	1710450918672
REQUEST		Get all marketplace fees	1710450911492	1710450919262	OK	 
USER	Get Marketplace Fees	END	1710450919263
REQUEST		Get all marketplace fees	1710450911601	1710450919502	OK	 
USER	Get Marketplace Fees	END	1710450919503
REQUEST		Get all marketplace fees	1710450911537	1710450919519	OK	 
USER	Get Marketplace Fees	END	1710450919521
REQUEST		Get all marketplace fees	1710450911609	1710450920392	OK	 
USER	Get Marketplace Fees	END	1710450920393
REQUEST		Get all marketplace fees	1710450911358	1710450920797	OK	 
USER	Get Marketplace Fees	END	1710450920798
REQUEST		Get all marketplace fees	1710450911513	1710450921929	OK	 
REQUEST		Get all marketplace fees	1710450911552	1710450921930	OK	 
REQUEST		Get all marketplace fees	1710450911394	1710450921930	OK	 
USER	Get Marketplace Fees	END	1710450921931
USER	Get Marketplace Fees	END	1710450921932
USER	Get Marketplace Fees	END	1710450921932
REQUEST		Get all marketplace fees	1710450911605	1710450922411	OK	 
USER	Get Marketplace Fees	END	1710450922412
REQUEST		Get all marketplace fees	1710450911547	1710450922819	OK	 
USER	Get Marketplace Fees	END	1710450922820
REQUEST		Get all marketplace fees	1710450911442	1710450922908	OK	 
USER	Get Marketplace Fees	END	1710450922910
REQUEST		Get all marketplace fees	1710450911685	1710450923155	OK	 
USER	Get Marketplace Fees	END	1710450923156
REQUEST		Get all marketplace fees	1710450911500	1710450924179	OK	 
USER	Get Marketplace Fees	END	1710450924179
REQUEST		Get all marketplace fees	1710450911432	1710450924318	OK	 
USER	Get Marketplace Fees	END	1710450924318
REQUEST		Get all marketplace fees	1710450911377	1710450925832	OK	 
REQUEST		Get all marketplace fees	1710450911571	1710450925832	OK	 
USER	Get Marketplace Fees	END	1710450925832
USER	Get Marketplace Fees	END	1710450925832
REQUEST		Get all marketplace fees	1710450911453	1710450925875	OK	 
USER	Get Marketplace Fees	END	1710450925875
REQUEST		Get all marketplace fees	1710450911613	1710450926079	OK	 
USER	Get Marketplace Fees	END	1710450926080
REQUEST		Get all marketplace fees	1710450911462	1710450926440	OK	 
USER	Get Marketplace Fees	END	1710450926441
REQUEST		Get all marketplace fees	1710450911507	1710450926447	OK	 
USER	Get Marketplace Fees	END	1710450926447
REQUEST		Get all marketplace fees	1710450911624	1710450926470	OK	 
USER	Get Marketplace Fees	END	1710450926471
REQUEST		Get all marketplace fees	1710450911485	1710450926618	OK	 
USER	Get Marketplace Fees	END	1710450926619
REQUEST		Get all marketplace fees	1710450911669	1710450926759	OK	 
USER	Get Marketplace Fees	END	1710450926760
REQUEST		Get all marketplace fees	1710450911731	1710450926970	OK	 
USER	Get Marketplace Fees	END	1710450926971
REQUEST		Get all marketplace fees	1710450911635	1710450927555	OK	 
USER	Get Marketplace Fees	END	1710450927555
REQUEST		Get all marketplace fees	1710450911978	1710450927559	OK	 
USER	Get Marketplace Fees	END	1710450927560
REQUEST		Get all marketplace fees	1710450911678	1710450927603	OK	 
USER	Get Marketplace Fees	END	1710450927604
REQUEST		Get all marketplace fees	1710450911927	1710450928074	OK	 
USER	Get Marketplace Fees	END	1710450928075
REQUEST		Get all marketplace fees	1710450911638	1710450930453	OK	 
USER	Get Marketplace Fees	END	1710450930454
REQUEST		Get all marketplace fees	1710450911911	1710450930936	OK	 
USER	Get Marketplace Fees	END	1710450930937
REQUEST		Get all marketplace fees	1710450911698	1710450931550	OK	 
USER	Get Marketplace Fees	END	1710450931551
REQUEST		Get all marketplace fees	1710450911954	1710450932221	OK	 
USER	Get Marketplace Fees	END	1710450932222
REQUEST		Get all marketplace fees	1710450911478	1710450932415	OK	 
USER	Get Marketplace Fees	END	1710450932416
REQUEST		Get all marketplace fees	1710450911968	1710450932883	OK	 
USER	Get Marketplace Fees	END	1710450932884
REQUEST		Get all marketplace fees	1710450911526	1710450932931	OK	 
USER	Get Marketplace Fees	END	1710450932931
REQUEST		Get all marketplace fees	1710450911787	1710450933510	OK	 
USER	Get Marketplace Fees	END	1710450933512
REQUEST		Get all marketplace fees	1710450911627	1710450933512	OK	 
USER	Get Marketplace Fees	END	1710450933513
REQUEST		Get all marketplace fees	1710450911775	1710450933517	OK	 
USER	Get Marketplace Fees	END	1710450933518
REQUEST		Get all marketplace fees	1710450911842	1710450933527	OK	 
USER	Get Marketplace Fees	END	1710450933528
REQUEST		Get all marketplace fees	1710450911710	1710450933537	OK	 
USER	Get Marketplace Fees	END	1710450933538
REQUEST		Get all marketplace fees	1710450911826	1710450933615	OK	 
USER	Get Marketplace Fees	END	1710450933616
REQUEST		Get all marketplace fees	1710450911659	1710450934146	OK	 
USER	Get Marketplace Fees	END	1710450934148
REQUEST		Get all marketplace fees	1710450911896	1710450934234	OK	 
USER	Get Marketplace Fees	END	1710450934235
REQUEST		Get all marketplace fees	1710450911733	1710450935038	OK	 
USER	Get Marketplace Fees	END	1710450935039
REQUEST		Get all marketplace fees	1710450911802	1710450935041	OK	 
USER	Get Marketplace Fees	END	1710450935042
REQUEST		Get all marketplace fees	1710450911772	1710450935043	OK	 
USER	Get Marketplace Fees	END	1710450935044
REQUEST		Get all marketplace fees	1710450911566	1710450935138	OK	 
USER	Get Marketplace Fees	END	1710450935139
REQUEST		Get all marketplace fees	1710450911865	1710450935886	OK	 
USER	Get Marketplace Fees	END	1710450935887
REQUEST		Get all marketplace fees	1710450911519	1710450935915	OK	 
USER	Get Marketplace Fees	END	1710450935917
REQUEST		Get all marketplace fees	1710450912159	1710450936872	OK	 
USER	Get Marketplace Fees	END	1710450936873
REQUEST		Get all marketplace fees	1710450911704	1710450936917	OK	 
USER	Get Marketplace Fees	END	1710450936917
REQUEST		Get all marketplace fees	1710450911763	1710450937285	OK	 
USER	Get Marketplace Fees	END	1710450937286
REQUEST		Get all marketplace fees	1710450911900	1710450937287	OK	 
USER	Get Marketplace Fees	END	1710450937288
REQUEST		Get all marketplace fees	1710450911907	1710450937831	OK	 
USER	Get Marketplace Fees	END	1710450937831
REQUEST		Get all marketplace fees	1710450912066	1710450938415	OK	 
USER	Get Marketplace Fees	END	1710450938416
REQUEST		Get all marketplace fees	1710450911557	1710450939234	OK	 
REQUEST		Get all marketplace fees	1710450911872	1710450939234	OK	 
USER	Get Marketplace Fees	END	1710450939236
USER	Get Marketplace Fees	END	1710450939236
REQUEST		Get all marketplace fees	1710450911835	1710450939322	OK	 
USER	Get Marketplace Fees	END	1710450939324
REQUEST		Get all marketplace fees	1710450911919	1710450939846	OK	 
REQUEST		Get all marketplace fees	1710450911848	1710450939846	OK	 
USER	Get Marketplace Fees	END	1710450939846
USER	Get Marketplace Fees	END	1710450939846
REQUEST		Get all marketplace fees	1710450911580	1710450940049	OK	 
USER	Get Marketplace Fees	END	1710450940050
REQUEST		Get all marketplace fees	1710450911597	1710450940140	OK	 
USER	Get Marketplace Fees	END	1710450940141
REQUEST		Get all marketplace fees	1710450911931	1710450940772	OK	 
USER	Get Marketplace Fees	END	1710450940773
REQUEST		Get all marketplace fees	1710450912140	1710450940809	OK	 
USER	Get Marketplace Fees	END	1710450940810
REQUEST		Get all marketplace fees	1710450911739	1710450941480	OK	 
USER	Get Marketplace Fees	END	1710450941481
REQUEST		Get all marketplace fees	1710450911851	1710450941794	OK	 
USER	Get Marketplace Fees	END	1710450941795
REQUEST		Get all marketplace fees	1710450911945	1710450941911	OK	 
USER	Get Marketplace Fees	END	1710450941913
REQUEST		Get all marketplace fees	1710450911531	1710450952646	OK	 
REQUEST		Get all marketplace fees	1710450911646	1710450952646	OK	 
USER	Get Marketplace Fees	END	1710450952647
USER	Get Marketplace Fees	END	1710450952647
REQUEST		Get all marketplace fees	1710450911421	1710450952709	OK	 
USER	Get Marketplace Fees	END	1710450952709
REQUEST		Get all marketplace fees	1710450911408	1710450952721	OK	 
USER	Get Marketplace Fees	END	1710450952722
REQUEST		Get all marketplace fees	1710450911666	1710450952868	OK	 
USER	Get Marketplace Fees	END	1710450952869
REQUEST		Get all marketplace fees	1710450911617	1710450953043	OK	 
USER	Get Marketplace Fees	END	1710450953044
REQUEST		Get all marketplace fees	1710450911542	1710450953115	OK	 
REQUEST		Get all marketplace fees	1710450911576	1710450953115	OK	 
USER	Get Marketplace Fees	END	1710450953116
USER	Get Marketplace Fees	END	1710450953117
REQUEST		Get all marketplace fees	1710450911795	1710450953413	OK	 
USER	Get Marketplace Fees	END	1710450953413
REQUEST		Get all marketplace fees	1710450911593	1710450953511	OK	 
USER	Get Marketplace Fees	END	1710450953513
REQUEST		Get all marketplace fees	1710450911820	1710450953711	OK	 
USER	Get Marketplace Fees	END	1710450953712
REQUEST		Get all marketplace fees	1710450911811	1710450953845	OK	 
USER	Get Marketplace Fees	END	1710450953846
REQUEST		Get all marketplace fees	1710450911879	1710450954389	OK	 
USER	Get Marketplace Fees	END	1710450954390
REQUEST		Get all marketplace fees	1710450911823	1710450954393	OK	 
USER	Get Marketplace Fees	END	1710450954393
REQUEST		Get all marketplace fees	1710450911695	1710450954414	OK	 
USER	Get Marketplace Fees	END	1710450954414
REQUEST		Get all marketplace fees	1710450911885	1710450954522	OK	 
USER	Get Marketplace Fees	END	1710450954524
REQUEST		Get all marketplace fees	1710450911688	1710450954925	OK	 
USER	Get Marketplace Fees	END	1710450954925
REQUEST		Get all marketplace fees	1710450911868	1710450955309	OK	 
USER	Get Marketplace Fees	END	1710450955310
REQUEST		Get all marketplace fees	1710450911642	1710450955312	OK	 
USER	Get Marketplace Fees	END	1710450955313
REQUEST		Get all marketplace fees	1710450912026	1710450955409	OK	 
USER	Get Marketplace Fees	END	1710450955410
REQUEST		Get all marketplace fees	1710450911805	1710450955759	OK	 
USER	Get Marketplace Fees	END	1710450955760
REQUEST		Get all marketplace fees	1710450911749	1710450955858	OK	 
USER	Get Marketplace Fees	END	1710450955858
REQUEST		Get all marketplace fees	1710450911832	1710450955912	OK	 
USER	Get Marketplace Fees	END	1710450955914
REQUEST		Get all marketplace fees	1710450911725	1710450956018	OK	 
USER	Get Marketplace Fees	END	1710450956020
REQUEST		Get all marketplace fees	1710450911758	1710450956020	OK	 
USER	Get Marketplace Fees	END	1710450956021
REQUEST		Get all marketplace fees	1710450911792	1710450956133	OK	 
USER	Get Marketplace Fees	END	1710450956135
REQUEST		Get all marketplace fees	1710450911728	1710450956222	OK	 
USER	Get Marketplace Fees	END	1710450956224
REQUEST		Get all marketplace fees	1710450911973	1710450956236	OK	 
USER	Get Marketplace Fees	END	1710450956237
REQUEST		Get all marketplace fees	1710450911766	1710450956409	OK	 
USER	Get Marketplace Fees	END	1710450956410
REQUEST		Get all marketplace fees	1710450911781	1710450956747	OK	 
USER	Get Marketplace Fees	END	1710450956748
REQUEST		Get all marketplace fees	1710450912019	1710450956748	OK	 
USER	Get Marketplace Fees	END	1710450956748
REQUEST		Get all marketplace fees	1710450911589	1710450956832	OK	 
USER	Get Marketplace Fees	END	1710450956833
REQUEST		Get all marketplace fees	1710450911672	1710450956909	OK	 
USER	Get Marketplace Fees	END	1710450956910
REQUEST		Get all marketplace fees	1710450912110	1710450957017	OK	 
USER	Get Marketplace Fees	END	1710450957018
REQUEST		Get all marketplace fees	1710450911675	1710450957142	OK	 
USER	Get Marketplace Fees	END	1710450957143
REQUEST		Get all marketplace fees	1710450911989	1710450957207	OK	 
USER	Get Marketplace Fees	END	1710450957208
REQUEST		Get all marketplace fees	1710450911854	1710450957316	OK	 
USER	Get Marketplace Fees	END	1710450957317
REQUEST		Get all marketplace fees	1710450912049	1710450957416	OK	 
USER	Get Marketplace Fees	END	1710450957416
REQUEST		Get all marketplace fees	1710450911893	1710450957444	OK	 
USER	Get Marketplace Fees	END	1710450957445
REQUEST		Get all marketplace fees	1710450912012	1710450957663	OK	 
USER	Get Marketplace Fees	END	1710450957665
REQUEST		Get all marketplace fees	1710450911915	1710450957736	OK	 
USER	Get Marketplace Fees	END	1710450957738
REQUEST		Get all marketplace fees	1710450911817	1710450958213	OK	 
USER	Get Marketplace Fees	END	1710450958215
REQUEST		Get all marketplace fees	1710450911789	1710450959618	OK	 
USER	Get Marketplace Fees	END	1710450959618
REQUEST		Get all marketplace fees	1710450911562	1710450959626	OK	 
REQUEST		Get all marketplace fees	1710450911752	1710450959626	OK	 
USER	Get Marketplace Fees	END	1710450959627
USER	Get Marketplace Fees	END	1710450959627
REQUEST		Get all marketplace fees	1710450911963	1710450959640	OK	 
USER	Get Marketplace Fees	END	1710450959641
REQUEST		Get all marketplace fees	1710450911861	1710450959701	OK	 
USER	Get Marketplace Fees	END	1710450959702
REQUEST		Get all marketplace fees	1710450911701	1710450959726	OK	 
USER	Get Marketplace Fees	END	1710450959727
REQUEST		Get all marketplace fees	1710450911692	1710450959758	OK	 
REQUEST		Get all marketplace fees	1710450911620	1710450959758	OK	 
USER	Get Marketplace Fees	END	1710450959758
USER	Get Marketplace Fees	END	1710450959758
REQUEST		Get all marketplace fees	1710450911983	1710450960127	OK	 
USER	Get Marketplace Fees	END	1710450960129
REQUEST		Get all marketplace fees	1710450911882	1710450960159	OK	 
USER	Get Marketplace Fees	END	1710450960161
REQUEST		Get all marketplace fees	1710450912215	1710450960331	OK	 
USER	Get Marketplace Fees	END	1710450960332
REQUEST		Get all marketplace fees	1710450912056	1710450960337	OK	 
USER	Get Marketplace Fees	END	1710450960338
REQUEST		Get all marketplace fees	1710450912040	1710450960353	OK	 
USER	Get Marketplace Fees	END	1710450960355
REQUEST		Get all marketplace fees	1710450911940	1710450960412	OK	 
REQUEST		Get all marketplace fees	1710450911838	1710450960412	OK	 
USER	Get Marketplace Fees	END	1710450960413
USER	Get Marketplace Fees	END	1710450960413
REQUEST		Get all marketplace fees	1710450911760	1710450960548	OK	 
USER	Get Marketplace Fees	END	1710450960549
REQUEST		Get all marketplace fees	1710450911769	1710450961349	OK	 
USER	Get Marketplace Fees	END	1710450961350
REQUEST		Get all marketplace fees	1710450911958	1710450961405	OK	 
USER	Get Marketplace Fees	END	1710450961406
REQUEST		Get all marketplace fees	1710450911923	1710450961505	OK	 
USER	Get Marketplace Fees	END	1710450961505
REQUEST		Get all marketplace fees	1710450911716	1710450962184	OK	 
USER	Get Marketplace Fees	END	1710450962185
REQUEST		Get all marketplace fees	1710450912006	1710450962215	OK	 
USER	Get Marketplace Fees	END	1710450962216
REQUEST		Get all marketplace fees	1710450911653	1710450962227	OK	 
USER	Get Marketplace Fees	END	1710450962228
REQUEST		Get all marketplace fees	1710450911875	1710450962584	OK	 
USER	Get Marketplace Fees	END	1710450962585
REQUEST		Get all marketplace fees	1710450911746	1710450962679	OK	 
USER	Get Marketplace Fees	END	1710450962680
REQUEST		Get all marketplace fees	1710450912183	1710450963096	OK	 
USER	Get Marketplace Fees	END	1710450963097
REQUEST		Get all marketplace fees	1710450911845	1710450963215	OK	 
REQUEST		Get all marketplace fees	1710450911713	1710450963216	OK	 
USER	Get Marketplace Fees	END	1710450963217
USER	Get Marketplace Fees	END	1710450963217
REQUEST		Get all marketplace fees	1710450911949	1710450963239	OK	 
USER	Get Marketplace Fees	END	1710450963240
REQUEST		Get all marketplace fees	1710450911662	1710450963310	OK	 
USER	Get Marketplace Fees	END	1710450963311
REQUEST		Get all marketplace fees	1710450911656	1710450963392	OK	 
USER	Get Marketplace Fees	END	1710450963393
REQUEST		Get all marketplace fees	1710450911778	1710450963518	OK	 
REQUEST		Get all marketplace fees	1710450911814	1710450963518	OK	 
USER	Get Marketplace Fees	END	1710450963518
USER	Get Marketplace Fees	END	1710450963518
REQUEST		Get all marketplace fees	1710450912124	1710450963532	OK	 
USER	Get Marketplace Fees	END	1710450963532
REQUEST		Get all marketplace fees	1710450911722	1710450963536	OK	 
USER	Get Marketplace Fees	END	1710450963536
REQUEST		Get all marketplace fees	1710450911858	1710450963537	OK	 
USER	Get Marketplace Fees	END	1710450963537
REQUEST		Get all marketplace fees	1710450911682	1710450963572	OK	 
USER	Get Marketplace Fees	END	1710450963572
REQUEST		Get all marketplace fees	1710450912097	1710450963609	OK	 
USER	Get Marketplace Fees	END	1710450963609
REQUEST		Get all marketplace fees	1710450912000	1710450963709	OK	 
USER	Get Marketplace Fees	END	1710450963710
REQUEST		Get all marketplace fees	1710450911994	1710450963716	OK	 
USER	Get Marketplace Fees	END	1710450963717
REQUEST		Get all marketplace fees	1710450911808	1710450963817	OK	 
USER	Get Marketplace Fees	END	1710450963817
REQUEST		Get all marketplace fees	1710450911743	1710450964329	OK	 
USER	Get Marketplace Fees	END	1710450964330
REQUEST		Get all marketplace fees	1710450911935	1710450964333	OK	 
USER	Get Marketplace Fees	END	1710450964334
REQUEST		Get all marketplace fees	1710450911798	1710450964336	OK	 
USER	Get Marketplace Fees	END	1710450964337
REQUEST		Get all marketplace fees	1710450912033	1710450964351	OK	 
USER	Get Marketplace Fees	END	1710450964351
REQUEST		Get all marketplace fees	1710450911649	1710450964501	OK	 
USER	Get Marketplace Fees	END	1710450964502
REQUEST		Get all marketplace fees	1710450911889	1710450964833	OK	 
USER	Get Marketplace Fees	END	1710450964833
REQUEST		Get all marketplace fees	1710450911829	1710450964834	OK	 
USER	Get Marketplace Fees	END	1710450964834
REQUEST		Get all marketplace fees	1710450911719	1710450964888	OK	 
USER	Get Marketplace Fees	END	1710450964888
REQUEST		Get all marketplace fees	1710450911737	1710450964975	OK	 
USER	Get Marketplace Fees	END	1710450964976
REQUEST		Get all marketplace fees	1710450911631	1710450964986	OK	 
USER	Get Marketplace Fees	END	1710450964987
REQUEST		Get all marketplace fees	1710450912086	1710450965042	OK	 
REQUEST		Get all marketplace fees	1710450911784	1710450965042	OK	 
USER	Get Marketplace Fees	END	1710450965043
USER	Get Marketplace Fees	END	1710450965044
REQUEST		Get all marketplace fees	1710450911755	1710450965143	OK	 
USER	Get Marketplace Fees	END	1710450965144
REQUEST		Get all marketplace fees	1710450911707	1710450965145	OK	 
USER	Get Marketplace Fees	END	1710450965146
REQUEST		Get all marketplace fees	1710450912076	1710450965158	OK	 
USER	Get Marketplace Fees	END	1710450965159
REQUEST		Get all marketplace fees	1710450911903	1710450965243	OK	 
USER	Get Marketplace Fees	END	1710450965244
