RUN	transactions.MarketplaceFeesGetSimulation	marketplacefeesgetsimulation	1710521156849	 	3.10.4
USER	Login	START	1710521157249
REQUEST		Login	1710521157248	1710521157911	OK	 
USER	Login	END	1710521162976
USER	Get Marketplace Fees	START	1710521163220
USER	Get Marketplace Fees	START	1710521163260
USER	Get Marketplace Fees	START	1710521163309
USER	Get Marketplace Fees	START	1710521163356
USER	Get Marketplace Fees	START	1710521163405
USER	Get Marketplace Fees	START	1710521163453
USER	Get Marketplace Fees	START	1710521163501
USER	Get Marketplace Fees	START	1710521163550
USER	Get Marketplace Fees	START	1710521163599
USER	Get Marketplace Fees	START	1710521163647
USER	Get Marketplace Fees	START	1710521163696
USER	Get Marketplace Fees	START	1710521163742
USER	Get Marketplace Fees	START	1710521163789
USER	Get Marketplace Fees	START	1710521163838
USER	Get Marketplace Fees	START	1710521163885
USER	Get Marketplace Fees	START	1710521163933
USER	Get Marketplace Fees	START	1710521163981
USER	Get Marketplace Fees	START	1710521164029
USER	Get Marketplace Fees	START	1710521164077
USER	Get Marketplace Fees	START	1710521164124
USER	Get Marketplace Fees	START	1710521164172
USER	Get Marketplace Fees	START	1710521164221
USER	Get Marketplace Fees	START	1710521164259
USER	Get Marketplace Fees	START	1710521164308
USER	Get Marketplace Fees	START	1710521164355
USER	Get Marketplace Fees	START	1710521164403
USER	Get Marketplace Fees	START	1710521164451
USER	Get Marketplace Fees	START	1710521164498
USER	Get Marketplace Fees	START	1710521164546
USER	Get Marketplace Fees	START	1710521164593
USER	Get Marketplace Fees	START	1710521164641
USER	Get Marketplace Fees	START	1710521164689
USER	Get Marketplace Fees	START	1710521164736
USER	Get Marketplace Fees	START	1710521164784
USER	Get Marketplace Fees	START	1710521164832
REQUEST		Get all marketplace fees	1710521163356	1710521164857	OK	 
USER	Get Marketplace Fees	END	1710521164858
USER	Get Marketplace Fees	START	1710521164879
USER	Get Marketplace Fees	START	1710521164927
USER	Get Marketplace Fees	START	1710521164974
USER	Get Marketplace Fees	START	1710521165022
USER	Get Marketplace Fees	START	1710521165070
USER	Get Marketplace Fees	START	1710521165117
USER	Get Marketplace Fees	START	1710521165165
USER	Get Marketplace Fees	START	1710521165212
USER	Get Marketplace Fees	START	1710521165259
USER	Get Marketplace Fees	START	1710521165309
USER	Get Marketplace Fees	START	1710521165355
USER	Get Marketplace Fees	START	1710521165403
USER	Get Marketplace Fees	START	1710521165452
USER	Get Marketplace Fees	START	1710521165498
USER	Get Marketplace Fees	START	1710521165547
USER	Get Marketplace Fees	START	1710521165594
USER	Get Marketplace Fees	START	1710521165642
USER	Get Marketplace Fees	START	1710521165690
USER	Get Marketplace Fees	START	1710521165737
USER	Get Marketplace Fees	START	1710521165785
USER	Get Marketplace Fees	START	1710521165833
USER	Get Marketplace Fees	START	1710521165880
USER	Get Marketplace Fees	START	1710521165927
USER	Get Marketplace Fees	START	1710521165974
USER	Get Marketplace Fees	START	1710521166022
USER	Get Marketplace Fees	START	1710521166070
REQUEST		Get all marketplace fees	1710521163308	1710521166116	OK	 
USER	Get Marketplace Fees	END	1710521166117
USER	Get Marketplace Fees	START	1710521166117
USER	Get Marketplace Fees	START	1710521166166
USER	Get Marketplace Fees	START	1710521166213
USER	Get Marketplace Fees	START	1710521166259
USER	Get Marketplace Fees	START	1710521166307
USER	Get Marketplace Fees	START	1710521166354
USER	Get Marketplace Fees	START	1710521166403
USER	Get Marketplace Fees	START	1710521166450
USER	Get Marketplace Fees	START	1710521166498
USER	Get Marketplace Fees	START	1710521166546
USER	Get Marketplace Fees	START	1710521166594
USER	Get Marketplace Fees	START	1710521166642
USER	Get Marketplace Fees	START	1710521166689
USER	Get Marketplace Fees	START	1710521166736
USER	Get Marketplace Fees	START	1710521166784
USER	Get Marketplace Fees	START	1710521166832
USER	Get Marketplace Fees	START	1710521166879
REQUEST		Get all marketplace fees	1710521163549	1710521166900	OK	 
USER	Get Marketplace Fees	END	1710521166901
USER	Get Marketplace Fees	START	1710521166927
USER	Get Marketplace Fees	START	1710521166974
USER	Get Marketplace Fees	START	1710521167023
USER	Get Marketplace Fees	START	1710521167071
USER	Get Marketplace Fees	START	1710521167118
USER	Get Marketplace Fees	START	1710521167166
USER	Get Marketplace Fees	START	1710521167211
USER	Get Marketplace Fees	START	1710521167259
USER	Get Marketplace Fees	START	1710521167307
USER	Get Marketplace Fees	START	1710521167354
USER	Get Marketplace Fees	START	1710521167403
USER	Get Marketplace Fees	START	1710521167451
USER	Get Marketplace Fees	START	1710521167498
USER	Get Marketplace Fees	START	1710521167546
USER	Get Marketplace Fees	START	1710521167593
USER	Get Marketplace Fees	START	1710521167641
USER	Get Marketplace Fees	START	1710521167689
USER	Get Marketplace Fees	START	1710521167736
USER	Get Marketplace Fees	START	1710521167784
USER	Get Marketplace Fees	START	1710521167832
USER	Get Marketplace Fees	START	1710521167879
USER	Get Marketplace Fees	START	1710521167928
USER	Get Marketplace Fees	START	1710521167974
USER	Get Marketplace Fees	START	1710521168022
USER	Get Marketplace Fees	START	1710521168070
USER	Get Marketplace Fees	START	1710521168118
USER	Get Marketplace Fees	START	1710521168165
USER	Get Marketplace Fees	START	1710521168212
USER	Get Marketplace Fees	START	1710521168260
USER	Get Marketplace Fees	START	1710521168307
USER	Get Marketplace Fees	START	1710521168354
USER	Get Marketplace Fees	START	1710521168403
USER	Get Marketplace Fees	START	1710521168450
USER	Get Marketplace Fees	START	1710521168498
USER	Get Marketplace Fees	START	1710521168546
USER	Get Marketplace Fees	START	1710521168593
REQUEST		Get all marketplace fees	1710521163219	1710521168621	OK	 
USER	Get Marketplace Fees	END	1710521168622
USER	Get Marketplace Fees	START	1710521168641
USER	Get Marketplace Fees	START	1710521168690
USER	Get Marketplace Fees	START	1710521168738
USER	Get Marketplace Fees	START	1710521168786
USER	Get Marketplace Fees	START	1710521168834
USER	Get Marketplace Fees	START	1710521168881
USER	Get Marketplace Fees	START	1710521168929
USER	Get Marketplace Fees	START	1710521168977
USER	Get Marketplace Fees	START	1710521169024
USER	Get Marketplace Fees	START	1710521169072
USER	Get Marketplace Fees	START	1710521169119
USER	Get Marketplace Fees	START	1710521169168
USER	Get Marketplace Fees	START	1710521169212
USER	Get Marketplace Fees	START	1710521169259
USER	Get Marketplace Fees	START	1710521169307
USER	Get Marketplace Fees	START	1710521169354
USER	Get Marketplace Fees	START	1710521169403
REQUEST		Get all marketplace fees	1710521163741	1710521169415	OK	 
USER	Get Marketplace Fees	END	1710521169417
USER	Get Marketplace Fees	START	1710521169451
USER	Get Marketplace Fees	START	1710521169498
USER	Get Marketplace Fees	START	1710521169545
USER	Get Marketplace Fees	START	1710521169593
REQUEST		Get all marketplace fees	1710521163404	1710521169637	OK	 
USER	Get Marketplace Fees	END	1710521169639
USER	Get Marketplace Fees	START	1710521169641
USER	Get Marketplace Fees	START	1710521169689
USER	Get Marketplace Fees	START	1710521169736
USER	Get Marketplace Fees	START	1710521169784
USER	Get Marketplace Fees	START	1710521169832
USER	Get Marketplace Fees	START	1710521169880
USER	Get Marketplace Fees	START	1710521169927
USER	Get Marketplace Fees	START	1710521169974
USER	Get Marketplace Fees	START	1710521170022
USER	Get Marketplace Fees	START	1710521170070
USER	Get Marketplace Fees	START	1710521170118
USER	Get Marketplace Fees	START	1710521170177
USER	Get Marketplace Fees	START	1710521170213
USER	Get Marketplace Fees	START	1710521170259
USER	Get Marketplace Fees	START	1710521170307
USER	Get Marketplace Fees	START	1710521170354
USER	Get Marketplace Fees	START	1710521170402
USER	Get Marketplace Fees	START	1710521170451
USER	Get Marketplace Fees	START	1710521170497
USER	Get Marketplace Fees	START	1710521170545
USER	Get Marketplace Fees	START	1710521170593
USER	Get Marketplace Fees	START	1710521170641
USER	Get Marketplace Fees	START	1710521170689
USER	Get Marketplace Fees	START	1710521170737
USER	Get Marketplace Fees	START	1710521170784
USER	Get Marketplace Fees	START	1710521170832
USER	Get Marketplace Fees	START	1710521170879
USER	Get Marketplace Fees	START	1710521170927
USER	Get Marketplace Fees	START	1710521170975
USER	Get Marketplace Fees	START	1710521171023
USER	Get Marketplace Fees	START	1710521171070
USER	Get Marketplace Fees	START	1710521171117
USER	Get Marketplace Fees	START	1710521171166
USER	Get Marketplace Fees	START	1710521171213
USER	Get Marketplace Fees	START	1710521171260
USER	Get Marketplace Fees	START	1710521171308
USER	Get Marketplace Fees	START	1710521171354
USER	Get Marketplace Fees	START	1710521171403
USER	Get Marketplace Fees	START	1710521171451
USER	Get Marketplace Fees	START	1710521171498
USER	Get Marketplace Fees	START	1710521171546
USER	Get Marketplace Fees	START	1710521171593
USER	Get Marketplace Fees	START	1710521171641
USER	Get Marketplace Fees	START	1710521171689
USER	Get Marketplace Fees	START	1710521171737
USER	Get Marketplace Fees	START	1710521171785
USER	Get Marketplace Fees	START	1710521171834
USER	Get Marketplace Fees	START	1710521171880
USER	Get Marketplace Fees	START	1710521171928
USER	Get Marketplace Fees	START	1710521171975
USER	Get Marketplace Fees	START	1710521172024
USER	Get Marketplace Fees	START	1710521172071
USER	Get Marketplace Fees	START	1710521172117
REQUEST		Get all marketplace fees	1710521163980	1710521172136	OK	 
USER	Get Marketplace Fees	END	1710521172136
USER	Get Marketplace Fees	START	1710521172166
USER	Get Marketplace Fees	START	1710521172212
USER	Get Marketplace Fees	START	1710521172259
USER	Get Marketplace Fees	START	1710521172307
USER	Get Marketplace Fees	START	1710521172354
USER	Get Marketplace Fees	START	1710521172402
USER	Get Marketplace Fees	START	1710521172450
USER	Get Marketplace Fees	START	1710521172497
USER	Get Marketplace Fees	START	1710521172545
USER	Get Marketplace Fees	START	1710521172592
USER	Get Marketplace Fees	START	1710521172641
USER	Get Marketplace Fees	START	1710521172689
USER	Get Marketplace Fees	START	1710521172735
USER	Get Marketplace Fees	START	1710521172783
USER	Get Marketplace Fees	START	1710521172831
USER	Get Marketplace Fees	START	1710521172878
USER	Get Marketplace Fees	START	1710521172926
REQUEST		Get all marketplace fees	1710521163500	1710521172947	OK	 
USER	Get Marketplace Fees	END	1710521172948
USER	Get Marketplace Fees	START	1710521172973
USER	Get Marketplace Fees	START	1710521173021
USER	Get Marketplace Fees	START	1710521173069
USER	Get Marketplace Fees	START	1710521173116
USER	Get Marketplace Fees	START	1710521173166
REQUEST		Get all marketplace fees	1710521163259	1710521174014	OK	 
USER	Get Marketplace Fees	END	1710521174014
REQUEST		Get all marketplace fees	1710521163597	1710521177601	OK	 
USER	Get Marketplace Fees	END	1710521177602
REQUEST		Get all marketplace fees	1710521163837	1710521177714	OK	 
USER	Get Marketplace Fees	END	1710521177715
REQUEST		Get all marketplace fees	1710521163453	1710521178380	OK	 
USER	Get Marketplace Fees	END	1710521178381
REQUEST		Get all marketplace fees	1710521163788	1710521178511	OK	 
USER	Get Marketplace Fees	END	1710521178511
REQUEST		Get all marketplace fees	1710521163694	1710521178678	OK	 
USER	Get Marketplace Fees	END	1710521178678
REQUEST		Get all marketplace fees	1710521164736	1710521179214	OK	 
USER	Get Marketplace Fees	END	1710521179214
REQUEST		Get all marketplace fees	1710521164307	1710521179916	OK	 
USER	Get Marketplace Fees	END	1710521179916
REQUEST		Get all marketplace fees	1710521164259	1710521179977	OK	 
USER	Get Marketplace Fees	END	1710521179978
REQUEST		Get all marketplace fees	1710521164402	1710521180367	OK	 
USER	Get Marketplace Fees	END	1710521180368
REQUEST		Get all marketplace fees	1710521164879	1710521180400	OK	 
USER	Get Marketplace Fees	END	1710521180401
REQUEST		Get all marketplace fees	1710521163646	1710521180414	OK	 
USER	Get Marketplace Fees	END	1710521180415
REQUEST		Get all marketplace fees	1710521164124	1710521180422	OK	 
USER	Get Marketplace Fees	END	1710521180423
REQUEST		Get all marketplace fees	1710521165974	1710521181100	OK	 
USER	Get Marketplace Fees	END	1710521181101
REQUEST		Get all marketplace fees	1710521164172	1710521181334	OK	 
USER	Get Marketplace Fees	END	1710521181335
REQUEST		Get all marketplace fees	1710521164832	1710521181615	OK	 
USER	Get Marketplace Fees	END	1710521181617
REQUEST		Get all marketplace fees	1710521164497	1710521181635	OK	 
USER	Get Marketplace Fees	END	1710521181636
REQUEST		Get all marketplace fees	1710521164076	1710521181719	OK	 
USER	Get Marketplace Fees	END	1710521181720
REQUEST		Get all marketplace fees	1710521163884	1710521181735	OK	 
USER	Get Marketplace Fees	END	1710521181735
REQUEST		Get all marketplace fees	1710521164028	1710521182213	OK	 
USER	Get Marketplace Fees	END	1710521182213
REQUEST		Get all marketplace fees	1710521165022	1710521182511	OK	 
USER	Get Marketplace Fees	END	1710521182512
REQUEST		Get all marketplace fees	1710521164220	1710521182612	OK	 
USER	Get Marketplace Fees	END	1710521182613
REQUEST		Get all marketplace fees	1710521163933	1710521182679	OK	 
USER	Get Marketplace Fees	END	1710521182680
REQUEST		Get all marketplace fees	1710521165117	1710521182711	OK	 
USER	Get Marketplace Fees	END	1710521182711
REQUEST		Get all marketplace fees	1710521165498	1710521185200	OK	 
USER	Get Marketplace Fees	END	1710521185202
REQUEST		Get all marketplace fees	1710521165546	1710521185414	OK	 
USER	Get Marketplace Fees	END	1710521185414
REQUEST		Get all marketplace fees	1710521164545	1710521186025	OK	 
USER	Get Marketplace Fees	END	1710521186026
REQUEST		Get all marketplace fees	1710521164640	1710521186111	OK	 
USER	Get Marketplace Fees	END	1710521186111
REQUEST		Get all marketplace fees	1710521164354	1710521186511	OK	 
USER	Get Marketplace Fees	END	1710521186511
REQUEST		Get all marketplace fees	1710521166832	1710521186808	OK	 
USER	Get Marketplace Fees	END	1710521186808
REQUEST		Get all marketplace fees	1710521164689	1710521186927	OK	 
USER	Get Marketplace Fees	END	1710521186927
REQUEST		Get all marketplace fees	1710521164592	1710521187012	OK	 
USER	Get Marketplace Fees	END	1710521187013
REQUEST		Get all marketplace fees	1710521165641	1710521187135	OK	 
USER	Get Marketplace Fees	END	1710521187135
REQUEST		Get all marketplace fees	1710521167688	1710521187137	OK	 
USER	Get Marketplace Fees	END	1710521187138
REQUEST		Get all marketplace fees	1710521167258	1710521187215	OK	 
USER	Get Marketplace Fees	END	1710521187216
REQUEST		Get all marketplace fees	1710521164783	1710521187514	OK	 
USER	Get Marketplace Fees	END	1710521187514
REQUEST		Get all marketplace fees	1710521165259	1710521187515	OK	 
USER	Get Marketplace Fees	END	1710521187515
REQUEST		Get all marketplace fees	1710521169354	1710521187929	OK	 
USER	Get Marketplace Fees	END	1710521187930
REQUEST		Get all marketplace fees	1710521165451	1710521188411	OK	 
USER	Get Marketplace Fees	END	1710521188412
REQUEST		Get all marketplace fees	1710521168165	1710521188613	OK	 
USER	Get Marketplace Fees	END	1710521188614
REQUEST		Get all marketplace fees	1710521169832	1710521188811	OK	 
USER	Get Marketplace Fees	END	1710521188812
REQUEST		Get all marketplace fees	1710521165308	1710521189334	OK	 
USER	Get Marketplace Fees	END	1710521189335
REQUEST		Get all marketplace fees	1710521166258	1710521189392	OK	 
USER	Get Marketplace Fees	END	1710521189392
REQUEST		Get all marketplace fees	1710521165832	1710521189404	OK	 
USER	Get Marketplace Fees	END	1710521189404
REQUEST		Get all marketplace fees	1710521165689	1710521190134	OK	 
USER	Get Marketplace Fees	END	1710521190135
REQUEST		Get all marketplace fees	1710521166166	1710521190312	OK	 
USER	Get Marketplace Fees	END	1710521190312
REQUEST		Get all marketplace fees	1710521165165	1710521190535	OK	 
USER	Get Marketplace Fees	END	1710521190536
REQUEST		Get all marketplace fees	1710521164450	1710521190613	OK	 
USER	Get Marketplace Fees	END	1710521190615
REQUEST		Get all marketplace fees	1710521165593	1710521191111	OK	 
USER	Get Marketplace Fees	END	1710521191111
REQUEST		Get all marketplace fees	1710521165212	1710521191313	OK	 
USER	Get Marketplace Fees	END	1710521191315
REQUEST		Get all marketplace fees	1710521168690	1710521191411	OK	 
USER	Get Marketplace Fees	END	1710521191412
REQUEST		Get all marketplace fees	1710521166497	1710521191503	OK	 
USER	Get Marketplace Fees	END	1710521191504
REQUEST		Get all marketplace fees	1710521169118	1710521191520	OK	 
REQUEST		Get all marketplace fees	1710521167735	1710521191521	OK	 
USER	Get Marketplace Fees	END	1710521191522
USER	Get Marketplace Fees	END	1710521191522
REQUEST		Get all marketplace fees	1710521167353	1710521191612	OK	 
USER	Get Marketplace Fees	END	1710521191612
REQUEST		Get all marketplace fees	1710521167545	1710521191615	OK	 
USER	Get Marketplace Fees	END	1710521191615
REQUEST		Get all marketplace fees	1710521168402	1710521191735	OK	 
USER	Get Marketplace Fees	END	1710521191735
REQUEST		Get all marketplace fees	1710521165070	1710521191826	OK	 
USER	Get Marketplace Fees	END	1710521191827
REQUEST		Get all marketplace fees	1710521167784	1710521191835	OK	 
USER	Get Marketplace Fees	END	1710521191835
REQUEST		Get all marketplace fees	1710521165736	1710521191911	OK	 
USER	Get Marketplace Fees	END	1710521191912
REQUEST		Get all marketplace fees	1710521168833	1710521191935	OK	 
USER	Get Marketplace Fees	END	1710521191935
REQUEST		Get all marketplace fees	1710521166641	1710521192137	OK	 
USER	Get Marketplace Fees	END	1710521192137
REQUEST		Get all marketplace fees	1710521166593	1710521192212	OK	 
USER	Get Marketplace Fees	END	1710521192212
REQUEST		Get all marketplace fees	1710521168021	1710521192300	OK	 
USER	Get Marketplace Fees	END	1710521192302
REQUEST		Get all marketplace fees	1710521169167	1710521192311	OK	 
USER	Get Marketplace Fees	END	1710521192312
REQUEST		Get all marketplace fees	1710521167973	1710521192316	OK	 
USER	Get Marketplace Fees	END	1710521192317
REQUEST		Get all marketplace fees	1710521170306	1710521192358	OK	 
USER	Get Marketplace Fees	END	1710521192359
REQUEST		Get all marketplace fees	1710521166117	1710521192412	OK	 
USER	Get Marketplace Fees	END	1710521192412
REQUEST		Get all marketplace fees	1710521167071	1710521192618	OK	 
USER	Get Marketplace Fees	END	1710521192618
REQUEST		Get all marketplace fees	1710521168212	1710521192811	OK	 
USER	Get Marketplace Fees	END	1710521192811
REQUEST		Get all marketplace fees	1710521170641	1710521192814	OK	 
USER	Get Marketplace Fees	END	1710521192814
REQUEST		Get all marketplace fees	1710521168259	1710521192839	OK	 
USER	Get Marketplace Fees	END	1710521192840
REQUEST		Get all marketplace fees	1710521166022	1710521192880	OK	 
USER	Get Marketplace Fees	END	1710521192880
REQUEST		Get all marketplace fees	1710521167306	1710521193122	OK	 
USER	Get Marketplace Fees	END	1710521193123
REQUEST		Get all marketplace fees	1710521166689	1710521193338	OK	 
USER	Get Marketplace Fees	END	1710521193338
REQUEST		Get all marketplace fees	1710521166212	1710521193613	OK	 
USER	Get Marketplace Fees	END	1710521193613
REQUEST		Get all marketplace fees	1710521164926	1710521193735	OK	 
USER	Get Marketplace Fees	END	1710521193737
REQUEST		Get all marketplace fees	1710521171402	1710521193813	OK	 
REQUEST		Get all marketplace fees	1710521167592	1710521193813	OK	 
USER	Get Marketplace Fees	END	1710521193813
USER	Get Marketplace Fees	END	1710521193814
REQUEST		Get all marketplace fees	1710521172640	1710521193911	OK	 
USER	Get Marketplace Fees	END	1710521193912
REQUEST		Get all marketplace fees	1710521168069	1710521194398	OK	 
USER	Get Marketplace Fees	END	1710521194399
REQUEST		Get all marketplace fees	1710521165354	1710521195014	OK	 
USER	Get Marketplace Fees	END	1710521195015
REQUEST		Get all marketplace fees	1710521169640	1710521195113	OK	 
USER	Get Marketplace Fees	END	1710521195114
REQUEST		Get all marketplace fees	1710521167118	1710521195637	OK	 
USER	Get Marketplace Fees	END	1710521195638
REQUEST		Get all marketplace fees	1710521169023	1710521195735	OK	 
USER	Get Marketplace Fees	END	1710521195735
REQUEST		Get all marketplace fees	1710521166403	1710521195738	OK	 
USER	Get Marketplace Fees	END	1710521195738
REQUEST		Get all marketplace fees	1710521165927	1710521195915	OK	 
USER	Get Marketplace Fees	END	1710521195916
REQUEST		Get all marketplace fees	1710521172450	1710521196085	OK	 
USER	Get Marketplace Fees	END	1710521196086
REQUEST		Get all marketplace fees	1710521167022	1710521196157	OK	 
USER	Get Marketplace Fees	END	1710521196157
REQUEST		Get all marketplace fees	1710521166736	1710521196323	OK	 
USER	Get Marketplace Fees	END	1710521196324
REQUEST		Get all marketplace fees	1710521170402	1710521196411	OK	 
USER	Get Marketplace Fees	END	1710521196412
REQUEST		Get all marketplace fees	1710521167166	1710521196617	OK	 
USER	Get Marketplace Fees	END	1710521196618
REQUEST		Get all marketplace fees	1710521167402	1710521196736	OK	 
USER	Get Marketplace Fees	END	1710521196737
REQUEST		Get all marketplace fees	1710521170879	1710521196847	OK	 
USER	Get Marketplace Fees	END	1710521196848
REQUEST		Get all marketplace fees	1710521171641	1710521197078	OK	 
USER	Get Marketplace Fees	END	1710521197079
REQUEST		Get all marketplace fees	1710521170592	1710521197115	OK	 
USER	Get Marketplace Fees	END	1710521197115
REQUEST		Get all marketplace fees	1710521171785	1710521197128	OK	 
USER	Get Marketplace Fees	END	1710521197128
REQUEST		Get all marketplace fees	1710521173116	1710521197128	OK	 
USER	Get Marketplace Fees	END	1710521197128
REQUEST		Get all marketplace fees	1710521168117	1710521197135	OK	 
USER	Get Marketplace Fees	END	1710521197135
REQUEST		Get all marketplace fees	1710521173165	1710521197214	OK	 
USER	Get Marketplace Fees	END	1710521197214
REQUEST		Get all marketplace fees	1710521168928	1710521197912	OK	 
USER	Get Marketplace Fees	END	1710521197913
REQUEST		Get all marketplace fees	1710521172117	1710521198015	OK	 
USER	Get Marketplace Fees	END	1710521198016
REQUEST		Get all marketplace fees	1710521168354	1710521198019	OK	 
USER	Get Marketplace Fees	END	1710521198019
REQUEST		Get all marketplace fees	1710521169258	1710521198021	OK	 
USER	Get Marketplace Fees	END	1710521198022
REQUEST		Get all marketplace fees	1710521170069	1710521198023	OK	 
USER	Get Marketplace Fees	END	1710521198023
REQUEST		Get all marketplace fees	1710521171117	1710521198177	OK	 
USER	Get Marketplace Fees	END	1710521198178
REQUEST		Get all marketplace fees	1710521172735	1710521198211	OK	 
USER	Get Marketplace Fees	END	1710521198212
REQUEST		Get all marketplace fees	1710521169072	1710521198215	OK	 
USER	Get Marketplace Fees	END	1710521198215
REQUEST		Get all marketplace fees	1710521170165	1710521198660	OK	 
USER	Get Marketplace Fees	END	1710521198661
REQUEST		Get all marketplace fees	1710521168737	1710521198715	OK	 
USER	Get Marketplace Fees	END	1710521198716
REQUEST		Get all marketplace fees	1710521169973	1710521198912	OK	 
REQUEST		Get all marketplace fees	1710521171354	1710521198913	OK	 
USER	Get Marketplace Fees	END	1710521198913
USER	Get Marketplace Fees	END	1710521198913
REQUEST		Get all marketplace fees	1710521170021	1710521199034	OK	 
USER	Get Marketplace Fees	END	1710521199035
REQUEST		Get all marketplace fees	1710521172926	1710521199112	OK	 
USER	Get Marketplace Fees	END	1710521199112
REQUEST		Get all marketplace fees	1710521170212	1710521199114	OK	 
USER	Get Marketplace Fees	END	1710521199114
REQUEST		Get all marketplace fees	1710521172023	1710521199416	OK	 
USER	Get Marketplace Fees	END	1710521199417
REQUEST		Get all marketplace fees	1710521172166	1710521199612	OK	 
USER	Get Marketplace Fees	END	1710521199613
REQUEST		Get all marketplace fees	1710521169592	1710521199614	OK	 
USER	Get Marketplace Fees	END	1710521199615
REQUEST		Get all marketplace fees	1710521171307	1710521199816	OK	 
USER	Get Marketplace Fees	END	1710521199816
REQUEST		Get all marketplace fees	1710521170783	1710521199835	OK	 
USER	Get Marketplace Fees	END	1710521199835
REQUEST		Get all marketplace fees	1710521171212	1710521200137	OK	 
USER	Get Marketplace Fees	END	1710521200137
REQUEST		Get all marketplace fees	1710521171497	1710521200637	OK	 
USER	Get Marketplace Fees	END	1710521200638
REQUEST		Get all marketplace fees	1710521171593	1710521200919	OK	 
USER	Get Marketplace Fees	END	1710521200920
REQUEST		Get all marketplace fees	1710521172688	1710521201618	OK	 
USER	Get Marketplace Fees	END	1710521201619
REQUEST		Get all marketplace fees	1710521171833	1710521201925	OK	 
USER	Get Marketplace Fees	END	1710521201926
REQUEST		Get all marketplace fees	1710521172354	1710521202235	OK	 
USER	Get Marketplace Fees	END	1710521202235
REQUEST		Get all marketplace fees	1710521172211	1710521202390	OK	 
USER	Get Marketplace Fees	END	1710521202391
REQUEST		Get all marketplace fees	1710521172878	1710521202745	OK	 
USER	Get Marketplace Fees	END	1710521202745
REQUEST		Get all marketplace fees	1710521172973	1710521203039	OK	 
USER	Get Marketplace Fees	END	1710521203040
REQUEST		Get all marketplace fees	1710521173021	1710521203128	OK	 
USER	Get Marketplace Fees	END	1710521203128
REQUEST		Get all marketplace fees	1710521165402	1710521204318	OK	 
USER	Get Marketplace Fees	END	1710521204318
REQUEST		Get all marketplace fees	1710521166927	1710521204412	OK	 
USER	Get Marketplace Fees	END	1710521204412
REQUEST		Get all marketplace fees	1710521167640	1710521204513	OK	 
USER	Get Marketplace Fees	END	1710521204513
REQUEST		Get all marketplace fees	1710521164974	1710521205216	OK	 
USER	Get Marketplace Fees	END	1710521205217
REQUEST		Get all marketplace fees	1710521166307	1710521205217	OK	 
USER	Get Marketplace Fees	END	1710521205217
REQUEST		Get all marketplace fees	1710521167832	1710521205223	OK	 
USER	Get Marketplace Fees	END	1710521205223
REQUEST		Get all marketplace fees	1710521169211	1710521205314	OK	 
USER	Get Marketplace Fees	END	1710521205315
REQUEST		Get all marketplace fees	1710521167497	1710521205317	OK	 
USER	Get Marketplace Fees	END	1710521205317
REQUEST		Get all marketplace fees	1710521168976	1710521205418	OK	 
USER	Get Marketplace Fees	END	1710521205419
REQUEST		Get all marketplace fees	1710521168593	1710521206510	OK	 
USER	Get Marketplace Fees	END	1710521206511
REQUEST		Get all marketplace fees	1710521165784	1710521206846	OK	 
USER	Get Marketplace Fees	END	1710521206846
REQUEST		Get all marketplace fees	1710521169497	1710521207979	OK	 
USER	Get Marketplace Fees	END	1710521207979
REQUEST		Get all marketplace fees	1710521169735	1710521208479	OK	 
USER	Get Marketplace Fees	END	1710521208480
REQUEST		Get all marketplace fees	1710521170354	1710521208618	OK	 
USER	Get Marketplace Fees	END	1710521208619
REQUEST		Get all marketplace fees	1710521169688	1710521209019	OK	 
USER	Get Marketplace Fees	END	1710521209020
REQUEST		Get all marketplace fees	1710521166784	1710521209222	OK	 
USER	Get Marketplace Fees	END	1710521209223
REQUEST		Get all marketplace fees	1710521170736	1710521209415	OK	 
USER	Get Marketplace Fees	END	1710521209416
REQUEST		Get all marketplace fees	1710521170974	1710521209426	OK	 
USER	Get Marketplace Fees	END	1710521209427
REQUEST		Get all marketplace fees	1710521171260	1710521209525	OK	 
USER	Get Marketplace Fees	END	1710521209525
REQUEST		Get all marketplace fees	1710521170927	1710521209612	OK	 
USER	Get Marketplace Fees	END	1710521209612
REQUEST		Get all marketplace fees	1710521172258	1710521209719	OK	 
USER	Get Marketplace Fees	END	1710521209720
REQUEST		Get all marketplace fees	1710521172831	1710521209731	OK	 
USER	Get Marketplace Fees	END	1710521209731
REQUEST		Get all marketplace fees	1710521170545	1710521209732	OK	 
USER	Get Marketplace Fees	END	1710521209733
REQUEST		Get all marketplace fees	1710521166546	1710521209845	OK	 
USER	Get Marketplace Fees	END	1710521209846
REQUEST		Get all marketplace fees	1710521172497	1710521210133	OK	 
USER	Get Marketplace Fees	END	1710521210133
REQUEST		Get all marketplace fees	1710521171927	1710521210327	OK	 
USER	Get Marketplace Fees	END	1710521210328
REQUEST		Get all marketplace fees	1710521171879	1710521210333	OK	 
USER	Get Marketplace Fees	END	1710521210333
REQUEST		Get all marketplace fees	1710521167211	1710521210341	OK	 
USER	Get Marketplace Fees	END	1710521210342
REQUEST		Get all marketplace fees	1710521167927	1710521210618	OK	 
USER	Get Marketplace Fees	END	1710521210620
REQUEST		Get all marketplace fees	1710521169879	1710521210741	OK	 
USER	Get Marketplace Fees	END	1710521210741
REQUEST		Get all marketplace fees	1710521167879	1710521211440	OK	 
USER	Get Marketplace Fees	END	1710521211440
REQUEST		Get all marketplace fees	1710521166450	1710521211601	OK	 
USER	Get Marketplace Fees	END	1710521211602
REQUEST		Get all marketplace fees	1710521168497	1710521211650	OK	 
USER	Get Marketplace Fees	END	1710521211651
REQUEST		Get all marketplace fees	1710521165879	1710521211818	OK	 
USER	Get Marketplace Fees	END	1710521211819
REQUEST		Get all marketplace fees	1710521169306	1710521211949	OK	 
USER	Get Marketplace Fees	END	1710521211950
REQUEST		Get all marketplace fees	1710521167450	1710521211966	OK	 
USER	Get Marketplace Fees	END	1710521211967
REQUEST		Get all marketplace fees	1710521166974	1710521212227	OK	 
USER	Get Marketplace Fees	END	1710521212228
REQUEST		Get all marketplace fees	1710521168641	1710521212250	OK	 
USER	Get Marketplace Fees	END	1710521212250
REQUEST		Get all marketplace fees	1710521171546	1710521212340	OK	 
USER	Get Marketplace Fees	END	1710521212341
REQUEST		Get all marketplace fees	1710521170832	1710521212354	OK	 
USER	Get Marketplace Fees	END	1710521212355
REQUEST		Get all marketplace fees	1710521170258	1710521212429	OK	 
USER	Get Marketplace Fees	END	1710521212429
REQUEST		Get all marketplace fees	1710521168307	1710521212517	OK	 
USER	Get Marketplace Fees	END	1710521212518
REQUEST		Get all marketplace fees	1710521171166	1710521212541	OK	 
USER	Get Marketplace Fees	END	1710521212542
REQUEST		Get all marketplace fees	1710521166879	1710521212699	OK	 
USER	Get Marketplace Fees	END	1710521212699
REQUEST		Get all marketplace fees	1710521168880	1710521212850	OK	 
USER	Get Marketplace Fees	END	1710521212851
REQUEST		Get all marketplace fees	1710521169402	1710521212958	OK	 
USER	Get Marketplace Fees	END	1710521212958
REQUEST		Get all marketplace fees	1710521172307	1710521212983	OK	 
USER	Get Marketplace Fees	END	1710521212984
REQUEST		Get all marketplace fees	1710521170117	1710521213030	OK	 
USER	Get Marketplace Fees	END	1710521213030
REQUEST		Get all marketplace fees	1710521166354	1710521213031	OK	 
USER	Get Marketplace Fees	END	1710521213032
REQUEST		Get all marketplace fees	1710521169926	1710521213044	OK	 
USER	Get Marketplace Fees	END	1710521213044
REQUEST		Get all marketplace fees	1710521172402	1710521213054	OK	 
USER	Get Marketplace Fees	END	1710521213054
REQUEST		Get all marketplace fees	1710521171975	1710521213090	OK	 
USER	Get Marketplace Fees	END	1710521213091
REQUEST		Get all marketplace fees	1710521170689	1710521213138	OK	 
USER	Get Marketplace Fees	END	1710521213138
REQUEST		Get all marketplace fees	1710521171070	1710521213158	OK	 
USER	Get Marketplace Fees	END	1710521213158
REQUEST		Get all marketplace fees	1710521172545	1710521213201	OK	 
USER	Get Marketplace Fees	END	1710521213201
REQUEST		Get all marketplace fees	1710521171689	1710521213239	OK	 
USER	Get Marketplace Fees	END	1710521213240
REQUEST		Get all marketplace fees	1710521169784	1710521213240	OK	 
USER	Get Marketplace Fees	END	1710521213240
REQUEST		Get all marketplace fees	1710521172783	1710521213242	OK	 
USER	Get Marketplace Fees	END	1710521213242
REQUEST		Get all marketplace fees	1710521168546	1710521213317	OK	 
USER	Get Marketplace Fees	END	1710521213318
REQUEST		Get all marketplace fees	1710521168785	1710521213337	OK	 
USER	Get Marketplace Fees	END	1710521213338
REQUEST		Get all marketplace fees	1710521166070	1710521213421	OK	 
USER	Get Marketplace Fees	END	1710521213422
REQUEST		Get all marketplace fees	1710521169544	1710521213436	OK	 
USER	Get Marketplace Fees	END	1710521213437
REQUEST		Get all marketplace fees	1710521168450	1710521213731	OK	 
USER	Get Marketplace Fees	END	1710521213731
REQUEST		Get all marketplace fees	1710521172592	1710521214121	OK	 
USER	Get Marketplace Fees	END	1710521214122
REQUEST		Get all marketplace fees	1710521171450	1710521214217	OK	 
USER	Get Marketplace Fees	END	1710521214217
REQUEST		Get all marketplace fees	1710521169450	1710521214219	OK	 
USER	Get Marketplace Fees	END	1710521214219
REQUEST		Get all marketplace fees	1710521170450	1710521214317	OK	 
REQUEST		Get all marketplace fees	1710521173069	1710521214317	OK	 
USER	Get Marketplace Fees	END	1710521214318
USER	Get Marketplace Fees	END	1710521214318
REQUEST		Get all marketplace fees	1710521171022	1710521214417	OK	 
USER	Get Marketplace Fees	END	1710521214418
REQUEST		Get all marketplace fees	1710521170497	1710521214521	OK	 
USER	Get Marketplace Fees	END	1710521214521
REQUEST		Get all marketplace fees	1710521171736	1710521214523	OK	 
USER	Get Marketplace Fees	END	1710521214523
REQUEST		Get all marketplace fees	1710521172071	1710521214566	OK	 
USER	Get Marketplace Fees	END	1710521214567
