RUN	transactions.MarketplaceFeesPostSimulation	marketplacefeespostsimulation	1710469328881	 	3.10.4
USER	Login	START	1710469329495
REQUEST		Login	1710469329493	1710469330461	OK	 
USER	Login	END	1710469335511
USER	Post Marketplace Fees	START	1710469336482
USER	Post Marketplace Fees	START	1710469336568
USER	Post Marketplace Fees	START	1710469336659
USER	Post Marketplace Fees	START	1710469336751
USER	Post Marketplace Fees	START	1710469336843
USER	Post Marketplace Fees	START	1710469336934
USER	Post Marketplace Fees	START	1710469337026
USER	Post Marketplace Fees	START	1710469337117
USER	Post Marketplace Fees	START	1710469337209
USER	Post Marketplace Fees	START	1710469337300
USER	Post Marketplace Fees	START	1710469337391
USER	Post Marketplace Fees	START	1710469337491
USER	Post Marketplace Fees	START	1710469337566
USER	Post Marketplace Fees	START	1710469337658
USER	Post Marketplace Fees	START	1710469337750
USER	Post Marketplace Fees	START	1710469337842
USER	Post Marketplace Fees	START	1710469337933
USER	Post Marketplace Fees	START	1710469338025
USER	Post Marketplace Fees	START	1710469338117
REQUEST		Post marketplace fees	1710469336753	1710469338125	OK	 
USER	Post Marketplace Fees	END	1710469338126
USER	Post Marketplace Fees	START	1710469338209
USER	Post Marketplace Fees	START	1710469338300
REQUEST		Post marketplace fees	1710469336844	1710469338392	OK	 
USER	Post Marketplace Fees	START	1710469338392
USER	Post Marketplace Fees	END	1710469338392
USER	Post Marketplace Fees	START	1710469338477
USER	Post Marketplace Fees	START	1710469338567
USER	Post Marketplace Fees	START	1710469338658
USER	Post Marketplace Fees	START	1710469338750
USER	Post Marketplace Fees	START	1710469338841
USER	Post Marketplace Fees	START	1710469338931
REQUEST		Post marketplace fees	1710469336489	1710469338934	OK	 
USER	Post Marketplace Fees	END	1710469338935
USER	Post Marketplace Fees	START	1710469339023
USER	Post Marketplace Fees	START	1710469339114
USER	Post Marketplace Fees	START	1710469339205
USER	Post Marketplace Fees	START	1710469339296
REQUEST		Post marketplace fees	1710469337027	1710469339333	OK	 
USER	Post Marketplace Fees	END	1710469339334
USER	Post Marketplace Fees	START	1710469339387
USER	Post Marketplace Fees	START	1710469339477
USER	Post Marketplace Fees	START	1710469339567
USER	Post Marketplace Fees	START	1710469339658
USER	Post Marketplace Fees	START	1710469339749
REQUEST		Post marketplace fees	1710469337118	1710469339815	OK	 
USER	Post Marketplace Fees	END	1710469339817
USER	Post Marketplace Fees	START	1710469339840
USER	Post Marketplace Fees	START	1710469339931
USER	Post Marketplace Fees	START	1710469340023
USER	Post Marketplace Fees	START	1710469340114
USER	Post Marketplace Fees	START	1710469340205
USER	Post Marketplace Fees	START	1710469340296
USER	Post Marketplace Fees	START	1710469340387
USER	Post Marketplace Fees	START	1710469340476
REQUEST		Post marketplace fees	1710469336936	1710469340500	OK	 
USER	Post Marketplace Fees	END	1710469340501
REQUEST		Post marketplace fees	1710469338393	1710469340521	OK	 
USER	Post Marketplace Fees	END	1710469340522
USER	Post Marketplace Fees	START	1710469340566
REQUEST		Post marketplace fees	1710469337392	1710469340595	OK	 
USER	Post Marketplace Fees	END	1710469340596
USER	Post Marketplace Fees	START	1710469340658
REQUEST		Post marketplace fees	1710469337210	1710469340694	OK	 
USER	Post Marketplace Fees	END	1710469340695
REQUEST		Post marketplace fees	1710469336660	1710469340695	OK	 
USER	Post Marketplace Fees	END	1710469340695
USER	Post Marketplace Fees	START	1710469340749
REQUEST		Post marketplace fees	1710469336569	1710469340838	OK	 
USER	Post Marketplace Fees	END	1710469340839
USER	Post Marketplace Fees	START	1710469340840
USER	Post Marketplace Fees	START	1710469340931
USER	Post Marketplace Fees	START	1710469341022
USER	Post Marketplace Fees	START	1710469341113
USER	Post Marketplace Fees	START	1710469341204
USER	Post Marketplace Fees	START	1710469341295
USER	Post Marketplace Fees	START	1710469341386
USER	Post Marketplace Fees	START	1710469341476
USER	Post Marketplace Fees	START	1710469341567
USER	Post Marketplace Fees	START	1710469341658
USER	Post Marketplace Fees	START	1710469341749
REQUEST		Post marketplace fees	1710469337301	1710469341837	OK	 
USER	Post Marketplace Fees	END	1710469341839
USER	Post Marketplace Fees	START	1710469341840
USER	Post Marketplace Fees	START	1710469341931
USER	Post Marketplace Fees	START	1710469342022
USER	Post Marketplace Fees	START	1710469342114
REQUEST		Post marketplace fees	1710469337567	1710469342128	OK	 
USER	Post Marketplace Fees	END	1710469342130
USER	Post Marketplace Fees	START	1710469342204
USER	Post Marketplace Fees	START	1710469342295
USER	Post Marketplace Fees	START	1710469342386
USER	Post Marketplace Fees	START	1710469342476
USER	Post Marketplace Fees	START	1710469342566
USER	Post Marketplace Fees	START	1710469342658
USER	Post Marketplace Fees	START	1710469342749
REQUEST		Post marketplace fees	1710469337493	1710469342795	OK	 
USER	Post Marketplace Fees	END	1710469342796
USER	Post Marketplace Fees	START	1710469342840
USER	Post Marketplace Fees	START	1710469342931
REQUEST		Post marketplace fees	1710469337843	1710469342934	OK	 
USER	Post Marketplace Fees	END	1710469342934
USER	Post Marketplace Fees	START	1710469343022
USER	Post Marketplace Fees	START	1710469343113
USER	Post Marketplace Fees	START	1710469343205
USER	Post Marketplace Fees	START	1710469343295
USER	Post Marketplace Fees	START	1710469343387
USER	Post Marketplace Fees	START	1710469343476
USER	Post Marketplace Fees	START	1710469343566
REQUEST		Post marketplace fees	1710469338568	1710469343632	OK	 
USER	Post Marketplace Fees	END	1710469343633
USER	Post Marketplace Fees	START	1710469343657
USER	Post Marketplace Fees	START	1710469343748
USER	Post Marketplace Fees	START	1710469343839
USER	Post Marketplace Fees	START	1710469343930
REQUEST		Post marketplace fees	1710469337934	1710469343932	OK	 
USER	Post Marketplace Fees	END	1710469343933
USER	Post Marketplace Fees	START	1710469344022
USER	Post Marketplace Fees	START	1710469344113
USER	Post Marketplace Fees	START	1710469344204
USER	Post Marketplace Fees	START	1710469344295
REQUEST		Post marketplace fees	1710469338301	1710469344339	OK	 
USER	Post Marketplace Fees	END	1710469344340
USER	Post Marketplace Fees	START	1710469344386
USER	Post Marketplace Fees	START	1710469344477
REQUEST		Post marketplace fees	1710469338478	1710469344498	OK	 
USER	Post Marketplace Fees	END	1710469344499
USER	Post Marketplace Fees	START	1710469344567
REQUEST		Post marketplace fees	1710469338751	1710469344615	OK	 
USER	Post Marketplace Fees	END	1710469344616
USER	Post Marketplace Fees	START	1710469344658
REQUEST		Post marketplace fees	1710469340115	1710469344709	OK	 
USER	Post Marketplace Fees	END	1710469344710
USER	Post Marketplace Fees	START	1710469344749
USER	Post Marketplace Fees	START	1710469344840
REQUEST		Post marketplace fees	1710469339388	1710469344928	OK	 
USER	Post Marketplace Fees	END	1710469344929
USER	Post Marketplace Fees	START	1710469344932
REQUEST		Post marketplace fees	1710469337659	1710469345019	OK	 
USER	Post Marketplace Fees	END	1710469345020
USER	Post Marketplace Fees	START	1710469345022
REQUEST		Post marketplace fees	1710469338660	1710469345114	OK	 
USER	Post Marketplace Fees	START	1710469345114
USER	Post Marketplace Fees	END	1710469345115
USER	Post Marketplace Fees	START	1710469345205
REQUEST		Post marketplace fees	1710469338210	1710469345222	OK	 
USER	Post Marketplace Fees	END	1710469345223
USER	Post Marketplace Fees	START	1710469345296
USER	Post Marketplace Fees	START	1710469345388
USER	Post Marketplace Fees	START	1710469345477
USER	Post Marketplace Fees	START	1710469345567
REQUEST		Post marketplace fees	1710469338117	1710469345621	OK	 
USER	Post Marketplace Fees	END	1710469345623
USER	Post Marketplace Fees	START	1710469345658
USER	Post Marketplace Fees	START	1710469345749
USER	Post Marketplace Fees	START	1710469345841
REQUEST		Post marketplace fees	1710469338026	1710469345891	OK	 
USER	Post Marketplace Fees	END	1710469345892
USER	Post Marketplace Fees	START	1710469345932
USER	Post Marketplace Fees	START	1710469346023
USER	Post Marketplace Fees	START	1710469346114
REQUEST		Post marketplace fees	1710469339023	1710469346188	OK	 
USER	Post Marketplace Fees	END	1710469346189
USER	Post Marketplace Fees	START	1710469346205
REQUEST		Post marketplace fees	1710469337751	1710469346214	OK	 
USER	Post Marketplace Fees	END	1710469346214
USER	Post Marketplace Fees	START	1710469346296
USER	Post Marketplace Fees	START	1710469346389
REQUEST		Post marketplace fees	1710469338842	1710469346714	OK	 
USER	Post Marketplace Fees	END	1710469346714
REQUEST		Post marketplace fees	1710469339297	1710469346791	OK	 
USER	Post Marketplace Fees	END	1710469346791
REQUEST		Post marketplace fees	1710469339114	1710469346928	OK	 
USER	Post Marketplace Fees	END	1710469346929
REQUEST		Post marketplace fees	1710469338932	1710469347597	OK	 
USER	Post Marketplace Fees	END	1710469347598
REQUEST		Post marketplace fees	1710469341205	1710469347818	OK	 
USER	Post Marketplace Fees	END	1710469347818
REQUEST		Post marketplace fees	1710469340841	1710469347897	OK	 
USER	Post Marketplace Fees	END	1710469347898
REQUEST		Post marketplace fees	1710469339479	1710469347910	OK	 
USER	Post Marketplace Fees	END	1710469347910
REQUEST		Post marketplace fees	1710469341114	1710469348288	OK	 
USER	Post Marketplace Fees	END	1710469348289
REQUEST		Post marketplace fees	1710469339751	1710469348792	OK	 
USER	Post Marketplace Fees	END	1710469348792
REQUEST		Post marketplace fees	1710469340658	1710469349019	OK	 
USER	Post Marketplace Fees	END	1710469349021
REQUEST		Post marketplace fees	1710469341749	1710469349618	OK	 
USER	Post Marketplace Fees	END	1710469349618
REQUEST		Post marketplace fees	1710469340024	1710469349814	OK	 
USER	Post Marketplace Fees	END	1710469349815
REQUEST		Post marketplace fees	1710469340297	1710469350192	OK	 
USER	Post Marketplace Fees	END	1710469350194
REQUEST		Post marketplace fees	1710469339841	1710469350229	OK	 
USER	Post Marketplace Fees	END	1710469350231
REQUEST		Post marketplace fees	1710469339205	1710469350340	OK	 
USER	Post Marketplace Fees	END	1710469350341
REQUEST		Post marketplace fees	1710469339932	1710469350936	OK	 
USER	Post Marketplace Fees	END	1710469350937
REQUEST		Post marketplace fees	1710469340477	1710469351311	OK	 
USER	Post Marketplace Fees	END	1710469351312
REQUEST		Post marketplace fees	1710469341567	1710469351376	OK	 
USER	Post Marketplace Fees	END	1710469351378
REQUEST		Post marketplace fees	1710469339660	1710469351693	OK	 
USER	Post Marketplace Fees	END	1710469351693
REQUEST		Post marketplace fees	1710469339569	1710469351720	OK	 
USER	Post Marketplace Fees	END	1710469351721
REQUEST		Post marketplace fees	1710469340749	1710469352225	OK	 
USER	Post Marketplace Fees	END	1710469352226
REQUEST		Post marketplace fees	1710469340207	1710469352624	OK	 
USER	Post Marketplace Fees	END	1710469352625
REQUEST		Post marketplace fees	1710469345205	1710469353031	OK	 
USER	Post Marketplace Fees	END	1710469353032
REQUEST		Post marketplace fees	1710469341477	1710469354245	OK	 
USER	Post Marketplace Fees	END	1710469354246
REQUEST		Post marketplace fees	1710469342296	1710469354422	OK	 
USER	Post Marketplace Fees	END	1710469354423
REQUEST		Post marketplace fees	1710469342477	1710469355095	OK	 
USER	Post Marketplace Fees	END	1710469355096
REQUEST		Post marketplace fees	1710469340388	1710469355488	OK	 
USER	Post Marketplace Fees	END	1710469355488
REQUEST		Post marketplace fees	1710469341023	1710469355518	OK	 
USER	Post Marketplace Fees	END	1710469355518
REQUEST		Post marketplace fees	1710469340931	1710469355825	OK	 
USER	Post Marketplace Fees	END	1710469355827
REQUEST		Post marketplace fees	1710469343296	1710469356327	OK	 
USER	Post Marketplace Fees	END	1710469356327
REQUEST		Post marketplace fees	1710469342115	1710469356522	OK	 
USER	Post Marketplace Fees	END	1710469356523
REQUEST		Post marketplace fees	1710469341387	1710469356543	OK	 
USER	Post Marketplace Fees	END	1710469356544
REQUEST		Post marketplace fees	1710469341658	1710469357480	OK	 
USER	Post Marketplace Fees	END	1710469357481
REQUEST		Post marketplace fees	1710469342658	1710469357591	OK	 
USER	Post Marketplace Fees	END	1710469357591
REQUEST		Post marketplace fees	1710469342205	1710469357998	OK	 
USER	Post Marketplace Fees	END	1710469357998
REQUEST		Post marketplace fees	1710469341296	1710469358000	OK	 
USER	Post Marketplace Fees	END	1710469358000
REQUEST		Post marketplace fees	1710469342841	1710469358491	OK	 
USER	Post Marketplace Fees	END	1710469358492
REQUEST		Post marketplace fees	1710469343658	1710469358629	OK	 
USER	Post Marketplace Fees	END	1710469358631
REQUEST		Post marketplace fees	1710469343931	1710469358888	OK	 
USER	Post Marketplace Fees	END	1710469358889
REQUEST		Post marketplace fees	1710469341842	1710469359029	OK	 
USER	Post Marketplace Fees	END	1710469359030
REQUEST		Post marketplace fees	1710469344478	1710469359094	OK	 
USER	Post Marketplace Fees	END	1710469359095
REQUEST		Post marketplace fees	1710469342387	1710469359724	OK	 
USER	Post Marketplace Fees	END	1710469359724
REQUEST		Post marketplace fees	1710469342567	1710469359897	OK	 
USER	Post Marketplace Fees	END	1710469359897
REQUEST		Post marketplace fees	1710469344751	1710469359997	OK	 
USER	Post Marketplace Fees	END	1710469359998
REQUEST		Post marketplace fees	1710469345750	1710469360037	OK	 
REQUEST		Post marketplace fees	1710469344205	1710469360038	OK	 
USER	Post Marketplace Fees	END	1710469360038
USER	Post Marketplace Fees	END	1710469360039
REQUEST		Post marketplace fees	1710469345842	1710469360489	OK	 
USER	Post Marketplace Fees	END	1710469360490
REQUEST		Post marketplace fees	1710469343388	1710469360490	OK	 
USER	Post Marketplace Fees	END	1710469360491
REQUEST		Post marketplace fees	1710469344295	1710469360988	OK	 
USER	Post Marketplace Fees	END	1710469360989
REQUEST		Post marketplace fees	1710469346205	1710469360994	OK	 
USER	Post Marketplace Fees	END	1710469360995
REQUEST		Post marketplace fees	1710469346297	1710469361027	OK	 
USER	Post Marketplace Fees	END	1710469361028
REQUEST		Post marketplace fees	1710469344568	1710469361197	OK	 
USER	Post Marketplace Fees	END	1710469361198
REQUEST		Post marketplace fees	1710469344388	1710469361201	OK	 
USER	Post Marketplace Fees	END	1710469361201
REQUEST		Post marketplace fees	1710469344932	1710469361340	OK	 
USER	Post Marketplace Fees	END	1710469361341
REQUEST		Post marketplace fees	1710469342023	1710469361616	OK	 
USER	Post Marketplace Fees	END	1710469361618
REQUEST		Post marketplace fees	1710469343749	1710469361723	OK	 
USER	Post Marketplace Fees	END	1710469361724
REQUEST		Post marketplace fees	1710469340567	1710469361826	OK	 
USER	Post Marketplace Fees	END	1710469361827
REQUEST		Post marketplace fees	1710469343840	1710469362002	OK	 
USER	Post Marketplace Fees	END	1710469362002
REQUEST		Post marketplace fees	1710469344114	1710469362103	OK	 
USER	Post Marketplace Fees	END	1710469362104
REQUEST		Post marketplace fees	1710469344658	1710469362123	OK	 
USER	Post Marketplace Fees	END	1710469362123
REQUEST		Post marketplace fees	1710469345659	1710469362288	OK	 
REQUEST		Post marketplace fees	1710469343205	1710469362288	OK	 
USER	Post Marketplace Fees	END	1710469362290
USER	Post Marketplace Fees	END	1710469362290
REQUEST		Post marketplace fees	1710469342932	1710469362292	OK	 
USER	Post Marketplace Fees	END	1710469362293
REQUEST		Post marketplace fees	1710469344023	1710469362295	OK	 
USER	Post Marketplace Fees	END	1710469362296
REQUEST		Post marketplace fees	1710469343114	1710469362313	OK	 
USER	Post Marketplace Fees	END	1710469362314
REQUEST		Post marketplace fees	1710469346390	1710469362422	OK	 
USER	Post Marketplace Fees	END	1710469362423
REQUEST		Post marketplace fees	1710469346024	1710469362516	OK	 
USER	Post Marketplace Fees	END	1710469362516
REQUEST		Post marketplace fees	1710469345389	1710469362791	OK	 
REQUEST		Post marketplace fees	1710469346115	1710469362791	OK	 
USER	Post Marketplace Fees	END	1710469362792
USER	Post Marketplace Fees	END	1710469362792
REQUEST		Post marketplace fees	1710469341932	1710469362796	OK	 
USER	Post Marketplace Fees	END	1710469362797
REQUEST		Post marketplace fees	1710469343022	1710469363122	OK	 
USER	Post Marketplace Fees	END	1710469363123
REQUEST		Post marketplace fees	1710469345932	1710469363322	OK	 
USER	Post Marketplace Fees	END	1710469363323
REQUEST		Post marketplace fees	1710469342749	1710469363389	OK	 
USER	Post Marketplace Fees	END	1710469363390
REQUEST		Post marketplace fees	1710469345115	1710469363433	OK	 
USER	Post Marketplace Fees	END	1710469363433
REQUEST		Post marketplace fees	1710469345478	1710469363691	OK	 
USER	Post Marketplace Fees	END	1710469363692
REQUEST		Post marketplace fees	1710469345297	1710469363701	OK	 
USER	Post Marketplace Fees	END	1710469363703
REQUEST		Post marketplace fees	1710469343567	1710469363702	OK	 
USER	Post Marketplace Fees	END	1710469363704
REQUEST		Post marketplace fees	1710469345023	1710469363820	OK	 
USER	Post Marketplace Fees	END	1710469363821
REQUEST		Post marketplace fees	1710469345568	1710469365078	KO	status.find.is(201), but actually found 500
USER	Post Marketplace Fees	END	1710469365134
REQUEST		Post marketplace fees	1710469344842	1710469366205	OK	 
USER	Post Marketplace Fees	END	1710469366207
REQUEST		Post marketplace fees	1710469343476	1710469366525	OK	 
USER	Post Marketplace Fees	END	1710469366527
