RUN	transactions.MarketplaceFeesPostSimulation	marketplacefeespostsimulation	1710468218234	 	3.10.4
USER	Login	START	1710468218705
REQUEST		Login	1710468218703	1710468219326	OK	 
USER	Login	END	1710468224391
USER	Post Marketplace Fees	START	1710468224701
USER	Post Marketplace Fees	START	1710468224729
USER	Post Marketplace Fees	START	1710468224741
USER	Post Marketplace Fees	START	1710468224762
USER	Post Marketplace Fees	START	1710468224783
USER	Post Marketplace Fees	START	1710468224804
USER	Post Marketplace Fees	START	1710468224825
USER	Post Marketplace Fees	START	1710468224845
USER	Post Marketplace Fees	START	1710468224866
USER	Post Marketplace Fees	START	1710468224886
USER	Post Marketplace Fees	START	1710468224907
USER	Post Marketplace Fees	START	1710468224927
USER	Post Marketplace Fees	START	1710468224949
USER	Post Marketplace Fees	START	1710468224969
USER	Post Marketplace Fees	START	1710468224990
USER	Post Marketplace Fees	START	1710468225010
USER	Post Marketplace Fees	START	1710468225031
USER	Post Marketplace Fees	START	1710468225052
USER	Post Marketplace Fees	START	1710468225072
USER	Post Marketplace Fees	START	1710468225093
USER	Post Marketplace Fees	START	1710468225113
USER	Post Marketplace Fees	START	1710468225134
USER	Post Marketplace Fees	START	1710468225155
USER	Post Marketplace Fees	START	1710468225175
USER	Post Marketplace Fees	START	1710468225195
USER	Post Marketplace Fees	START	1710468225215
USER	Post Marketplace Fees	START	1710468225235
USER	Post Marketplace Fees	START	1710468225255
USER	Post Marketplace Fees	START	1710468225276
USER	Post Marketplace Fees	START	1710468225296
USER	Post Marketplace Fees	START	1710468225316
USER	Post Marketplace Fees	START	1710468225336
USER	Post Marketplace Fees	START	1710468225356
USER	Post Marketplace Fees	START	1710468225376
USER	Post Marketplace Fees	START	1710468225397
USER	Post Marketplace Fees	START	1710468225417
USER	Post Marketplace Fees	START	1710468225437
USER	Post Marketplace Fees	START	1710468225457
USER	Post Marketplace Fees	START	1710468225477
USER	Post Marketplace Fees	START	1710468225497
USER	Post Marketplace Fees	START	1710468225517
USER	Post Marketplace Fees	START	1710468225538
USER	Post Marketplace Fees	START	1710468225558
USER	Post Marketplace Fees	START	1710468225578
USER	Post Marketplace Fees	START	1710468225598
USER	Post Marketplace Fees	START	1710468225618
USER	Post Marketplace Fees	START	1710468225638
USER	Post Marketplace Fees	START	1710468225658
USER	Post Marketplace Fees	START	1710468225678
USER	Post Marketplace Fees	START	1710468225699
REQUEST		Post marketplace fees	1710468224743	1710468226716	OK	 
USER	Post Marketplace Fees	END	1710468226718
USER	Post Marketplace Fees	START	1710468226719
REQUEST		Post marketplace fees	1710468224868	1710468226949	OK	 
USER	Post Marketplace Fees	END	1710468226951
USER	Post Marketplace Fees	START	1710468226952
REQUEST		Post marketplace fees	1710468224735	1710468227130	OK	 
USER	Post Marketplace Fees	END	1710468227131
USER	Post Marketplace Fees	START	1710468227132
REQUEST		Post marketplace fees	1710468224806	1710468227194	OK	 
USER	Post Marketplace Fees	END	1710468227195
USER	Post Marketplace Fees	START	1710468227195
REQUEST		Post marketplace fees	1710468224847	1710468227920	OK	 
USER	Post Marketplace Fees	END	1710468227921
USER	Post Marketplace Fees	START	1710468227921
REQUEST		Post marketplace fees	1710468224785	1710468228119	OK	 
USER	Post Marketplace Fees	END	1710468228120
USER	Post Marketplace Fees	START	1710468228121
REQUEST		Post marketplace fees	1710468224951	1710468228667	OK	 
USER	Post Marketplace Fees	END	1710468228668
USER	Post Marketplace Fees	START	1710468228668
REQUEST		Post marketplace fees	1710468225012	1710468229003	OK	 
USER	Post Marketplace Fees	END	1710468229004
USER	Post Marketplace Fees	START	1710468229005
REQUEST		Post marketplace fees	1710468224735	1710468229005	OK	 
USER	Post Marketplace Fees	END	1710468229007
USER	Post Marketplace Fees	START	1710468229007
REQUEST		Post marketplace fees	1710468224827	1710468229134	OK	 
USER	Post Marketplace Fees	END	1710468229135
USER	Post Marketplace Fees	START	1710468229135
REQUEST		Post marketplace fees	1710468224764	1710468229611	OK	 
USER	Post Marketplace Fees	END	1710468229612
USER	Post Marketplace Fees	START	1710468229612
REQUEST		Post marketplace fees	1710468225135	1710468229731	OK	 
USER	Post Marketplace Fees	END	1710468229732
USER	Post Marketplace Fees	START	1710468229732
REQUEST		Post marketplace fees	1710468225175	1710468229818	OK	 
USER	Post Marketplace Fees	END	1710468229819
USER	Post Marketplace Fees	START	1710468229820
REQUEST		Post marketplace fees	1710468224888	1710468229862	OK	 
USER	Post Marketplace Fees	END	1710468229863
USER	Post Marketplace Fees	START	1710468229864
REQUEST		Post marketplace fees	1710468225094	1710468230574	OK	 
USER	Post Marketplace Fees	END	1710468230575
USER	Post Marketplace Fees	START	1710468230576
REQUEST		Post marketplace fees	1710468225196	1710468230820	OK	 
USER	Post Marketplace Fees	END	1710468230822
USER	Post Marketplace Fees	START	1710468230822
REQUEST		Post marketplace fees	1710468225032	1710468230830	OK	 
USER	Post Marketplace Fees	END	1710468230832
USER	Post Marketplace Fees	START	1710468230832
REQUEST		Post marketplace fees	1710468225053	1710468230900	OK	 
USER	Post Marketplace Fees	END	1710468230901
USER	Post Marketplace Fees	START	1710468230901
REQUEST		Post marketplace fees	1710468225458	1710468231416	OK	 
USER	Post Marketplace Fees	END	1710468231418
USER	Post Marketplace Fees	START	1710468231419
REQUEST		Post marketplace fees	1710468225578	1710468231596	OK	 
USER	Post Marketplace Fees	END	1710468231597
USER	Post Marketplace Fees	START	1710468231598
REQUEST		Post marketplace fees	1710468225216	1710468231823	OK	 
USER	Post Marketplace Fees	END	1710468231825
USER	Post Marketplace Fees	START	1710468231826
REQUEST		Post marketplace fees	1710468225598	1710468232016	OK	 
USER	Post Marketplace Fees	END	1710468232017
USER	Post Marketplace Fees	START	1710468232018
REQUEST		Post marketplace fees	1710468225377	1710468232196	OK	 
USER	Post Marketplace Fees	END	1710468232198
USER	Post Marketplace Fees	START	1710468232198
REQUEST		Post marketplace fees	1710468226953	1710468232490	OK	 
USER	Post Marketplace Fees	END	1710468232492
USER	Post Marketplace Fees	START	1710468232492
REQUEST		Post marketplace fees	1710468225397	1710468232724	OK	 
USER	Post Marketplace Fees	END	1710468232726
USER	Post Marketplace Fees	START	1710468232726
REQUEST		Post marketplace fees	1710468225155	1710468232814	OK	 
USER	Post Marketplace Fees	END	1710468232815
USER	Post Marketplace Fees	START	1710468232816
REQUEST		Post marketplace fees	1710468224970	1710468232917	OK	 
USER	Post Marketplace Fees	END	1710468232918
REQUEST		Post marketplace fees	1710468227196	1710468232918	OK	 
USER	Post Marketplace Fees	START	1710468232918
USER	Post Marketplace Fees	END	1710468232918
USER	Post Marketplace Fees	START	1710468232918
REQUEST		Post marketplace fees	1710468225498	1710468233191	OK	 
USER	Post Marketplace Fees	END	1710468233193
USER	Post Marketplace Fees	START	1710468233193
REQUEST		Post marketplace fees	1710468225236	1710468233237	OK	 
USER	Post Marketplace Fees	END	1710468233239
USER	Post Marketplace Fees	START	1710468233239
REQUEST		Post marketplace fees	1710468225659	1710468233358	OK	 
USER	Post Marketplace Fees	END	1710468233358
USER	Post Marketplace Fees	START	1710468233358
REQUEST		Post marketplace fees	1710468225438	1710468233697	OK	 
USER	Post Marketplace Fees	END	1710468233698
USER	Post Marketplace Fees	START	1710468233699
REQUEST		Post marketplace fees	1710468228669	1710468233875	OK	 
USER	Post Marketplace Fees	END	1710468233877
USER	Post Marketplace Fees	START	1710468233877
REQUEST		Post marketplace fees	1710468225316	1710468233925	OK	 
USER	Post Marketplace Fees	END	1710468233926
USER	Post Marketplace Fees	START	1710468233926
REQUEST		Post marketplace fees	1710468225619	1710468233995	OK	 
USER	Post Marketplace Fees	END	1710468233996
USER	Post Marketplace Fees	START	1710468233996
REQUEST		Post marketplace fees	1710468225114	1710468234094	OK	 
USER	Post Marketplace Fees	END	1710468234094
USER	Post Marketplace Fees	START	1710468234095
REQUEST		Post marketplace fees	1710468229006	1710468234167	OK	 
USER	Post Marketplace Fees	END	1710468234168
USER	Post Marketplace Fees	START	1710468234168
REQUEST		Post marketplace fees	1710468226720	1710468234393	OK	 
USER	Post Marketplace Fees	END	1710468234394
USER	Post Marketplace Fees	START	1710468234395
REQUEST		Post marketplace fees	1710468225699	1710468234424	OK	 
USER	Post Marketplace Fees	END	1710468234426
USER	Post Marketplace Fees	START	1710468234426
REQUEST		Post marketplace fees	1710468229822	1710468234688	OK	 
USER	Post Marketplace Fees	END	1710468234689
USER	Post Marketplace Fees	START	1710468234689
REQUEST		Post marketplace fees	1710468229613	1710468234725	OK	 
USER	Post Marketplace Fees	END	1710468234725
USER	Post Marketplace Fees	START	1710468234725
REQUEST		Post marketplace fees	1710468230824	1710468234730	OK	 
USER	Post Marketplace Fees	END	1710468234730
USER	Post Marketplace Fees	START	1710468234730
REQUEST		Post marketplace fees	1710468230578	1710468234898	OK	 
USER	Post Marketplace Fees	END	1710468234900
USER	Post Marketplace Fees	START	1710468234900
REQUEST		Post marketplace fees	1710468229136	1710468235193	OK	 
USER	Post Marketplace Fees	END	1710468235195
USER	Post Marketplace Fees	START	1710468235196
REQUEST		Post marketplace fees	1710468232019	1710468235227	OK	 
USER	Post Marketplace Fees	END	1710468235228
USER	Post Marketplace Fees	START	1710468235229
REQUEST		Post marketplace fees	1710468225256	1710468235329	OK	 
USER	Post Marketplace Fees	END	1710468235330
USER	Post Marketplace Fees	START	1710468235331
REQUEST		Post marketplace fees	1710468232918	1710468235524	OK	 
REQUEST		Post marketplace fees	1710468224928	1710468235524	OK	 
USER	Post Marketplace Fees	END	1710468235525
USER	Post Marketplace Fees	END	1710468235526
USER	Post Marketplace Fees	START	1710468235526
USER	Post Marketplace Fees	START	1710468235526
REQUEST		Post marketplace fees	1710468225478	1710468235828	OK	 
USER	Post Marketplace Fees	END	1710468235829
USER	Post Marketplace Fees	START	1710468235830
REQUEST		Post marketplace fees	1710468232493	1710468236113	OK	 
USER	Post Marketplace Fees	END	1710468236115
USER	Post Marketplace Fees	START	1710468236115
REQUEST		Post marketplace fees	1710468224909	1710468236222	OK	 
USER	Post Marketplace Fees	END	1710468236224
USER	Post Marketplace Fees	START	1710468236224
REQUEST		Post marketplace fees	1710468225357	1710468236595	OK	 
USER	Post Marketplace Fees	END	1710468236596
USER	Post Marketplace Fees	START	1710468236596
REQUEST		Post marketplace fees	1710468233194	1710468236796	OK	 
USER	Post Marketplace Fees	END	1710468236798
USER	Post Marketplace Fees	START	1710468236798
REQUEST		Post marketplace fees	1710468232919	1710468236827	OK	 
USER	Post Marketplace Fees	END	1710468236829
USER	Post Marketplace Fees	START	1710468236829
REQUEST		Post marketplace fees	1710468225558	1710468236831	OK	 
USER	Post Marketplace Fees	END	1710468236832
USER	Post Marketplace Fees	START	1710468236833
REQUEST		Post marketplace fees	1710468232199	1710468237329	OK	 
USER	Post Marketplace Fees	END	1710468237331
USER	Post Marketplace Fees	START	1710468237331
REQUEST		Post marketplace fees	1710468229733	1710468237332	OK	 
USER	Post Marketplace Fees	END	1710468237333
USER	Post Marketplace Fees	START	1710468237333
REQUEST		Post marketplace fees	1710468231420	1710468237589	OK	 
USER	Post Marketplace Fees	END	1710468237590
USER	Post Marketplace Fees	START	1710468237591
REQUEST		Post marketplace fees	1710468224990	1710468237693	OK	 
USER	Post Marketplace Fees	END	1710468237694
USER	Post Marketplace Fees	START	1710468237694
REQUEST		Post marketplace fees	1710468229865	1710468237694	OK	 
USER	Post Marketplace Fees	END	1710468237695
USER	Post Marketplace Fees	START	1710468237695
REQUEST		Post marketplace fees	1710468229009	1710468237795	OK	 
USER	Post Marketplace Fees	END	1710468237796
USER	Post Marketplace Fees	START	1710468237796
REQUEST		Post marketplace fees	1710468225679	1710468237834	OK	 
USER	Post Marketplace Fees	END	1710468237835
USER	Post Marketplace Fees	START	1710468237835
REQUEST		Post marketplace fees	1710468225518	1710468238118	OK	 
USER	Post Marketplace Fees	END	1710468238119
USER	Post Marketplace Fees	START	1710468238119
REQUEST		Post marketplace fees	1710468234095	1710468238191	OK	 
USER	Post Marketplace Fees	END	1710468238192
USER	Post Marketplace Fees	START	1710468238192
REQUEST		Post marketplace fees	1710468232728	1710468238396	OK	 
USER	Post Marketplace Fees	END	1710468238397
USER	Post Marketplace Fees	START	1710468238398
REQUEST		Post marketplace fees	1710468233359	1710468238402	OK	 
USER	Post Marketplace Fees	END	1710468238403
USER	Post Marketplace Fees	START	1710468238403
REQUEST		Post marketplace fees	1710468225074	1710468238490	OK	 
USER	Post Marketplace Fees	END	1710468238490
USER	Post Marketplace Fees	START	1710468238491
REQUEST		Post marketplace fees	1710468225276	1710468238493	OK	 
USER	Post Marketplace Fees	END	1710468238494
USER	Post Marketplace Fees	START	1710468238494
REQUEST		Post marketplace fees	1710468230901	1710468238523	OK	 
USER	Post Marketplace Fees	END	1710468238524
USER	Post Marketplace Fees	START	1710468238524
REQUEST		Post marketplace fees	1710468234168	1710468238723	OK	 
USER	Post Marketplace Fees	END	1710468238724
USER	Post Marketplace Fees	START	1710468238724
REQUEST		Post marketplace fees	1710468227134	1710468238894	OK	 
USER	Post Marketplace Fees	END	1710468238896
USER	Post Marketplace Fees	START	1710468238896
REQUEST		Post marketplace fees	1710468231827	1710468238920	OK	 
USER	Post Marketplace Fees	END	1710468238922
USER	Post Marketplace Fees	START	1710468238922
REQUEST		Post marketplace fees	1710468228123	1710468238987	OK	 
REQUEST		Post marketplace fees	1710468225417	1710468238988	OK	 
USER	Post Marketplace Fees	END	1710468238988
USER	Post Marketplace Fees	END	1710468238988
USER	Post Marketplace Fees	START	1710468238989
USER	Post Marketplace Fees	START	1710468238989
REQUEST		Post marketplace fees	1710468225337	1710468239012	OK	 
USER	Post Marketplace Fees	END	1710468239012
USER	Post Marketplace Fees	START	1710468239013
REQUEST		Post marketplace fees	1710468233996	1710468239225	OK	 
USER	Post Marketplace Fees	END	1710468239225
USER	Post Marketplace Fees	START	1710468239225
REQUEST		Post marketplace fees	1710468225297	1710468239314	OK	 
USER	Post Marketplace Fees	END	1710468239315
USER	Post Marketplace Fees	START	1710468239315
REQUEST		Post marketplace fees	1710468231599	1710468239445	OK	 
USER	Post Marketplace Fees	END	1710468239446
USER	Post Marketplace Fees	START	1710468239446
REQUEST		Post marketplace fees	1710468235332	1710468239519	OK	 
USER	Post Marketplace Fees	END	1710468239520
USER	Post Marketplace Fees	START	1710468239520
REQUEST		Post marketplace fees	1710468233700	1710468239593	OK	 
USER	Post Marketplace Fees	END	1710468239594
USER	Post Marketplace Fees	START	1710468239594
REQUEST		Post marketplace fees	1710468235197	1710468239691	OK	 
USER	Post Marketplace Fees	END	1710468239691
USER	Post Marketplace Fees	START	1710468239691
REQUEST		Post marketplace fees	1710468236598	1710468239696	OK	 
USER	Post Marketplace Fees	END	1710468239696
USER	Post Marketplace Fees	START	1710468239696
REQUEST		Post marketplace fees	1710468230834	1710468239787	OK	 
USER	Post Marketplace Fees	END	1710468239788
USER	Post Marketplace Fees	START	1710468239788
REQUEST		Post marketplace fees	1710468225639	1710468239788	OK	 
USER	Post Marketplace Fees	END	1710468239789
USER	Post Marketplace Fees	START	1710468239789
REQUEST		Post marketplace fees	1710468233240	1710468239818	OK	 
USER	Post Marketplace Fees	END	1710468239819
REQUEST		Post marketplace fees	1710468225538	1710468239819	OK	 
USER	Post Marketplace Fees	START	1710468239819
USER	Post Marketplace Fees	END	1710468239819
USER	Post Marketplace Fees	START	1710468239819
REQUEST		Post marketplace fees	1710468237332	1710468239820	OK	 
USER	Post Marketplace Fees	END	1710468239821
USER	Post Marketplace Fees	START	1710468239821
REQUEST		Post marketplace fees	1710468235528	1710468240085	OK	 
USER	Post Marketplace Fees	END	1710468240086
USER	Post Marketplace Fees	START	1710468240086
REQUEST		Post marketplace fees	1710468236117	1710468240118	OK	 
USER	Post Marketplace Fees	END	1710468240119
USER	Post Marketplace Fees	START	1710468240119
REQUEST		Post marketplace fees	1710468234427	1710468240295	OK	 
USER	Post Marketplace Fees	END	1710468240296
USER	Post Marketplace Fees	START	1710468240296
REQUEST		Post marketplace fees	1710468234901	1710468240323	OK	 
USER	Post Marketplace Fees	END	1710468240324
USER	Post Marketplace Fees	START	1710468240324
REQUEST		Post marketplace fees	1710468235831	1710468240325	OK	 
USER	Post Marketplace Fees	END	1710468240327
USER	Post Marketplace Fees	START	1710468240327
REQUEST		Post marketplace fees	1710468227921	1710468240417	OK	 
USER	Post Marketplace Fees	END	1710468240417
USER	Post Marketplace Fees	START	1710468240417
REQUEST		Post marketplace fees	1710468235527	1710468240518	OK	 
USER	Post Marketplace Fees	END	1710468240518
USER	Post Marketplace Fees	START	1710468240519
REQUEST		Post marketplace fees	1710468238491	1710468240598	OK	 
USER	Post Marketplace Fees	END	1710468240598
USER	Post Marketplace Fees	START	1710468240598
REQUEST		Post marketplace fees	1710468236799	1710468240670	OK	 
USER	Post Marketplace Fees	END	1710468240670
USER	Post Marketplace Fees	START	1710468240670
REQUEST		Post marketplace fees	1710468232817	1710468240900	OK	 
USER	Post Marketplace Fees	END	1710468240902
USER	Post Marketplace Fees	START	1710468240902
REQUEST		Post marketplace fees	1710468234396	1710468241217	OK	 
USER	Post Marketplace Fees	END	1710468241218
USER	Post Marketplace Fees	START	1710468241219
REQUEST		Post marketplace fees	1710468238120	1710468241418	OK	 
USER	Post Marketplace Fees	END	1710468241419
USER	Post Marketplace Fees	START	1710468241419
REQUEST		Post marketplace fees	1710468235230	1710468241593	OK	 
USER	Post Marketplace Fees	END	1710468241593
USER	Post Marketplace Fees	START	1710468241593
REQUEST		Post marketplace fees	1710468238989	1710468241626	OK	 
USER	Post Marketplace Fees	END	1710468241627
USER	Post Marketplace Fees	START	1710468241627
REQUEST		Post marketplace fees	1710468236225	1710468241731	OK	 
USER	Post Marketplace Fees	END	1710468241733
USER	Post Marketplace Fees	START	1710468241734
REQUEST		Post marketplace fees	1710468234726	1710468241795	OK	 
USER	Post Marketplace Fees	END	1710468241796
USER	Post Marketplace Fees	START	1710468241797
REQUEST		Post marketplace fees	1710468238404	1710468241819	OK	 
USER	Post Marketplace Fees	END	1710468241819
USER	Post Marketplace Fees	START	1710468241819
REQUEST		Post marketplace fees	1710468234731	1710468242132	OK	 
USER	Post Marketplace Fees	END	1710468242133
USER	Post Marketplace Fees	START	1710468242133
REQUEST		Post marketplace fees	1710468237695	1710468242186	OK	 
USER	Post Marketplace Fees	END	1710468242187
USER	Post Marketplace Fees	START	1710468242188
REQUEST		Post marketplace fees	1710468237335	1710468242261	OK	 
USER	Post Marketplace Fees	END	1710468242262
USER	Post Marketplace Fees	START	1710468242263
REQUEST		Post marketplace fees	1710468236830	1710468242487	OK	 
USER	Post Marketplace Fees	END	1710468242489
USER	Post Marketplace Fees	START	1710468242489
REQUEST		Post marketplace fees	1710468233927	1710468242516	OK	 
USER	Post Marketplace Fees	END	1710468242517
USER	Post Marketplace Fees	START	1710468242518
REQUEST		Post marketplace fees	1710468234690	1710468242565	OK	 
USER	Post Marketplace Fees	END	1710468242566
USER	Post Marketplace Fees	START	1710468242567
REQUEST		Post marketplace fees	1710468238193	1710468242710	OK	 
USER	Post Marketplace Fees	END	1710468242712
USER	Post Marketplace Fees	START	1710468242713
REQUEST		Post marketplace fees	1710468238399	1710468242820	OK	 
USER	Post Marketplace Fees	END	1710468242820
USER	Post Marketplace Fees	START	1710468242820
REQUEST		Post marketplace fees	1710468239013	1710468242914	OK	 
USER	Post Marketplace Fees	END	1710468242915
USER	Post Marketplace Fees	START	1710468242915
REQUEST		Post marketplace fees	1710468238923	1710468243029	OK	 
USER	Post Marketplace Fees	END	1710468243030
USER	Post Marketplace Fees	START	1710468243030
REQUEST		Post marketplace fees	1710468236834	1710468243347	OK	 
USER	Post Marketplace Fees	END	1710468243347
USER	Post Marketplace Fees	START	1710468243347
REQUEST		Post marketplace fees	1710468238725	1710468243428	OK	 
USER	Post Marketplace Fees	END	1710468243429
USER	Post Marketplace Fees	START	1710468243429
REQUEST		Post marketplace fees	1710468233878	1710468243719	OK	 
USER	Post Marketplace Fees	END	1710468243720
USER	Post Marketplace Fees	START	1710468243720
REQUEST		Post marketplace fees	1710468238494	1710468243936	OK	 
USER	Post Marketplace Fees	END	1710468243937
USER	Post Marketplace Fees	START	1710468243937
REQUEST		Post marketplace fees	1710468237695	1710468244119	OK	 
USER	Post Marketplace Fees	END	1710468244120
USER	Post Marketplace Fees	START	1710468244120
REQUEST		Post marketplace fees	1710468237592	1710468244130	OK	 
USER	Post Marketplace Fees	END	1710468244131
USER	Post Marketplace Fees	START	1710468244131
REQUEST		Post marketplace fees	1710468237835	1710468244183	OK	 
USER	Post Marketplace Fees	END	1710468244184
USER	Post Marketplace Fees	START	1710468244184
REQUEST		Post marketplace fees	1710468239226	1710468244631	OK	 
USER	Post Marketplace Fees	END	1710468244632
USER	Post Marketplace Fees	START	1710468244633
REQUEST		Post marketplace fees	1710468237796	1710468244634	OK	 
USER	Post Marketplace Fees	END	1710468244635
USER	Post Marketplace Fees	START	1710468244636
REQUEST		Post marketplace fees	1710468238897	1710468245063	OK	 
REQUEST		Post marketplace fees	1710468238989	1710468245064	OK	 
USER	Post Marketplace Fees	END	1710468245065
USER	Post Marketplace Fees	END	1710468245065
USER	Post Marketplace Fees	START	1710468245065
USER	Post Marketplace Fees	START	1710468245066
REQUEST		Post marketplace fees	1710468239521	1710468245096	OK	 
REQUEST		Post marketplace fees	1710468239317	1710468245096	OK	 
REQUEST		Post marketplace fees	1710468238525	1710468245097	OK	 
USER	Post Marketplace Fees	END	1710468245098
USER	Post Marketplace Fees	END	1710468245098
USER	Post Marketplace Fees	END	1710468245099
USER	Post Marketplace Fees	START	1710468245099
USER	Post Marketplace Fees	START	1710468245099
USER	Post Marketplace Fees	START	1710468245099
REQUEST		Post marketplace fees	1710468239447	1710468245219	OK	 
USER	Post Marketplace Fees	END	1710468245220
USER	Post Marketplace Fees	START	1710468245220
REQUEST		Post marketplace fees	1710468239789	1710468245736	OK	 
USER	Post Marketplace Fees	END	1710468245737
USER	Post Marketplace Fees	START	1710468245737
REQUEST		Post marketplace fees	1710468239819	1710468245961	OK	 
USER	Post Marketplace Fees	END	1710468245961
USER	Post Marketplace Fees	START	1710468245962
REQUEST		Post marketplace fees	1710468239789	1710468247120	OK	 
USER	Post Marketplace Fees	END	1710468247121
USER	Post Marketplace Fees	START	1710468247121
REQUEST		Post marketplace fees	1710468241220	1710468247162	OK	 
USER	Post Marketplace Fees	END	1710468247162
USER	Post Marketplace Fees	START	1710468247163
REQUEST		Post marketplace fees	1710468240599	1710468247627	OK	 
USER	Post Marketplace Fees	END	1710468247628
USER	Post Marketplace Fees	START	1710468247628
REQUEST		Post marketplace fees	1710468240418	1710468247721	OK	 
USER	Post Marketplace Fees	END	1710468247721
USER	Post Marketplace Fees	START	1710468247722
REQUEST		Post marketplace fees	1710468241820	1710468247940	OK	 
USER	Post Marketplace Fees	END	1710468247940
USER	Post Marketplace Fees	START	1710468247940
REQUEST		Post marketplace fees	1710468240297	1710468248071	OK	 
USER	Post Marketplace Fees	END	1710468248071
USER	Post Marketplace Fees	START	1710468248072
REQUEST		Post marketplace fees	1710468243030	1710468248163	OK	 
USER	Post Marketplace Fees	END	1710468248163
USER	Post Marketplace Fees	START	1710468248163
REQUEST		Post marketplace fees	1710468240087	1710468248301	OK	 
USER	Post Marketplace Fees	END	1710468248301
USER	Post Marketplace Fees	START	1710468248301
REQUEST		Post marketplace fees	1710468240519	1710468248404	OK	 
USER	Post Marketplace Fees	END	1710468248405
USER	Post Marketplace Fees	START	1710468248405
REQUEST		Post marketplace fees	1710468239697	1710468248724	OK	 
USER	Post Marketplace Fees	END	1710468248725
USER	Post Marketplace Fees	START	1710468248725
REQUEST		Post marketplace fees	1710468240328	1710468248781	OK	 
USER	Post Marketplace Fees	END	1710468248782
USER	Post Marketplace Fees	START	1710468248782
REQUEST		Post marketplace fees	1710468241420	1710468248819	OK	 
USER	Post Marketplace Fees	END	1710468248819
USER	Post Marketplace Fees	START	1710468248819
REQUEST		Post marketplace fees	1710468243938	1710468248827	OK	 
USER	Post Marketplace Fees	END	1710468248828
USER	Post Marketplace Fees	START	1710468248828
REQUEST		Post marketplace fees	1710468239820	1710468248941	OK	 
USER	Post Marketplace Fees	END	1710468248942
USER	Post Marketplace Fees	START	1710468248942
REQUEST		Post marketplace fees	1710468241798	1710468249165	OK	 
USER	Post Marketplace Fees	END	1710468249165
USER	Post Marketplace Fees	START	1710468249165
REQUEST		Post marketplace fees	1710468242568	1710468249221	OK	 
USER	Post Marketplace Fees	END	1710468249222
USER	Post Marketplace Fees	START	1710468249222
REQUEST		Post marketplace fees	1710468242519	1710468249290	OK	 
USER	Post Marketplace Fees	END	1710468249291
USER	Post Marketplace Fees	START	1710468249291
REQUEST		Post marketplace fees	1710468241594	1710468249314	OK	 
USER	Post Marketplace Fees	END	1710468249315
USER	Post Marketplace Fees	START	1710468249315
REQUEST		Post marketplace fees	1710468247722	1710468249615	OK	 
USER	Post Marketplace Fees	END	1710468249615
USER	Post Marketplace Fees	START	1710468249616
REQUEST		Post marketplace fees	1710468242134	1710468249870	OK	 
USER	Post Marketplace Fees	END	1710468249871
USER	Post Marketplace Fees	START	1710468249871
REQUEST		Post marketplace fees	1710468242188	1710468249949	OK	 
USER	Post Marketplace Fees	END	1710468249950
USER	Post Marketplace Fees	START	1710468249950
REQUEST		Post marketplace fees	1710468240326	1710468250621	OK	 
USER	Post Marketplace Fees	END	1710468250622
USER	Post Marketplace Fees	START	1710468250622
REQUEST		Post marketplace fees	1710468239692	1710468250630	OK	 
USER	Post Marketplace Fees	END	1710468250631
USER	Post Marketplace Fees	START	1710468250631
REQUEST		Post marketplace fees	1710468242264	1710468250716	OK	 
USER	Post Marketplace Fees	END	1710468250717
USER	Post Marketplace Fees	START	1710468250717
REQUEST		Post marketplace fees	1710468241735	1710468250723	OK	 
USER	Post Marketplace Fees	END	1710468250724
USER	Post Marketplace Fees	START	1710468250724
REQUEST		Post marketplace fees	1710468244634	1710468250748	OK	 
USER	Post Marketplace Fees	END	1710468250749
USER	Post Marketplace Fees	START	1710468250749
REQUEST		Post marketplace fees	1710468245738	1710468250804	OK	 
USER	Post Marketplace Fees	END	1710468250805
USER	Post Marketplace Fees	START	1710468250805
REQUEST		Post marketplace fees	1710468244121	1710468251096	OK	 
USER	Post Marketplace Fees	END	1710468251097
USER	Post Marketplace Fees	START	1710468251097
REQUEST		Post marketplace fees	1710468241627	1710468251216	OK	 
USER	Post Marketplace Fees	END	1710468251218
USER	Post Marketplace Fees	START	1710468251218
REQUEST		Post marketplace fees	1710468244636	1710468251235	OK	 
USER	Post Marketplace Fees	END	1710468251236
USER	Post Marketplace Fees	START	1710468251236
REQUEST		Post marketplace fees	1710468240903	1710468251308	OK	 
USER	Post Marketplace Fees	END	1710468251310
USER	Post Marketplace Fees	START	1710468251310
REQUEST		Post marketplace fees	1710468242821	1710468251783	OK	 
USER	Post Marketplace Fees	END	1710468251783
USER	Post Marketplace Fees	START	1710468251783
REQUEST		Post marketplace fees	1710468242714	1710468251813	OK	 
USER	Post Marketplace Fees	END	1710468251814
USER	Post Marketplace Fees	START	1710468251814
REQUEST		Post marketplace fees	1710468245067	1710468251929	OK	 
USER	Post Marketplace Fees	END	1710468251930
USER	Post Marketplace Fees	START	1710468251930
REQUEST		Post marketplace fees	1710468248820	1710468251998	OK	 
USER	Post Marketplace Fees	END	1710468251998
USER	Post Marketplace Fees	START	1710468251998
REQUEST		Post marketplace fees	1710468240119	1710468252025	OK	 
USER	Post Marketplace Fees	END	1710468252026
USER	Post Marketplace Fees	START	1710468252026
REQUEST		Post marketplace fees	1710468243430	1710468252361	OK	 
USER	Post Marketplace Fees	END	1710468252362
USER	Post Marketplace Fees	START	1710468252362
REQUEST		Post marketplace fees	1710468243720	1710468252375	OK	 
USER	Post Marketplace Fees	END	1710468252375
USER	Post Marketplace Fees	START	1710468252375
REQUEST		Post marketplace fees	1710468245221	1710468252689	OK	 
USER	Post Marketplace Fees	END	1710468252689
REQUEST		Post marketplace fees	1710468249166	1710468252689	OK	 
USER	Post Marketplace Fees	END	1710468252690
USER	Post Marketplace Fees	START	1710468252690
USER	Post Marketplace Fees	START	1710468252690
REQUEST		Post marketplace fees	1710468239595	1710468252710	OK	 
USER	Post Marketplace Fees	END	1710468252711
USER	Post Marketplace Fees	START	1710468252711
REQUEST		Post marketplace fees	1710468249222	1710468253223	OK	 
USER	Post Marketplace Fees	END	1710468253224
USER	Post Marketplace Fees	START	1710468253224
REQUEST		Post marketplace fees	1710468245066	1710468253612	OK	 
USER	Post Marketplace Fees	END	1710468253612
USER	Post Marketplace Fees	START	1710468253613
REQUEST		Post marketplace fees	1710468248783	1710468253621	OK	 
USER	Post Marketplace Fees	END	1710468253621
USER	Post Marketplace Fees	START	1710468253622
REQUEST		Post marketplace fees	1710468242915	1710468253888	OK	 
USER	Post Marketplace Fees	END	1710468253888
USER	Post Marketplace Fees	START	1710468253889
REQUEST		Post marketplace fees	1710468244131	1710468253994	OK	 
USER	Post Marketplace Fees	END	1710468253995
USER	Post Marketplace Fees	START	1710468253995
REQUEST		Post marketplace fees	1710468245099	1710468254018	OK	 
USER	Post Marketplace Fees	END	1710468254018
USER	Post Marketplace Fees	START	1710468254018
REQUEST		Post marketplace fees	1710468245099	1710468254022	OK	 
USER	Post Marketplace Fees	END	1710468254022
USER	Post Marketplace Fees	START	1710468254023
REQUEST		Post marketplace fees	1710468239821	1710468254095	OK	 
USER	Post Marketplace Fees	END	1710468254095
USER	Post Marketplace Fees	START	1710468254095
REQUEST		Post marketplace fees	1710468249950	1710468254188	OK	 
USER	Post Marketplace Fees	END	1710468254189
USER	Post Marketplace Fees	START	1710468254189
REQUEST		Post marketplace fees	1710468248302	1710468254422	OK	 
USER	Post Marketplace Fees	END	1710468254423
USER	Post Marketplace Fees	START	1710468254423
REQUEST		Post marketplace fees	1710468247629	1710468254695	OK	 
USER	Post Marketplace Fees	END	1710468254696
USER	Post Marketplace Fees	START	1710468254696
REQUEST		Post marketplace fees	1710468248828	1710468254696	OK	 
USER	Post Marketplace Fees	END	1710468254697
USER	Post Marketplace Fees	START	1710468254697
REQUEST		Post marketplace fees	1710468248072	1710468254821	OK	 
USER	Post Marketplace Fees	END	1710468254822
USER	Post Marketplace Fees	START	1710468254822
REQUEST		Post marketplace fees	1710468250632	1710468254995	OK	 
USER	Post Marketplace Fees	END	1710468254996
USER	Post Marketplace Fees	START	1710468254996
REQUEST		Post marketplace fees	1710468248943	1710468254996	OK	 
USER	Post Marketplace Fees	END	1710468254997
USER	Post Marketplace Fees	START	1710468254997
REQUEST		Post marketplace fees	1710468242490	1710468255394	OK	 
USER	Post Marketplace Fees	END	1710468255395
USER	Post Marketplace Fees	START	1710468255395
REQUEST		Post marketplace fees	1710468248164	1710468255490	OK	 
REQUEST		Post marketplace fees	1710468249616	1710468255490	OK	 
USER	Post Marketplace Fees	END	1710468255491
USER	Post Marketplace Fees	END	1710468255492
USER	Post Marketplace Fees	START	1710468255492
USER	Post Marketplace Fees	START	1710468255492
REQUEST		Post marketplace fees	1710468248726	1710468255501	OK	 
USER	Post Marketplace Fees	END	1710468255503
USER	Post Marketplace Fees	START	1710468255503
REQUEST		Post marketplace fees	1710468247164	1710468255598	OK	 
USER	Post Marketplace Fees	END	1710468255599
USER	Post Marketplace Fees	START	1710468255599
REQUEST		Post marketplace fees	1710468245962	1710468255694	OK	 
USER	Post Marketplace Fees	END	1710468255695
USER	Post Marketplace Fees	START	1710468255695
REQUEST		Post marketplace fees	1710468250623	1710468255790	OK	 
USER	Post Marketplace Fees	END	1710468255791
USER	Post Marketplace Fees	START	1710468255791
REQUEST		Post marketplace fees	1710468240671	1710468255848	OK	 
USER	Post Marketplace Fees	END	1710468255848
USER	Post Marketplace Fees	START	1710468255848
REQUEST		Post marketplace fees	1710468243348	1710468256094	OK	 
USER	Post Marketplace Fees	END	1710468256095
USER	Post Marketplace Fees	START	1710468256095
REQUEST		Post marketplace fees	1710468252027	1710468256194	OK	 
USER	Post Marketplace Fees	END	1710468256194
USER	Post Marketplace Fees	START	1710468256195
REQUEST		Post marketplace fees	1710468252362	1710468256488	OK	 
USER	Post Marketplace Fees	END	1710468256490
USER	Post Marketplace Fees	START	1710468256490
REQUEST		Post marketplace fees	1710468250724	1710468256791	OK	 
USER	Post Marketplace Fees	END	1710468256792
USER	Post Marketplace Fees	START	1710468256793
REQUEST		Post marketplace fees	1710468251311	1710468256888	OK	 
USER	Post Marketplace Fees	END	1710468256889
USER	Post Marketplace Fees	START	1710468256889
REQUEST		Post marketplace fees	1710468251784	1710468256959	OK	 
USER	Post Marketplace Fees	END	1710468256960
USER	Post Marketplace Fees	START	1710468256960
REQUEST		Post marketplace fees	1710468251237	1710468257218	OK	 
USER	Post Marketplace Fees	END	1710468257218
USER	Post Marketplace Fees	START	1710468257218
REQUEST		Post marketplace fees	1710468250717	1710468257223	OK	 
USER	Post Marketplace Fees	END	1710468257224
USER	Post Marketplace Fees	START	1710468257224
REQUEST		Post marketplace fees	1710468247941	1710468257622	OK	 
USER	Post Marketplace Fees	END	1710468257623
USER	Post Marketplace Fees	START	1710468257624
REQUEST		Post marketplace fees	1710468253889	1710468257637	OK	 
USER	Post Marketplace Fees	END	1710468257638
USER	Post Marketplace Fees	START	1710468257638
REQUEST		Post marketplace fees	1710468253622	1710468257712	OK	 
USER	Post Marketplace Fees	END	1710468257712
USER	Post Marketplace Fees	START	1710468257713
REQUEST		Post marketplace fees	1710468247122	1710468257894	OK	 
REQUEST		Post marketplace fees	1710468255493	1710468257894	OK	 
USER	Post Marketplace Fees	END	1710468257895
USER	Post Marketplace Fees	END	1710468257895
USER	Post Marketplace Fees	START	1710468257895
USER	Post Marketplace Fees	START	1710468257895
REQUEST		Post marketplace fees	1710468244184	1710468257923	OK	 
USER	Post Marketplace Fees	END	1710468257924
USER	Post Marketplace Fees	START	1710468257924
REQUEST		Post marketplace fees	1710468255493	1710468258031	OK	 
USER	Post Marketplace Fees	END	1710468258032
USER	Post Marketplace Fees	START	1710468258032
REQUEST		Post marketplace fees	1710468245100	1710468258101	OK	 
USER	Post Marketplace Fees	END	1710468258102
USER	Post Marketplace Fees	START	1710468258102
REQUEST		Post marketplace fees	1710468252690	1710468258108	OK	 
USER	Post Marketplace Fees	END	1710468258108
USER	Post Marketplace Fees	START	1710468258108
REQUEST		Post marketplace fees	1710468249315	1710468258499	OK	 
USER	Post Marketplace Fees	END	1710468258500
USER	Post Marketplace Fees	START	1710468258500
REQUEST		Post marketplace fees	1710468252711	1710468258521	OK	 
USER	Post Marketplace Fees	END	1710468258523
USER	Post Marketplace Fees	START	1710468258523
REQUEST		Post marketplace fees	1710468252376	1710468258623	OK	 
USER	Post Marketplace Fees	END	1710468258624
USER	Post Marketplace Fees	START	1710468258625
REQUEST		Post marketplace fees	1710468249871	1710468258695	OK	 
USER	Post Marketplace Fees	END	1710468258696
USER	Post Marketplace Fees	START	1710468258696
REQUEST		Post marketplace fees	1710468254423	1710468258797	OK	 
USER	Post Marketplace Fees	END	1710468258799
USER	Post Marketplace Fees	START	1710468258799
REQUEST		Post marketplace fees	1710468254997	1710468258800	OK	 
USER	Post Marketplace Fees	END	1710468258801
USER	Post Marketplace Fees	START	1710468258802
REQUEST		Post marketplace fees	1710468253225	1710468258996	OK	 
REQUEST		Post marketplace fees	1710468249291	1710468258997	OK	 
USER	Post Marketplace Fees	END	1710468258998
USER	Post Marketplace Fees	START	1710468258998
USER	Post Marketplace Fees	END	1710468258998
USER	Post Marketplace Fees	START	1710468258998
REQUEST		Post marketplace fees	1710468255504	1710468259023	OK	 
USER	Post Marketplace Fees	END	1710468259023
USER	Post Marketplace Fees	START	1710468259024
REQUEST		Post marketplace fees	1710468250750	1710468259195	OK	 
USER	Post Marketplace Fees	END	1710468259196
USER	Post Marketplace Fees	START	1710468259196
REQUEST		Post marketplace fees	1710468251219	1710468259198	OK	 
USER	Post Marketplace Fees	END	1710468259198
USER	Post Marketplace Fees	START	1710468259198
REQUEST		Post marketplace fees	1710468254996	1710468259291	OK	 
USER	Post Marketplace Fees	END	1710468259292
USER	Post Marketplace Fees	START	1710468259292
REQUEST		Post marketplace fees	1710468248405	1710468259422	OK	 
USER	Post Marketplace Fees	END	1710468259423
USER	Post Marketplace Fees	START	1710468259423
REQUEST		Post marketplace fees	1710468257224	1710468259614	OK	 
USER	Post Marketplace Fees	END	1710468259614
USER	Post Marketplace Fees	START	1710468259614
REQUEST		Post marketplace fees	1710468255599	1710468259796	OK	 
USER	Post Marketplace Fees	END	1710468259796
USER	Post Marketplace Fees	START	1710468259797
REQUEST		Post marketplace fees	1710468254019	1710468259815	OK	 
USER	Post Marketplace Fees	END	1710468259816
USER	Post Marketplace Fees	START	1710468259816
REQUEST		Post marketplace fees	1710468254823	1710468259862	OK	 
USER	Post Marketplace Fees	END	1710468259862
USER	Post Marketplace Fees	START	1710468259862
REQUEST		Post marketplace fees	1710468251814	1710468259975	OK	 
USER	Post Marketplace Fees	END	1710468259976
USER	Post Marketplace Fees	START	1710468259976
REQUEST		Post marketplace fees	1710468255791	1710468260015	OK	 
USER	Post Marketplace Fees	END	1710468260016
USER	Post Marketplace Fees	START	1710468260016
REQUEST		Post marketplace fees	1710468252690	1710468260090	OK	 
USER	Post Marketplace Fees	END	1710468260091
USER	Post Marketplace Fees	START	1710468260091
REQUEST		Post marketplace fees	1710468253613	1710468260092	OK	 
USER	Post Marketplace Fees	END	1710468260093
USER	Post Marketplace Fees	START	1710468260093
REQUEST		Post marketplace fees	1710468251999	1710468260121	OK	 
USER	Post Marketplace Fees	END	1710468260122
USER	Post Marketplace Fees	START	1710468260123
REQUEST		Post marketplace fees	1710468256794	1710468260494	OK	 
USER	Post Marketplace Fees	END	1710468260495
USER	Post Marketplace Fees	START	1710468260495
REQUEST		Post marketplace fees	1710468258102	1710468260520	OK	 
USER	Post Marketplace Fees	END	1710468260521
USER	Post Marketplace Fees	START	1710468260521
REQUEST		Post marketplace fees	1710468256491	1710468260523	OK	 
USER	Post Marketplace Fees	END	1710468260524
USER	Post Marketplace Fees	START	1710468260524
REQUEST		Post marketplace fees	1710468257640	1710468260599	OK	 
USER	Post Marketplace Fees	END	1710468260600
USER	Post Marketplace Fees	START	1710468260600
REQUEST		Post marketplace fees	1710468256096	1710468260697	OK	 
USER	Post Marketplace Fees	END	1710468260698
USER	Post Marketplace Fees	START	1710468260698
REQUEST		Post marketplace fees	1710468250806	1710468260715	OK	 
USER	Post Marketplace Fees	END	1710468260715
USER	Post Marketplace Fees	START	1710468260715
REQUEST		Post marketplace fees	1710468255695	1710468260725	OK	 
USER	Post Marketplace Fees	END	1710468260726
USER	Post Marketplace Fees	START	1710468260726
REQUEST		Post marketplace fees	1710468257624	1710468260867	OK	 
USER	Post Marketplace Fees	END	1710468260868
USER	Post Marketplace Fees	START	1710468260868
REQUEST		Post marketplace fees	1710468251098	1710468261093	OK	 
USER	Post Marketplace Fees	END	1710468261094
USER	Post Marketplace Fees	START	1710468261094
REQUEST		Post marketplace fees	1710468256195	1710468261193	OK	 
USER	Post Marketplace Fees	END	1710468261194
USER	Post Marketplace Fees	START	1710468261194
REQUEST		Post marketplace fees	1710468257924	1710468261328	OK	 
USER	Post Marketplace Fees	END	1710468261328
USER	Post Marketplace Fees	START	1710468261328
REQUEST		Post marketplace fees	1710468255849	1710468261700	OK	 
USER	Post Marketplace Fees	END	1710468261701
USER	Post Marketplace Fees	START	1710468261702
REQUEST		Post marketplace fees	1710468254023	1710468261705	OK	 
USER	Post Marketplace Fees	END	1710468261706
USER	Post Marketplace Fees	START	1710468261706
REQUEST		Post marketplace fees	1710468258524	1710468261828	OK	 
USER	Post Marketplace Fees	END	1710468261829
USER	Post Marketplace Fees	START	1710468261829
REQUEST		Post marketplace fees	1710468258802	1710468262119	OK	 
USER	Post Marketplace Fees	END	1710468262120
USER	Post Marketplace Fees	START	1710468262121
REQUEST		Post marketplace fees	1710468256960	1710468262299	OK	 
USER	Post Marketplace Fees	END	1710468262300
USER	Post Marketplace Fees	START	1710468262300
REQUEST		Post marketplace fees	1710468257895	1710468262307	OK	 
USER	Post Marketplace Fees	END	1710468262307
USER	Post Marketplace Fees	START	1710468262307
REQUEST		Post marketplace fees	1710468258800	1710468262495	OK	 
USER	Post Marketplace Fees	END	1710468262496
USER	Post Marketplace Fees	START	1710468262497
REQUEST		Post marketplace fees	1710468251930	1710468262527	OK	 
USER	Post Marketplace Fees	END	1710468262528
USER	Post Marketplace Fees	START	1710468262528
REQUEST		Post marketplace fees	1710468255395	1710468262996	OK	 
USER	Post Marketplace Fees	END	1710468262997
USER	Post Marketplace Fees	START	1710468262998
REQUEST		Post marketplace fees	1710468259196	1710468263010	OK	 
USER	Post Marketplace Fees	END	1710468263011
USER	Post Marketplace Fees	START	1710468263011
REQUEST		Post marketplace fees	1710468258625	1710468263104	OK	 
USER	Post Marketplace Fees	END	1710468263105
USER	Post Marketplace Fees	START	1710468263105
REQUEST		Post marketplace fees	1710468260016	1710468263166	OK	 
USER	Post Marketplace Fees	END	1710468263167
USER	Post Marketplace Fees	START	1710468263167
REQUEST		Post marketplace fees	1710468259199	1710468263364	OK	 
USER	Post Marketplace Fees	END	1710468263364
USER	Post Marketplace Fees	START	1710468263364
REQUEST		Post marketplace fees	1710468259817	1710468263514	OK	 
USER	Post Marketplace Fees	END	1710468263515
USER	Post Marketplace Fees	START	1710468263516
REQUEST		Post marketplace fees	1710468259024	1710468263547	OK	 
USER	Post Marketplace Fees	END	1710468263548
USER	Post Marketplace Fees	START	1710468263548
REQUEST		Post marketplace fees	1710468253995	1710468264085	OK	 
USER	Post Marketplace Fees	END	1710468264086
USER	Post Marketplace Fees	START	1710468264086
REQUEST		Post marketplace fees	1710468257895	1710468264191	OK	 
USER	Post Marketplace Fees	END	1710468264192
USER	Post Marketplace Fees	START	1710468264193
REQUEST		Post marketplace fees	1710468258697	1710468264192	OK	 
USER	Post Marketplace Fees	END	1710468264193
USER	Post Marketplace Fees	START	1710468264193
REQUEST		Post marketplace fees	1710468254189	1710468264336	OK	 
USER	Post Marketplace Fees	END	1710468264337
USER	Post Marketplace Fees	START	1710468264337
REQUEST		Post marketplace fees	1710468254696	1710468264601	OK	 
USER	Post Marketplace Fees	END	1710468264602
USER	Post Marketplace Fees	START	1710468264603
REQUEST		Post marketplace fees	1710468261194	1710468264603	OK	 
USER	Post Marketplace Fees	END	1710468264604
USER	Post Marketplace Fees	START	1710468264604
REQUEST		Post marketplace fees	1710468257219	1710468264642	OK	 
USER	Post Marketplace Fees	END	1710468264643
USER	Post Marketplace Fees	START	1710468264643
REQUEST		Post marketplace fees	1710468258032	1710468264790	OK	 
USER	Post Marketplace Fees	END	1710468264791
USER	Post Marketplace Fees	START	1710468264791
REQUEST		Post marketplace fees	1710468257713	1710468264877	OK	 
USER	Post Marketplace Fees	END	1710468264878
USER	Post Marketplace Fees	START	1710468264878
REQUEST		Post marketplace fees	1710468260495	1710468265024	OK	 
USER	Post Marketplace Fees	END	1710468265025
USER	Post Marketplace Fees	START	1710468265025
REQUEST		Post marketplace fees	1710468254697	1710468265188	OK	 
USER	Post Marketplace Fees	END	1710468265189
USER	Post Marketplace Fees	START	1710468265189
REQUEST		Post marketplace fees	1710468260092	1710468265293	OK	 
USER	Post Marketplace Fees	END	1710468265294
USER	Post Marketplace Fees	START	1710468265294
REQUEST		Post marketplace fees	1710468260094	1710468265432	OK	 
USER	Post Marketplace Fees	END	1710468265434
USER	Post Marketplace Fees	START	1710468265434
REQUEST		Post marketplace fees	1710468261095	1710468265495	OK	 
USER	Post Marketplace Fees	END	1710468265496
REQUEST		Post marketplace fees	1710468259797	1710468265496	OK	 
USER	Post Marketplace Fees	START	1710468265497
USER	Post Marketplace Fees	END	1710468265497
USER	Post Marketplace Fees	START	1710468265497
REQUEST		Post marketplace fees	1710468260522	1710468265999	OK	 
USER	Post Marketplace Fees	END	1710468266000
USER	Post Marketplace Fees	START	1710468266000
REQUEST		Post marketplace fees	1710468260600	1710468266127	OK	 
USER	Post Marketplace Fees	END	1710468266128
USER	Post Marketplace Fees	START	1710468266128
REQUEST		Post marketplace fees	1710468259292	1710468266419	OK	 
USER	Post Marketplace Fees	END	1710468266420
USER	Post Marketplace Fees	START	1710468266420
REQUEST		Post marketplace fees	1710468259615	1710468266518	OK	 
USER	Post Marketplace Fees	END	1710468266518
USER	Post Marketplace Fees	START	1710468266518
REQUEST		Post marketplace fees	1710468260123	1710468266688	OK	 
USER	Post Marketplace Fees	END	1710468266689
USER	Post Marketplace Fees	START	1710468266689
REQUEST		Post marketplace fees	1710468261829	1710468266713	OK	 
USER	Post Marketplace Fees	END	1710468266713
USER	Post Marketplace Fees	START	1710468266714
REQUEST		Post marketplace fees	1710468258109	1710468266723	OK	 
USER	Post Marketplace Fees	END	1710468266723
USER	Post Marketplace Fees	START	1710468266724
REQUEST		Post marketplace fees	1710468261329	1710468266824	OK	 
USER	Post Marketplace Fees	END	1710468266825
USER	Post Marketplace Fees	START	1710468266825
REQUEST		Post marketplace fees	1710468258999	1710468266894	OK	 
USER	Post Marketplace Fees	END	1710468266895
USER	Post Marketplace Fees	START	1710468266895
REQUEST		Post marketplace fees	1710468256889	1710468266896	OK	 
USER	Post Marketplace Fees	END	1710468266896
USER	Post Marketplace Fees	START	1710468266897
REQUEST		Post marketplace fees	1710468259863	1710468267018	OK	 
USER	Post Marketplace Fees	END	1710468267019
USER	Post Marketplace Fees	START	1710468267019
REQUEST		Post marketplace fees	1710468254096	1710468267098	OK	 
USER	Post Marketplace Fees	END	1710468267099
USER	Post Marketplace Fees	START	1710468267099
REQUEST		Post marketplace fees	1710468258500	1710468267393	OK	 
USER	Post Marketplace Fees	END	1710468267394
USER	Post Marketplace Fees	START	1710468267394
REQUEST		Post marketplace fees	1710468263365	1710468267401	OK	 
USER	Post Marketplace Fees	END	1710468267402
USER	Post Marketplace Fees	START	1710468267402
REQUEST		Post marketplace fees	1710468262121	1710468267528	OK	 
USER	Post Marketplace Fees	END	1710468267529
USER	Post Marketplace Fees	START	1710468267529
REQUEST		Post marketplace fees	1710468263012	1710468267596	OK	 
USER	Post Marketplace Fees	END	1710468267597
USER	Post Marketplace Fees	START	1710468267597
REQUEST		Post marketplace fees	1710468263105	1710468267895	OK	 
USER	Post Marketplace Fees	END	1710468267896
USER	Post Marketplace Fees	START	1710468267896
REQUEST		Post marketplace fees	1710468264878	1710468267917	OK	 
USER	Post Marketplace Fees	END	1710468267918
USER	Post Marketplace Fees	START	1710468267918
REQUEST		Post marketplace fees	1710468260698	1710468268259	OK	 
USER	Post Marketplace Fees	END	1710468268260
USER	Post Marketplace Fees	START	1710468268260
REQUEST		Post marketplace fees	1710468260716	1710468268325	OK	 
USER	Post Marketplace Fees	END	1710468268325
USER	Post Marketplace Fees	START	1710468268326
REQUEST		Post marketplace fees	1710468264194	1710468268395	OK	 
USER	Post Marketplace Fees	END	1710468268395
USER	Post Marketplace Fees	START	1710468268395
REQUEST		Post marketplace fees	1710468262497	1710468268805	OK	 
USER	Post Marketplace Fees	END	1710468268807
USER	Post Marketplace Fees	START	1710468268807
REQUEST		Post marketplace fees	1710468263517	1710468268809	OK	 
USER	Post Marketplace Fees	END	1710468268810
USER	Post Marketplace Fees	START	1710468268811
REQUEST		Post marketplace fees	1710468264603	1710468268908	OK	 
USER	Post Marketplace Fees	END	1710468268909
USER	Post Marketplace Fees	START	1710468268909
REQUEST		Post marketplace fees	1710468264605	1710468268917	OK	 
USER	Post Marketplace Fees	END	1710468268918
USER	Post Marketplace Fees	START	1710468268918
REQUEST		Post marketplace fees	1710468262308	1710468269324	OK	 
REQUEST		Post marketplace fees	1710468265435	1710468269324	OK	 
USER	Post Marketplace Fees	END	1710468269326
USER	Post Marketplace Fees	END	1710468269326
USER	Post Marketplace Fees	START	1710468269326
USER	Post Marketplace Fees	START	1710468269326
REQUEST		Post marketplace fees	1710468259976	1710468269500	OK	 
USER	Post Marketplace Fees	END	1710468269500
USER	Post Marketplace Fees	START	1710468269500
REQUEST		Post marketplace fees	1710468264338	1710468269501	OK	 
USER	Post Marketplace Fees	END	1710468269501
USER	Post Marketplace Fees	START	1710468269502
REQUEST		Post marketplace fees	1710468260726	1710468269539	OK	 
USER	Post Marketplace Fees	END	1710468269540
USER	Post Marketplace Fees	START	1710468269540
REQUEST		Post marketplace fees	1710468262998	1710468269602	OK	 
USER	Post Marketplace Fees	END	1710468269602
USER	Post Marketplace Fees	START	1710468269602
REQUEST		Post marketplace fees	1710468265498	1710468269843	OK	 
USER	Post Marketplace Fees	END	1710468269844
USER	Post Marketplace Fees	START	1710468269844
REQUEST		Post marketplace fees	1710468267598	1710468269908	OK	 
USER	Post Marketplace Fees	END	1710468269909
USER	Post Marketplace Fees	START	1710468269909
REQUEST		Post marketplace fees	1710468258999	1710468270003	OK	 
USER	Post Marketplace Fees	END	1710468270004
USER	Post Marketplace Fees	START	1710468270004
REQUEST		Post marketplace fees	1710468263167	1710468270398	OK	 
USER	Post Marketplace Fees	END	1710468270399
USER	Post Marketplace Fees	START	1710468270400
REQUEST		Post marketplace fees	1710468264193	1710468270433	OK	 
USER	Post Marketplace Fees	END	1710468270433
USER	Post Marketplace Fees	START	1710468270434
REQUEST		Post marketplace fees	1710468266001	1710468270693	OK	 
USER	Post Marketplace Fees	END	1710468270693
USER	Post Marketplace Fees	START	1710468270693
REQUEST		Post marketplace fees	1710468259423	1710468270700	OK	 
USER	Post Marketplace Fees	END	1710468270700
USER	Post Marketplace Fees	START	1710468270700
REQUEST		Post marketplace fees	1710468264792	1710468270722	OK	 
USER	Post Marketplace Fees	END	1710468270723
USER	Post Marketplace Fees	START	1710468270723
REQUEST		Post marketplace fees	1710468265190	1710468270790	OK	 
USER	Post Marketplace Fees	END	1710468270791
USER	Post Marketplace Fees	START	1710468270791
REQUEST		Post marketplace fees	1710468267019	1710468270826	OK	 
USER	Post Marketplace Fees	END	1710468270827
USER	Post Marketplace Fees	START	1710468270827
REQUEST		Post marketplace fees	1710468266895	1710468270915	OK	 
USER	Post Marketplace Fees	END	1710468270916
USER	Post Marketplace Fees	START	1710468270916
REQUEST		Post marketplace fees	1710468265497	1710468270997	OK	 
USER	Post Marketplace Fees	END	1710468270998
USER	Post Marketplace Fees	START	1710468270999
REQUEST		Post marketplace fees	1710468261707	1710468271395	OK	 
USER	Post Marketplace Fees	END	1710468271396
USER	Post Marketplace Fees	START	1710468271397
REQUEST		Post marketplace fees	1710468264643	1710468271420	OK	 
USER	Post Marketplace Fees	END	1710468271421
USER	Post Marketplace Fees	START	1710468271422
REQUEST		Post marketplace fees	1710468267099	1710468272094	OK	 
USER	Post Marketplace Fees	END	1710468272095
USER	Post Marketplace Fees	START	1710468272095
REQUEST		Post marketplace fees	1710468260525	1710468272227	OK	 
USER	Post Marketplace Fees	END	1710468272228
USER	Post Marketplace Fees	START	1710468272228
REQUEST		Post marketplace fees	1710468268919	1710468272296	OK	 
USER	Post Marketplace Fees	END	1710468272297
USER	Post Marketplace Fees	START	1710468272297
REQUEST		Post marketplace fees	1710468268260	1710468272321	OK	 
USER	Post Marketplace Fees	END	1710468272322
USER	Post Marketplace Fees	START	1710468272322
REQUEST		Post marketplace fees	1710468269910	1710468272589	OK	 
USER	Post Marketplace Fees	END	1710468272590
USER	Post Marketplace Fees	START	1710468272590
REQUEST		Post marketplace fees	1710468266689	1710468272628	OK	 
USER	Post Marketplace Fees	END	1710468272629
USER	Post Marketplace Fees	START	1710468272629
REQUEST		Post marketplace fees	1710468266714	1710468272654	OK	 
USER	Post Marketplace Fees	END	1710468272655
REQUEST		Post marketplace fees	1710468267918	1710468272655	OK	 
USER	Post Marketplace Fees	START	1710468272655
USER	Post Marketplace Fees	END	1710468272656
USER	Post Marketplace Fees	START	1710468272656
REQUEST		Post marketplace fees	1710468266519	1710468272918	OK	 
REQUEST		Post marketplace fees	1710468266825	1710468272919	OK	 
USER	Post Marketplace Fees	END	1710468272919
USER	Post Marketplace Fees	START	1710468272919
USER	Post Marketplace Fees	END	1710468272919
USER	Post Marketplace Fees	START	1710468272919
REQUEST		Post marketplace fees	1710468265026	1710468273020	OK	 
USER	Post Marketplace Fees	END	1710468273021
USER	Post Marketplace Fees	START	1710468273021
REQUEST		Post marketplace fees	1710468267896	1710468273064	OK	 
USER	Post Marketplace Fees	END	1710468273064
USER	Post Marketplace Fees	START	1710468273065
REQUEST		Post marketplace fees	1710468260868	1710468273102	OK	 
USER	Post Marketplace Fees	END	1710468273103
USER	Post Marketplace Fees	START	1710468273103
REQUEST		Post marketplace fees	1710468268910	1710468273118	OK	 
USER	Post Marketplace Fees	END	1710468273119
USER	Post Marketplace Fees	START	1710468273119
REQUEST		Post marketplace fees	1710468262301	1710468273131	OK	 
USER	Post Marketplace Fees	END	1710468273132
USER	Post Marketplace Fees	START	1710468273132
REQUEST		Post marketplace fees	1710468269502	1710468273530	OK	 
USER	Post Marketplace Fees	END	1710468273531
USER	Post Marketplace Fees	START	1710468273531
REQUEST		Post marketplace fees	1710468261702	1710468273778	OK	 
USER	Post Marketplace Fees	END	1710468273779
USER	Post Marketplace Fees	START	1710468273779
REQUEST		Post marketplace fees	1710468271422	1710468273991	OK	 
USER	Post Marketplace Fees	END	1710468273991
USER	Post Marketplace Fees	START	1710468273991
REQUEST		Post marketplace fees	1710468270004	1710468274093	OK	 
USER	Post Marketplace Fees	END	1710468274093
USER	Post Marketplace Fees	START	1710468274093
REQUEST		Post marketplace fees	1710468270434	1710468274423	OK	 
USER	Post Marketplace Fees	END	1710468274424
USER	Post Marketplace Fees	START	1710468274424
REQUEST		Post marketplace fees	1710468263549	1710468274900	OK	 
USER	Post Marketplace Fees	END	1710468274901
REQUEST		Post marketplace fees	1710468271398	1710468274917	OK	 
USER	Post Marketplace Fees	END	1710468274918
REQUEST		Post marketplace fees	1710468269845	1710468275117	OK	 
USER	Post Marketplace Fees	END	1710468275118
REQUEST		Post marketplace fees	1710468267403	1710468275200	OK	 
USER	Post Marketplace Fees	END	1710468275201
REQUEST		Post marketplace fees	1710468266420	1710468275327	OK	 
USER	Post Marketplace Fees	END	1710468275328
REQUEST		Post marketplace fees	1710468268812	1710468275425	OK	 
USER	Post Marketplace Fees	END	1710468275426
REQUEST		Post marketplace fees	1710468270917	1710468275518	OK	 
USER	Post Marketplace Fees	END	1710468275519
REQUEST		Post marketplace fees	1710468270694	1710468275689	OK	 
USER	Post Marketplace Fees	END	1710468275689
REQUEST		Post marketplace fees	1710468264086	1710468275710	OK	 
USER	Post Marketplace Fees	END	1710468275711
REQUEST		Post marketplace fees	1710468267529	1710468275814	OK	 
USER	Post Marketplace Fees	END	1710468275815
REQUEST		Post marketplace fees	1710468273119	1710468275924	OK	 
USER	Post Marketplace Fees	END	1710468275924
REQUEST		Post marketplace fees	1710468273991	1710468275925	OK	 
USER	Post Marketplace Fees	END	1710468275926
REQUEST		Post marketplace fees	1710468266897	1710468276127	OK	 
USER	Post Marketplace Fees	END	1710468276128
REQUEST		Post marketplace fees	1710468273022	1710468276289	OK	 
USER	Post Marketplace Fees	END	1710468276290
REQUEST		Post marketplace fees	1710468274094	1710468276317	OK	 
USER	Post Marketplace Fees	END	1710468276318
REQUEST		Post marketplace fees	1710468270827	1710468276612	OK	 
USER	Post Marketplace Fees	END	1710468276613
REQUEST		Post marketplace fees	1710468272919	1710468276809	OK	 
USER	Post Marketplace Fees	END	1710468276810
REQUEST		Post marketplace fees	1710468269327	1710468277049	OK	 
USER	Post Marketplace Fees	END	1710468277050
REQUEST		Post marketplace fees	1710468270400	1710468277088	OK	 
USER	Post Marketplace Fees	END	1710468277088
REQUEST		Post marketplace fees	1710468271004	1710468277089	OK	 
USER	Post Marketplace Fees	END	1710468277089
REQUEST		Post marketplace fees	1710468266129	1710468277339	OK	 
USER	Post Marketplace Fees	END	1710468277339
REQUEST		Post marketplace fees	1710468268396	1710468277414	OK	 
USER	Post Marketplace Fees	END	1710468277414
REQUEST		Post marketplace fees	1710468262530	1710468277593	OK	 
USER	Post Marketplace Fees	END	1710468277594
REQUEST		Post marketplace fees	1710468270791	1710468277664	OK	 
USER	Post Marketplace Fees	END	1710468277665
REQUEST		Post marketplace fees	1710468270723	1710468277707	OK	 
USER	Post Marketplace Fees	END	1710468277707
REQUEST		Post marketplace fees	1710468272657	1710468277924	OK	 
USER	Post Marketplace Fees	END	1710468277924
REQUEST		Post marketplace fees	1710468272095	1710468278123	OK	 
USER	Post Marketplace Fees	END	1710468278124
REQUEST		Post marketplace fees	1710468270700	1710468278221	OK	 
USER	Post Marketplace Fees	END	1710468278222
REQUEST		Post marketplace fees	1710468273531	1710468278289	OK	 
USER	Post Marketplace Fees	END	1710468278290
REQUEST		Post marketplace fees	1710468272629	1710468278517	OK	 
USER	Post Marketplace Fees	END	1710468278517
REQUEST		Post marketplace fees	1710468266724	1710468278719	OK	 
USER	Post Marketplace Fees	END	1710468278720
REQUEST		Post marketplace fees	1710468269540	1710468278730	OK	 
USER	Post Marketplace Fees	END	1710468278730
REQUEST		Post marketplace fees	1710468274425	1710468278795	OK	 
USER	Post Marketplace Fees	END	1710468278795
REQUEST		Post marketplace fees	1710468268326	1710468279016	OK	 
USER	Post Marketplace Fees	END	1710468279017
REQUEST		Post marketplace fees	1710468269501	1710468279319	OK	 
USER	Post Marketplace Fees	END	1710468279320
REQUEST		Post marketplace fees	1710468272656	1710468279389	OK	 
USER	Post Marketplace Fees	END	1710468279390
REQUEST		Post marketplace fees	1710468273104	1710468280096	OK	 
USER	Post Marketplace Fees	END	1710468280097
REQUEST		Post marketplace fees	1710468272590	1710468280395	OK	 
USER	Post Marketplace Fees	END	1710468280396
REQUEST		Post marketplace fees	1710468272322	1710468280417	OK	 
USER	Post Marketplace Fees	END	1710468280418
REQUEST		Post marketplace fees	1710468269603	1710468280461	OK	 
USER	Post Marketplace Fees	END	1710468280462
REQUEST		Post marketplace fees	1710468268808	1710468280515	OK	 
USER	Post Marketplace Fees	END	1710468280516
REQUEST		Post marketplace fees	1710468273780	1710468280818	OK	 
USER	Post Marketplace Fees	END	1710468280818
REQUEST		Post marketplace fees	1710468269327	1710468280924	OK	 
USER	Post Marketplace Fees	END	1710468280925
REQUEST		Post marketplace fees	1710468267395	1710468280927	OK	 
USER	Post Marketplace Fees	END	1710468280927
REQUEST		Post marketplace fees	1710468272229	1710468280971	OK	 
USER	Post Marketplace Fees	END	1710468280971
REQUEST		Post marketplace fees	1710468265294	1710468281019	OK	 
USER	Post Marketplace Fees	END	1710468281020
REQUEST		Post marketplace fees	1710468272919	1710468281229	OK	 
USER	Post Marketplace Fees	END	1710468281230
REQUEST		Post marketplace fees	1710468273065	1710468281326	OK	 
USER	Post Marketplace Fees	END	1710468281326
REQUEST		Post marketplace fees	1710468273132	1710468281616	OK	 
USER	Post Marketplace Fees	END	1710468281617
REQUEST		Post marketplace fees	1710468272297	1710468281716	OK	 
USER	Post Marketplace Fees	END	1710468281717
