RUN	transactions.MarketplaceFeesPostSimulation	marketplacefeespostsimulation	1710470698149	 	3.10.4
USER	Login	START	1710470698822
REQUEST		Login	1710470698820	1710470699470	OK	 
USER	Login	END	1710470704573
USER	Post Marketplace Fees	START	1710470704821
REQUEST		Post marketplace fees	1710470704832	1710470705718	OK	 
USER	Post Marketplace Fees	END	1710470705721
USER	Post Marketplace Fees	START	1710470705813
USER	Post Marketplace Fees	START	1710470706308
USER	Post Marketplace Fees	START	1710470706808
REQUEST		Post marketplace fees	1710470705815	1710470706825	OK	 
USER	Post Marketplace Fees	END	1710470706827
USER	Post Marketplace Fees	START	1710470707059
REQUEST		Post marketplace fees	1710470706309	1710470707280	OK	 
USER	Post Marketplace Fees	END	1710470707282
USER	Post Marketplace Fees	START	1710470707310
USER	Post Marketplace Fees	START	1710470707561
REQUEST		Post marketplace fees	1710470706809	1710470707693	OK	 
USER	Post Marketplace Fees	END	1710470707695
USER	Post Marketplace Fees	START	1710470707808
USER	Post Marketplace Fees	START	1710470708059
USER	Post Marketplace Fees	START	1710470708309
REQUEST		Post marketplace fees	1710470707061	1710470708453	OK	 
USER	Post Marketplace Fees	END	1710470708456
USER	Post Marketplace Fees	START	1710470708560
USER	Post Marketplace Fees	START	1710470708808
REQUEST		Post marketplace fees	1710470707312	1710470708997	OK	 
USER	Post Marketplace Fees	END	1710470708999
USER	Post Marketplace Fees	START	1710470709008
USER	Post Marketplace Fees	START	1710470709209
USER	Post Marketplace Fees	START	1710470709409
REQUEST		Post marketplace fees	1710470707563	1710470709437	OK	 
USER	Post Marketplace Fees	END	1710470709439
USER	Post Marketplace Fees	START	1710470709610
USER	Post Marketplace Fees	START	1710470709808
REQUEST		Post marketplace fees	1710470707809	1710470709833	OK	 
USER	Post Marketplace Fees	END	1710470709833
REQUEST		Post marketplace fees	1710470708060	1710470709962	OK	 
USER	Post Marketplace Fees	END	1710470709962
USER	Post Marketplace Fees	START	1710470709974
REQUEST		Post marketplace fees	1710470708310	1710470710014	OK	 
USER	Post Marketplace Fees	END	1710470710015
USER	Post Marketplace Fees	START	1710470710141
USER	Post Marketplace Fees	START	1710470710313
USER	Post Marketplace Fees	START	1710470710480
REQUEST		Post marketplace fees	1710470708809	1710470710618	OK	 
USER	Post Marketplace Fees	END	1710470710620
USER	Post Marketplace Fees	START	1710470710646
REQUEST		Post marketplace fees	1710470708562	1710470710737	OK	 
USER	Post Marketplace Fees	END	1710470710739
USER	Post Marketplace Fees	START	1710470710807
REQUEST		Post marketplace fees	1710470709010	1710470710819	OK	 
USER	Post Marketplace Fees	END	1710470710820
USER	Post Marketplace Fees	START	1710470710950
USER	Post Marketplace Fees	START	1710470711093
REQUEST		Post marketplace fees	1710470709211	1710470711154	OK	 
USER	Post Marketplace Fees	END	1710470711155
USER	Post Marketplace Fees	START	1710470711236
USER	Post Marketplace Fees	START	1710470711379
REQUEST		Post marketplace fees	1710470709411	1710470711490	OK	 
USER	Post Marketplace Fees	END	1710470711492
USER	Post Marketplace Fees	START	1710470711522
USER	Post Marketplace Fees	START	1710470711666
USER	Post Marketplace Fees	START	1710470711808
USER	Post Marketplace Fees	START	1710470711933
USER	Post Marketplace Fees	START	1710470712058
USER	Post Marketplace Fees	START	1710470712183
REQUEST		Post marketplace fees	1710470710142	1710470712300	OK	 
REQUEST		Post marketplace fees	1710470709612	1710470712301	OK	 
USER	Post Marketplace Fees	END	1710470712302
USER	Post Marketplace Fees	END	1710470712303
USER	Post Marketplace Fees	START	1710470712309
USER	Post Marketplace Fees	START	1710470712434
USER	Post Marketplace Fees	START	1710470712559
USER	Post Marketplace Fees	START	1710470712684
REQUEST		Post marketplace fees	1710470709975	1710470712732	OK	 
USER	Post Marketplace Fees	END	1710470712734
USER	Post Marketplace Fees	START	1710470712808
USER	Post Marketplace Fees	START	1710470712918
USER	Post Marketplace Fees	START	1710470713030
REQUEST		Post marketplace fees	1710470711808	1710470713129	OK	 
USER	Post Marketplace Fees	END	1710470713129
USER	Post Marketplace Fees	START	1710470713141
USER	Post Marketplace Fees	START	1710470713251
REQUEST		Post marketplace fees	1710470711667	1710470713255	OK	 
USER	Post Marketplace Fees	END	1710470713255
USER	Post Marketplace Fees	START	1710470713362
USER	Post Marketplace Fees	START	1710470713473
USER	Post Marketplace Fees	START	1710470713585
REQUEST		Post marketplace fees	1710470711379	1710470713602	OK	 
USER	Post Marketplace Fees	END	1710470713603
USER	Post Marketplace Fees	START	1710470713696
USER	Post Marketplace Fees	START	1710470713808
USER	Post Marketplace Fees	START	1710470713907
REQUEST		Post marketplace fees	1710470712311	1710470713935	OK	 
USER	Post Marketplace Fees	END	1710470713937
USER	Post Marketplace Fees	START	1710470714007
REQUEST		Post marketplace fees	1710470712059	1710470714098	OK	 
USER	Post Marketplace Fees	END	1710470714099
REQUEST		Post marketplace fees	1710470711935	1710470714101	OK	 
USER	Post Marketplace Fees	END	1710470714102
USER	Post Marketplace Fees	START	1710470714107
USER	Post Marketplace Fees	START	1710470714208
REQUEST		Post marketplace fees	1710470712809	1710470714220	OK	 
USER	Post Marketplace Fees	END	1710470714221
USER	Post Marketplace Fees	START	1710470714308
REQUEST		Post marketplace fees	1710470709812	1710470714329	OK	 
USER	Post Marketplace Fees	END	1710470714331
USER	Post Marketplace Fees	START	1710470714407
USER	Post Marketplace Fees	START	1710470714507
USER	Post Marketplace Fees	START	1710470714607
REQUEST		Post marketplace fees	1710470712561	1710470714688	OK	 
USER	Post Marketplace Fees	END	1710470714690
USER	Post Marketplace Fees	START	1710470714708
USER	Post Marketplace Fees	START	1710470714808
REQUEST		Post marketplace fees	1710470713252	1710470714817	OK	 
USER	Post Marketplace Fees	END	1710470714818
USER	Post Marketplace Fees	START	1710470714897
REQUEST		Post marketplace fees	1710470711238	1710470714897	OK	 
USER	Post Marketplace Fees	END	1710470714898
USER	Post Marketplace Fees	START	1710470714988
USER	Post Marketplace Fees	START	1710470715079
REQUEST		Post marketplace fees	1710470713909	1710470715125	OK	 
USER	Post Marketplace Fees	END	1710470715126
USER	Post Marketplace Fees	START	1710470715171
USER	Post Marketplace Fees	START	1710470715261
USER	Post Marketplace Fees	START	1710470715353
REQUEST		Post marketplace fees	1710470713141	1710470715389	OK	 
USER	Post Marketplace Fees	END	1710470715390
USER	Post Marketplace Fees	START	1710470715444
USER	Post Marketplace Fees	START	1710470715534
USER	Post Marketplace Fees	START	1710470715626
USER	Post Marketplace Fees	START	1710470715717
USER	Post Marketplace Fees	START	1710470715808
USER	Post Marketplace Fees	START	1710470715890
USER	Post Marketplace Fees	START	1710470715973
USER	Post Marketplace Fees	START	1710470716058
USER	Post Marketplace Fees	START	1710470716140
USER	Post Marketplace Fees	START	1710470716224
USER	Post Marketplace Fees	START	1710470716308
REQUEST		Post marketplace fees	1710470714309	1710470716324	OK	 
USER	Post Marketplace Fees	END	1710470716326
USER	Post Marketplace Fees	START	1710470716390
USER	Post Marketplace Fees	START	1710470716474
REQUEST		Post marketplace fees	1710470710951	1710470716547	OK	 
USER	Post Marketplace Fees	END	1710470716548
USER	Post Marketplace Fees	START	1710470716558
USER	Post Marketplace Fees	START	1710470716641
USER	Post Marketplace Fees	START	1710470716724
REQUEST		Post marketplace fees	1710470714209	1710470716791	OK	 
USER	Post Marketplace Fees	END	1710470716793
REQUEST		Post marketplace fees	1710470713809	1710470716799	OK	 
USER	Post Marketplace Fees	END	1710470716800
USER	Post Marketplace Fees	START	1710470716807
USER	Post Marketplace Fees	START	1710470716890
REQUEST		Post marketplace fees	1710470710648	1710470716894	OK	 
USER	Post Marketplace Fees	END	1710470716895
USER	Post Marketplace Fees	START	1710470716974
USER	Post Marketplace Fees	START	1710470717058
USER	Post Marketplace Fees	START	1710470717141
USER	Post Marketplace Fees	START	1710470717224
USER	Post Marketplace Fees	START	1710470717307
REQUEST		Post marketplace fees	1710470712185	1710470717390	OK	 
USER	Post Marketplace Fees	START	1710470717390
USER	Post Marketplace Fees	END	1710470717391
REQUEST		Post marketplace fees	1710470710315	1710470717435	OK	 
USER	Post Marketplace Fees	END	1710470717436
USER	Post Marketplace Fees	START	1710470717474
REQUEST		Post marketplace fees	1710470713363	1710470717532	OK	 
USER	Post Marketplace Fees	END	1710470717533
REQUEST		Post marketplace fees	1710470713031	1710470717557	OK	 
USER	Post Marketplace Fees	START	1710470717558
USER	Post Marketplace Fees	END	1710470717559
REQUEST		Post marketplace fees	1710470711524	1710470717598	OK	 
USER	Post Marketplace Fees	END	1710470717599
USER	Post Marketplace Fees	START	1710470717641
REQUEST		Post marketplace fees	1710470712436	1710470717707	OK	 
USER	Post Marketplace Fees	END	1710470717708
USER	Post Marketplace Fees	START	1710470717724
REQUEST		Post marketplace fees	1710470714709	1710470717733	OK	 
USER	Post Marketplace Fees	END	1710470717733
REQUEST		Post marketplace fees	1710470710481	1710470717733	OK	 
USER	Post Marketplace Fees	END	1710470717734
REQUEST		Post marketplace fees	1710470714009	1710470717767	OK	 
USER	Post Marketplace Fees	END	1710470717769
REQUEST		Post marketplace fees	1710470712685	1710470717799	OK	 
USER	Post Marketplace Fees	END	1710470717800
USER	Post Marketplace Fees	START	1710470717807
USER	Post Marketplace Fees	START	1710470717879
USER	Post Marketplace Fees	START	1710470717950
REQUEST		Post marketplace fees	1710470714408	1710470717989	OK	 
USER	Post Marketplace Fees	END	1710470717990
USER	Post Marketplace Fees	START	1710470718022
USER	Post Marketplace Fees	START	1710470718093
REQUEST		Post marketplace fees	1710470711095	1710470718118	OK	 
USER	Post Marketplace Fees	END	1710470718120
USER	Post Marketplace Fees	START	1710470718164
USER	Post Marketplace Fees	START	1710470718236
USER	Post Marketplace Fees	START	1710470718308
USER	Post Marketplace Fees	START	1710470718379
REQUEST		Post marketplace fees	1710470714109	1710470718446	OK	 
USER	Post Marketplace Fees	END	1710470718447
USER	Post Marketplace Fees	START	1710470718450
USER	Post Marketplace Fees	START	1710470718522
USER	Post Marketplace Fees	START	1710470718593
USER	Post Marketplace Fees	START	1710470718665
USER	Post Marketplace Fees	START	1710470718736
USER	Post Marketplace Fees	START	1710470718807
USER	Post Marketplace Fees	START	1710470718873
USER	Post Marketplace Fees	START	1710470718940
USER	Post Marketplace Fees	START	1710470719007
REQUEST		Post marketplace fees	1710470715172	1710470719034	OK	 
USER	Post Marketplace Fees	END	1710470719035
USER	Post Marketplace Fees	START	1710470719074
USER	Post Marketplace Fees	START	1710470719140
USER	Post Marketplace Fees	START	1710470719208
USER	Post Marketplace Fees	START	1710470719274
USER	Post Marketplace Fees	START	1710470719341
REQUEST		Post marketplace fees	1710470715081	1710470719352	OK	 
USER	Post Marketplace Fees	END	1710470719353
REQUEST		Post marketplace fees	1710470715808	1710470719390	OK	 
USER	Post Marketplace Fees	END	1710470719390
USER	Post Marketplace Fees	START	1710470719407
USER	Post Marketplace Fees	START	1710470719473
REQUEST		Post marketplace fees	1710470714990	1710470719483	OK	 
USER	Post Marketplace Fees	END	1710470719484
USER	Post Marketplace Fees	START	1710470719540
REQUEST		Post marketplace fees	1710470713697	1710470719589	OK	 
USER	Post Marketplace Fees	END	1710470719590
USER	Post Marketplace Fees	START	1710470719607
REQUEST		Post marketplace fees	1710470714509	1710470719624	OK	 
USER	Post Marketplace Fees	END	1710470719626
REQUEST		Post marketplace fees	1710470710808	1710470719633	OK	 
USER	Post Marketplace Fees	END	1710470719634
USER	Post Marketplace Fees	START	1710470719674
USER	Post Marketplace Fees	START	1710470719742
REQUEST		Post marketplace fees	1710470714898	1710470719918	OK	 
USER	Post Marketplace Fees	END	1710470719919
REQUEST		Post marketplace fees	1710470715263	1710470719975	OK	 
USER	Post Marketplace Fees	END	1710470719976
REQUEST		Post marketplace fees	1710470715444	1710470720002	OK	 
USER	Post Marketplace Fees	END	1710470720003
REQUEST		Post marketplace fees	1710470714609	1710470720335	OK	 
USER	Post Marketplace Fees	END	1710470720336
REQUEST		Post marketplace fees	1710470712920	1710470720339	OK	 
USER	Post Marketplace Fees	END	1710470720340
REQUEST		Post marketplace fees	1710470713586	1710470720827	OK	 
USER	Post Marketplace Fees	END	1710470720828
REQUEST		Post marketplace fees	1710470715353	1710470720914	OK	 
USER	Post Marketplace Fees	END	1710470720915
REQUEST		Post marketplace fees	1710470716141	1710470721295	OK	 
USER	Post Marketplace Fees	END	1710470721296
REQUEST		Post marketplace fees	1710470713474	1710470721297	OK	 
USER	Post Marketplace Fees	END	1710470721298
REQUEST		Post marketplace fees	1710470715536	1710470721435	OK	 
USER	Post Marketplace Fees	END	1710470721435
REQUEST		Post marketplace fees	1710470715718	1710470721835	OK	 
USER	Post Marketplace Fees	END	1710470721835
REQUEST		Post marketplace fees	1710470716975	1710470722019	OK	 
USER	Post Marketplace Fees	END	1710470722020
REQUEST		Post marketplace fees	1710470716559	1710470722237	OK	 
USER	Post Marketplace Fees	END	1710470722238
REQUEST		Post marketplace fees	1710470716724	1710470722455	OK	 
USER	Post Marketplace Fees	END	1710470722456
REQUEST		Post marketplace fees	1710470717808	1710470723021	OK	 
USER	Post Marketplace Fees	END	1710470723023
REQUEST		Post marketplace fees	1710470716475	1710470723061	OK	 
USER	Post Marketplace Fees	END	1710470723062
REQUEST		Post marketplace fees	1710470717309	1710470723119	OK	 
USER	Post Marketplace Fees	END	1710470723119
REQUEST		Post marketplace fees	1710470719541	1710470723382	KO	status.find.is(201), but actually found 500
USER	Post Marketplace Fees	END	1710470723414
REQUEST		Post marketplace fees	1710470715974	1710470723662	OK	 
USER	Post Marketplace Fees	END	1710470723663
REQUEST		Post marketplace fees	1710470718094	1710470723960	OK	 
USER	Post Marketplace Fees	END	1710470723961
REQUEST		Post marketplace fees	1710470717141	1710470724047	OK	 
USER	Post Marketplace Fees	END	1710470724048
REQUEST		Post marketplace fees	1710470716808	1710470724129	OK	 
USER	Post Marketplace Fees	END	1710470724130
REQUEST		Post marketplace fees	1710470716391	1710470724328	OK	 
USER	Post Marketplace Fees	END	1710470724329
REQUEST		Post marketplace fees	1710470715627	1710470724424	OK	 
USER	Post Marketplace Fees	END	1710470724425
REQUEST		Post marketplace fees	1710470718023	1710470724541	OK	 
USER	Post Marketplace Fees	END	1710470724542
REQUEST		Post marketplace fees	1710470716225	1710470724590	OK	 
USER	Post Marketplace Fees	END	1710470724591
REQUEST		Post marketplace fees	1710470714808	1710470724671	OK	 
USER	Post Marketplace Fees	END	1710470724673
REQUEST		Post marketplace fees	1710470715891	1710470724999	OK	 
USER	Post Marketplace Fees	END	1710470725001
REQUEST		Post marketplace fees	1710470719742	1710470725299	OK	 
USER	Post Marketplace Fees	END	1710470725300
REQUEST		Post marketplace fees	1710470717642	1710470725617	OK	 
USER	Post Marketplace Fees	END	1710470725617
REQUEST		Post marketplace fees	1710470716642	1710470725634	OK	 
USER	Post Marketplace Fees	END	1710470725635
REQUEST		Post marketplace fees	1710470718874	1710470725729	OK	 
USER	Post Marketplace Fees	END	1710470725730
REQUEST		Post marketplace fees	1710470717474	1710470726025	OK	 
USER	Post Marketplace Fees	END	1710470726027
REQUEST		Post marketplace fees	1710470719009	1710470726494	OK	 
USER	Post Marketplace Fees	END	1710470726495
REQUEST		Post marketplace fees	1710470716309	1710470726634	OK	 
USER	Post Marketplace Fees	END	1710470726634
REQUEST		Post marketplace fees	1710470719474	1710470726671	OK	 
USER	Post Marketplace Fees	END	1710470726672
REQUEST		Post marketplace fees	1710470719608	1710470726730	OK	 
USER	Post Marketplace Fees	END	1710470726730
REQUEST		Post marketplace fees	1710470718309	1710470727029	OK	 
USER	Post Marketplace Fees	END	1710470727030
REQUEST		Post marketplace fees	1710470717059	1710470727223	OK	 
USER	Post Marketplace Fees	END	1710470727223
REQUEST		Post marketplace fees	1710470718523	1710470728129	OK	 
REQUEST		Post marketplace fees	1710470717880	1710470728130	OK	 
USER	Post Marketplace Fees	END	1710470728130
USER	Post Marketplace Fees	END	1710470728130
REQUEST		Post marketplace fees	1710470718594	1710470728422	OK	 
USER	Post Marketplace Fees	END	1710470728423
REQUEST		Post marketplace fees	1710470719675	1710470728732	OK	 
USER	Post Marketplace Fees	END	1710470728733
REQUEST		Post marketplace fees	1710470718380	1710470728733	OK	 
USER	Post Marketplace Fees	END	1710470728734
REQUEST		Post marketplace fees	1710470719275	1710470729192	OK	 
USER	Post Marketplace Fees	END	1710470729193
REQUEST		Post marketplace fees	1710470717391	1710470729461	OK	 
USER	Post Marketplace Fees	END	1710470729462
REQUEST		Post marketplace fees	1710470717225	1710470729626	OK	 
USER	Post Marketplace Fees	END	1710470729627
REQUEST		Post marketplace fees	1710470719141	1710470729694	OK	 
USER	Post Marketplace Fees	END	1710470729695
REQUEST		Post marketplace fees	1710470718737	1710470729700	OK	 
USER	Post Marketplace Fees	END	1710470729701
REQUEST		Post marketplace fees	1710470718666	1710470729703	OK	 
USER	Post Marketplace Fees	END	1710470729703
REQUEST		Post marketplace fees	1710470719075	1710470729925	OK	 
USER	Post Marketplace Fees	END	1710470729927
REQUEST		Post marketplace fees	1710470718450	1710470730192	OK	 
USER	Post Marketplace Fees	END	1710470730193
REQUEST		Post marketplace fees	1710470719342	1710470730199	OK	 
USER	Post Marketplace Fees	END	1710470730200
REQUEST		Post marketplace fees	1710470718236	1710470730298	OK	 
USER	Post Marketplace Fees	END	1710470730300
REQUEST		Post marketplace fees	1710470717724	1710470730315	OK	 
USER	Post Marketplace Fees	END	1710470730317
REQUEST		Post marketplace fees	1710470717950	1710470730388	OK	 
USER	Post Marketplace Fees	END	1710470730390
REQUEST		Post marketplace fees	1710470716891	1710470730426	OK	 
USER	Post Marketplace Fees	END	1710470730426
REQUEST		Post marketplace fees	1710470718165	1710470730534	OK	 
USER	Post Marketplace Fees	END	1710470730534
REQUEST		Post marketplace fees	1710470719208	1710470730919	OK	 
USER	Post Marketplace Fees	END	1710470730920
REQUEST		Post marketplace fees	1710470717559	1710470731317	OK	 
USER	Post Marketplace Fees	END	1710470731318
REQUEST		Post marketplace fees	1710470718807	1710470731416	OK	 
USER	Post Marketplace Fees	END	1710470731418
REQUEST		Post marketplace fees	1710470719408	1710470731614	OK	 
USER	Post Marketplace Fees	END	1710470731616
REQUEST		Post marketplace fees	1710470716059	1710470731788	OK	 
USER	Post Marketplace Fees	END	1710470731789
REQUEST		Post marketplace fees	1710470718942	1710470731827	OK	 
USER	Post Marketplace Fees	END	1710470731828
