RUN	transactions.MarketplaceFeesPostSimulation	marketplacefeespostsimulation	1710473104298	 	3.10.4
USER	Login	START	1710473104758
REQUEST		Login	1710473104756	1710473105438	OK	 
USER	Login	END	1710473110541
USER	Post Marketplace Fees	START	1710473110755
USER	Post Marketplace Fees	START	1710473110995
USER	Post Marketplace Fees	START	1710473111246
USER	Post Marketplace Fees	START	1710473111497
USER	Post Marketplace Fees	START	1710473111748
USER	Post Marketplace Fees	START	1710473111993
USER	Post Marketplace Fees	START	1710473112244
REQUEST		Post marketplace fees	1710473110762	1710473112335	OK	 
USER	Post Marketplace Fees	END	1710473112337
USER	Post Marketplace Fees	START	1710473112494
REQUEST		Post marketplace fees	1710473110996	1710473112535	OK	 
REQUEST		Post marketplace fees	1710473111247	1710473112535	OK	 
USER	Post Marketplace Fees	END	1710473112537
USER	Post Marketplace Fees	END	1710473112537
USER	Post Marketplace Fees	START	1710473112744
REQUEST		Post marketplace fees	1710473111498	1710473112802	OK	 
USER	Post Marketplace Fees	END	1710473112803
REQUEST		Post marketplace fees	1710473111749	1710473112917	OK	 
USER	Post Marketplace Fees	END	1710473112918
USER	Post Marketplace Fees	START	1710473112993
REQUEST		Post marketplace fees	1710473111994	1710473113236	OK	 
USER	Post Marketplace Fees	END	1710473113238
USER	Post Marketplace Fees	START	1710473113244
USER	Post Marketplace Fees	START	1710473113495
REQUEST		Post marketplace fees	1710473112245	1710473113519	OK	 
USER	Post Marketplace Fees	END	1710473113520
USER	Post Marketplace Fees	START	1710473113757
REQUEST		Post marketplace fees	1710473112496	1710473113930	OK	 
USER	Post Marketplace Fees	END	1710473113932
USER	Post Marketplace Fees	START	1710473113993
REQUEST		Post marketplace fees	1710473112758	1710473114159	OK	 
USER	Post Marketplace Fees	END	1710473114159
USER	Post Marketplace Fees	START	1710473114244
REQUEST		Post marketplace fees	1710473112995	1710473114492	OK	 
USER	Post Marketplace Fees	END	1710473114493
USER	Post Marketplace Fees	START	1710473114495
REQUEST		Post marketplace fees	1710473113246	1710473114519	OK	 
USER	Post Marketplace Fees	END	1710473114520
REQUEST		Post marketplace fees	1710473113758	1710473114697	OK	 
USER	Post Marketplace Fees	END	1710473114699
USER	Post Marketplace Fees	START	1710473114746
REQUEST		Post marketplace fees	1710473113496	1710473114900	OK	 
USER	Post Marketplace Fees	END	1710473114901
USER	Post Marketplace Fees	START	1710473114993
USER	Post Marketplace Fees	START	1710473115243
REQUEST		Post marketplace fees	1710473114245	1710473115422	OK	 
USER	Post Marketplace Fees	END	1710473115423
USER	Post Marketplace Fees	START	1710473115494
REQUEST		Post marketplace fees	1710473113995	1710473115624	OK	 
USER	Post Marketplace Fees	END	1710473115626
REQUEST		Post marketplace fees	1710473114496	1710473115626	OK	 
USER	Post Marketplace Fees	END	1710473115627
USER	Post Marketplace Fees	START	1710473115745
REQUEST		Post marketplace fees	1710473114746	1710473115816	OK	 
USER	Post Marketplace Fees	END	1710473115818
USER	Post Marketplace Fees	START	1710473115993
REQUEST		Post marketplace fees	1710473114995	1710473116236	OK	 
USER	Post Marketplace Fees	END	1710473116238
USER	Post Marketplace Fees	START	1710473116244
REQUEST		Post marketplace fees	1710473115244	1710473116416	OK	 
USER	Post Marketplace Fees	END	1710473116417
USER	Post Marketplace Fees	START	1710473116495
REQUEST		Post marketplace fees	1710473115747	1710473116715	OK	 
USER	Post Marketplace Fees	END	1710473116717
USER	Post Marketplace Fees	START	1710473116746
REQUEST		Post marketplace fees	1710473115496	1710473116833	OK	 
USER	Post Marketplace Fees	END	1710473116836
USER	Post Marketplace Fees	START	1710473116992
USER	Post Marketplace Fees	START	1710473117243
USER	Post Marketplace Fees	START	1710473117494
USER	Post Marketplace Fees	START	1710473117745
REQUEST		Post marketplace fees	1710473116246	1710473117975	OK	 
USER	Post Marketplace Fees	END	1710473117976
USER	Post Marketplace Fees	START	1710473117993
REQUEST		Post marketplace fees	1710473117244	1710473118122	OK	 
USER	Post Marketplace Fees	END	1710473118123
USER	Post Marketplace Fees	START	1710473118244
REQUEST		Post marketplace fees	1710473116496	1710473118391	OK	 
USER	Post Marketplace Fees	END	1710473118393
USER	Post Marketplace Fees	START	1710473118494
USER	Post Marketplace Fees	START	1710473118745
REQUEST		Post marketplace fees	1710473116747	1710473118790	OK	 
USER	Post Marketplace Fees	END	1710473118791
USER	Post Marketplace Fees	START	1710473118993
REQUEST		Post marketplace fees	1710473117994	1710473119126	OK	 
USER	Post Marketplace Fees	END	1710473119127
USER	Post Marketplace Fees	START	1710473119244
REQUEST		Post marketplace fees	1710473115993	1710473119322	OK	 
USER	Post Marketplace Fees	END	1710473119324
REQUEST		Post marketplace fees	1710473118245	1710473119430	OK	 
USER	Post Marketplace Fees	END	1710473119432
USER	Post Marketplace Fees	START	1710473119494
REQUEST		Post marketplace fees	1710473117746	1710473119714	OK	 
USER	Post Marketplace Fees	END	1710473119716
REQUEST		Post marketplace fees	1710473117495	1710473119716	OK	 
USER	Post Marketplace Fees	END	1710473119717
USER	Post Marketplace Fees	START	1710473119744
USER	Post Marketplace Fees	START	1710473119993
REQUEST		Post marketplace fees	1710473116993	1710473120032	OK	 
USER	Post Marketplace Fees	END	1710473120033
REQUEST		Post marketplace fees	1710473118746	1710473120201	OK	 
USER	Post Marketplace Fees	END	1710473120203
REQUEST		Post marketplace fees	1710473118994	1710473120212	OK	 
USER	Post Marketplace Fees	END	1710473120214
USER	Post Marketplace Fees	START	1710473120244
REQUEST		Post marketplace fees	1710473118495	1710473120465	OK	 
USER	Post Marketplace Fees	END	1710473120465
REQUEST		Post marketplace fees	1710473119245	1710473120490	OK	 
USER	Post Marketplace Fees	END	1710473120491
USER	Post Marketplace Fees	START	1710473120495
REQUEST		Post marketplace fees	1710473119495	1710473120523	OK	 
USER	Post Marketplace Fees	END	1710473120524
USER	Post Marketplace Fees	START	1710473120746
REQUEST		Post marketplace fees	1710473119746	1710473120819	OK	 
USER	Post Marketplace Fees	END	1710473120820
REQUEST		Post marketplace fees	1710473119995	1710473120823	OK	 
USER	Post Marketplace Fees	END	1710473120824
USER	Post Marketplace Fees	START	1710473120993
USER	Post Marketplace Fees	START	1710473121243
REQUEST		Post marketplace fees	1710473120245	1710473121461	OK	 
USER	Post Marketplace Fees	END	1710473121462
USER	Post Marketplace Fees	START	1710473121494
REQUEST		Post marketplace fees	1710473120496	1710473121743	OK	 
USER	Post Marketplace Fees	START	1710473121745
USER	Post Marketplace Fees	END	1710473121745
USER	Post Marketplace Fees	START	1710473121992
REQUEST		Post marketplace fees	1710473120995	1710473122223	OK	 
USER	Post Marketplace Fees	END	1710473122224
USER	Post Marketplace Fees	START	1710473122243
REQUEST		Post marketplace fees	1710473120747	1710473122418	OK	 
USER	Post Marketplace Fees	END	1710473122420
USER	Post Marketplace Fees	START	1710473122494
REQUEST		Post marketplace fees	1710473121495	1710473122539	OK	 
USER	Post Marketplace Fees	END	1710473122540
REQUEST		Post marketplace fees	1710473121244	1710473122696	OK	 
USER	Post Marketplace Fees	END	1710473122698
USER	Post Marketplace Fees	START	1710473122744
REQUEST		Post marketplace fees	1710473121746	1710473122825	OK	 
USER	Post Marketplace Fees	END	1710473122827
REQUEST		Post marketplace fees	1710473121993	1710473122900	OK	 
USER	Post Marketplace Fees	END	1710473122901
USER	Post Marketplace Fees	START	1710473122993
USER	Post Marketplace Fees	START	1710473123243
REQUEST		Post marketplace fees	1710473122495	1710473123430	OK	 
USER	Post Marketplace Fees	END	1710473123430
USER	Post Marketplace Fees	START	1710473123494
REQUEST		Post marketplace fees	1710473122244	1710473123516	OK	 
USER	Post Marketplace Fees	END	1710473123516
USER	Post Marketplace Fees	START	1710473123744
REQUEST		Post marketplace fees	1710473122993	1710473123745	OK	 
USER	Post Marketplace Fees	END	1710473123746
REQUEST		Post marketplace fees	1710473122745	1710473123828	OK	 
USER	Post Marketplace Fees	END	1710473123830
USER	Post Marketplace Fees	START	1710473123993
REQUEST		Post marketplace fees	1710473123245	1710473124116	OK	 
USER	Post Marketplace Fees	END	1710473124117
USER	Post Marketplace Fees	START	1710473124243
USER	Post Marketplace Fees	START	1710473124494
USER	Post Marketplace Fees	START	1710473124744
REQUEST		Post marketplace fees	1710473123494	1710473124823	OK	 
USER	Post Marketplace Fees	END	1710473124824
USER	Post Marketplace Fees	START	1710473124943
USER	Post Marketplace Fees	START	1710473125143
REQUEST		Post marketplace fees	1710473123745	1710473125327	OK	 
USER	Post Marketplace Fees	END	1710473125328
USER	Post Marketplace Fees	START	1710473125343
REQUEST		Post marketplace fees	1710473123995	1710473125451	OK	 
USER	Post Marketplace Fees	END	1710473125452
REQUEST		Post marketplace fees	1710473124495	1710473125523	OK	 
USER	Post Marketplace Fees	END	1710473125523
USER	Post Marketplace Fees	START	1710473125543
REQUEST		Post marketplace fees	1710473124745	1710473125665	OK	 
USER	Post Marketplace Fees	END	1710473125666
USER	Post Marketplace Fees	START	1710473125744
USER	Post Marketplace Fees	START	1710473125993
REQUEST		Post marketplace fees	1710473125143	1710473126147	OK	 
USER	Post Marketplace Fees	END	1710473126148
REQUEST		Post marketplace fees	1710473124245	1710473126224	OK	 
USER	Post Marketplace Fees	END	1710473126225
USER	Post Marketplace Fees	START	1710473126243
USER	Post Marketplace Fees	START	1710473126494
REQUEST		Post marketplace fees	1710473124943	1710473126520	OK	 
USER	Post Marketplace Fees	END	1710473126521
USER	Post Marketplace Fees	START	1710473126744
USER	Post Marketplace Fees	START	1710473126942
REQUEST		Post marketplace fees	1710473125544	1710473127097	OK	 
USER	Post Marketplace Fees	END	1710473127098
REQUEST		Post marketplace fees	1710473125344	1710473127121	OK	 
USER	Post Marketplace Fees	END	1710473127122
USER	Post Marketplace Fees	START	1710473127143
REQUEST		Post marketplace fees	1710473125745	1710473127261	OK	 
USER	Post Marketplace Fees	END	1710473127263
REQUEST		Post marketplace fees	1710473125994	1710473127325	OK	 
USER	Post Marketplace Fees	END	1710473127327
USER	Post Marketplace Fees	START	1710473127343
USER	Post Marketplace Fees	START	1710473127543
USER	Post Marketplace Fees	START	1710473127743
REQUEST		Post marketplace fees	1710473126495	1710473127900	OK	 
USER	Post Marketplace Fees	END	1710473127901
REQUEST		Post marketplace fees	1710473126244	1710473127920	OK	 
USER	Post Marketplace Fees	END	1710473127921
USER	Post Marketplace Fees	START	1710473127942
USER	Post Marketplace Fees	START	1710473128142
REQUEST		Post marketplace fees	1710473126745	1710473128144	OK	 
USER	Post Marketplace Fees	END	1710473128144
REQUEST		Post marketplace fees	1710473126943	1710473128328	OK	 
USER	Post Marketplace Fees	END	1710473128329
USER	Post Marketplace Fees	START	1710473128342
USER	Post Marketplace Fees	START	1710473128542
USER	Post Marketplace Fees	START	1710473128742
REQUEST		Post marketplace fees	1710473127343	1710473128868	OK	 
USER	Post Marketplace Fees	END	1710473128868
USER	Post Marketplace Fees	START	1710473128942
REQUEST		Post marketplace fees	1710473127743	1710473129064	OK	 
USER	Post Marketplace Fees	END	1710473129065
USER	Post Marketplace Fees	START	1710473129142
REQUEST		Post marketplace fees	1710473127544	1710473129324	OK	 
USER	Post Marketplace Fees	END	1710473129324
USER	Post Marketplace Fees	START	1710473129342
USER	Post Marketplace Fees	START	1710473129542
REQUEST		Post marketplace fees	1710473128743	1710473129702	OK	 
USER	Post Marketplace Fees	END	1710473129703
USER	Post Marketplace Fees	START	1710473129743
REQUEST		Post marketplace fees	1710473127143	1710473129797	OK	 
USER	Post Marketplace Fees	END	1710473129797
REQUEST		Post marketplace fees	1710473128943	1710473129825	OK	 
USER	Post Marketplace Fees	END	1710473129827
USER	Post Marketplace Fees	START	1710473129942
USER	Post Marketplace Fees	START	1710473130142
REQUEST		Post marketplace fees	1710473128142	1710473130150	OK	 
USER	Post Marketplace Fees	END	1710473130150
REQUEST		Post marketplace fees	1710473127943	1710473130314	OK	 
USER	Post Marketplace Fees	END	1710473130316
REQUEST		Post marketplace fees	1710473128343	1710473130333	OK	 
USER	Post Marketplace Fees	END	1710473130334
USER	Post Marketplace Fees	START	1710473130343
USER	Post Marketplace Fees	START	1710473130543
REQUEST		Post marketplace fees	1710473129343	1710473130662	OK	 
USER	Post Marketplace Fees	END	1710473130662
USER	Post Marketplace Fees	START	1710473130743
REQUEST		Post marketplace fees	1710473128543	1710473130761	OK	 
USER	Post Marketplace Fees	END	1710473130761
REQUEST		Post marketplace fees	1710473129744	1710473130889	OK	 
USER	Post Marketplace Fees	END	1710473130889
REQUEST		Post marketplace fees	1710473129143	1710473130900	OK	 
USER	Post Marketplace Fees	END	1710473130900
USER	Post Marketplace Fees	START	1710473130942
REQUEST		Post marketplace fees	1710473129543	1710473131094	KO	status.find.is(201), but actually found 403
USER	Post Marketplace Fees	END	1710473131114
USER	Post Marketplace Fees	START	1710473131143
REQUEST		Post marketplace fees	1710473129943	1710473131225	OK	 
USER	Post Marketplace Fees	END	1710473131225
USER	Post Marketplace Fees	START	1710473131343
USER	Post Marketplace Fees	START	1710473131543
REQUEST		Post marketplace fees	1710473130143	1710473131659	OK	 
USER	Post Marketplace Fees	END	1710473131660
REQUEST		Post marketplace fees	1710473130344	1710473131737	OK	 
USER	Post Marketplace Fees	END	1710473131738
USER	Post Marketplace Fees	START	1710473131743
REQUEST		Post marketplace fees	1710473130544	1710473131836	OK	 
USER	Post Marketplace Fees	END	1710473131837
USER	Post Marketplace Fees	START	1710473131943
REQUEST		Post marketplace fees	1710473130943	1710473132134	OK	 
USER	Post Marketplace Fees	END	1710473132136
USER	Post Marketplace Fees	START	1710473132143
REQUEST		Post marketplace fees	1710473130744	1710473132317	OK	 
USER	Post Marketplace Fees	END	1710473132318
USER	Post Marketplace Fees	START	1710473132343
USER	Post Marketplace Fees	START	1710473132543
REQUEST		Post marketplace fees	1710473131143	1710473132619	OK	 
USER	Post Marketplace Fees	END	1710473132620
REQUEST		Post marketplace fees	1710473131745	1710473132696	OK	 
USER	Post Marketplace Fees	END	1710473132697
USER	Post Marketplace Fees	START	1710473132744
REQUEST		Post marketplace fees	1710473131543	1710473132920	OK	 
USER	Post Marketplace Fees	END	1710473132921
USER	Post Marketplace Fees	START	1710473132942
REQUEST		Post marketplace fees	1710473132144	1710473133139	OK	 
USER	Post Marketplace Fees	END	1710473133139
USER	Post Marketplace Fees	START	1710473133142
REQUEST		Post marketplace fees	1710473131344	1710473133229	OK	 
USER	Post Marketplace Fees	END	1710473133230
USER	Post Marketplace Fees	START	1710473133342
USER	Post Marketplace Fees	START	1710473133542
REQUEST		Post marketplace fees	1710473132344	1710473133622	OK	 
USER	Post Marketplace Fees	END	1710473133623
USER	Post Marketplace Fees	START	1710473133743
REQUEST		Post marketplace fees	1710473131943	1710473133926	OK	 
USER	Post Marketplace Fees	END	1710473133927
USER	Post Marketplace Fees	START	1710473133942
REQUEST		Post marketplace fees	1710473132544	1710473134050	OK	 
USER	Post Marketplace Fees	END	1710473134050
USER	Post Marketplace Fees	START	1710473134142
REQUEST		Post marketplace fees	1710473133142	1710473134245	OK	 
USER	Post Marketplace Fees	END	1710473134247
REQUEST		Post marketplace fees	1710473132744	1710473134320	OK	 
REQUEST		Post marketplace fees	1710473132942	1710473134320	OK	 
USER	Post Marketplace Fees	END	1710473134321
USER	Post Marketplace Fees	END	1710473134322
USER	Post Marketplace Fees	START	1710473134343
USER	Post Marketplace Fees	START	1710473134543
REQUEST		Post marketplace fees	1710473133542	1710473134692	OK	 
USER	Post Marketplace Fees	END	1710473134692
USER	Post Marketplace Fees	START	1710473134743
REQUEST		Post marketplace fees	1710473133743	1710473134913	OK	 
USER	Post Marketplace Fees	END	1710473134914
USER	Post Marketplace Fees	START	1710473134943
USER	Post Marketplace Fees	START	1710473135143
USER	Post Marketplace Fees	START	1710473135343
USER	Post Marketplace Fees	START	1710473135543
REQUEST		Post marketplace fees	1710473134343	1710473135572	OK	 
USER	Post Marketplace Fees	END	1710473135573
REQUEST		Post marketplace fees	1710473133342	1710473135603	OK	 
USER	Post Marketplace Fees	END	1710473135604
USER	Post Marketplace Fees	START	1710473135743
REQUEST		Post marketplace fees	1710473133943	1710473135843	OK	 
USER	Post Marketplace Fees	END	1710473135844
USER	Post Marketplace Fees	START	1710473135943
REQUEST		Post marketplace fees	1710473134744	1710473136025	OK	 
USER	Post Marketplace Fees	END	1710473136026
REQUEST		Post marketplace fees	1710473134143	1710473136107	OK	 
USER	Post Marketplace Fees	END	1710473136108
USER	Post Marketplace Fees	START	1710473136143
REQUEST		Post marketplace fees	1710473134544	1710473136221	OK	 
USER	Post Marketplace Fees	END	1710473136222
USER	Post Marketplace Fees	START	1710473136343
REQUEST		Post marketplace fees	1710473135143	1710473136345	OK	 
USER	Post Marketplace Fees	END	1710473136346
REQUEST		Post marketplace fees	1710473134943	1710473136446	OK	 
USER	Post Marketplace Fees	END	1710473136447
USER	Post Marketplace Fees	START	1710473136543
USER	Post Marketplace Fees	START	1710473136742
USER	Post Marketplace Fees	START	1710473136943
REQUEST		Post marketplace fees	1710473135344	1710473137056	OK	 
USER	Post Marketplace Fees	END	1710473137058
USER	Post Marketplace Fees	START	1710473137143
USER	Post Marketplace Fees	START	1710473137343
REQUEST		Post marketplace fees	1710473135943	1710473137381	OK	 
USER	Post Marketplace Fees	END	1710473137382
REQUEST		Post marketplace fees	1710473135544	1710473137395	OK	 
USER	Post Marketplace Fees	END	1710473137395
REQUEST		Post marketplace fees	1710473135743	1710473137492	OK	 
USER	Post Marketplace Fees	END	1710473137493
USER	Post Marketplace Fees	START	1710473137543
USER	Post Marketplace Fees	START	1710473137743
REQUEST		Post marketplace fees	1710473136743	1710473137817	OK	 
USER	Post Marketplace Fees	END	1710473137819
USER	Post Marketplace Fees	START	1710473137943
REQUEST		Post marketplace fees	1710473136344	1710473137997	OK	 
USER	Post Marketplace Fees	END	1710473137998
REQUEST		Post marketplace fees	1710473136143	1710473138090	OK	 
USER	Post Marketplace Fees	END	1710473138092
USER	Post Marketplace Fees	START	1710473138143
REQUEST		Post marketplace fees	1710473136544	1710473138222	OK	 
USER	Post Marketplace Fees	END	1710473138223
REQUEST		Post marketplace fees	1710473136944	1710473138339	OK	 
USER	Post Marketplace Fees	END	1710473138340
USER	Post Marketplace Fees	START	1710473138343
REQUEST		Post marketplace fees	1710473137144	1710473138398	OK	 
USER	Post Marketplace Fees	END	1710473138400
USER	Post Marketplace Fees	START	1710473138544
USER	Post Marketplace Fees	START	1710473138743
REQUEST		Post marketplace fees	1710473137944	1710473138744	OK	 
USER	Post Marketplace Fees	END	1710473138745
REQUEST		Post marketplace fees	1710473137744	1710473138839	OK	 
USER	Post Marketplace Fees	END	1710473138840
USER	Post Marketplace Fees	START	1710473138942
REQUEST		Post marketplace fees	1710473137344	1710473139123	OK	 
USER	Post Marketplace Fees	END	1710473139124
REQUEST		Post marketplace fees	1710473137545	1710473139128	OK	 
USER	Post Marketplace Fees	END	1710473139129
USER	Post Marketplace Fees	START	1710473139143
USER	Post Marketplace Fees	START	1710473139343
REQUEST		Post marketplace fees	1710473138344	1710473139532	OK	 
USER	Post Marketplace Fees	END	1710473139533
USER	Post Marketplace Fees	START	1710473139542
REQUEST		Post marketplace fees	1710473138145	1710473139632	OK	 
USER	Post Marketplace Fees	END	1710473139633
USER	Post Marketplace Fees	START	1710473139743
USER	Post Marketplace Fees	START	1710473139942
USER	Post Marketplace Fees	START	1710473140143
REQUEST		Post marketplace fees	1710473138744	1710473140222	OK	 
USER	Post Marketplace Fees	END	1710473140223
USER	Post Marketplace Fees	START	1710473140342
REQUEST		Post marketplace fees	1710473138944	1710473140437	OK	 
USER	Post Marketplace Fees	END	1710473140438
REQUEST		Post marketplace fees	1710473138545	1710473140438	OK	 
USER	Post Marketplace Fees	END	1710473140439
USER	Post Marketplace Fees	START	1710473140543
REQUEST		Post marketplace fees	1710473139344	1710473140553	OK	 
USER	Post Marketplace Fees	END	1710473140554
REQUEST		Post marketplace fees	1710473139543	1710473140735	OK	 
USER	Post Marketplace Fees	END	1710473140736
USER	Post Marketplace Fees	START	1710473140743
REQUEST		Post marketplace fees	1710473139744	1710473140839	OK	 
USER	Post Marketplace Fees	END	1710473140840
REQUEST		Post marketplace fees	1710473139144	1710473140926	OK	 
USER	Post Marketplace Fees	END	1710473140927
USER	Post Marketplace Fees	START	1710473140942
USER	Post Marketplace Fees	START	1710473141142
USER	Post Marketplace Fees	START	1710473141342
REQUEST		Post marketplace fees	1710473140543	1710473141346	OK	 
USER	Post Marketplace Fees	END	1710473141347
REQUEST		Post marketplace fees	1710473140343	1710473141400	OK	 
USER	Post Marketplace Fees	END	1710473141401
REQUEST		Post marketplace fees	1710473139944	1710473141409	OK	 
USER	Post Marketplace Fees	END	1710473141411
USER	Post Marketplace Fees	START	1710473141542
REQUEST		Post marketplace fees	1710473140743	1710473141639	OK	 
USER	Post Marketplace Fees	END	1710473141640
USER	Post Marketplace Fees	START	1710473141743
USER	Post Marketplace Fees	START	1710473141943
REQUEST		Post marketplace fees	1710473140144	1710473142100	OK	 
USER	Post Marketplace Fees	END	1710473142102
USER	Post Marketplace Fees	START	1710473142143
USER	Post Marketplace Fees	START	1710473142343
REQUEST		Post marketplace fees	1710473141143	1710473142386	OK	 
USER	Post Marketplace Fees	END	1710473142387
USER	Post Marketplace Fees	START	1710473142544
REQUEST		Post marketplace fees	1710473141343	1710473142618	OK	 
USER	Post Marketplace Fees	END	1710473142619
REQUEST		Post marketplace fees	1710473141744	1710473142718	OK	 
USER	Post Marketplace Fees	END	1710473142719
USER	Post Marketplace Fees	START	1710473142743
REQUEST		Post marketplace fees	1710473140943	1710473142833	OK	 
USER	Post Marketplace Fees	END	1710473142834
REQUEST		Post marketplace fees	1710473141543	1710473142892	OK	 
USER	Post Marketplace Fees	END	1710473142893
USER	Post Marketplace Fees	START	1710473142942
USER	Post Marketplace Fees	START	1710473143143
REQUEST		Post marketplace fees	1710473141944	1710473143157	OK	 
USER	Post Marketplace Fees	END	1710473143158
USER	Post Marketplace Fees	START	1710473143343
REQUEST		Post marketplace fees	1710473142144	1710473143433	OK	 
USER	Post Marketplace Fees	END	1710473143435
REQUEST		Post marketplace fees	1710473142343	1710473143530	OK	 
USER	Post Marketplace Fees	END	1710473143531
USER	Post Marketplace Fees	START	1710473143542
USER	Post Marketplace Fees	START	1710473143743
REQUEST		Post marketplace fees	1710473142744	1710473143932	OK	 
USER	Post Marketplace Fees	END	1710473143933
USER	Post Marketplace Fees	START	1710473143943
REQUEST		Post marketplace fees	1710473142544	1710473144020	OK	 
USER	Post Marketplace Fees	END	1710473144021
REQUEST		Post marketplace fees	1710473142943	1710473144115	OK	 
USER	Post Marketplace Fees	END	1710473144115
USER	Post Marketplace Fees	START	1710473144143
REQUEST		Post marketplace fees	1710473143144	1710473144317	OK	 
USER	Post Marketplace Fees	END	1710473144317
USER	Post Marketplace Fees	START	1710473144343
USER	Post Marketplace Fees	START	1710473144543
REQUEST		Post marketplace fees	1710473143543	1710473144619	OK	 
USER	Post Marketplace Fees	END	1710473144620
REQUEST		Post marketplace fees	1710473143344	1710473144672	OK	 
USER	Post Marketplace Fees	END	1710473144673
USER	Post Marketplace Fees	START	1710473144743
USER	Post Marketplace Fees	START	1710473144908
REQUEST		Post marketplace fees	1710473143944	1710473145030	OK	 
USER	Post Marketplace Fees	END	1710473145031
USER	Post Marketplace Fees	START	1710473145075
REQUEST		Post marketplace fees	1710473143744	1710473145116	OK	 
USER	Post Marketplace Fees	END	1710473145117
USER	Post Marketplace Fees	START	1710473145242
USER	Post Marketplace Fees	START	1710473145409
REQUEST		Post marketplace fees	1710473144143	1710473145530	OK	 
USER	Post Marketplace Fees	END	1710473145532
USER	Post Marketplace Fees	START	1710473145576
REQUEST		Post marketplace fees	1710473144909	1710473145642	OK	 
USER	Post Marketplace Fees	END	1710473145642
USER	Post Marketplace Fees	START	1710473145743
REQUEST		Post marketplace fees	1710473144343	1710473145926	OK	 
USER	Post Marketplace Fees	END	1710473145927
USER	Post Marketplace Fees	START	1710473145942
REQUEST		Post marketplace fees	1710473144544	1710473146026	OK	 
USER	Post Marketplace Fees	END	1710473146027
USER	Post Marketplace Fees	START	1710473146142
REQUEST		Post marketplace fees	1710473144744	1710473146272	OK	 
USER	Post Marketplace Fees	END	1710473146273
USER	Post Marketplace Fees	START	1710473146343
USER	Post Marketplace Fees	START	1710473146543
USER	Post Marketplace Fees	START	1710473146743
REQUEST		Post marketplace fees	1710473145075	1710473146834	OK	 
USER	Post Marketplace Fees	END	1710473146835
REQUEST		Post marketplace fees	1710473145243	1710473146859	OK	 
USER	Post Marketplace Fees	END	1710473146860
REQUEST		Post marketplace fees	1710473145410	1710473146891	OK	 
USER	Post Marketplace Fees	END	1710473146893
REQUEST		Post marketplace fees	1710473145744	1710473146893	OK	 
USER	Post Marketplace Fees	END	1710473146894
USER	Post Marketplace Fees	START	1710473146908
USER	Post Marketplace Fees	START	1710473147075
REQUEST		Post marketplace fees	1710473145943	1710473147193	OK	 
USER	Post Marketplace Fees	END	1710473147193
USER	Post Marketplace Fees	START	1710473147242
USER	Post Marketplace Fees	START	1710473147409
USER	Post Marketplace Fees	START	1710473147576
REQUEST		Post marketplace fees	1710473145578	1710473147591	OK	 
USER	Post Marketplace Fees	END	1710473147593
USER	Post Marketplace Fees	START	1710473147744
REQUEST		Post marketplace fees	1710473146343	1710473147766	OK	 
USER	Post Marketplace Fees	END	1710473147767
USER	Post Marketplace Fees	START	1710473147908
USER	Post Marketplace Fees	START	1710473148076
USER	Post Marketplace Fees	START	1710473148242
REQUEST		Post marketplace fees	1710473146144	1710473148248	OK	 
USER	Post Marketplace Fees	END	1710473148249
USER	Post Marketplace Fees	START	1710473148409
USER	Post Marketplace Fees	START	1710473148576
REQUEST		Post marketplace fees	1710473146909	1710473148588	OK	 
USER	Post Marketplace Fees	END	1710473148589
REQUEST		Post marketplace fees	1710473146744	1710473148589	OK	 
USER	Post Marketplace Fees	END	1710473148589
REQUEST		Post marketplace fees	1710473146543	1710473148632	OK	 
USER	Post Marketplace Fees	END	1710473148633
USER	Post Marketplace Fees	START	1710473148743
USER	Post Marketplace Fees	START	1710473148908
REQUEST		Post marketplace fees	1710473147410	1710473148946	OK	 
USER	Post Marketplace Fees	END	1710473148947
USER	Post Marketplace Fees	START	1710473149076
USER	Post Marketplace Fees	START	1710473149243
REQUEST		Post marketplace fees	1710473147909	1710473149304	OK	 
USER	Post Marketplace Fees	END	1710473149306
REQUEST		Post marketplace fees	1710473147243	1710473149339	OK	 
USER	Post Marketplace Fees	END	1710473149340
USER	Post Marketplace Fees	START	1710473149409
USER	Post Marketplace Fees	START	1710473149576
USER	Post Marketplace Fees	START	1710473149744
REQUEST		Post marketplace fees	1710473148410	1710473149816	OK	 
USER	Post Marketplace Fees	END	1710473149817
USER	Post Marketplace Fees	START	1710473149908
REQUEST		Post marketplace fees	1710473148077	1710473149957	OK	 
USER	Post Marketplace Fees	END	1710473149958
USER	Post Marketplace Fees	START	1710473150075
REQUEST		Post marketplace fees	1710473147577	1710473150089	OK	 
USER	Post Marketplace Fees	END	1710473150090
REQUEST		Post marketplace fees	1710473147076	1710473150114	OK	 
USER	Post Marketplace Fees	END	1710473150115
USER	Post Marketplace Fees	START	1710473150242
REQUEST		Post marketplace fees	1710473148909	1710473150288	OK	 
USER	Post Marketplace Fees	END	1710473150288
REQUEST		Post marketplace fees	1710473147744	1710473150327	OK	 
USER	Post Marketplace Fees	END	1710473150329
USER	Post Marketplace Fees	START	1710473150409
REQUEST		Post marketplace fees	1710473149076	1710473150492	OK	 
USER	Post Marketplace Fees	END	1710473150493
USER	Post Marketplace Fees	START	1710473150576
USER	Post Marketplace Fees	START	1710473150743
REQUEST		Post marketplace fees	1710473149410	1710473150844	OK	 
USER	Post Marketplace Fees	END	1710473150845
USER	Post Marketplace Fees	START	1710473150908
REQUEST		Post marketplace fees	1710473148576	1710473150918	OK	 
USER	Post Marketplace Fees	END	1710473150919
USER	Post Marketplace Fees	START	1710473151076
REQUEST		Post marketplace fees	1710473149243	1710473151089	OK	 
USER	Post Marketplace Fees	END	1710473151090
USER	Post Marketplace Fees	START	1710473151242
USER	Post Marketplace Fees	START	1710473151409
USER	Post Marketplace Fees	START	1710473151576
REQUEST		Post marketplace fees	1710473150243	1710473151637	OK	 
USER	Post Marketplace Fees	END	1710473151638
USER	Post Marketplace Fees	START	1710473151744
USER	Post Marketplace Fees	START	1710473151908
REQUEST		Post marketplace fees	1710473149577	1710473151991	OK	 
USER	Post Marketplace Fees	END	1710473151992
USER	Post Marketplace Fees	START	1710473152076
REQUEST		Post marketplace fees	1710473149745	1710473152157	OK	 
USER	Post Marketplace Fees	END	1710473152158
USER	Post Marketplace Fees	START	1710473152243
REQUEST		Post marketplace fees	1710473150076	1710473152318	OK	 
USER	Post Marketplace Fees	END	1710473152318
REQUEST		Post marketplace fees	1710473148243	1710473152389	OK	 
USER	Post Marketplace Fees	END	1710473152389
USER	Post Marketplace Fees	START	1710473152409
REQUEST		Post marketplace fees	1710473150576	1710473152432	OK	 
USER	Post Marketplace Fees	END	1710473152432
REQUEST		Post marketplace fees	1710473148744	1710473152500	OK	 
USER	Post Marketplace Fees	END	1710473152500
USER	Post Marketplace Fees	START	1710473152576
USER	Post Marketplace Fees	START	1710473152743
REQUEST		Post marketplace fees	1710473151744	1710473152832	OK	 
USER	Post Marketplace Fees	END	1710473152832
USER	Post Marketplace Fees	START	1710473152909
REQUEST		Post marketplace fees	1710473151243	1710473153014	OK	 
USER	Post Marketplace Fees	END	1710473153016
USER	Post Marketplace Fees	START	1710473153076
USER	Post Marketplace Fees	START	1710473153243
USER	Post Marketplace Fees	START	1710473153409
REQUEST		Post marketplace fees	1710473150410	1710473153416	OK	 
USER	Post Marketplace Fees	END	1710473153417
REQUEST		Post marketplace fees	1710473150744	1710473153527	OK	 
USER	Post Marketplace Fees	END	1710473153528
REQUEST		Post marketplace fees	1710473151577	1710473153527	OK	 
USER	Post Marketplace Fees	END	1710473153528
USER	Post Marketplace Fees	START	1710473153576
REQUEST		Post marketplace fees	1710473149910	1710473153700	OK	 
USER	Post Marketplace Fees	END	1710473153701
USER	Post Marketplace Fees	START	1710473153743
REQUEST		Post marketplace fees	1710473152076	1710473153796	OK	 
USER	Post Marketplace Fees	END	1710473153796
USER	Post Marketplace Fees	START	1710473153909
REQUEST		Post marketplace fees	1710473150910	1710473153940	OK	 
USER	Post Marketplace Fees	END	1710473153941
REQUEST		Post marketplace fees	1710473153244	1710473154017	OK	 
USER	Post Marketplace Fees	END	1710473154018
USER	Post Marketplace Fees	START	1710473154076
REQUEST		Post marketplace fees	1710473152577	1710473154134	OK	 
USER	Post Marketplace Fees	END	1710473154135
USER	Post Marketplace Fees	START	1710473154244
REQUEST		Post marketplace fees	1710473151076	1710473154314	OK	 
USER	Post Marketplace Fees	END	1710473154315
REQUEST		Post marketplace fees	1710473151409	1710473154409	OK	 
USER	Post Marketplace Fees	START	1710473154410
USER	Post Marketplace Fees	END	1710473154410
USER	Post Marketplace Fees	START	1710473154577
REQUEST		Post marketplace fees	1710473151909	1710473154652	OK	 
USER	Post Marketplace Fees	END	1710473154653
USER	Post Marketplace Fees	START	1710473154743
REQUEST		Post marketplace fees	1710473152409	1710473154824	OK	 
USER	Post Marketplace Fees	END	1710473154825
USER	Post Marketplace Fees	START	1710473154908
USER	Post Marketplace Fees	START	1710473155075
REQUEST		Post marketplace fees	1710473153744	1710473155110	OK	 
USER	Post Marketplace Fees	END	1710473155111
USER	Post Marketplace Fees	START	1710473155242
USER	Post Marketplace Fees	START	1710473155408
REQUEST		Post marketplace fees	1710473153910	1710473155518	OK	 
USER	Post Marketplace Fees	END	1710473155519
USER	Post Marketplace Fees	START	1710473155575
USER	Post Marketplace Fees	START	1710473155743
REQUEST		Post marketplace fees	1710473152744	1710473155765	OK	 
USER	Post Marketplace Fees	END	1710473155766
USER	Post Marketplace Fees	START	1710473155908
REQUEST		Post marketplace fees	1710473152243	1710473156039	OK	 
USER	Post Marketplace Fees	END	1710473156040
REQUEST		Post marketplace fees	1710473154077	1710473156044	OK	 
USER	Post Marketplace Fees	END	1710473156045
REQUEST		Post marketplace fees	1710473154577	1710473156045	OK	 
USER	Post Marketplace Fees	END	1710473156046
USER	Post Marketplace Fees	START	1710473156076
REQUEST		Post marketplace fees	1710473154909	1710473156223	OK	 
USER	Post Marketplace Fees	END	1710473156224
USER	Post Marketplace Fees	START	1710473156243
REQUEST		Post marketplace fees	1710473153576	1710473156296	OK	 
USER	Post Marketplace Fees	END	1710473156296
USER	Post Marketplace Fees	START	1710473156409
REQUEST		Post marketplace fees	1710473152910	1710473156505	OK	 
USER	Post Marketplace Fees	END	1710473156506
REQUEST		Post marketplace fees	1710473153077	1710473156506	OK	 
USER	Post Marketplace Fees	END	1710473156507
REQUEST		Post marketplace fees	1710473153409	1710473156532	OK	 
USER	Post Marketplace Fees	END	1710473156532
USER	Post Marketplace Fees	START	1710473156576
USER	Post Marketplace Fees	START	1710473156743
USER	Post Marketplace Fees	START	1710473156909
REQUEST		Post marketplace fees	1710473155076	1710473156990	OK	 
USER	Post Marketplace Fees	END	1710473156992
REQUEST		Post marketplace fees	1710473155243	1710473157022	OK	 
USER	Post Marketplace Fees	END	1710473157023
USER	Post Marketplace Fees	START	1710473157076
REQUEST		Post marketplace fees	1710473155576	1710473157216	OK	 
USER	Post Marketplace Fees	END	1710473157217
USER	Post Marketplace Fees	START	1710473157243
USER	Post Marketplace Fees	START	1710473157409
REQUEST		Post marketplace fees	1710473154244	1710473157520	OK	 
USER	Post Marketplace Fees	END	1710473157521
USER	Post Marketplace Fees	START	1710473157576
USER	Post Marketplace Fees	START	1710473157743
REQUEST		Post marketplace fees	1710473154410	1710473157818	OK	 
USER	Post Marketplace Fees	END	1710473157820
USER	Post Marketplace Fees	START	1710473157908
USER	Post Marketplace Fees	START	1710473158075
REQUEST		Post marketplace fees	1710473157076	1710473158132	OK	 
USER	Post Marketplace Fees	END	1710473158133
REQUEST		Post marketplace fees	1710473155909	1710473158196	OK	 
USER	Post Marketplace Fees	END	1710473158197
USER	Post Marketplace Fees	START	1710473158243
REQUEST		Post marketplace fees	1710473156244	1710473158335	OK	 
USER	Post Marketplace Fees	END	1710473158336
REQUEST		Post marketplace fees	1710473156576	1710473158392	OK	 
USER	Post Marketplace Fees	END	1710473158394
REQUEST		Post marketplace fees	1710473155409	1710473158394	OK	 
USER	Post Marketplace Fees	END	1710473158395
USER	Post Marketplace Fees	START	1710473158409
USER	Post Marketplace Fees	START	1710473158576
USER	Post Marketplace Fees	START	1710473158742
REQUEST		Post marketplace fees	1710473154744	1710473158826	OK	 
USER	Post Marketplace Fees	END	1710473158826
REQUEST		Post marketplace fees	1710473156910	1710473158893	OK	 
USER	Post Marketplace Fees	END	1710473158893
USER	Post Marketplace Fees	START	1710473158908
USER	Post Marketplace Fees	START	1710473159075
REQUEST		Post marketplace fees	1710473157410	1710473159131	OK	 
USER	Post Marketplace Fees	END	1710473159132
REQUEST		Post marketplace fees	1710473157244	1710473159228	OK	 
USER	Post Marketplace Fees	END	1710473159229
USER	Post Marketplace Fees	START	1710473159245
USER	Post Marketplace Fees	START	1710473159408
USER	Post Marketplace Fees	START	1710473159575
USER	Post Marketplace Fees	START	1710473159743
USER	Post Marketplace Fees	START	1710473159909
USER	Post Marketplace Fees	START	1710473160076
REQUEST		Post marketplace fees	1710473157576	1710473160077	OK	 
USER	Post Marketplace Fees	END	1710473160078
REQUEST		Post marketplace fees	1710473158576	1710473160122	OK	 
USER	Post Marketplace Fees	END	1710473160123
REQUEST		Post marketplace fees	1710473155744	1710473160200	OK	 
USER	Post Marketplace Fees	END	1710473160200
REQUEST		Post marketplace fees	1710473156076	1710473160201	OK	 
USER	Post Marketplace Fees	END	1710473160201
REQUEST		Post marketplace fees	1710473156744	1710473160229	OK	 
USER	Post Marketplace Fees	END	1710473160229
USER	Post Marketplace Fees	START	1710473160243
REQUEST		Post marketplace fees	1710473156410	1710473160306	OK	 
USER	Post Marketplace Fees	END	1710473160306
USER	Post Marketplace Fees	START	1710473160409
REQUEST		Post marketplace fees	1710473159409	1710473160488	OK	 
USER	Post Marketplace Fees	END	1710473160488
USER	Post Marketplace Fees	START	1710473160576
REQUEST		Post marketplace fees	1710473158076	1710473160700	OK	 
USER	Post Marketplace Fees	END	1710473160700
REQUEST		Post marketplace fees	1710473158244	1710473160701	OK	 
USER	Post Marketplace Fees	END	1710473160701
REQUEST		Post marketplace fees	1710473158743	1710473160728	OK	 
USER	Post Marketplace Fees	END	1710473160729
USER	Post Marketplace Fees	START	1710473160743
USER	Post Marketplace Fees	START	1710473160908
USER	Post Marketplace Fees	START	1710473161075
USER	Post Marketplace Fees	START	1710473161242
REQUEST		Post marketplace fees	1710473157908	1710473161323	OK	 
USER	Post Marketplace Fees	END	1710473161324
REQUEST		Post marketplace fees	1710473158908	1710473161334	OK	 
USER	Post Marketplace Fees	END	1710473161335
USER	Post Marketplace Fees	START	1710473161408
REQUEST		Post marketplace fees	1710473158410	1710473161516	OK	 
USER	Post Marketplace Fees	END	1710473161517
USER	Post Marketplace Fees	START	1710473161576
USER	Post Marketplace Fees	START	1710473161744
REQUEST		Post marketplace fees	1710473159743	1710473161896	OK	 
REQUEST		Post marketplace fees	1710473157744	1710473161897	OK	 
USER	Post Marketplace Fees	END	1710473161897
USER	Post Marketplace Fees	END	1710473161898
USER	Post Marketplace Fees	START	1710473161909
REQUEST		Post marketplace fees	1710473160409	1710473162029	OK	 
USER	Post Marketplace Fees	END	1710473162030
USER	Post Marketplace Fees	START	1710473162076
USER	Post Marketplace Fees	START	1710473162243
USER	Post Marketplace Fees	START	1710473162409
REQUEST		Post marketplace fees	1710473159575	1710473162425	OK	 
USER	Post Marketplace Fees	END	1710473162425
REQUEST		Post marketplace fees	1710473160244	1710473162426	OK	 
USER	Post Marketplace Fees	END	1710473162427
USER	Post Marketplace Fees	START	1710473162576
REQUEST		Post marketplace fees	1710473159076	1710473162609	OK	 
USER	Post Marketplace Fees	END	1710473162610
USER	Post Marketplace Fees	START	1710473162743
REQUEST		Post marketplace fees	1710473159909	1710473162800	OK	 
USER	Post Marketplace Fees	END	1710473162801
REQUEST		Post marketplace fees	1710473160076	1710473162840	OK	 
USER	Post Marketplace Fees	END	1710473162840
USER	Post Marketplace Fees	START	1710473162909
REQUEST		Post marketplace fees	1710473159245	1710473163001	OK	 
USER	Post Marketplace Fees	END	1710473163002
USER	Post Marketplace Fees	START	1710473163076
USER	Post Marketplace Fees	START	1710473163243
REQUEST		Post marketplace fees	1710473161410	1710473163334	OK	 
USER	Post Marketplace Fees	END	1710473163334
USER	Post Marketplace Fees	START	1710473163409
REQUEST		Post marketplace fees	1710473161745	1710473163421	OK	 
USER	Post Marketplace Fees	END	1710473163421
REQUEST		Post marketplace fees	1710473161076	1710473163529	OK	 
USER	Post Marketplace Fees	END	1710473163529
REQUEST		Post marketplace fees	1710473161576	1710473163532	OK	 
USER	Post Marketplace Fees	END	1710473163532
USER	Post Marketplace Fees	START	1710473163576
REQUEST		Post marketplace fees	1710473160909	1710473163694	OK	 
USER	Post Marketplace Fees	END	1710473163695
USER	Post Marketplace Fees	START	1710473163744
REQUEST		Post marketplace fees	1710473160744	1710473163791	OK	 
USER	Post Marketplace Fees	END	1710473163791
USER	Post Marketplace Fees	START	1710473163909
USER	Post Marketplace Fees	START	1710473164076
USER	Post Marketplace Fees	START	1710473164243
REQUEST		Post marketplace fees	1710473161909	1710473164264	OK	 
USER	Post Marketplace Fees	END	1710473164265
REQUEST		Post marketplace fees	1710473162243	1710473164335	OK	 
USER	Post Marketplace Fees	END	1710473164336
REQUEST		Post marketplace fees	1710473160577	1710473164395	OK	 
USER	Post Marketplace Fees	END	1710473164395
USER	Post Marketplace Fees	START	1710473164409
REQUEST		Post marketplace fees	1710473162577	1710473164490	OK	 
USER	Post Marketplace Fees	END	1710473164490
REQUEST		Post marketplace fees	1710473161243	1710473164521	OK	 
USER	Post Marketplace Fees	END	1710473164522
USER	Post Marketplace Fees	START	1710473164576
USER	Post Marketplace Fees	START	1710473164744
USER	Post Marketplace Fees	START	1710473164884
REQUEST		Post marketplace fees	1710473163076	1710473164960	OK	 
REQUEST		Post marketplace fees	1710473162744	1710473164960	OK	 
USER	Post Marketplace Fees	END	1710473164961
USER	Post Marketplace Fees	END	1710473164961
USER	Post Marketplace Fees	START	1710473165028
REQUEST		Post marketplace fees	1710473162076	1710473165027	OK	 
USER	Post Marketplace Fees	END	1710473165029
REQUEST		Post marketplace fees	1710473163745	1710473165032	OK	 
USER	Post Marketplace Fees	END	1710473165033
USER	Post Marketplace Fees	START	1710473165170
REQUEST		Post marketplace fees	1710473163244	1710473165238	OK	 
USER	Post Marketplace Fees	END	1710473165239
USER	Post Marketplace Fees	START	1710473165313
REQUEST		Post marketplace fees	1710473164244	1710473165422	OK	 
USER	Post Marketplace Fees	END	1710473165422
USER	Post Marketplace Fees	START	1710473165457
USER	Post Marketplace Fees	START	1710473165600
REQUEST		Post marketplace fees	1710473162410	1710473165689	OK	 
USER	Post Marketplace Fees	END	1710473165689
REQUEST		Post marketplace fees	1710473162909	1710473165691	OK	 
USER	Post Marketplace Fees	END	1710473165691
USER	Post Marketplace Fees	START	1710473165743
REQUEST		Post marketplace fees	1710473164744	1710473165819	OK	 
USER	Post Marketplace Fees	END	1710473165820
USER	Post Marketplace Fees	START	1710473165908
USER	Post Marketplace Fees	START	1710473166075
USER	Post Marketplace Fees	START	1710473166242
REQUEST		Post marketplace fees	1710473163409	1710473166267	OK	 
USER	Post Marketplace Fees	END	1710473166268
REQUEST		Post marketplace fees	1710473163576	1710473166333	OK	 
USER	Post Marketplace Fees	END	1710473166334
REQUEST		Post marketplace fees	1710473164885	1710473166334	OK	 
USER	Post Marketplace Fees	END	1710473166334
USER	Post Marketplace Fees	START	1710473166408
REQUEST		Post marketplace fees	1710473164076	1710473166527	OK	 
USER	Post Marketplace Fees	END	1710473166528
REQUEST		Post marketplace fees	1710473165171	1710473166568	OK	 
USER	Post Marketplace Fees	END	1710473166569
USER	Post Marketplace Fees	START	1710473166575
REQUEST		Post marketplace fees	1710473164577	1710473166728	OK	 
USER	Post Marketplace Fees	END	1710473166729
USER	Post Marketplace Fees	START	1710473166743
REQUEST		Post marketplace fees	1710473164410	1710473166795	OK	 
USER	Post Marketplace Fees	END	1710473166796
REQUEST		Post marketplace fees	1710473165458	1710473166811	OK	 
USER	Post Marketplace Fees	END	1710473166812
REQUEST		Post marketplace fees	1710473163910	1710473166814	OK	 
USER	Post Marketplace Fees	END	1710473166814
USER	Post Marketplace Fees	START	1710473166885
USER	Post Marketplace Fees	START	1710473167028
USER	Post Marketplace Fees	START	1710473167171
USER	Post Marketplace Fees	START	1710473167314
USER	Post Marketplace Fees	START	1710473167457
USER	Post Marketplace Fees	START	1710473167600
REQUEST		Post marketplace fees	1710473165029	1710473167629	OK	 
USER	Post Marketplace Fees	END	1710473167629
USER	Post Marketplace Fees	START	1710473167743
USER	Post Marketplace Fees	START	1710473167885
REQUEST		Post marketplace fees	1710473166243	1710473167896	OK	 
USER	Post Marketplace Fees	END	1710473167897
USER	Post Marketplace Fees	START	1710473168028
USER	Post Marketplace Fees	START	1710473168171
USER	Post Marketplace Fees	START	1710473168314
REQUEST		Post marketplace fees	1710473165601	1710473168321	OK	 
USER	Post Marketplace Fees	END	1710473168321
REQUEST		Post marketplace fees	1710473165314	1710473168435	OK	 
USER	Post Marketplace Fees	END	1710473168435
REQUEST		Post marketplace fees	1710473166076	1710473168436	OK	 
USER	Post Marketplace Fees	END	1710473168437
USER	Post Marketplace Fees	START	1710473168457
REQUEST		Post marketplace fees	1710473165743	1710473168489	OK	 
USER	Post Marketplace Fees	END	1710473168489
REQUEST		Post marketplace fees	1710473166743	1710473168537	OK	 
USER	Post Marketplace Fees	END	1710473168538
USER	Post Marketplace Fees	START	1710473168601
REQUEST		Post marketplace fees	1710473166409	1710473168728	OK	 
USER	Post Marketplace Fees	END	1710473168729
USER	Post Marketplace Fees	START	1710473168743
REQUEST		Post marketplace fees	1710473165908	1710473168828	OK	 
USER	Post Marketplace Fees	END	1710473168829
USER	Post Marketplace Fees	START	1710473168884
REQUEST		Post marketplace fees	1710473167028	1710473168931	OK	 
USER	Post Marketplace Fees	END	1710473168932
REQUEST		Post marketplace fees	1710473166576	1710473168995	OK	 
USER	Post Marketplace Fees	END	1710473168997
REQUEST		Post marketplace fees	1710473167315	1710473169007	OK	 
USER	Post Marketplace Fees	END	1710473169008
USER	Post Marketplace Fees	START	1710473169028
REQUEST		Post marketplace fees	1710473168171	1710473169130	OK	 
USER	Post Marketplace Fees	END	1710473169130
USER	Post Marketplace Fees	START	1710473169171
USER	Post Marketplace Fees	START	1710473169313
REQUEST		Post marketplace fees	1710473167885	1710473169431	OK	 
USER	Post Marketplace Fees	END	1710473169431
REQUEST		Post marketplace fees	1710473166886	1710473169433	OK	 
USER	Post Marketplace Fees	END	1710473169433
USER	Post Marketplace Fees	START	1710473169457
REQUEST		Post marketplace fees	1710473167458	1710473169529	OK	 
USER	Post Marketplace Fees	END	1710473169530
USER	Post Marketplace Fees	START	1710473169600
USER	Post Marketplace Fees	START	1710473169743
USER	Post Marketplace Fees	START	1710473169884
USER	Post Marketplace Fees	START	1710473170027
REQUEST		Post marketplace fees	1710473167171	1710473170129	OK	 
USER	Post Marketplace Fees	END	1710473170129
REQUEST		Post marketplace fees	1710473167601	1710473170131	OK	 
USER	Post Marketplace Fees	END	1710473170132
REQUEST		Post marketplace fees	1710473167743	1710473170133	OK	 
USER	Post Marketplace Fees	END	1710473170133
USER	Post Marketplace Fees	START	1710473170170
USER	Post Marketplace Fees	START	1710473170313
REQUEST		Post marketplace fees	1710473168885	1710473170328	OK	 
USER	Post Marketplace Fees	END	1710473170328
REQUEST		Post marketplace fees	1710473168458	1710473170329	OK	 
USER	Post Marketplace Fees	END	1710473170329
USER	Post Marketplace Fees	START	1710473170456
USER	Post Marketplace Fees	START	1710473170599
USER	Post Marketplace Fees	START	1710473170742
REQUEST		Post marketplace fees	1710473168601	1710473170762	OK	 
USER	Post Marketplace Fees	END	1710473170762
REQUEST		Post marketplace fees	1710473168314	1710473170821	OK	 
USER	Post Marketplace Fees	END	1710473170822
USER	Post Marketplace Fees	START	1710473170884
USER	Post Marketplace Fees	START	1710473171027
USER	Post Marketplace Fees	START	1710473171171
USER	Post Marketplace Fees	START	1710473171313
REQUEST		Post marketplace fees	1710473168028	1710473171354	OK	 
USER	Post Marketplace Fees	END	1710473171355
REQUEST		Post marketplace fees	1710473169171	1710473171355	OK	 
USER	Post Marketplace Fees	END	1710473171355
REQUEST		Post marketplace fees	1710473169314	1710473171421	OK	 
USER	Post Marketplace Fees	END	1710473171422
USER	Post Marketplace Fees	START	1710473171456
USER	Post Marketplace Fees	START	1710473171600
REQUEST		Post marketplace fees	1710473168744	1710473171638	OK	 
USER	Post Marketplace Fees	END	1710473171639
REQUEST		Post marketplace fees	1710473169884	1710473171726	OK	 
USER	Post Marketplace Fees	END	1710473171727
USER	Post Marketplace Fees	START	1710473171743
USER	Post Marketplace Fees	START	1710473171884
USER	Post Marketplace Fees	START	1710473172027
USER	Post Marketplace Fees	START	1710473172170
REQUEST		Post marketplace fees	1710473169457	1710473172235	OK	 
USER	Post Marketplace Fees	END	1710473172236
USER	Post Marketplace Fees	START	1710473172313
USER	Post Marketplace Fees	START	1710473172457
REQUEST		Post marketplace fees	1710473169744	1710473172522	OK	 
USER	Post Marketplace Fees	END	1710473172523
USER	Post Marketplace Fees	START	1710473172600
REQUEST		Post marketplace fees	1710473169029	1710473172602	OK	 
USER	Post Marketplace Fees	END	1710473172603
REQUEST		Post marketplace fees	1710473169600	1710473172722	OK	 
USER	Post Marketplace Fees	END	1710473172723
USER	Post Marketplace Fees	START	1710473172743
REQUEST		Post marketplace fees	1710473170028	1710473172814	OK	 
USER	Post Marketplace Fees	END	1710473172814
REQUEST		Post marketplace fees	1710473171028	1710473172815	OK	 
USER	Post Marketplace Fees	END	1710473172815
USER	Post Marketplace Fees	START	1710473172884
USER	Post Marketplace Fees	START	1710473173027
REQUEST		Post marketplace fees	1710473170171	1710473173065	OK	 
USER	Post Marketplace Fees	END	1710473173066
USER	Post Marketplace Fees	START	1710473173170
REQUEST		Post marketplace fees	1710473171457	1710473173193	OK	 
USER	Post Marketplace Fees	END	1710473173194
REQUEST		Post marketplace fees	1710473170600	1710473173198	OK	 
USER	Post Marketplace Fees	END	1710473173199
USER	Post Marketplace Fees	START	1710473173313
REQUEST		Post marketplace fees	1710473170457	1710473173394	OK	 
USER	Post Marketplace Fees	END	1710473173394
USER	Post Marketplace Fees	START	1710473173456
REQUEST		Post marketplace fees	1710473171314	1710473173472	OK	 
USER	Post Marketplace Fees	END	1710473173473
REQUEST		Post marketplace fees	1710473171171	1710473173523	OK	 
USER	Post Marketplace Fees	END	1710473173523
USER	Post Marketplace Fees	START	1710473173600
REQUEST		Post marketplace fees	1710473170314	1710473173724	OK	 
USER	Post Marketplace Fees	END	1710473173725
USER	Post Marketplace Fees	START	1710473173742
USER	Post Marketplace Fees	START	1710473173884
REQUEST		Post marketplace fees	1710473172171	1710473173988	OK	 
USER	Post Marketplace Fees	END	1710473173989
USER	Post Marketplace Fees	START	1710473174027
REQUEST		Post marketplace fees	1710473170743	1710473174120	OK	 
USER	Post Marketplace Fees	END	1710473174120
USER	Post Marketplace Fees	START	1710473174170
REQUEST		Post marketplace fees	1710473170885	1710473174232	OK	 
USER	Post Marketplace Fees	END	1710473174233
REQUEST		Post marketplace fees	1710473172028	1710473174297	OK	 
USER	Post Marketplace Fees	END	1710473174298
USER	Post Marketplace Fees	START	1710473174313
REQUEST		Post marketplace fees	1710473171600	1710473174321	OK	 
USER	Post Marketplace Fees	END	1710473174321
REQUEST		Post marketplace fees	1710473171885	1710473174323	OK	 
USER	Post Marketplace Fees	END	1710473174323
USER	Post Marketplace Fees	START	1710473174457
USER	Post Marketplace Fees	START	1710473174599
USER	Post Marketplace Fees	START	1710473174742
USER	Post Marketplace Fees	START	1710473174885
REQUEST		Post marketplace fees	1710473172314	1710473174931	OK	 
USER	Post Marketplace Fees	END	1710473174931
USER	Post Marketplace Fees	START	1710473175028
USER	Post Marketplace Fees	START	1710473175171
USER	Post Marketplace Fees	START	1710473175314
REQUEST		Post marketplace fees	1710473172884	1710473175422	OK	 
USER	Post Marketplace Fees	END	1710473175423
REQUEST		Post marketplace fees	1710473171743	1710473175426	OK	 
USER	Post Marketplace Fees	END	1710473175427
USER	Post Marketplace Fees	START	1710473175458
USER	Post Marketplace Fees	START	1710473175600
USER	Post Marketplace Fees	START	1710473175743
REQUEST		Post marketplace fees	1710473173742	1710473175753	OK	 
USER	Post Marketplace Fees	END	1710473175754
REQUEST		Post marketplace fees	1710473173456	1710473175795	OK	 
USER	Post Marketplace Fees	END	1710473175796
USER	Post Marketplace Fees	START	1710473175885
REQUEST		Post marketplace fees	1710473172457	1710473176027	OK	 
USER	Post Marketplace Fees	START	1710473176028
USER	Post Marketplace Fees	END	1710473176028
REQUEST		Post marketplace fees	1710473172743	1710473176132	OK	 
USER	Post Marketplace Fees	END	1710473176133
REQUEST		Post marketplace fees	1710473173600	1710473176133	OK	 
USER	Post Marketplace Fees	END	1710473176134
USER	Post Marketplace Fees	START	1710473176171
USER	Post Marketplace Fees	START	1710473176314
REQUEST		Post marketplace fees	1710473175171	1710473176326	OK	 
USER	Post Marketplace Fees	END	1710473176326
USER	Post Marketplace Fees	START	1710473176457
USER	Post Marketplace Fees	START	1710473176600
REQUEST		Post marketplace fees	1710473174457	1710473176603	OK	 
USER	Post Marketplace Fees	END	1710473176604
REQUEST		Post marketplace fees	1710473173028	1710473176604	OK	 
USER	Post Marketplace Fees	END	1710473176605
REQUEST		Post marketplace fees	1710473172600	1710473176622	OK	 
USER	Post Marketplace Fees	END	1710473176623
USER	Post Marketplace Fees	START	1710473176743
USER	Post Marketplace Fees	START	1710473176884
USER	Post Marketplace Fees	START	1710473177028
REQUEST		Post marketplace fees	1710473173171	1710473177121	OK	 
USER	Post Marketplace Fees	END	1710473177122
USER	Post Marketplace Fees	START	1710473177171
REQUEST		Post marketplace fees	1710473174885	1710473177258	OK	 
USER	Post Marketplace Fees	END	1710473177259
REQUEST		Post marketplace fees	1710473173885	1710473177296	OK	 
USER	Post Marketplace Fees	END	1710473177297
USER	Post Marketplace Fees	START	1710473177313
USER	Post Marketplace Fees	START	1710473177456
REQUEST		Post marketplace fees	1710473175744	1710473177531	OK	 
USER	Post Marketplace Fees	END	1710473177531
REQUEST		Post marketplace fees	1710473175458	1710473177532	OK	 
USER	Post Marketplace Fees	END	1710473177532
USER	Post Marketplace Fees	START	1710473177600
REQUEST		Post marketplace fees	1710473173314	1710473177696	OK	 
USER	Post Marketplace Fees	END	1710473177697
USER	Post Marketplace Fees	START	1710473177743
USER	Post Marketplace Fees	START	1710473177885
USER	Post Marketplace Fees	START	1710473178028
REQUEST		Post marketplace fees	1710473174314	1710473178103	OK	 
USER	Post Marketplace Fees	END	1710473178104
REQUEST		Post marketplace fees	1710473174171	1710473178110	OK	 
USER	Post Marketplace Fees	END	1710473178110
USER	Post Marketplace Fees	START	1710473178171
REQUEST		Post marketplace fees	1710473174029	1710473178193	OK	 
USER	Post Marketplace Fees	END	1710473178193
REQUEST		Post marketplace fees	1710473176314	1710473178194	OK	 
USER	Post Marketplace Fees	END	1710473178194
USER	Post Marketplace Fees	START	1710473178314
USER	Post Marketplace Fees	START	1710473178457
REQUEST		Post marketplace fees	1710473175601	1710473178499	OK	 
USER	Post Marketplace Fees	END	1710473178499
REQUEST		Post marketplace fees	1710473176171	1710473178521	OK	 
USER	Post Marketplace Fees	END	1710473178522
REQUEST		Post marketplace fees	1710473174599	1710473178593	OK	 
USER	Post Marketplace Fees	END	1710473178593
USER	Post Marketplace Fees	START	1710473178600
REQUEST		Post marketplace fees	1710473175315	1710473178733	OK	 
USER	Post Marketplace Fees	END	1710473178734
USER	Post Marketplace Fees	START	1710473178743
USER	Post Marketplace Fees	START	1710473178884
USER	Post Marketplace Fees	START	1710473179027
USER	Post Marketplace Fees	START	1710473179170
REQUEST		Post marketplace fees	1710473176028	1710473179224	OK	 
USER	Post Marketplace Fees	END	1710473179225
USER	Post Marketplace Fees	START	1710473179313
USER	Post Marketplace Fees	START	1710473179456
REQUEST		Post marketplace fees	1710473176744	1710473179545	OK	 
USER	Post Marketplace Fees	END	1710473179546
REQUEST		Post marketplace fees	1710473176458	1710473179596	OK	 
USER	Post Marketplace Fees	END	1710473179596
USER	Post Marketplace Fees	START	1710473179599
REQUEST		Post marketplace fees	1710473177028	1710473179685	OK	 
USER	Post Marketplace Fees	END	1710473179685
USER	Post Marketplace Fees	START	1710473179743
REQUEST		Post marketplace fees	1710473177314	1710473179823	OK	 
USER	Post Marketplace Fees	END	1710473179824
USER	Post Marketplace Fees	START	1710473179885
REQUEST		Post marketplace fees	1710473175885	1710473179923	OK	 
USER	Post Marketplace Fees	END	1710473179923
REQUEST		Post marketplace fees	1710473177600	1710473180002	OK	 
USER	Post Marketplace Fees	END	1710473180002
REQUEST		Post marketplace fees	1710473174743	1710473180005	OK	 
USER	Post Marketplace Fees	END	1710473180005
USER	Post Marketplace Fees	START	1710473180028
REQUEST		Post marketplace fees	1710473176885	1710473180129	OK	 
USER	Post Marketplace Fees	END	1710473180130
USER	Post Marketplace Fees	START	1710473180171
USER	Post Marketplace Fees	START	1710473180314
REQUEST		Post marketplace fees	1710473178884	1710473180360	OK	 
USER	Post Marketplace Fees	END	1710473180360
REQUEST		Post marketplace fees	1710473178315	1710473180426	OK	 
USER	Post Marketplace Fees	END	1710473180426
USER	Post Marketplace Fees	START	1710473180457
REQUEST		Post marketplace fees	1710473178600	1710473180497	OK	 
USER	Post Marketplace Fees	END	1710473180497
USER	Post Marketplace Fees	START	1710473180600
REQUEST		Post marketplace fees	1710473179314	1710473180629	OK	 
USER	Post Marketplace Fees	END	1710473180629
REQUEST		Post marketplace fees	1710473177457	1710473180729	OK	 
USER	Post Marketplace Fees	END	1710473180729
USER	Post Marketplace Fees	START	1710473180742
REQUEST		Post marketplace fees	1710473178029	1710473180819	OK	 
USER	Post Marketplace Fees	END	1710473180820
USER	Post Marketplace Fees	START	1710473180884
REQUEST		Post marketplace fees	1710473179600	1710473180962	OK	 
USER	Post Marketplace Fees	END	1710473180962
USER	Post Marketplace Fees	START	1710473181028
REQUEST		Post marketplace fees	1710473179743	1710473181129	OK	 
USER	Post Marketplace Fees	END	1710473181130
USER	Post Marketplace Fees	START	1710473181171
REQUEST		Post marketplace fees	1710473179171	1710473181297	OK	 
USER	Post Marketplace Fees	END	1710473181298
REQUEST		Post marketplace fees	1710473178458	1710473181301	OK	 
USER	Post Marketplace Fees	END	1710473181302
USER	Post Marketplace Fees	START	1710473181314
REQUEST		Post marketplace fees	1710473176601	1710473181321	OK	 
USER	Post Marketplace Fees	END	1710473181322
USER	Post Marketplace Fees	START	1710473181457
REQUEST		Post marketplace fees	1710473180171	1710473181545	OK	 
USER	Post Marketplace Fees	END	1710473181546
USER	Post Marketplace Fees	START	1710473181600
USER	Post Marketplace Fees	START	1710473181743
REQUEST		Post marketplace fees	1710473180314	1710473181789	OK	 
USER	Post Marketplace Fees	END	1710473181790
USER	Post Marketplace Fees	START	1710473181884
REQUEST		Post marketplace fees	1710473178743	1710473181893	OK	 
USER	Post Marketplace Fees	END	1710473181893
REQUEST		Post marketplace fees	1710473180028	1710473181923	OK	 
USER	Post Marketplace Fees	END	1710473181924
USER	Post Marketplace Fees	START	1710473182027
REQUEST		Post marketplace fees	1710473179028	1710473182042	OK	 
USER	Post Marketplace Fees	END	1710473182043
REQUEST		Post marketplace fees	1710473177886	1710473182120	OK	 
USER	Post Marketplace Fees	END	1710473182121
USER	Post Marketplace Fees	START	1710473182170
USER	Post Marketplace Fees	START	1710473182313
REQUEST		Post marketplace fees	1710473179457	1710473182392	OK	 
USER	Post Marketplace Fees	END	1710473182392
REQUEST		Post marketplace fees	1710473175029	1710473182393	OK	 
USER	Post Marketplace Fees	END	1710473182394
REQUEST		Post marketplace fees	1710473178172	1710473182429	OK	 
USER	Post Marketplace Fees	END	1710473182429
USER	Post Marketplace Fees	START	1710473182456
REQUEST		Post marketplace fees	1710473180743	1710473182492	OK	 
USER	Post Marketplace Fees	END	1710473182493
REQUEST		Post marketplace fees	1710473177171	1710473182496	OK	 
USER	Post Marketplace Fees	END	1710473182496
REQUEST		Post marketplace fees	1710473180601	1710473182533	OK	 
USER	Post Marketplace Fees	END	1710473182534
USER	Post Marketplace Fees	START	1710473182600
USER	Post Marketplace Fees	START	1710473182742
REQUEST		Post marketplace fees	1710473181601	1710473182806	OK	 
USER	Post Marketplace Fees	END	1710473182808
REQUEST		Post marketplace fees	1710473177743	1710473182858	OK	 
USER	Post Marketplace Fees	END	1710473182859
USER	Post Marketplace Fees	START	1710473182885
REQUEST		Post marketplace fees	1710473181458	1710473182920	OK	 
USER	Post Marketplace Fees	END	1710473182921
REQUEST		Post marketplace fees	1710473180458	1710473182996	OK	 
USER	Post Marketplace Fees	END	1710473182996
REQUEST		Post marketplace fees	1710473179885	1710473183020	OK	 
USER	Post Marketplace Fees	END	1710473183021
USER	Post Marketplace Fees	START	1710473183028
REQUEST		Post marketplace fees	1710473180885	1710473183135	OK	 
USER	Post Marketplace Fees	END	1710473183135
REQUEST		Post marketplace fees	1710473182171	1710473183136	OK	 
USER	Post Marketplace Fees	END	1710473183136
USER	Post Marketplace Fees	START	1710473183171
USER	Post Marketplace Fees	START	1710473183314
USER	Post Marketplace Fees	START	1710473183457
REQUEST		Post marketplace fees	1710473181314	1710473183528	OK	 
USER	Post Marketplace Fees	END	1710473183528
USER	Post Marketplace Fees	START	1710473183601
REQUEST		Post marketplace fees	1710473181885	1710473183731	OK	 
USER	Post Marketplace Fees	END	1710473183731
USER	Post Marketplace Fees	START	1710473183743
USER	Post Marketplace Fees	START	1710473183884
REQUEST		Post marketplace fees	1710473183028	1710473183928	OK	 
USER	Post Marketplace Fees	END	1710473183928
USER	Post Marketplace Fees	START	1710473184027
USER	Post Marketplace Fees	START	1710473184170
USER	Post Marketplace Fees	START	1710473184313
REQUEST		Post marketplace fees	1710473182028	1710473184417	OK	 
USER	Post Marketplace Fees	END	1710473184418
USER	Post Marketplace Fees	START	1710473184457
REQUEST		Post marketplace fees	1710473181743	1710473184589	OK	 
USER	Post Marketplace Fees	END	1710473184590
USER	Post Marketplace Fees	START	1710473184600
REQUEST		Post marketplace fees	1710473182457	1710473184727	OK	 
USER	Post Marketplace Fees	END	1710473184728
REQUEST		Post marketplace fees	1710473183314	1710473184736	OK	 
USER	Post Marketplace Fees	END	1710473184737
USER	Post Marketplace Fees	START	1710473184743
USER	Post Marketplace Fees	START	1710473184867
REQUEST		Post marketplace fees	1710473181171	1710473184924	OK	 
USER	Post Marketplace Fees	END	1710473184925
REQUEST		Post marketplace fees	1710473181028	1710473184925	OK	 
USER	Post Marketplace Fees	END	1710473184926
USER	Post Marketplace Fees	START	1710473184992
USER	Post Marketplace Fees	START	1710473185117
USER	Post Marketplace Fees	START	1710473185242
REQUEST		Post marketplace fees	1710473183601	1710473185336	OK	 
USER	Post Marketplace Fees	END	1710473185336
USER	Post Marketplace Fees	START	1710473185367
REQUEST		Post marketplace fees	1710473183171	1710473185431	OK	 
USER	Post Marketplace Fees	END	1710473185431
USER	Post Marketplace Fees	START	1710473185493
USER	Post Marketplace Fees	START	1710473185618
USER	Post Marketplace Fees	START	1710473185743
REQUEST		Post marketplace fees	1710473184028	1710473185798	OK	 
USER	Post Marketplace Fees	END	1710473185799
REQUEST		Post marketplace fees	1710473182600	1710473185809	OK	 
USER	Post Marketplace Fees	END	1710473185810
USER	Post Marketplace Fees	START	1710473185884
USER	Post Marketplace Fees	START	1710473186028
REQUEST		Post marketplace fees	1710473184457	1710473186116	OK	 
USER	Post Marketplace Fees	END	1710473186116
USER	Post Marketplace Fees	START	1710473186171
REQUEST		Post marketplace fees	1710473182314	1710473186224	OK	 
USER	Post Marketplace Fees	END	1710473186224
USER	Post Marketplace Fees	START	1710473186314
REQUEST		Post marketplace fees	1710473184993	1710473186329	OK	 
USER	Post Marketplace Fees	END	1710473186329
REQUEST		Post marketplace fees	1710473183743	1710473186432	OK	 
USER	Post Marketplace Fees	END	1710473186432
USER	Post Marketplace Fees	START	1710473186457
REQUEST		Post marketplace fees	1710473184170	1710473186530	OK	 
USER	Post Marketplace Fees	END	1710473186531
REQUEST		Post marketplace fees	1710473183458	1710473186595	OK	 
USER	Post Marketplace Fees	END	1710473186596
USER	Post Marketplace Fees	START	1710473186600
USER	Post Marketplace Fees	START	1710473186743
REQUEST		Post marketplace fees	1710473186028	1710473186820	OK	 
USER	Post Marketplace Fees	END	1710473186821
USER	Post Marketplace Fees	START	1710473186868
REQUEST		Post marketplace fees	1710473185618	1710473186928	OK	 
USER	Post Marketplace Fees	END	1710473186929
USER	Post Marketplace Fees	START	1710473186993
REQUEST		Post marketplace fees	1710473182885	1710473186994	OK	 
REQUEST		Post marketplace fees	1710473184743	1710473186994	OK	 
USER	Post Marketplace Fees	END	1710473186994
USER	Post Marketplace Fees	END	1710473186994
REQUEST		Post marketplace fees	1710473182743	1710473187020	OK	 
USER	Post Marketplace Fees	END	1710473187020
USER	Post Marketplace Fees	START	1710473187118
REQUEST		Post marketplace fees	1710473184313	1710473187194	OK	 
USER	Post Marketplace Fees	END	1710473187194
USER	Post Marketplace Fees	START	1710473187243
USER	Post Marketplace Fees	START	1710473187368
REQUEST		Post marketplace fees	1710473184868	1710473187442	OK	 
USER	Post Marketplace Fees	END	1710473187442
USER	Post Marketplace Fees	START	1710473187493
REQUEST		Post marketplace fees	1710473185243	1710473187609	OK	 
USER	Post Marketplace Fees	END	1710473187610
USER	Post Marketplace Fees	START	1710473187618
REQUEST		Post marketplace fees	1710473183885	1710473187693	OK	 
USER	Post Marketplace Fees	END	1710473187693
USER	Post Marketplace Fees	START	1710473187742
USER	Post Marketplace Fees	START	1710473187867
REQUEST		Post marketplace fees	1710473184600	1710473187935	OK	 
USER	Post Marketplace Fees	END	1710473187935
USER	Post Marketplace Fees	START	1710473187992
REQUEST		Post marketplace fees	1710473185493	1710473188015	OK	 
USER	Post Marketplace Fees	END	1710473188015
USER	Post Marketplace Fees	START	1710473188117
USER	Post Marketplace Fees	START	1710473188243
USER	Post Marketplace Fees	START	1710473188368
REQUEST		Post marketplace fees	1710473186457	1710473188423	OK	 
USER	Post Marketplace Fees	END	1710473188424
USER	Post Marketplace Fees	START	1710473188493
REQUEST		Post marketplace fees	1710473185367	1710473188524	OK	 
USER	Post Marketplace Fees	END	1710473188524
USER	Post Marketplace Fees	START	1710473188617
REQUEST		Post marketplace fees	1710473185118	1710473188699	OK	 
USER	Post Marketplace Fees	END	1710473188700
REQUEST		Post marketplace fees	1710473186171	1710473188700	OK	 
USER	Post Marketplace Fees	END	1710473188700
USER	Post Marketplace Fees	START	1710473188743
REQUEST		Post marketplace fees	1710473185744	1710473188760	OK	 
USER	Post Marketplace Fees	END	1710473188761
USER	Post Marketplace Fees	START	1710473188868
REQUEST		Post marketplace fees	1710473187243	1710473188929	OK	 
USER	Post Marketplace Fees	END	1710473188930
REQUEST		Post marketplace fees	1710473186744	1710473188979	OK	 
USER	Post Marketplace Fees	END	1710473188980
USER	Post Marketplace Fees	START	1710473188993
USER	Post Marketplace Fees	START	1710473189118
USER	Post Marketplace Fees	START	1710473189243
USER	Post Marketplace Fees	START	1710473189368
REQUEST		Post marketplace fees	1710473186993	1710473189491	OK	 
USER	Post Marketplace Fees	END	1710473189491
USER	Post Marketplace Fees	START	1710473189493
REQUEST		Post marketplace fees	1710473186601	1710473189529	OK	 
USER	Post Marketplace Fees	END	1710473189529
USER	Post Marketplace Fees	START	1710473189618
REQUEST		Post marketplace fees	1710473187494	1710473189724	OK	 
USER	Post Marketplace Fees	END	1710473189724
USER	Post Marketplace Fees	START	1710473189744
USER	Post Marketplace Fees	START	1710473189867
REQUEST		Post marketplace fees	1710473187119	1710473189894	OK	 
USER	Post Marketplace Fees	END	1710473189895
USER	Post Marketplace Fees	START	1710473189993
USER	Post Marketplace Fees	START	1710473190118
REQUEST		Post marketplace fees	1710473185885	1710473190123	OK	 
USER	Post Marketplace Fees	END	1710473190124
REQUEST		Post marketplace fees	1710473188118	1710473190239	OK	 
USER	Post Marketplace Fees	END	1710473190240
USER	Post Marketplace Fees	START	1710473190243
USER	Post Marketplace Fees	START	1710473190368
USER	Post Marketplace Fees	START	1710473190493
REQUEST		Post marketplace fees	1710473187868	1710473190526	OK	 
USER	Post Marketplace Fees	END	1710473190527
USER	Post Marketplace Fees	START	1710473190618
REQUEST		Post marketplace fees	1710473188493	1710473190697	OK	 
USER	Post Marketplace Fees	END	1710473190698
REQUEST		Post marketplace fees	1710473186314	1710473190700	OK	 
USER	Post Marketplace Fees	END	1710473190700
REQUEST		Post marketplace fees	1710473186868	1710473190718	OK	 
USER	Post Marketplace Fees	END	1710473190718
USER	Post Marketplace Fees	START	1710473190743
REQUEST		Post marketplace fees	1710473187618	1710473190828	OK	 
USER	Post Marketplace Fees	END	1710473190829
USER	Post Marketplace Fees	START	1710473190867
REQUEST		Post marketplace fees	1710473187743	1710473190943	OK	 
USER	Post Marketplace Fees	END	1710473190944
USER	Post Marketplace Fees	START	1710473190992
USER	Post Marketplace Fees	START	1710473191117
REQUEST		Post marketplace fees	1710473187368	1710473191196	OK	 
USER	Post Marketplace Fees	END	1710473191197
REQUEST		Post marketplace fees	1710473188869	1710473191226	OK	 
USER	Post Marketplace Fees	END	1710473191227
USER	Post Marketplace Fees	START	1710473191242
REQUEST		Post marketplace fees	1710473188618	1710473191365	OK	 
USER	Post Marketplace Fees	END	1710473191366
USER	Post Marketplace Fees	START	1710473191367
REQUEST		Post marketplace fees	1710473187993	1710473191443	OK	 
USER	Post Marketplace Fees	END	1710473191443
USER	Post Marketplace Fees	START	1710473191492
REQUEST		Post marketplace fees	1710473188243	1710473191521	OK	 
USER	Post Marketplace Fees	END	1710473191522
USER	Post Marketplace Fees	START	1710473191617
REQUEST		Post marketplace fees	1710473189493	1710473191695	OK	 
USER	Post Marketplace Fees	END	1710473191695
REQUEST		Post marketplace fees	1710473189118	1710473191722	OK	 
USER	Post Marketplace Fees	END	1710473191723
USER	Post Marketplace Fees	START	1710473191743
USER	Post Marketplace Fees	START	1710473191867
REQUEST		Post marketplace fees	1710473189868	1710473191939	OK	 
USER	Post Marketplace Fees	END	1710473191939
REQUEST		Post marketplace fees	1710473189243	1710473191940	OK	 
USER	Post Marketplace Fees	END	1710473191941
USER	Post Marketplace Fees	START	1710473191993
REQUEST		Post marketplace fees	1710473188744	1710473192027	OK	 
USER	Post Marketplace Fees	END	1710473192028
USER	Post Marketplace Fees	START	1710473192117
REQUEST		Post marketplace fees	1710473188368	1710473192225	OK	 
USER	Post Marketplace Fees	END	1710473192225
USER	Post Marketplace Fees	START	1710473192243
USER	Post Marketplace Fees	START	1710473192368
USER	Post Marketplace Fees	START	1710473192492
USER	Post Marketplace Fees	START	1710473192618
REQUEST		Post marketplace fees	1710473189618	1710473192647	OK	 
USER	Post Marketplace Fees	END	1710473192648
USER	Post Marketplace Fees	START	1710473192743
REQUEST		Post marketplace fees	1710473190243	1710473192800	OK	 
USER	Post Marketplace Fees	END	1710473192801
USER	Post Marketplace Fees	START	1710473192867
REQUEST		Post marketplace fees	1710473190743	1710473192937	OK	 
USER	Post Marketplace Fees	END	1710473192938
REQUEST		Post marketplace fees	1710473190618	1710473192939	OK	 
USER	Post Marketplace Fees	END	1710473192939
USER	Post Marketplace Fees	START	1710473192992
USER	Post Marketplace Fees	START	1710473193117
USER	Post Marketplace Fees	START	1710473193242
REQUEST		Post marketplace fees	1710473189368	1710473193320	OK	 
USER	Post Marketplace Fees	END	1710473193321
USER	Post Marketplace Fees	START	1710473193367
USER	Post Marketplace Fees	START	1710473193492
REQUEST		Post marketplace fees	1710473190993	1710473193523	OK	 
USER	Post Marketplace Fees	END	1710473193524
USER	Post Marketplace Fees	START	1710473193617
REQUEST		Post marketplace fees	1710473188994	1710473193633	OK	 
USER	Post Marketplace Fees	END	1710473193634
REQUEST		Post marketplace fees	1710473189994	1710473193724	OK	 
USER	Post Marketplace Fees	END	1710473193725
USER	Post Marketplace Fees	START	1710473193743
USER	Post Marketplace Fees	START	1710473193867
REQUEST		Post marketplace fees	1710473191493	1710473193925	OK	 
USER	Post Marketplace Fees	END	1710473193926
REQUEST		Post marketplace fees	1710473191243	1710473193988	OK	 
USER	Post Marketplace Fees	END	1710473193990
USER	Post Marketplace Fees	START	1710473193993
REQUEST		Post marketplace fees	1710473190369	1710473194032	OK	 
USER	Post Marketplace Fees	END	1710473194033
USER	Post Marketplace Fees	START	1710473194118
USER	Post Marketplace Fees	START	1710473194243
USER	Post Marketplace Fees	START	1710473194368
USER	Post Marketplace Fees	START	1710473194492
USER	Post Marketplace Fees	START	1710473194617
REQUEST		Post marketplace fees	1710473189744	1710473194623	OK	 
USER	Post Marketplace Fees	END	1710473194624
USER	Post Marketplace Fees	START	1710473194743
USER	Post Marketplace Fees	START	1710473194867
REQUEST		Post marketplace fees	1710473191118	1710473194889	OK	 
USER	Post Marketplace Fees	END	1710473194890
REQUEST		Post marketplace fees	1710473191368	1710473194989	OK	 
USER	Post Marketplace Fees	END	1710473194990
REQUEST		Post marketplace fees	1710473190867	1710473194990	OK	 
USER	Post Marketplace Fees	END	1710473194990
USER	Post Marketplace Fees	START	1710473194992
REQUEST		Post marketplace fees	1710473190118	1710473194998	OK	 
USER	Post Marketplace Fees	END	1710473194998
USER	Post Marketplace Fees	START	1710473195117
USER	Post Marketplace Fees	START	1710473195242
USER	Post Marketplace Fees	START	1710473195367
REQUEST		Post marketplace fees	1710473191618	1710473195389	OK	 
USER	Post Marketplace Fees	END	1710473195390
REQUEST		Post marketplace fees	1710473192618	1710473195412	OK	 
USER	Post Marketplace Fees	END	1710473195413
USER	Post Marketplace Fees	START	1710473195492
REQUEST		Post marketplace fees	1710473192493	1710473195497	OK	 
USER	Post Marketplace Fees	END	1710473195498
REQUEST		Post marketplace fees	1710473192743	1710473195591	OK	 
USER	Post Marketplace Fees	END	1710473195592
REQUEST		Post marketplace fees	1710473190493	1710473195595	OK	 
USER	Post Marketplace Fees	END	1710473195595
USER	Post Marketplace Fees	START	1710473195617
REQUEST		Post marketplace fees	1710473191868	1710473195694	OK	 
USER	Post Marketplace Fees	END	1710473195695
USER	Post Marketplace Fees	START	1710473195742
REQUEST		Post marketplace fees	1710473193118	1710473195812	OK	 
USER	Post Marketplace Fees	END	1710473195813
USER	Post Marketplace Fees	START	1710473195867
REQUEST		Post marketplace fees	1710473193243	1710473195936	OK	 
REQUEST		Post marketplace fees	1710473192369	1710473195936	OK	 
USER	Post Marketplace Fees	END	1710473195937
USER	Post Marketplace Fees	END	1710473195937
USER	Post Marketplace Fees	START	1710473195992
REQUEST		Post marketplace fees	1710473191993	1710473196112	OK	 
USER	Post Marketplace Fees	END	1710473196112
USER	Post Marketplace Fees	START	1710473196117
USER	Post Marketplace Fees	START	1710473196242
REQUEST		Post marketplace fees	1710473193492	1710473196295	OK	 
USER	Post Marketplace Fees	END	1710473196296
REQUEST		Post marketplace fees	1710473192243	1710473196298	OK	 
USER	Post Marketplace Fees	END	1710473196299
USER	Post Marketplace Fees	START	1710473196367
REQUEST		Post marketplace fees	1710473192867	1710473196430	OK	 
USER	Post Marketplace Fees	END	1710473196430
USER	Post Marketplace Fees	START	1710473196492
USER	Post Marketplace Fees	START	1710473196617
USER	Post Marketplace Fees	START	1710473196743
USER	Post Marketplace Fees	START	1710473196868
REQUEST		Post marketplace fees	1710473192118	1710473196922	OK	 
USER	Post Marketplace Fees	END	1710473196922
REQUEST		Post marketplace fees	1710473194493	1710473196988	OK	 
USER	Post Marketplace Fees	END	1710473196989
USER	Post Marketplace Fees	START	1710473196993
USER	Post Marketplace Fees	START	1710473197118
REQUEST		Post marketplace fees	1710473192993	1710473197195	OK	 
USER	Post Marketplace Fees	END	1710473197196
USER	Post Marketplace Fees	START	1710473197243
REQUEST		Post marketplace fees	1710473194618	1710473197336	OK	 
USER	Post Marketplace Fees	END	1710473197337
USER	Post Marketplace Fees	START	1710473197368
REQUEST		Post marketplace fees	1710473193993	1710473197382	OK	 
USER	Post Marketplace Fees	END	1710473197383
USER	Post Marketplace Fees	START	1710473197493
USER	Post Marketplace Fees	START	1710473197618
USER	Post Marketplace Fees	START	1710473197742
USER	Post Marketplace Fees	START	1710473197867
REQUEST		Post marketplace fees	1710473191743	1710473197895	OK	 
USER	Post Marketplace Fees	END	1710473197895
USER	Post Marketplace Fees	START	1710473197993
REQUEST		Post marketplace fees	1710473194992	1710473198020	OK	 
USER	Post Marketplace Fees	END	1710473198021
USER	Post Marketplace Fees	START	1710473198117
REQUEST		Post marketplace fees	1710473195492	1710473198190	OK	 
USER	Post Marketplace Fees	END	1710473198190
USER	Post Marketplace Fees	START	1710473198242
REQUEST		Post marketplace fees	1710473194368	1710473198248	OK	 
USER	Post Marketplace Fees	END	1710473198249
REQUEST		Post marketplace fees	1710473193618	1710473198286	OK	 
USER	Post Marketplace Fees	END	1710473198287
REQUEST		Post marketplace fees	1710473195617	1710473198291	OK	 
USER	Post Marketplace Fees	END	1710473198291
REQUEST		Post marketplace fees	1710473194243	1710473198320	OK	 
USER	Post Marketplace Fees	END	1710473198321
USER	Post Marketplace Fees	START	1710473198368
USER	Post Marketplace Fees	START	1710473198492
REQUEST		Post marketplace fees	1710473195868	1710473198523	OK	 
REQUEST		Post marketplace fees	1710473194868	1710473198523	OK	 
USER	Post Marketplace Fees	END	1710473198523
USER	Post Marketplace Fees	END	1710473198524
USER	Post Marketplace Fees	START	1710473198617
USER	Post Marketplace Fees	START	1710473198743
USER	Post Marketplace Fees	START	1710473198867
REQUEST		Post marketplace fees	1710473195992	1710473198888	OK	 
USER	Post Marketplace Fees	END	1710473198889
REQUEST		Post marketplace fees	1710473196117	1710473198923	OK	 
USER	Post Marketplace Fees	END	1710473198924
USER	Post Marketplace Fees	START	1710473198992
USER	Post Marketplace Fees	START	1710473199117
REQUEST		Post marketplace fees	1710473195118	1710473199226	OK	 
USER	Post Marketplace Fees	END	1710473199226
USER	Post Marketplace Fees	START	1710473199242
USER	Post Marketplace Fees	START	1710473199367
USER	Post Marketplace Fees	START	1710473199492
REQUEST		Post marketplace fees	1710473195243	1710473199498	OK	 
USER	Post Marketplace Fees	END	1710473199499
REQUEST		Post marketplace fees	1710473196242	1710473199532	OK	 
USER	Post Marketplace Fees	END	1710473199533
REQUEST		Post marketplace fees	1710473193368	1710473199534	OK	 
USER	Post Marketplace Fees	END	1710473199535
USER	Post Marketplace Fees	START	1710473199617
REQUEST		Post marketplace fees	1710473193743	1710473199721	OK	 
USER	Post Marketplace Fees	END	1710473199721
USER	Post Marketplace Fees	START	1710473199742
REQUEST		Post marketplace fees	1710473195367	1710473199826	OK	 
USER	Post Marketplace Fees	END	1710473199828
USER	Post Marketplace Fees	START	1710473199868
USER	Post Marketplace Fees	START	1710473199993
REQUEST		Post marketplace fees	1710473195742	1710473199998	OK	 
USER	Post Marketplace Fees	END	1710473199998
REQUEST		Post marketplace fees	1710473196368	1710473200022	OK	 
USER	Post Marketplace Fees	END	1710473200023
REQUEST		Post marketplace fees	1710473194118	1710473200095	OK	 
USER	Post Marketplace Fees	END	1710473200096
USER	Post Marketplace Fees	START	1710473200118
USER	Post Marketplace Fees	START	1710473200243
USER	Post Marketplace Fees	START	1710473200368
REQUEST		Post marketplace fees	1710473196743	1710473200399	OK	 
USER	Post Marketplace Fees	END	1710473200399
USER	Post Marketplace Fees	START	1710473200493
USER	Post Marketplace Fees	START	1710473200618
REQUEST		Post marketplace fees	1710473197243	1710473200724	OK	 
USER	Post Marketplace Fees	END	1710473200725
REQUEST		Post marketplace fees	1710473197368	1710473200997	OK	 
USER	Post Marketplace Fees	END	1710473200997
REQUEST		Post marketplace fees	1710473198618	1710473201089	OK	 
USER	Post Marketplace Fees	END	1710473201090
REQUEST		Post marketplace fees	1710473197993	1710473201223	OK	 
USER	Post Marketplace Fees	END	1710473201223
REQUEST		Post marketplace fees	1710473196493	1710473201499	OK	 
USER	Post Marketplace Fees	END	1710473201500
REQUEST		Post marketplace fees	1710473198743	1710473201598	OK	 
USER	Post Marketplace Fees	END	1710473201599
REQUEST		Post marketplace fees	1710473196868	1710473201611	OK	 
USER	Post Marketplace Fees	END	1710473201612
REQUEST		Post marketplace fees	1710473194744	1710473201693	OK	 
USER	Post Marketplace Fees	END	1710473201694
REQUEST		Post marketplace fees	1710473198368	1710473201694	OK	 
USER	Post Marketplace Fees	END	1710473201694
REQUEST		Post marketplace fees	1710473198243	1710473201724	OK	 
USER	Post Marketplace Fees	END	1710473201725
REQUEST		Post marketplace fees	1710473193868	1710473201806	OK	 
USER	Post Marketplace Fees	END	1710473201806
REQUEST		Post marketplace fees	1710473197868	1710473201920	OK	 
USER	Post Marketplace Fees	END	1710473201921
REQUEST		Post marketplace fees	1710473196617	1710473201996	OK	 
USER	Post Marketplace Fees	END	1710473201997
REQUEST		Post marketplace fees	1710473199243	1710473202119	OK	 
USER	Post Marketplace Fees	END	1710473202119
REQUEST		Post marketplace fees	1710473197743	1710473202300	OK	 
USER	Post Marketplace Fees	END	1710473202301
REQUEST		Post marketplace fees	1710473197120	1710473202423	OK	 
USER	Post Marketplace Fees	END	1710473202424
REQUEST		Post marketplace fees	1710473198118	1710473202515	OK	 
USER	Post Marketplace Fees	END	1710473202516
REQUEST		Post marketplace fees	1710473200618	1710473202717	OK	 
USER	Post Marketplace Fees	END	1710473202718
REQUEST		Post marketplace fees	1710473197494	1710473202794	OK	 
USER	Post Marketplace Fees	END	1710473202795
REQUEST		Post marketplace fees	1710473196995	1710473202795	OK	 
USER	Post Marketplace Fees	END	1710473202796
REQUEST		Post marketplace fees	1710473199117	1710473203122	OK	 
USER	Post Marketplace Fees	END	1710473203123
REQUEST		Post marketplace fees	1710473199993	1710473203226	OK	 
USER	Post Marketplace Fees	END	1710473203228
REQUEST		Post marketplace fees	1710473199618	1710473203325	OK	 
USER	Post Marketplace Fees	END	1710473203326
REQUEST		Post marketplace fees	1710473199492	1710473203367	OK	 
USER	Post Marketplace Fees	END	1710473203368
REQUEST		Post marketplace fees	1710473199868	1710473203516	OK	 
USER	Post Marketplace Fees	END	1710473203517
REQUEST		Post marketplace fees	1710473200493	1710473203619	OK	 
USER	Post Marketplace Fees	END	1710473203620
REQUEST		Post marketplace fees	1710473199742	1710473203830	OK	 
USER	Post Marketplace Fees	END	1710473203831
REQUEST		Post marketplace fees	1710473200243	1710473204123	OK	 
USER	Post Marketplace Fees	END	1710473204123
REQUEST		Post marketplace fees	1710473198868	1710473204223	OK	 
USER	Post Marketplace Fees	END	1710473204224
REQUEST		Post marketplace fees	1710473198992	1710473204288	OK	 
USER	Post Marketplace Fees	END	1710473204289
REQUEST		Post marketplace fees	1710473197619	1710473204322	OK	 
USER	Post Marketplace Fees	END	1710473204322
REQUEST		Post marketplace fees	1710473200118	1710473204727	OK	 
USER	Post Marketplace Fees	END	1710473204727
REQUEST		Post marketplace fees	1710473199368	1710473205097	OK	 
USER	Post Marketplace Fees	END	1710473205097
REQUEST		Post marketplace fees	1710473200369	1710473205130	OK	 
USER	Post Marketplace Fees	END	1710473205131
REQUEST		Post marketplace fees	1710473198493	1710473205131	OK	 
USER	Post Marketplace Fees	END	1710473205132
