RUN	transactions.MarketplaceFeesGetSimulation	marketplacefeesgetsimulation	1710452847274	 	3.10.4
USER	Login	START	1710452847813
REQUEST		Login	1710452847811	1710452848597	OK	 
USER	Login	END	1710452853699
USER	Get Marketplace Fees	START	1710452853804
USER	Get Marketplace Fees	START	1710452853996
USER	Get Marketplace Fees	START	1710452854195
USER	Get Marketplace Fees	START	1710452854395
REQUEST		Get all marketplace fees	1710452853803	1710452854542	OK	 
USER	Get Marketplace Fees	END	1710452854542
USER	Get Marketplace Fees	START	1710452854598
USER	Get Marketplace Fees	START	1710452854809
USER	Get Marketplace Fees	START	1710452854991
USER	Get Marketplace Fees	START	1710452855192
USER	Get Marketplace Fees	START	1710452855408
REQUEST		Get all marketplace fees	1710452853993	1710452855443	OK	 
USER	Get Marketplace Fees	END	1710452855444
USER	Get Marketplace Fees	START	1710452855609
REQUEST		Get all marketplace fees	1710452854991	1710452855614	OK	 
USER	Get Marketplace Fees	END	1710452855615
USER	Get Marketplace Fees	START	1710452855810
REQUEST		Get all marketplace fees	1710452854194	1710452855811	OK	 
USER	Get Marketplace Fees	END	1710452855812
USER	Get Marketplace Fees	START	1710452855993
USER	Get Marketplace Fees	START	1710452856192
REQUEST		Get all marketplace fees	1710452854394	1710452856315	OK	 
USER	Get Marketplace Fees	END	1710452856317
USER	Get Marketplace Fees	START	1710452856393
USER	Get Marketplace Fees	START	1710452856594
REQUEST		Get all marketplace fees	1710452855608	1710452856618	OK	 
USER	Get Marketplace Fees	END	1710452856619
REQUEST		Get all marketplace fees	1710452855192	1710452856745	OK	 
USER	Get Marketplace Fees	END	1710452856746
USER	Get Marketplace Fees	START	1710452856791
REQUEST		Get all marketplace fees	1710452854807	1710452856835	OK	 
REQUEST		Get all marketplace fees	1710452854596	1710452856835	OK	 
USER	Get Marketplace Fees	END	1710452856836
USER	Get Marketplace Fees	END	1710452856836
REQUEST		Get all marketplace fees	1710452855407	1710452856859	OK	 
USER	Get Marketplace Fees	END	1710452856860
USER	Get Marketplace Fees	START	1710452856991
USER	Get Marketplace Fees	START	1710452857192
REQUEST		Get all marketplace fees	1710452855809	1710452857321	OK	 
USER	Get Marketplace Fees	END	1710452857322
USER	Get Marketplace Fees	START	1710452857392
USER	Get Marketplace Fees	START	1710452857592
REQUEST		Get all marketplace fees	1710452855992	1710452857629	OK	 
USER	Get Marketplace Fees	END	1710452857631
REQUEST		Get all marketplace fees	1710452856192	1710452857638	OK	 
USER	Get Marketplace Fees	END	1710452857638
REQUEST		Get all marketplace fees	1710452856790	1710452857719	OK	 
USER	Get Marketplace Fees	END	1710452857720
USER	Get Marketplace Fees	START	1710452857792
REQUEST		Get all marketplace fees	1710452856593	1710452857930	OK	 
USER	Get Marketplace Fees	END	1710452857930
REQUEST		Get all marketplace fees	1710452856392	1710452857945	OK	 
USER	Get Marketplace Fees	END	1710452857946
USER	Get Marketplace Fees	START	1710452857992
USER	Get Marketplace Fees	START	1710452858192
REQUEST		Get all marketplace fees	1710452856991	1710452858228	OK	 
USER	Get Marketplace Fees	END	1710452858229
USER	Get Marketplace Fees	START	1710452858394
REQUEST		Get all marketplace fees	1710452857592	1710452858522	OK	 
USER	Get Marketplace Fees	END	1710452858525
USER	Get Marketplace Fees	START	1710452858594
REQUEST		Get all marketplace fees	1710452857191	1710452858748	OK	 
USER	Get Marketplace Fees	END	1710452858751
USER	Get Marketplace Fees	START	1710452858791
REQUEST		Get all marketplace fees	1710452857392	1710452858942	OK	 
USER	Get Marketplace Fees	END	1710452858942
USER	Get Marketplace Fees	START	1710452858992
REQUEST		Get all marketplace fees	1710452857791	1710452859153	OK	 
USER	Get Marketplace Fees	END	1710452859155
USER	Get Marketplace Fees	START	1710452859192
USER	Get Marketplace Fees	START	1710452859392
REQUEST		Get all marketplace fees	1710452858393	1710452859510	OK	 
USER	Get Marketplace Fees	END	1710452859512
USER	Get Marketplace Fees	START	1710452859593
USER	Get Marketplace Fees	START	1710452859793
REQUEST		Get all marketplace fees	1710452858192	1710452859829	OK	 
USER	Get Marketplace Fees	END	1710452859830
USER	Get Marketplace Fees	START	1710452859992
REQUEST		Get all marketplace fees	1710452858593	1710452860026	OK	 
USER	Get Marketplace Fees	END	1710452860027
USER	Get Marketplace Fees	START	1710452860192
REQUEST		Get all marketplace fees	1710452857991	1710452860232	OK	 
USER	Get Marketplace Fees	END	1710452860234
REQUEST		Get all marketplace fees	1710452859592	1710452860313	OK	 
USER	Get Marketplace Fees	END	1710452860314
USER	Get Marketplace Fees	START	1710452860392
REQUEST		Get all marketplace fees	1710452858791	1710452860421	OK	 
USER	Get Marketplace Fees	END	1710452860422
REQUEST		Get all marketplace fees	1710452859391	1710452860493	OK	 
USER	Get Marketplace Fees	END	1710452860494
USER	Get Marketplace Fees	START	1710452860593
USER	Get Marketplace Fees	START	1710452860793
REQUEST		Get all marketplace fees	1710452859191	1710452860802	OK	 
USER	Get Marketplace Fees	END	1710452860803
USER	Get Marketplace Fees	START	1710452860992
USER	Get Marketplace Fees	START	1710452861192
REQUEST		Get all marketplace fees	1710452858991	1710452861282	OK	 
USER	Get Marketplace Fees	END	1710452861282
USER	Get Marketplace Fees	START	1710452861392
REQUEST		Get all marketplace fees	1710452859991	1710452861414	OK	 
USER	Get Marketplace Fees	END	1710452861414
REQUEST		Get all marketplace fees	1710452859792	1710452861515	OK	 
USER	Get Marketplace Fees	END	1710452861515
USER	Get Marketplace Fees	START	1710452861593
REQUEST		Get all marketplace fees	1710452860192	1710452861643	OK	 
USER	Get Marketplace Fees	END	1710452861643
USER	Get Marketplace Fees	START	1710452861793
REQUEST		Get all marketplace fees	1710452860592	1710452861835	OK	 
USER	Get Marketplace Fees	END	1710452861836
USER	Get Marketplace Fees	START	1710452861991
REQUEST		Get all marketplace fees	1710452860793	1710452862017	OK	 
USER	Get Marketplace Fees	END	1710452862018
USER	Get Marketplace Fees	START	1710452862191
USER	Get Marketplace Fees	START	1710452862392
REQUEST		Get all marketplace fees	1710452861392	1710452862438	OK	 
REQUEST		Get all marketplace fees	1710452860392	1710452862438	OK	 
USER	Get Marketplace Fees	END	1710452862438
USER	Get Marketplace Fees	END	1710452862438
USER	Get Marketplace Fees	START	1710452862592
USER	Get Marketplace Fees	START	1710452862794
USER	Get Marketplace Fees	START	1710452862992
REQUEST		Get all marketplace fees	1710452861991	1710452863118	OK	 
USER	Get Marketplace Fees	END	1710452863119
USER	Get Marketplace Fees	START	1710452863192
REQUEST		Get all marketplace fees	1710452862191	1710452863242	OK	 
USER	Get Marketplace Fees	END	1710452863243
USER	Get Marketplace Fees	START	1710452863392
REQUEST		Get all marketplace fees	1710452860992	1710452863427	OK	 
USER	Get Marketplace Fees	END	1710452863428
REQUEST		Get all marketplace fees	1710452861192	1710452863515	OK	 
USER	Get Marketplace Fees	END	1710452863517
REQUEST		Get all marketplace fees	1710452861593	1710452863518	OK	 
USER	Get Marketplace Fees	END	1710452863519
USER	Get Marketplace Fees	START	1710452863593
USER	Get Marketplace Fees	START	1710452863792
REQUEST		Get all marketplace fees	1710452862592	1710452863937	OK	 
USER	Get Marketplace Fees	END	1710452863939
USER	Get Marketplace Fees	START	1710452863993
USER	Get Marketplace Fees	START	1710452864192
USER	Get Marketplace Fees	START	1710452864392
REQUEST		Get all marketplace fees	1710452861792	1710452864440	OK	 
USER	Get Marketplace Fees	END	1710452864441
USER	Get Marketplace Fees	START	1710452864593
REQUEST		Get all marketplace fees	1710452863191	1710452864629	OK	 
USER	Get Marketplace Fees	END	1710452864630
REQUEST		Get all marketplace fees	1710452862792	1710452864665	OK	 
USER	Get Marketplace Fees	END	1710452864666
REQUEST		Get all marketplace fees	1710452862391	1710452864739	OK	 
USER	Get Marketplace Fees	END	1710452864741
USER	Get Marketplace Fees	START	1710452864792
REQUEST		Get all marketplace fees	1710452862991	1710452864822	OK	 
USER	Get Marketplace Fees	END	1710452864824
REQUEST		Get all marketplace fees	1710452863392	1710452864844	OK	 
USER	Get Marketplace Fees	END	1710452864846
REQUEST		Get all marketplace fees	1710452863593	1710452864959	OK	 
USER	Get Marketplace Fees	END	1710452864960
USER	Get Marketplace Fees	START	1710452864991
USER	Get Marketplace Fees	START	1710452865192
USER	Get Marketplace Fees	START	1710452865392
REQUEST		Get all marketplace fees	1710452863791	1710452865523	OK	 
USER	Get Marketplace Fees	END	1710452865524
USER	Get Marketplace Fees	START	1710452865592
REQUEST		Get all marketplace fees	1710452863992	1710452865716	OK	 
USER	Get Marketplace Fees	END	1710452865717
USER	Get Marketplace Fees	START	1710452865792
REQUEST		Get all marketplace fees	1710452864991	1710452865921	OK	 
USER	Get Marketplace Fees	END	1710452865922
USER	Get Marketplace Fees	START	1710452865992
USER	Get Marketplace Fees	START	1710452866192
USER	Get Marketplace Fees	START	1710452866393
REQUEST		Get all marketplace fees	1710452865391	1710452866518	OK	 
USER	Get Marketplace Fees	END	1710452866519
REQUEST		Get all marketplace fees	1710452864192	1710452866538	OK	 
USER	Get Marketplace Fees	END	1710452866540
USER	Get Marketplace Fees	START	1710452866594
REQUEST		Get all marketplace fees	1710452865192	1710452866636	OK	 
USER	Get Marketplace Fees	END	1710452866637
USER	Get Marketplace Fees	START	1710452866791
USER	Get Marketplace Fees	START	1710452866991
REQUEST		Get all marketplace fees	1710452864392	1710452867025	OK	 
USER	Get Marketplace Fees	END	1710452867026
REQUEST		Get all marketplace fees	1710452865791	1710452867109	OK	 
USER	Get Marketplace Fees	END	1710452867110
REQUEST		Get all marketplace fees	1710452864792	1710452867155	OK	 
USER	Get Marketplace Fees	END	1710452867157
REQUEST		Get all marketplace fees	1710452865992	1710452867169	OK	 
USER	Get Marketplace Fees	END	1710452867169
USER	Get Marketplace Fees	START	1710452867191
REQUEST		Get all marketplace fees	1710452864592	1710452867214	OK	 
USER	Get Marketplace Fees	END	1710452867215
USER	Get Marketplace Fees	START	1710452867392
USER	Get Marketplace Fees	START	1710452867592
USER	Get Marketplace Fees	START	1710452867792
USER	Get Marketplace Fees	START	1710452867958
USER	Get Marketplace Fees	START	1710452868125
USER	Get Marketplace Fees	START	1710452868292
REQUEST		Get all marketplace fees	1710452866790	1710452868315	OK	 
USER	Get Marketplace Fees	END	1710452868317
REQUEST		Get all marketplace fees	1710452865592	1710452868441	OK	 
USER	Get Marketplace Fees	END	1710452868442
USER	Get Marketplace Fees	START	1710452868458
REQUEST		Get all marketplace fees	1710452866392	1710452868609	OK	 
USER	Get Marketplace Fees	END	1710452868610
USER	Get Marketplace Fees	START	1710452868625
USER	Get Marketplace Fees	START	1710452868791
REQUEST		Get all marketplace fees	1710452866192	1710452868916	OK	 
USER	Get Marketplace Fees	END	1710452868918
USER	Get Marketplace Fees	START	1710452868991
REQUEST		Get all marketplace fees	1710452867791	1710452869009	OK	 
USER	Get Marketplace Fees	END	1710452869010
REQUEST		Get all marketplace fees	1710452866593	1710452869057	OK	 
USER	Get Marketplace Fees	END	1710452869058
USER	Get Marketplace Fees	START	1710452869191
REQUEST		Get all marketplace fees	1710452867592	1710452869313	OK	 
USER	Get Marketplace Fees	END	1710452869314
USER	Get Marketplace Fees	START	1710452869392
REQUEST		Get all marketplace fees	1710452868124	1710452869527	OK	 
USER	Get Marketplace Fees	END	1710452869529
USER	Get Marketplace Fees	START	1710452869592
USER	Get Marketplace Fees	START	1710452869791
REQUEST		Get all marketplace fees	1710452867957	1710452869916	OK	 
USER	Get Marketplace Fees	END	1710452869917
USER	Get Marketplace Fees	START	1710452869958
USER	Get Marketplace Fees	START	1710452870126
USER	Get Marketplace Fees	START	1710452870292
REQUEST		Get all marketplace fees	1710452868457	1710452870335	OK	 
USER	Get Marketplace Fees	END	1710452870336
USER	Get Marketplace Fees	START	1710452870457
USER	Get Marketplace Fees	START	1710452870625
USER	Get Marketplace Fees	START	1710452870791
REQUEST		Get all marketplace fees	1710452868991	1710452870812	OK	 
USER	Get Marketplace Fees	END	1710452870812
REQUEST		Get all marketplace fees	1710452866990	1710452870833	OK	 
USER	Get Marketplace Fees	END	1710452870834
REQUEST		Get all marketplace fees	1710452867391	1710452870854	OK	 
USER	Get Marketplace Fees	END	1710452870854
USER	Get Marketplace Fees	START	1710452870958
REQUEST		Get all marketplace fees	1710452869791	1710452871112	OK	 
USER	Get Marketplace Fees	END	1710452871113
REQUEST		Get all marketplace fees	1710452868790	1710452871118	OK	 
USER	Get Marketplace Fees	END	1710452871118
USER	Get Marketplace Fees	START	1710452871124
USER	Get Marketplace Fees	START	1710452871291
REQUEST		Get all marketplace fees	1710452867191	1710452871339	OK	 
REQUEST		Get all marketplace fees	1710452868292	1710452871339	OK	 
USER	Get Marketplace Fees	END	1710452871340
USER	Get Marketplace Fees	END	1710452871340
USER	Get Marketplace Fees	START	1710452871457
REQUEST		Get all marketplace fees	1710452869591	1710452871608	OK	 
USER	Get Marketplace Fees	END	1710452871609
USER	Get Marketplace Fees	START	1710452871625
REQUEST		Get all marketplace fees	1710452869191	1710452871721	OK	 
USER	Get Marketplace Fees	END	1710452871722
USER	Get Marketplace Fees	START	1710452871790
REQUEST		Get all marketplace fees	1710452868624	1710452871817	OK	 
USER	Get Marketplace Fees	END	1710452871818
USER	Get Marketplace Fees	START	1710452871958
REQUEST		Get all marketplace fees	1710452870457	1710452872015	OK	 
USER	Get Marketplace Fees	END	1710452872015
REQUEST		Get all marketplace fees	1710452869957	1710452872032	OK	 
USER	Get Marketplace Fees	END	1710452872033
REQUEST		Get all marketplace fees	1710452870124	1710452872038	OK	 
USER	Get Marketplace Fees	END	1710452872039
REQUEST		Get all marketplace fees	1710452869391	1710452872110	OK	 
USER	Get Marketplace Fees	END	1710452872111
USER	Get Marketplace Fees	START	1710452872124
USER	Get Marketplace Fees	START	1710452872291
USER	Get Marketplace Fees	START	1710452872458
REQUEST		Get all marketplace fees	1710452870291	1710452872510	OK	 
USER	Get Marketplace Fees	END	1710452872512
REQUEST		Get all marketplace fees	1710452870624	1710452872521	OK	 
USER	Get Marketplace Fees	END	1710452872522
REQUEST		Get all marketplace fees	1710452870790	1710452872621	OK	 
USER	Get Marketplace Fees	END	1710452872621
USER	Get Marketplace Fees	START	1710452872624
REQUEST		Get all marketplace fees	1710452871790	1710452872716	OK	 
USER	Get Marketplace Fees	END	1710452872717
USER	Get Marketplace Fees	START	1710452872791
USER	Get Marketplace Fees	START	1710452872958
USER	Get Marketplace Fees	START	1710452873125
REQUEST		Get all marketplace fees	1710452872124	1710452873132	OK	 
USER	Get Marketplace Fees	END	1710452873133
REQUEST		Get all marketplace fees	1710452871624	1710452873233	OK	 
USER	Get Marketplace Fees	END	1710452873234
USER	Get Marketplace Fees	START	1710452873292
USER	Get Marketplace Fees	START	1710452873458
REQUEST		Get all marketplace fees	1710452871456	1710452873532	OK	 
USER	Get Marketplace Fees	END	1710452873534
REQUEST		Get all marketplace fees	1710452870957	1710452873615	OK	 
USER	Get Marketplace Fees	END	1710452873615
USER	Get Marketplace Fees	START	1710452873625
REQUEST		Get all marketplace fees	1710452871124	1710452873732	OK	 
USER	Get Marketplace Fees	END	1710452873733
USER	Get Marketplace Fees	START	1710452873791
USER	Get Marketplace Fees	START	1710452873958
USER	Get Marketplace Fees	START	1710452874125
REQUEST		Get all marketplace fees	1710452872624	1710452874178	OK	 
USER	Get Marketplace Fees	END	1710452874179
REQUEST		Get all marketplace fees	1710452871291	1710452874212	OK	 
USER	Get Marketplace Fees	END	1710452874213
USER	Get Marketplace Fees	START	1710452874291
REQUEST		Get all marketplace fees	1710452871957	1710452874314	OK	 
USER	Get Marketplace Fees	END	1710452874314
REQUEST		Get all marketplace fees	1710452873124	1710452874414	OK	 
USER	Get Marketplace Fees	END	1710452874415
REQUEST		Get all marketplace fees	1710452872291	1710452874436	OK	 
USER	Get Marketplace Fees	END	1710452874437
USER	Get Marketplace Fees	START	1710452874457
USER	Get Marketplace Fees	START	1710452874625
USER	Get Marketplace Fees	START	1710452874791
REQUEST		Get all marketplace fees	1710452872457	1710452874840	OK	 
USER	Get Marketplace Fees	END	1710452874841
USER	Get Marketplace Fees	START	1710452874958
REQUEST		Get all marketplace fees	1710452872791	1710452875025	OK	 
USER	Get Marketplace Fees	END	1710452875026
REQUEST		Get all marketplace fees	1710452873791	1710452875044	OK	 
USER	Get Marketplace Fees	END	1710452875046
USER	Get Marketplace Fees	START	1710452875126
USER	Get Marketplace Fees	START	1710452875293
REQUEST		Get all marketplace fees	1710452872957	1710452875409	OK	 
USER	Get Marketplace Fees	END	1710452875410
REQUEST		Get all marketplace fees	1710452873957	1710452875440	OK	 
USER	Get Marketplace Fees	END	1710452875441
USER	Get Marketplace Fees	START	1710452875458
USER	Get Marketplace Fees	START	1710452875626
REQUEST		Get all marketplace fees	1710452873457	1710452875711	OK	 
USER	Get Marketplace Fees	END	1710452875713
USER	Get Marketplace Fees	START	1710452875792
REQUEST		Get all marketplace fees	1710452873292	1710452875835	OK	 
USER	Get Marketplace Fees	END	1710452875836
REQUEST		Get all marketplace fees	1710452873625	1710452875837	OK	 
USER	Get Marketplace Fees	END	1710452875838
USER	Get Marketplace Fees	START	1710452875958
REQUEST		Get all marketplace fees	1710452874791	1710452876011	OK	 
USER	Get Marketplace Fees	END	1710452876012
USER	Get Marketplace Fees	START	1710452876125
USER	Get Marketplace Fees	START	1710452876292
USER	Get Marketplace Fees	START	1710452876457
REQUEST		Get all marketplace fees	1710452874124	1710452876524	OK	 
USER	Get Marketplace Fees	END	1710452876524
USER	Get Marketplace Fees	START	1710452876624
REQUEST		Get all marketplace fees	1710452874958	1710452876680	OK	 
USER	Get Marketplace Fees	END	1710452876681
USER	Get Marketplace Fees	START	1710452876792
REQUEST		Get all marketplace fees	1710452874457	1710452876810	OK	 
USER	Get Marketplace Fees	END	1710452876811
REQUEST		Get all marketplace fees	1710452875458	1710452876850	OK	 
USER	Get Marketplace Fees	END	1710452876852
REQUEST		Get all marketplace fees	1710452875292	1710452876910	OK	 
USER	Get Marketplace Fees	END	1710452876911
USER	Get Marketplace Fees	START	1710452876957
REQUEST		Get all marketplace fees	1710452874624	1710452877002	OK	 
USER	Get Marketplace Fees	END	1710452877003
REQUEST		Get all marketplace fees	1710452875125	1710452877008	OK	 
USER	Get Marketplace Fees	END	1710452877009
REQUEST		Get all marketplace fees	1710452875791	1710452877017	OK	 
USER	Get Marketplace Fees	END	1710452877018
USER	Get Marketplace Fees	START	1710452877126
REQUEST		Get all marketplace fees	1710452874291	1710452877210	OK	 
USER	Get Marketplace Fees	END	1710452877211
USER	Get Marketplace Fees	START	1710452877292
REQUEST		Get all marketplace fees	1710452876291	1710452877411	OK	 
USER	Get Marketplace Fees	END	1710452877411
USER	Get Marketplace Fees	START	1710452877458
USER	Get Marketplace Fees	START	1710452877625
REQUEST		Get all marketplace fees	1710452876957	1710452877672	OK	 
USER	Get Marketplace Fees	END	1710452877672
USER	Get Marketplace Fees	START	1710452877820
REQUEST		Get all marketplace fees	1710452876124	1710452877823	OK	 
USER	Get Marketplace Fees	END	1710452877824
USER	Get Marketplace Fees	START	1710452877957
REQUEST		Get all marketplace fees	1710452876457	1710452878032	OK	 
USER	Get Marketplace Fees	END	1710452878034
USER	Get Marketplace Fees	START	1710452878125
REQUEST		Get all marketplace fees	1710452877292	1710452878161	OK	 
USER	Get Marketplace Fees	END	1710452878162
USER	Get Marketplace Fees	START	1710452878291
REQUEST		Get all marketplace fees	1710452877125	1710452878414	OK	 
USER	Get Marketplace Fees	END	1710452878416
USER	Get Marketplace Fees	START	1710452878457
REQUEST		Get all marketplace fees	1710452875625	1710452878515	OK	 
USER	Get Marketplace Fees	END	1710452878516
USER	Get Marketplace Fees	START	1710452878625
USER	Get Marketplace Fees	START	1710452878792
REQUEST		Get all marketplace fees	1710452876791	1710452878860	OK	 
USER	Get Marketplace Fees	END	1710452878861
REQUEST		Get all marketplace fees	1710452875957	1710452878912	OK	 
USER	Get Marketplace Fees	END	1710452878913
USER	Get Marketplace Fees	START	1710452878957
REQUEST		Get all marketplace fees	1710452876624	1710452879023	OK	 
USER	Get Marketplace Fees	END	1710452879023
REQUEST		Get all marketplace fees	1710452877457	1710452879046	OK	 
USER	Get Marketplace Fees	END	1710452879047
USER	Get Marketplace Fees	START	1710452879124
USER	Get Marketplace Fees	START	1710452879292
REQUEST		Get all marketplace fees	1710452877625	1710452879322	OK	 
USER	Get Marketplace Fees	END	1710452879323
USER	Get Marketplace Fees	START	1710452879458
USER	Get Marketplace Fees	START	1710452879625
REQUEST		Get all marketplace fees	1710452877956	1710452879733	OK	 
USER	Get Marketplace Fees	END	1710452879734
USER	Get Marketplace Fees	START	1710452879792
REQUEST		Get all marketplace fees	1710452877791	1710452879911	OK	 
USER	Get Marketplace Fees	END	1710452879913
USER	Get Marketplace Fees	START	1710452879958
REQUEST		Get all marketplace fees	1710452878124	1710452880043	OK	 
USER	Get Marketplace Fees	END	1710452880044
USER	Get Marketplace Fees	START	1710452880125
REQUEST		Get all marketplace fees	1710452878291	1710452880131	OK	 
USER	Get Marketplace Fees	END	1710452880132
USER	Get Marketplace Fees	START	1710452880293
REQUEST		Get all marketplace fees	1710452879124	1710452880331	OK	 
REQUEST		Get all marketplace fees	1710452878791	1710452880331	OK	 
USER	Get Marketplace Fees	END	1710452880332
USER	Get Marketplace Fees	END	1710452880332
REQUEST		Get all marketplace fees	1710452878457	1710452880411	OK	 
USER	Get Marketplace Fees	END	1710452880412
USER	Get Marketplace Fees	START	1710452880459
REQUEST		Get all marketplace fees	1710452878624	1710452880610	OK	 
USER	Get Marketplace Fees	END	1710452880611
USER	Get Marketplace Fees	START	1710452880626
REQUEST		Get all marketplace fees	1710452878957	1710452880764	OK	 
USER	Get Marketplace Fees	END	1710452880764
USER	Get Marketplace Fees	START	1710452880791
USER	Get Marketplace Fees	START	1710452880958
USER	Get Marketplace Fees	START	1710452881125
REQUEST		Get all marketplace fees	1710452879458	1710452881149	OK	 
USER	Get Marketplace Fees	END	1710452881151
REQUEST		Get all marketplace fees	1710452879291	1710452881190	OK	 
USER	Get Marketplace Fees	END	1710452881190
USER	Get Marketplace Fees	START	1710452881292
REQUEST		Get all marketplace fees	1710452879791	1710452881321	OK	 
USER	Get Marketplace Fees	END	1710452881323
REQUEST		Get all marketplace fees	1710452879957	1710452881434	OK	 
USER	Get Marketplace Fees	END	1710452881434
USER	Get Marketplace Fees	START	1710452881457
REQUEST		Get all marketplace fees	1710452879625	1710452881612	OK	 
USER	Get Marketplace Fees	END	1710452881613
USER	Get Marketplace Fees	START	1710452881624
REQUEST		Get all marketplace fees	1710452880125	1710452881641	OK	 
USER	Get Marketplace Fees	END	1710452881641
REQUEST		Get all marketplace fees	1710452880292	1710452881713	OK	 
USER	Get Marketplace Fees	END	1710452881713
USER	Get Marketplace Fees	START	1710452881791
USER	Get Marketplace Fees	START	1710452881958
REQUEST		Get all marketplace fees	1710452880458	1710452882011	OK	 
USER	Get Marketplace Fees	END	1710452882011
USER	Get Marketplace Fees	START	1710452882125
REQUEST		Get all marketplace fees	1710452880625	1710452882224	OK	 
USER	Get Marketplace Fees	END	1710452882225
USER	Get Marketplace Fees	START	1710452882291
REQUEST		Get all marketplace fees	1710452880957	1710452882457	OK	 
USER	Get Marketplace Fees	START	1710452882458
USER	Get Marketplace Fees	END	1710452882459
REQUEST		Get all marketplace fees	1710452881291	1710452882536	OK	 
USER	Get Marketplace Fees	END	1710452882537
REQUEST		Get all marketplace fees	1710452880790	1710452882539	OK	 
USER	Get Marketplace Fees	END	1710452882539
USER	Get Marketplace Fees	START	1710452882624
USER	Get Marketplace Fees	START	1710452882791
REQUEST		Get all marketplace fees	1710452881457	1710452882827	OK	 
USER	Get Marketplace Fees	END	1710452882828
USER	Get Marketplace Fees	START	1710452882958
REQUEST		Get all marketplace fees	1710452881124	1710452883009	OK	 
USER	Get Marketplace Fees	END	1710452883010
REQUEST		Get all marketplace fees	1710452881790	1710452883111	OK	 
USER	Get Marketplace Fees	END	1710452883112
USER	Get Marketplace Fees	START	1710452883124
USER	Get Marketplace Fees	START	1710452883291
REQUEST		Get all marketplace fees	1710452881957	1710452883332	OK	 
USER	Get Marketplace Fees	END	1710452883333
USER	Get Marketplace Fees	START	1710452883459
USER	Get Marketplace Fees	START	1710452883625
REQUEST		Get all marketplace fees	1710452882791	1710452883626	OK	 
USER	Get Marketplace Fees	END	1710452883626
REQUEST		Get all marketplace fees	1710452882457	1710452883637	OK	 
USER	Get Marketplace Fees	END	1710452883637
REQUEST		Get all marketplace fees	1710452882291	1710452883736	OK	 
USER	Get Marketplace Fees	END	1710452883736
USER	Get Marketplace Fees	START	1710452883791
USER	Get Marketplace Fees	START	1710452883958
REQUEST		Get all marketplace fees	1710452881624	1710452883979	OK	 
USER	Get Marketplace Fees	END	1710452883980
REQUEST		Get all marketplace fees	1710452883124	1710452884122	OK	 
USER	Get Marketplace Fees	END	1710452884123
USER	Get Marketplace Fees	START	1710452884124
REQUEST		Get all marketplace fees	1710452882124	1710452884213	OK	 
USER	Get Marketplace Fees	END	1710452884214
USER	Get Marketplace Fees	START	1710452884292
REQUEST		Get all marketplace fees	1710452882624	1710452884347	OK	 
USER	Get Marketplace Fees	END	1710452884348
USER	Get Marketplace Fees	START	1710452884459
USER	Get Marketplace Fees	START	1710452884626
USER	Get Marketplace Fees	START	1710452884791
REQUEST		Get all marketplace fees	1710452883791	1710452884831	OK	 
USER	Get Marketplace Fees	END	1710452884832
REQUEST		Get all marketplace fees	1710452883291	1710452884943	OK	 
USER	Get Marketplace Fees	END	1710452884944
USER	Get Marketplace Fees	START	1710452884958
REQUEST		Get all marketplace fees	1710452882957	1710452885013	OK	 
USER	Get Marketplace Fees	END	1710452885013
REQUEST		Get all marketplace fees	1710452883458	1710452885016	OK	 
USER	Get Marketplace Fees	END	1710452885017
USER	Get Marketplace Fees	START	1710452885124
USER	Get Marketplace Fees	START	1710452885291
USER	Get Marketplace Fees	START	1710452885457
REQUEST		Get all marketplace fees	1710452884124	1710452885544	OK	 
USER	Get Marketplace Fees	END	1710452885545
USER	Get Marketplace Fees	START	1710452885624
USER	Get Marketplace Fees	START	1710452885791
REQUEST		Get all marketplace fees	1710452884625	1710452885918	OK	 
USER	Get Marketplace Fees	END	1710452885919
USER	Get Marketplace Fees	START	1710452885957
USER	Get Marketplace Fees	START	1710452886124
REQUEST		Get all marketplace fees	1710452883624	1710452886240	OK	 
USER	Get Marketplace Fees	END	1710452886240
USER	Get Marketplace Fees	START	1710452886291
USER	Get Marketplace Fees	START	1710452886458
REQUEST		Get all marketplace fees	1710452883957	1710452886527	OK	 
USER	Get Marketplace Fees	END	1710452886528
USER	Get Marketplace Fees	START	1710452886624
REQUEST		Get all marketplace fees	1710452884458	1710452886724	OK	 
USER	Get Marketplace Fees	END	1710452886725
REQUEST		Get all marketplace fees	1710452885291	1710452886734	OK	 
USER	Get Marketplace Fees	END	1710452886734
REQUEST		Get all marketplace fees	1710452884791	1710452886740	OK	 
USER	Get Marketplace Fees	END	1710452886740
USER	Get Marketplace Fees	START	1710452886791
USER	Get Marketplace Fees	START	1710452886958
REQUEST		Get all marketplace fees	1710452884292	1710452887023	OK	 
USER	Get Marketplace Fees	END	1710452887023
USER	Get Marketplace Fees	START	1710452887125
REQUEST		Get all marketplace fees	1710452884957	1710452887209	OK	 
USER	Get Marketplace Fees	END	1710452887209
USER	Get Marketplace Fees	START	1710452887292
REQUEST		Get all marketplace fees	1710452885624	1710452887316	OK	 
REQUEST		Get all marketplace fees	1710452886457	1710452887316	OK	 
USER	Get Marketplace Fees	END	1710452887316
USER	Get Marketplace Fees	END	1710452887316
USER	Get Marketplace Fees	START	1710452887458
REQUEST		Get all marketplace fees	1710452885124	1710452887515	OK	 
USER	Get Marketplace Fees	END	1710452887516
USER	Get Marketplace Fees	START	1710452887625
USER	Get Marketplace Fees	START	1710452887791
USER	Get Marketplace Fees	START	1710452887933
USER	Get Marketplace Fees	START	1710452888077
REQUEST		Get all marketplace fees	1710452885457	1710452888111	OK	 
USER	Get Marketplace Fees	END	1710452888111
USER	Get Marketplace Fees	START	1710452888219
USER	Get Marketplace Fees	START	1710452888362
REQUEST		Get all marketplace fees	1710452886124	1710452888437	OK	 
USER	Get Marketplace Fees	END	1710452888438
REQUEST		Get all marketplace fees	1710452885957	1710452888451	OK	 
USER	Get Marketplace Fees	END	1710452888452
USER	Get Marketplace Fees	START	1710452888506
REQUEST		Get all marketplace fees	1710452885791	1710452888512	OK	 
USER	Get Marketplace Fees	END	1710452888512
REQUEST		Get all marketplace fees	1710452887124	1710452888643	OK	 
USER	Get Marketplace Fees	END	1710452888643
USER	Get Marketplace Fees	START	1710452888648
REQUEST		Get all marketplace fees	1710452886291	1710452888733	OK	 
USER	Get Marketplace Fees	END	1710452888734
USER	Get Marketplace Fees	START	1710452888792
REQUEST		Get all marketplace fees	1710452886791	1710452888811	OK	 
USER	Get Marketplace Fees	END	1710452888812
REQUEST		Get all marketplace fees	1710452886624	1710452888920	OK	 
USER	Get Marketplace Fees	END	1710452888921
USER	Get Marketplace Fees	START	1710452888957
USER	Get Marketplace Fees	START	1710452889124
USER	Get Marketplace Fees	START	1710452889292
REQUEST		Get all marketplace fees	1710452886957	1710452889334	OK	 
USER	Get Marketplace Fees	END	1710452889334
REQUEST		Get all marketplace fees	1710452888505	1710452889421	OK	 
USER	Get Marketplace Fees	END	1710452889422
USER	Get Marketplace Fees	START	1710452889458
REQUEST		Get all marketplace fees	1710452887625	1710452889530	OK	 
USER	Get Marketplace Fees	END	1710452889531
REQUEST		Get all marketplace fees	1710452887790	1710452889616	OK	 
USER	Get Marketplace Fees	END	1710452889617
USER	Get Marketplace Fees	START	1710452889626
REQUEST		Get all marketplace fees	1710452887457	1710452889710	OK	 
USER	Get Marketplace Fees	END	1710452889711
USER	Get Marketplace Fees	START	1710452889791
REQUEST		Get all marketplace fees	1710452888219	1710452889838	OK	 
USER	Get Marketplace Fees	END	1710452889839
USER	Get Marketplace Fees	START	1710452889934
USER	Get Marketplace Fees	START	1710452890076
USER	Get Marketplace Fees	START	1710452890220
USER	Get Marketplace Fees	START	1710452890362
REQUEST		Get all marketplace fees	1710452888076	1710452890415	OK	 
USER	Get Marketplace Fees	END	1710452890415
USER	Get Marketplace Fees	START	1710452890506
REQUEST		Get all marketplace fees	1710452888957	1710452890630	OK	 
USER	Get Marketplace Fees	END	1710452890631
REQUEST		Get all marketplace fees	1710452887291	1710452890643	OK	 
USER	Get Marketplace Fees	END	1710452890643
USER	Get Marketplace Fees	START	1710452890649
REQUEST		Get all marketplace fees	1710452887933	1710452890711	OK	 
USER	Get Marketplace Fees	END	1710452890712
USER	Get Marketplace Fees	START	1710452890790
USER	Get Marketplace Fees	START	1710452890933
REQUEST		Get all marketplace fees	1710452888791	1710452891059	OK	 
USER	Get Marketplace Fees	END	1710452891060
USER	Get Marketplace Fees	START	1710452891076
REQUEST		Get all marketplace fees	1710452888648	1710452891124	OK	 
USER	Get Marketplace Fees	END	1710452891124
REQUEST		Get all marketplace fees	1710452888362	1710452891129	OK	 
USER	Get Marketplace Fees	END	1710452891130
USER	Get Marketplace Fees	START	1710452891220
USER	Get Marketplace Fees	START	1710452891362
USER	Get Marketplace Fees	START	1710452891505
REQUEST		Get all marketplace fees	1710452889291	1710452891566	OK	 
REQUEST		Get all marketplace fees	1710452889625	1710452891566	OK	 
USER	Get Marketplace Fees	END	1710452891567
USER	Get Marketplace Fees	END	1710452891567
USER	Get Marketplace Fees	START	1710452891648
USER	Get Marketplace Fees	START	1710452891791
USER	Get Marketplace Fees	START	1710452891933
USER	Get Marketplace Fees	START	1710452892077
REQUEST		Get all marketplace fees	1710452889933	1710452892110	OK	 
USER	Get Marketplace Fees	END	1710452892111
USER	Get Marketplace Fees	START	1710452892221
USER	Get Marketplace Fees	START	1710452892363
USER	Get Marketplace Fees	START	1710452892506
REQUEST		Get all marketplace fees	1710452890790	1710452892508	OK	 
USER	Get Marketplace Fees	END	1710452892509
USER	Get Marketplace Fees	START	1710452892649
USER	Get Marketplace Fees	START	1710452892792
REQUEST		Get all marketplace fees	1710452889124	1710452892842	OK	 
USER	Get Marketplace Fees	END	1710452892843
REQUEST		Get all marketplace fees	1710452890076	1710452892909	OK	 
USER	Get Marketplace Fees	END	1710452892909
USER	Get Marketplace Fees	START	1710452892933
USER	Get Marketplace Fees	START	1710452893077
USER	Get Marketplace Fees	START	1710452893220
USER	Get Marketplace Fees	START	1710452893363
USER	Get Marketplace Fees	START	1710452893506
USER	Get Marketplace Fees	START	1710452893649
USER	Get Marketplace Fees	START	1710452893792
REQUEST		Get all marketplace fees	1710452891648	1710452893914	OK	 
USER	Get Marketplace Fees	END	1710452893914
REQUEST		Get all marketplace fees	1710452890219	1710452893921	OK	 
USER	Get Marketplace Fees	END	1710452893921
USER	Get Marketplace Fees	START	1710452893933
REQUEST		Get all marketplace fees	1710452891219	1710452894017	OK	 
USER	Get Marketplace Fees	END	1710452894018
REQUEST		Get all marketplace fees	1710452890362	1710452894019	OK	 
USER	Get Marketplace Fees	END	1710452894019
USER	Get Marketplace Fees	START	1710452894077
USER	Get Marketplace Fees	START	1710452894220
REQUEST		Get all marketplace fees	1710452891933	1710452894314	OK	 
USER	Get Marketplace Fees	END	1710452894315
REQUEST		Get all marketplace fees	1710452892076	1710452894331	OK	 
USER	Get Marketplace Fees	END	1710452894332
USER	Get Marketplace Fees	START	1710452894363
USER	Get Marketplace Fees	START	1710452894506
USER	Get Marketplace Fees	START	1710452894650
REQUEST		Get all marketplace fees	1710452891791	1710452894717	OK	 
USER	Get Marketplace Fees	END	1710452894718
REQUEST		Get all marketplace fees	1710452889791	1710452894739	OK	 
USER	Get Marketplace Fees	END	1710452894740
USER	Get Marketplace Fees	START	1710452894792
USER	Get Marketplace Fees	START	1710452894933
USER	Get Marketplace Fees	START	1710452895077
USER	Get Marketplace Fees	START	1710452895220
REQUEST		Get all marketplace fees	1710452891076	1710452895281	OK	 
USER	Get Marketplace Fees	END	1710452895283
USER	Get Marketplace Fees	START	1710452895363
REQUEST		Get all marketplace fees	1710452890505	1710452895416	OK	 
USER	Get Marketplace Fees	END	1710452895416
USER	Get Marketplace Fees	START	1710452895506
USER	Get Marketplace Fees	START	1710452895649
REQUEST		Get all marketplace fees	1710452892791	1710452895707	OK	 
USER	Get Marketplace Fees	END	1710452895708
REQUEST		Get all marketplace fees	1710452890932	1710452895733	OK	 
USER	Get Marketplace Fees	END	1710452895734
USER	Get Marketplace Fees	START	1710452895792
USER	Get Marketplace Fees	START	1710452895934
REQUEST		Get all marketplace fees	1710452889457	1710452895947	OK	 
USER	Get Marketplace Fees	END	1710452895948
REQUEST		Get all marketplace fees	1710452892220	1710452895949	OK	 
USER	Get Marketplace Fees	END	1710452895949
REQUEST		Get all marketplace fees	1710452891505	1710452896037	OK	 
USER	Get Marketplace Fees	END	1710452896038
USER	Get Marketplace Fees	START	1710452896077
REQUEST		Get all marketplace fees	1710452891362	1710452896117	OK	 
USER	Get Marketplace Fees	END	1710452896118
REQUEST		Get all marketplace fees	1710452893648	1710452896119	OK	 
USER	Get Marketplace Fees	END	1710452896120
USER	Get Marketplace Fees	START	1710452896220
REQUEST		Get all marketplace fees	1710452893077	1710452896315	OK	 
USER	Get Marketplace Fees	END	1710452896316
USER	Get Marketplace Fees	START	1710452896363
REQUEST		Get all marketplace fees	1710452892506	1710452896480	OK	 
USER	Get Marketplace Fees	END	1710452896480
USER	Get Marketplace Fees	START	1710452896506
REQUEST		Get all marketplace fees	1710452893219	1710452896515	OK	 
USER	Get Marketplace Fees	END	1710452896516
REQUEST		Get all marketplace fees	1710452892362	1710452896618	OK	 
USER	Get Marketplace Fees	END	1710452896619
REQUEST		Get all marketplace fees	1710452890648	1710452896634	OK	 
USER	Get Marketplace Fees	END	1710452896635
USER	Get Marketplace Fees	START	1710452896649
USER	Get Marketplace Fees	START	1710452896790
REQUEST		Get all marketplace fees	1710452892933	1710452896810	OK	 
USER	Get Marketplace Fees	END	1710452896810
USER	Get Marketplace Fees	START	1710452896933
REQUEST		Get all marketplace fees	1710452894506	1710452897006	OK	 
USER	Get Marketplace Fees	END	1710452897007
USER	Get Marketplace Fees	START	1710452897076
USER	Get Marketplace Fees	START	1710452897219
REQUEST		Get all marketplace fees	1710452894791	1710452897307	OK	 
USER	Get Marketplace Fees	END	1710452897308
REQUEST		Get all marketplace fees	1710452894219	1710452897338	OK	 
USER	Get Marketplace Fees	END	1710452897339
USER	Get Marketplace Fees	START	1710452897362
USER	Get Marketplace Fees	START	1710452897505
REQUEST		Get all marketplace fees	1710452893362	1710452897631	OK	 
USER	Get Marketplace Fees	END	1710452897631
USER	Get Marketplace Fees	START	1710452897648
USER	Get Marketplace Fees	START	1710452897791
USER	Get Marketplace Fees	START	1710452897933
REQUEST		Get all marketplace fees	1710452892649	1710452897934	OK	 
USER	Get Marketplace Fees	END	1710452897934
REQUEST		Get all marketplace fees	1710452894649	1710452898008	OK	 
USER	Get Marketplace Fees	END	1710452898008
REQUEST		Get all marketplace fees	1710452896076	1710452898010	OK	 
USER	Get Marketplace Fees	END	1710452898010
USER	Get Marketplace Fees	START	1710452898076
REQUEST		Get all marketplace fees	1710452893506	1710452898174	OK	 
USER	Get Marketplace Fees	END	1710452898175
USER	Get Marketplace Fees	START	1710452898219
REQUEST		Get all marketplace fees	1710452893791	1710452898343	OK	 
USER	Get Marketplace Fees	END	1710452898345
USER	Get Marketplace Fees	START	1710452898362
REQUEST		Get all marketplace fees	1710452894933	1710452898421	OK	 
USER	Get Marketplace Fees	END	1710452898423
REQUEST		Get all marketplace fees	1710452894077	1710452898423	OK	 
USER	Get Marketplace Fees	END	1710452898424
USER	Get Marketplace Fees	START	1710452898505
REQUEST		Get all marketplace fees	1710452895362	1710452898626	OK	 
USER	Get Marketplace Fees	END	1710452898627
USER	Get Marketplace Fees	START	1710452898649
USER	Get Marketplace Fees	START	1710452898791
REQUEST		Get all marketplace fees	1710452893933	1710452898909	OK	 
USER	Get Marketplace Fees	END	1710452898910
USER	Get Marketplace Fees	START	1710452898933
REQUEST		Get all marketplace fees	1710452894363	1710452899038	OK	 
USER	Get Marketplace Fees	END	1710452899039
USER	Get Marketplace Fees	START	1710452899076
REQUEST		Get all marketplace fees	1710452896220	1710452899110	OK	 
USER	Get Marketplace Fees	END	1710452899111
REQUEST		Get all marketplace fees	1710452895649	1710452899218	OK	 
USER	Get Marketplace Fees	END	1710452899218
USER	Get Marketplace Fees	START	1710452899219
REQUEST		Get all marketplace fees	1710452895219	1710452899222	OK	 
USER	Get Marketplace Fees	END	1710452899223
USER	Get Marketplace Fees	START	1710452899362
USER	Get Marketplace Fees	START	1710452899505
USER	Get Marketplace Fees	START	1710452899648
USER	Get Marketplace Fees	START	1710452899791
USER	Get Marketplace Fees	START	1710452899934
REQUEST		Get all marketplace fees	1710452896932	1710452900008	OK	 
USER	Get Marketplace Fees	END	1710452900009
USER	Get Marketplace Fees	START	1710452900077
USER	Get Marketplace Fees	START	1710452900220
USER	Get Marketplace Fees	START	1710452900363
REQUEST		Get all marketplace fees	1710452896505	1710452900432	OK	 
USER	Get Marketplace Fees	END	1710452900432
USER	Get Marketplace Fees	START	1710452900505
REQUEST		Get all marketplace fees	1710452895506	1710452900516	OK	 
USER	Get Marketplace Fees	END	1710452900516
REQUEST		Get all marketplace fees	1710452896362	1710452900562	OK	 
USER	Get Marketplace Fees	END	1710452900562
USER	Get Marketplace Fees	START	1710452900649
REQUEST		Get all marketplace fees	1710452896790	1710452900747	OK	 
USER	Get Marketplace Fees	END	1710452900747
USER	Get Marketplace Fees	START	1710452900790
REQUEST		Get all marketplace fees	1710452895791	1710452900810	OK	 
USER	Get Marketplace Fees	END	1710452900811
REQUEST		Get all marketplace fees	1710452897790	1710452900824	OK	 
USER	Get Marketplace Fees	END	1710452900824
REQUEST		Get all marketplace fees	1710452895933	1710452900839	OK	 
USER	Get Marketplace Fees	END	1710452900839
USER	Get Marketplace Fees	START	1710452900932
REQUEST		Get all marketplace fees	1710452895076	1710452900945	OK	 
USER	Get Marketplace Fees	END	1710452900946
REQUEST		Get all marketplace fees	1710452896648	1710452900955	OK	 
USER	Get Marketplace Fees	END	1710452900956
USER	Get Marketplace Fees	START	1710452901076
USER	Get Marketplace Fees	START	1710452901219
USER	Get Marketplace Fees	START	1710452901362
REQUEST		Get all marketplace fees	1710452898505	1710452901409	OK	 
USER	Get Marketplace Fees	END	1710452901410
USER	Get Marketplace Fees	START	1710452901505
REQUEST		Get all marketplace fees	1710452898933	1710452901507	OK	 
USER	Get Marketplace Fees	END	1710452901508
REQUEST		Get all marketplace fees	1710452898219	1710452901517	OK	 
USER	Get Marketplace Fees	END	1710452901518
USER	Get Marketplace Fees	START	1710452901648
REQUEST		Get all marketplace fees	1710452897505	1710452901710	OK	 
USER	Get Marketplace Fees	END	1710452901710
USER	Get Marketplace Fees	START	1710452901792
USER	Get Marketplace Fees	START	1710452901934
REQUEST		Get all marketplace fees	1710452897075	1710452901948	OK	 
USER	Get Marketplace Fees	END	1710452901949
REQUEST		Get all marketplace fees	1710452897362	1710452902015	OK	 
USER	Get Marketplace Fees	END	1710452902016
USER	Get Marketplace Fees	START	1710452902076
REQUEST		Get all marketplace fees	1710452899791	1710452902210	OK	 
USER	Get Marketplace Fees	END	1710452902211
REQUEST		Get all marketplace fees	1710452899505	1710452902212	OK	 
USER	Get Marketplace Fees	END	1710452902213
USER	Get Marketplace Fees	START	1710452902219
REQUEST		Get all marketplace fees	1710452899362	1710452902310	OK	 
USER	Get Marketplace Fees	END	1710452902310
REQUEST		Get all marketplace fees	1710452898649	1710452902330	OK	 
USER	Get Marketplace Fees	END	1710452902330
USER	Get Marketplace Fees	START	1710452902362
REQUEST		Get all marketplace fees	1710452897219	1710452902413	OK	 
USER	Get Marketplace Fees	END	1710452902413
USER	Get Marketplace Fees	START	1710452902505
USER	Get Marketplace Fees	START	1710452902648
USER	Get Marketplace Fees	START	1710452902790
REQUEST		Get all marketplace fees	1710452897933	1710452902840	OK	 
USER	Get Marketplace Fees	END	1710452902840
USER	Get Marketplace Fees	START	1710452902933
USER	Get Marketplace Fees	START	1710452903076
REQUEST		Get all marketplace fees	1710452897647	1710452903142	OK	 
USER	Get Marketplace Fees	END	1710452903142
REQUEST		Get all marketplace fees	1710452899219	1710452903146	OK	 
REQUEST		Get all marketplace fees	1710452898362	1710452903146	OK	 
USER	Get Marketplace Fees	END	1710452903147
USER	Get Marketplace Fees	END	1710452903147
REQUEST		Get all marketplace fees	1710452901075	1710452903209	OK	 
USER	Get Marketplace Fees	END	1710452903210
USER	Get Marketplace Fees	START	1710452903219
REQUEST		Get all marketplace fees	1710452900076	1710452903335	OK	 
USER	Get Marketplace Fees	END	1710452903335
USER	Get Marketplace Fees	START	1710452903363
USER	Get Marketplace Fees	START	1710452903506
REQUEST		Get all marketplace fees	1710452899648	1710452903514	OK	 
USER	Get Marketplace Fees	END	1710452903515
REQUEST		Get all marketplace fees	1710452899076	1710452903639	OK	 
USER	Get Marketplace Fees	END	1710452903639
USER	Get Marketplace Fees	START	1710452903648
USER	Get Marketplace Fees	START	1710452903791
USER	Get Marketplace Fees	START	1710452903933
USER	Get Marketplace Fees	START	1710452904076
REQUEST		Get all marketplace fees	1710452900932	1710452904114	OK	 
USER	Get Marketplace Fees	END	1710452904114
USER	Get Marketplace Fees	START	1710452904219
USER	Get Marketplace Fees	START	1710452904362
REQUEST		Get all marketplace fees	1710452900219	1710452904373	OK	 
USER	Get Marketplace Fees	END	1710452904373
USER	Get Marketplace Fees	START	1710452904505
REQUEST		Get all marketplace fees	1710452900505	1710452904508	OK	 
USER	Get Marketplace Fees	END	1710452904509
REQUEST		Get all marketplace fees	1710452902362	1710452904641	OK	 
USER	Get Marketplace Fees	END	1710452904641
USER	Get Marketplace Fees	START	1710452904648
REQUEST		Get all marketplace fees	1710452898075	1710452904725	OK	 
USER	Get Marketplace Fees	END	1710452904726
USER	Get Marketplace Fees	START	1710452904791
REQUEST		Get all marketplace fees	1710452901647	1710452904809	OK	 
USER	Get Marketplace Fees	END	1710452904810
USER	Get Marketplace Fees	START	1710452904933
USER	Get Marketplace Fees	START	1710452905076
REQUEST		Get all marketplace fees	1710452902932	1710452905115	OK	 
USER	Get Marketplace Fees	END	1710452905116
REQUEST		Get all marketplace fees	1710452901791	1710452905123	OK	 
USER	Get Marketplace Fees	END	1710452905123
REQUEST		Get all marketplace fees	1710452903075	1710452905123	OK	 
USER	Get Marketplace Fees	END	1710452905124
USER	Get Marketplace Fees	START	1710452905219
USER	Get Marketplace Fees	START	1710452905363
USER	Get Marketplace Fees	START	1710452905506
USER	Get Marketplace Fees	START	1710452905649
REQUEST		Get all marketplace fees	1710452898790	1710452905716	OK	 
USER	Get Marketplace Fees	END	1710452905716
USER	Get Marketplace Fees	START	1710452905791
REQUEST		Get all marketplace fees	1710452902505	1710452905810	OK	 
USER	Get Marketplace Fees	END	1710452905810
REQUEST		Get all marketplace fees	1710452903790	1710452905909	OK	 
USER	Get Marketplace Fees	END	1710452905909
REQUEST		Get all marketplace fees	1710452902076	1710452905912	OK	 
USER	Get Marketplace Fees	END	1710452905912
USER	Get Marketplace Fees	START	1710452905933
USER	Get Marketplace Fees	START	1710452906077
REQUEST		Get all marketplace fees	1710452903362	1710452906113	OK	 
USER	Get Marketplace Fees	END	1710452906114
REQUEST		Get all marketplace fees	1710452904362	1710452906213	OK	 
USER	Get Marketplace Fees	END	1710452906214
USER	Get Marketplace Fees	START	1710452906220
USER	Get Marketplace Fees	START	1710452906363
REQUEST		Get all marketplace fees	1710452902648	1710452906411	OK	 
USER	Get Marketplace Fees	END	1710452906411
USER	Get Marketplace Fees	START	1710452906506
REQUEST		Get all marketplace fees	1710452904933	1710452906535	OK	 
USER	Get Marketplace Fees	END	1710452906536
REQUEST		Get all marketplace fees	1710452901505	1710452906619	OK	 
USER	Get Marketplace Fees	END	1710452906619
USER	Get Marketplace Fees	START	1710452906648
USER	Get Marketplace Fees	START	1710452906792
REQUEST		Get all marketplace fees	1710452903933	1710452906836	OK	 
USER	Get Marketplace Fees	END	1710452906837
USER	Get Marketplace Fees	START	1710452906934
REQUEST		Get all marketplace fees	1710452899933	1710452907020	OK	 
USER	Get Marketplace Fees	END	1710452907020
USER	Get Marketplace Fees	START	1710452907076
USER	Get Marketplace Fees	START	1710452907220
USER	Get Marketplace Fees	START	1710452907362
REQUEST		Get all marketplace fees	1710452904505	1710452907437	OK	 
USER	Get Marketplace Fees	END	1710452907438
USER	Get Marketplace Fees	START	1710452907506
REQUEST		Get all marketplace fees	1710452900790	1710452907508	OK	 
USER	Get Marketplace Fees	END	1710452907509
REQUEST		Get all marketplace fees	1710452905219	1710452907634	OK	 
USER	Get Marketplace Fees	END	1710452907635
USER	Get Marketplace Fees	START	1710452907649
USER	Get Marketplace Fees	START	1710452907791
REQUEST		Get all marketplace fees	1710452904218	1710452907908	OK	 
USER	Get Marketplace Fees	END	1710452907908
REQUEST		Get all marketplace fees	1710452905649	1710452907917	OK	 
USER	Get Marketplace Fees	END	1710452907918
USER	Get Marketplace Fees	START	1710452907930
REQUEST		Get all marketplace fees	1710452905076	1710452908022	OK	 
USER	Get Marketplace Fees	END	1710452908023
REQUEST		Get all marketplace fees	1710452900362	1710452908036	OK	 
USER	Get Marketplace Fees	END	1710452908037
USER	Get Marketplace Fees	START	1710452908042
REQUEST		Get all marketplace fees	1710452905506	1710452908122	OK	 
USER	Get Marketplace Fees	END	1710452908123
USER	Get Marketplace Fees	START	1710452908167
USER	Get Marketplace Fees	START	1710452908292
REQUEST		Get all marketplace fees	1710452904648	1710452908408	OK	 
USER	Get Marketplace Fees	END	1710452908409
USER	Get Marketplace Fees	START	1710452908416
USER	Get Marketplace Fees	START	1710452908542
USER	Get Marketplace Fees	START	1710452908667
USER	Get Marketplace Fees	START	1710452908790
REQUEST		Get all marketplace fees	1710452904791	1710452908837	OK	 
USER	Get Marketplace Fees	END	1710452908838
USER	Get Marketplace Fees	START	1710452908932
REQUEST		Get all marketplace fees	1710452906505	1710452908934	OK	 
USER	Get Marketplace Fees	END	1710452908935
REQUEST		Get all marketplace fees	1710452901218	1710452909020	OK	 
USER	Get Marketplace Fees	END	1710452909021
USER	Get Marketplace Fees	START	1710452909076
REQUEST		Get all marketplace fees	1710452906076	1710452909135	OK	 
USER	Get Marketplace Fees	END	1710452909135
REQUEST		Get all marketplace fees	1710452906933	1710452909210	OK	 
USER	Get Marketplace Fees	END	1710452909210
USER	Get Marketplace Fees	START	1710452909219
REQUEST		Get all marketplace fees	1710452907076	1710452909239	OK	 
USER	Get Marketplace Fees	END	1710452909240
USER	Get Marketplace Fees	START	1710452909362
USER	Get Marketplace Fees	START	1710452909505
REQUEST		Get all marketplace fees	1710452907505	1710452909514	OK	 
REQUEST		Get all marketplace fees	1710452906648	1710452909514	OK	 
USER	Get Marketplace Fees	END	1710452909515
USER	Get Marketplace Fees	END	1710452909515
USER	Get Marketplace Fees	START	1710452909648
USER	Get Marketplace Fees	START	1710452909791
REQUEST		Get all marketplace fees	1710452907648	1710452909819	OK	 
REQUEST		Get all marketplace fees	1710452907219	1710452909819	OK	 
USER	Get Marketplace Fees	END	1710452909819
USER	Get Marketplace Fees	END	1710452909819
USER	Get Marketplace Fees	START	1710452909916
USER	Get Marketplace Fees	START	1710452910041
USER	Get Marketplace Fees	START	1710452910166
USER	Get Marketplace Fees	START	1710452910291
USER	Get Marketplace Fees	START	1710452910416
REQUEST		Get all marketplace fees	1710452902219	1710452910531	OK	 
USER	Get Marketplace Fees	END	1710452910532
USER	Get Marketplace Fees	START	1710452910541
REQUEST		Get all marketplace fees	1710452906791	1710452910615	OK	 
REQUEST		Get all marketplace fees	1710452908667	1710452910615	OK	 
USER	Get Marketplace Fees	END	1710452910615
USER	Get Marketplace Fees	END	1710452910615
USER	Get Marketplace Fees	START	1710452910666
USER	Get Marketplace Fees	START	1710452910790
USER	Get Marketplace Fees	START	1710452910916
REQUEST		Get all marketplace fees	1710452905790	1710452911014	OK	 
USER	Get Marketplace Fees	END	1710452911015
USER	Get Marketplace Fees	START	1710452911042
REQUEST		Get all marketplace fees	1710452901362	1710452911043	OK	 
USER	Get Marketplace Fees	END	1710452911044
USER	Get Marketplace Fees	START	1710452911166
USER	Get Marketplace Fees	START	1710452911291
USER	Get Marketplace Fees	START	1710452911416
REQUEST		Get all marketplace fees	1710452906362	1710452911424	OK	 
USER	Get Marketplace Fees	END	1710452911424
REQUEST		Get all marketplace fees	1710452909076	1710452911522	OK	 
USER	Get Marketplace Fees	END	1710452911523
USER	Get Marketplace Fees	START	1710452911541
USER	Get Marketplace Fees	START	1710452911666
REQUEST		Get all marketplace fees	1710452910666	1710452911709	OK	 
USER	Get Marketplace Fees	END	1710452911709
USER	Get Marketplace Fees	START	1710452911791
REQUEST		Get all marketplace fees	1710452909916	1710452911819	OK	 
USER	Get Marketplace Fees	END	1710452911820
USER	Get Marketplace Fees	START	1710452911916
USER	Get Marketplace Fees	START	1710452912041
REQUEST		Get all marketplace fees	1710452901933	1710452912130	OK	 
USER	Get Marketplace Fees	END	1710452912130
USER	Get Marketplace Fees	START	1710452912167
REQUEST		Get all marketplace fees	1710452908166	1710452912239	OK	 
USER	Get Marketplace Fees	END	1710452912240
USER	Get Marketplace Fees	START	1710452912292
REQUEST		Get all marketplace fees	1710452909648	1710452912411	OK	 
USER	Get Marketplace Fees	END	1710452912412
USER	Get Marketplace Fees	START	1710452912417
REQUEST		Get all marketplace fees	1710452910790	1710452912431	OK	 
USER	Get Marketplace Fees	END	1710452912431
USER	Get Marketplace Fees	START	1710452912542
USER	Get Marketplace Fees	START	1710452912667
USER	Get Marketplace Fees	START	1710452912791
REQUEST		Get all marketplace fees	1710452907916	1710452912831	OK	 
USER	Get Marketplace Fees	END	1710452912831
USER	Get Marketplace Fees	START	1710452912917
USER	Get Marketplace Fees	START	1710452913041
REQUEST		Get all marketplace fees	1710452904076	1710452913060	OK	 
USER	Get Marketplace Fees	END	1710452913061
REQUEST		Get all marketplace fees	1710452905932	1710452913117	OK	 
USER	Get Marketplace Fees	END	1710452913118
USER	Get Marketplace Fees	START	1710452913167
REQUEST		Get all marketplace fees	1710452908541	1710452913280	OK	 
USER	Get Marketplace Fees	END	1710452913281
USER	Get Marketplace Fees	START	1710452913291
USER	Get Marketplace Fees	START	1710452913417
USER	Get Marketplace Fees	START	1710452913542
REQUEST		Get all marketplace fees	1710452908416	1710452913580	OK	 
USER	Get Marketplace Fees	END	1710452913581
REQUEST		Get all marketplace fees	1710452903505	1710452913620	OK	 
USER	Get Marketplace Fees	END	1710452913621
REQUEST		Get all marketplace fees	1710452903219	1710452913623	OK	 
USER	Get Marketplace Fees	END	1710452913624
REQUEST		Get all marketplace fees	1710452902790	1710452913638	OK	 
USER	Get Marketplace Fees	END	1710452913638
USER	Get Marketplace Fees	START	1710452913666
USER	Get Marketplace Fees	START	1710452913790
USER	Get Marketplace Fees	START	1710452913916
USER	Get Marketplace Fees	START	1710452914041
REQUEST		Get all marketplace fees	1710452910041	1710452914052	OK	 
USER	Get Marketplace Fees	END	1710452914052
REQUEST		Get all marketplace fees	1710452900648	1710452914075	OK	 
USER	Get Marketplace Fees	END	1710452914075
REQUEST		Get all marketplace fees	1710452911416	1710452914106	OK	 
USER	Get Marketplace Fees	END	1710452914107
USER	Get Marketplace Fees	START	1710452914166
REQUEST		Get all marketplace fees	1710452903648	1710452914230	OK	 
USER	Get Marketplace Fees	END	1710452914230
USER	Get Marketplace Fees	START	1710452914291
REQUEST		Get all marketplace fees	1710452912041	1710452914307	OK	 
USER	Get Marketplace Fees	END	1710452914307
USER	Get Marketplace Fees	START	1710452914417
REQUEST		Get all marketplace fees	1710452910416	1710452914432	OK	 
USER	Get Marketplace Fees	END	1710452914433
USER	Get Marketplace Fees	START	1710452914542
USER	Get Marketplace Fees	START	1710452914666
USER	Get Marketplace Fees	START	1710452914792
REQUEST		Get all marketplace fees	1710452909361	1710452914835	OK	 
USER	Get Marketplace Fees	END	1710452914836
REQUEST		Get all marketplace fees	1710452909791	1710452914880	OK	 
USER	Get Marketplace Fees	END	1710452914881
USER	Get Marketplace Fees	START	1710452914917
REQUEST		Get all marketplace fees	1710452910541	1710452914949	OK	 
USER	Get Marketplace Fees	END	1710452914949
USER	Get Marketplace Fees	START	1710452915041
USER	Get Marketplace Fees	START	1710452915166
REQUEST		Get all marketplace fees	1710452912416	1710452915209	OK	 
USER	Get Marketplace Fees	END	1710452915209
USER	Get Marketplace Fees	START	1710452915292
REQUEST		Get all marketplace fees	1710452912166	1710452915414	OK	 
USER	Get Marketplace Fees	END	1710452915414
USER	Get Marketplace Fees	START	1710452915417
REQUEST		Get all marketplace fees	1710452907791	1710452915417	OK	 
USER	Get Marketplace Fees	END	1710452915417
REQUEST		Get all marketplace fees	1710452913541	1710452915418	OK	 
USER	Get Marketplace Fees	END	1710452915419
USER	Get Marketplace Fees	START	1710452915542
USER	Get Marketplace Fees	START	1710452915666
USER	Get Marketplace Fees	START	1710452915791
USER	Get Marketplace Fees	START	1710452915917
REQUEST		Get all marketplace fees	1710452905362	1710452915932	OK	 
USER	Get Marketplace Fees	END	1710452915932
USER	Get Marketplace Fees	START	1710452916041
USER	Get Marketplace Fees	START	1710452916166
USER	Get Marketplace Fees	START	1710452916291
USER	Get Marketplace Fees	START	1710452916416
REQUEST		Get all marketplace fees	1710452908041	1710452916510	OK	 
USER	Get Marketplace Fees	END	1710452916511
USER	Get Marketplace Fees	START	1710452916541
REQUEST		Get all marketplace fees	1710452911665	1710452916638	OK	 
USER	Get Marketplace Fees	END	1710452916639
USER	Get Marketplace Fees	START	1710452916666
USER	Get Marketplace Fees	START	1710452916790
REQUEST		Get all marketplace fees	1710452914166	1710452916814	OK	 
USER	Get Marketplace Fees	END	1710452916814
REQUEST		Get all marketplace fees	1710452913666	1710452916847	OK	 
REQUEST		Get all marketplace fees	1710452907362	1710452916847	OK	 
USER	Get Marketplace Fees	END	1710452916847
USER	Get Marketplace Fees	END	1710452916847
REQUEST		Get all marketplace fees	1710452913041	1710452916905	OK	 
USER	Get Marketplace Fees	END	1710452916906
USER	Get Marketplace Fees	START	1710452916916
REQUEST		Get all marketplace fees	1710452908932	1710452917016	OK	 
USER	Get Marketplace Fees	END	1710452917017
USER	Get Marketplace Fees	START	1710452917041
USER	Get Marketplace Fees	START	1710452917166
USER	Get Marketplace Fees	START	1710452917291
REQUEST		Get all marketplace fees	1710452912542	1710452917410	OK	 
USER	Get Marketplace Fees	END	1710452917411
USER	Get Marketplace Fees	START	1710452917416
REQUEST		Get all marketplace fees	1710452913790	1710452917522	OK	 
USER	Get Marketplace Fees	END	1710452917523
USER	Get Marketplace Fees	START	1710452917542
REQUEST		Get all marketplace fees	1710452916790	1710452917553	OK	 
USER	Get Marketplace Fees	END	1710452917554
USER	Get Marketplace Fees	START	1710452917666
REQUEST		Get all marketplace fees	1710452913416	1710452917711	OK	 
USER	Get Marketplace Fees	END	1710452917711
USER	Get Marketplace Fees	START	1710452917791
USER	Get Marketplace Fees	START	1710452917917
USER	Get Marketplace Fees	START	1710452918041
REQUEST		Get all marketplace fees	1710452911290	1710452918107	OK	 
USER	Get Marketplace Fees	END	1710452918108
USER	Get Marketplace Fees	START	1710452918167
USER	Get Marketplace Fees	START	1710452918291
USER	Get Marketplace Fees	START	1710452918417
REQUEST		Get all marketplace fees	1710452909505	1710452918419	OK	 
USER	Get Marketplace Fees	END	1710452918421
USER	Get Marketplace Fees	START	1710452918541
USER	Get Marketplace Fees	START	1710452918666
USER	Get Marketplace Fees	START	1710452918791
REQUEST		Get all marketplace fees	1710452917291	1710452918818	OK	 
USER	Get Marketplace Fees	END	1710452918819
REQUEST		Get all marketplace fees	1710452913916	1710452918879	OK	 
USER	Get Marketplace Fees	END	1710452918880
REQUEST		Get all marketplace fees	1710452906219	1710452918908	OK	 
USER	Get Marketplace Fees	END	1710452918909
USER	Get Marketplace Fees	START	1710452918917
USER	Get Marketplace Fees	START	1710452919041
USER	Get Marketplace Fees	START	1710452919166
USER	Get Marketplace Fees	START	1710452919291
REQUEST		Get all marketplace fees	1710452912291	1710452919322	OK	 
USER	Get Marketplace Fees	END	1710452919323
REQUEST		Get all marketplace fees	1710452908291	1710452919324	OK	 
USER	Get Marketplace Fees	END	1710452919325
USER	Get Marketplace Fees	START	1710452919416
REQUEST		Get all marketplace fees	1710452912791	1710452919473	OK	 
USER	Get Marketplace Fees	END	1710452919473
USER	Get Marketplace Fees	START	1710452919541
USER	Get Marketplace Fees	START	1710452919666
REQUEST		Get all marketplace fees	1710452914416	1710452919709	OK	 
USER	Get Marketplace Fees	END	1710452919709
USER	Get Marketplace Fees	START	1710452919791
REQUEST		Get all marketplace fees	1710452915041	1710452919878	OK	 
USER	Get Marketplace Fees	END	1710452919879
USER	Get Marketplace Fees	START	1710452919916
USER	Get Marketplace Fees	START	1710452920042
REQUEST		Get all marketplace fees	1710452915166	1710452920153	OK	 
USER	Get Marketplace Fees	END	1710452920153
USER	Get Marketplace Fees	START	1710452920166
REQUEST		Get all marketplace fees	1710452908790	1710452920236	OK	 
REQUEST		Get all marketplace fees	1710452915791	1710452920237	OK	 
USER	Get Marketplace Fees	END	1710452920237
USER	Get Marketplace Fees	END	1710452920237
USER	Get Marketplace Fees	START	1710452920291
REQUEST		Get all marketplace fees	1710452916666	1710452920311	OK	 
USER	Get Marketplace Fees	END	1710452920311
USER	Get Marketplace Fees	START	1710452920416
REQUEST		Get all marketplace fees	1710452913291	1710452920438	OK	 
USER	Get Marketplace Fees	END	1710452920439
USER	Get Marketplace Fees	START	1710452920541
REQUEST		Get all marketplace fees	1710452915416	1710452920601	OK	 
USER	Get Marketplace Fees	END	1710452920601
USER	Get Marketplace Fees	START	1710452920666
REQUEST		Get all marketplace fees	1710452911041	1710452920736	OK	 
USER	Get Marketplace Fees	END	1710452920736
REQUEST		Get all marketplace fees	1710452915542	1710452920738	OK	 
USER	Get Marketplace Fees	END	1710452920738
REQUEST		Get all marketplace fees	1710452915916	1710452920781	OK	 
USER	Get Marketplace Fees	END	1710452920781
USER	Get Marketplace Fees	START	1710452920790
USER	Get Marketplace Fees	START	1710452920916
REQUEST		Get all marketplace fees	1710452909218	1710452920918	OK	 
USER	Get Marketplace Fees	END	1710452920919
USER	Get Marketplace Fees	START	1710452921040
USER	Get Marketplace Fees	START	1710452921166
USER	Get Marketplace Fees	START	1710452921291
REQUEST		Get all marketplace fees	1710452916915	1710452921330	OK	 
USER	Get Marketplace Fees	END	1710452921331
REQUEST		Get all marketplace fees	1710452910916	1710452921411	OK	 
USER	Get Marketplace Fees	END	1710452921412
USER	Get Marketplace Fees	START	1710452921417
REQUEST		Get all marketplace fees	1710452917916	1710452921431	OK	 
USER	Get Marketplace Fees	END	1710452921432
REQUEST		Get all marketplace fees	1710452918041	1710452921442	OK	 
USER	Get Marketplace Fees	END	1710452921443
USER	Get Marketplace Fees	START	1710452921542
USER	Get Marketplace Fees	START	1710452921666
USER	Get Marketplace Fees	START	1710452921791
REQUEST		Get all marketplace fees	1710452911916	1710452921831	OK	 
USER	Get Marketplace Fees	END	1710452921832
REQUEST		Get all marketplace fees	1710452918666	1710452921916	OK	 
USER	Get Marketplace Fees	START	1710452921916
USER	Get Marketplace Fees	END	1710452921916
REQUEST		Get all marketplace fees	1710452914666	1710452922015	OK	 
USER	Get Marketplace Fees	END	1710452922016
USER	Get Marketplace Fees	START	1710452922042
REQUEST		Get all marketplace fees	1710452919291	1710452922114	OK	 
USER	Get Marketplace Fees	END	1710452922115
USER	Get Marketplace Fees	START	1710452922167
USER	Get Marketplace Fees	START	1710452922291
REQUEST		Get all marketplace fees	1710452911165	1710452922314	OK	 
USER	Get Marketplace Fees	END	1710452922315
REQUEST		Get all marketplace fees	1710452919041	1710452922416	OK	 
USER	Get Marketplace Fees	START	1710452922417
USER	Get Marketplace Fees	END	1710452922417
USER	Get Marketplace Fees	START	1710452922542
REQUEST		Get all marketplace fees	1710452918416	1710452922647	OK	 
USER	Get Marketplace Fees	END	1710452922648
USER	Get Marketplace Fees	START	1710452922666
REQUEST		Get all marketplace fees	1710452911791	1710452922713	OK	 
USER	Get Marketplace Fees	END	1710452922714
REQUEST		Get all marketplace fees	1710452918291	1710452922729	OK	 
USER	Get Marketplace Fees	END	1710452922730
USER	Get Marketplace Fees	START	1710452922792
USER	Get Marketplace Fees	START	1710452922917
REQUEST		Get all marketplace fees	1710452919666	1710452923009	OK	 
USER	Get Marketplace Fees	END	1710452923010
USER	Get Marketplace Fees	START	1710452923042
REQUEST		Get all marketplace fees	1710452920041	1710452923115	OK	 
USER	Get Marketplace Fees	END	1710452923116
USER	Get Marketplace Fees	START	1710452923167
USER	Get Marketplace Fees	START	1710452923292
USER	Get Marketplace Fees	START	1710452923417
REQUEST		Get all marketplace fees	1710452910291	1710452923436	OK	 
USER	Get Marketplace Fees	END	1710452923437
REQUEST		Get all marketplace fees	1710452918166	1710452923439	OK	 
REQUEST		Get all marketplace fees	1710452919416	1710452923440	OK	 
USER	Get Marketplace Fees	END	1710452923440
USER	Get Marketplace Fees	END	1710452923440
REQUEST		Get all marketplace fees	1710452914541	1710452923443	OK	 
USER	Get Marketplace Fees	END	1710452923444
REQUEST		Get all marketplace fees	1710452910166	1710452923518	OK	 
USER	Get Marketplace Fees	END	1710452923519
USER	Get Marketplace Fees	START	1710452923541
USER	Get Marketplace Fees	START	1710452923666
USER	Get Marketplace Fees	START	1710452923791
USER	Get Marketplace Fees	START	1710452923916
USER	Get Marketplace Fees	START	1710452924041
USER	Get Marketplace Fees	START	1710452924166
USER	Get Marketplace Fees	START	1710452924292
REQUEST		Get all marketplace fees	1710452916291	1710452924320	OK	 
USER	Get Marketplace Fees	END	1710452924320
USER	Get Marketplace Fees	START	1710452924417
USER	Get Marketplace Fees	START	1710452924542
REQUEST		Get all marketplace fees	1710452916416	1710452924627	OK	 
USER	Get Marketplace Fees	END	1710452924627
USER	Get Marketplace Fees	START	1710452924667
REQUEST		Get all marketplace fees	1710452920166	1710452924745	OK	 
USER	Get Marketplace Fees	END	1710452924746
USER	Get Marketplace Fees	START	1710452924790
REQUEST		Get all marketplace fees	1710452916541	1710452924813	OK	 
USER	Get Marketplace Fees	END	1710452924813
REQUEST		Get all marketplace fees	1710452915291	1710452924832	OK	 
USER	Get Marketplace Fees	END	1710452924832
REQUEST		Get all marketplace fees	1710452920790	1710452924915	OK	 
USER	Get Marketplace Fees	END	1710452924916
USER	Get Marketplace Fees	START	1710452924916
REQUEST		Get all marketplace fees	1710452918541	1710452925026	OK	 
USER	Get Marketplace Fees	END	1710452925026
USER	Get Marketplace Fees	START	1710452925041
REQUEST		Get all marketplace fees	1710452913166	1710452925121	OK	 
USER	Get Marketplace Fees	END	1710452925121
USER	Get Marketplace Fees	START	1710452925166
REQUEST		Get all marketplace fees	1710452920666	1710452925215	OK	 
USER	Get Marketplace Fees	END	1710452925216
USER	Get Marketplace Fees	START	1710452925291
USER	Get Marketplace Fees	START	1710452925416
REQUEST		Get all marketplace fees	1710452911541	1710452925422	OK	 
USER	Get Marketplace Fees	END	1710452925422
USER	Get Marketplace Fees	START	1710452925541
USER	Get Marketplace Fees	START	1710452925666
USER	Get Marketplace Fees	START	1710452925790
USER	Get Marketplace Fees	START	1710452925916
REQUEST		Get all marketplace fees	1710452922041	1710452925927	OK	 
USER	Get Marketplace Fees	END	1710452925928
USER	Get Marketplace Fees	START	1710452926041
USER	Get Marketplace Fees	START	1710452926166
USER	Get Marketplace Fees	START	1710452926291
REQUEST		Get all marketplace fees	1710452922666	1710452926372	OK	 
USER	Get Marketplace Fees	END	1710452926373
USER	Get Marketplace Fees	START	1710452926416
USER	Get Marketplace Fees	START	1710452926541
USER	Get Marketplace Fees	START	1710452926666
USER	Get Marketplace Fees	START	1710452926790
USER	Get Marketplace Fees	START	1710452926916
REQUEST		Get all marketplace fees	1710452921166	1710452926934	OK	 
USER	Get Marketplace Fees	END	1710452926934
USER	Get Marketplace Fees	START	1710452927041
REQUEST		Get all marketplace fees	1710452922291	1710452927108	OK	 
USER	Get Marketplace Fees	END	1710452927109
USER	Get Marketplace Fees	START	1710452927166
USER	Get Marketplace Fees	START	1710452927292
REQUEST		Get all marketplace fees	1710452912666	1710452927348	OK	 
USER	Get Marketplace Fees	END	1710452927349
USER	Get Marketplace Fees	START	1710452927417
REQUEST		Get all marketplace fees	1710452920541	1710452927508	OK	 
USER	Get Marketplace Fees	END	1710452927509
USER	Get Marketplace Fees	START	1710452927542
USER	Get Marketplace Fees	START	1710452927667
REQUEST		Get all marketplace fees	1710452914040	1710452927710	OK	 
USER	Get Marketplace Fees	END	1710452927711
USER	Get Marketplace Fees	START	1710452927791
USER	Get Marketplace Fees	START	1710452927902
REQUEST		Get all marketplace fees	1710452920915	1710452927940	OK	 
USER	Get Marketplace Fees	END	1710452927940
REQUEST		Get all marketplace fees	1710452917416	1710452927968	OK	 
USER	Get Marketplace Fees	END	1710452927968
USER	Get Marketplace Fees	START	1710452928013
REQUEST		Get all marketplace fees	1710452921416	1710452928018	OK	 
USER	Get Marketplace Fees	END	1710452928019
USER	Get Marketplace Fees	START	1710452928123
REQUEST		Get all marketplace fees	1710452916166	1710452928132	OK	 
USER	Get Marketplace Fees	END	1710452928132
USER	Get Marketplace Fees	START	1710452928235
USER	Get Marketplace Fees	START	1710452928346
USER	Get Marketplace Fees	START	1710452928457
USER	Get Marketplace Fees	START	1710452928568
REQUEST		Get all marketplace fees	1710452918791	1710452928612	OK	 
USER	Get Marketplace Fees	END	1710452928612
USER	Get Marketplace Fees	START	1710452928679
USER	Get Marketplace Fees	START	1710452928791
USER	Get Marketplace Fees	START	1710452928916
REQUEST		Get all marketplace fees	1710452920291	1710452929026	OK	 
USER	Get Marketplace Fees	END	1710452929027
USER	Get Marketplace Fees	START	1710452929041
USER	Get Marketplace Fees	START	1710452929167
REQUEST		Get all marketplace fees	1710452916041	1710452929243	OK	 
USER	Get Marketplace Fees	END	1710452929244
USER	Get Marketplace Fees	START	1710452929291
REQUEST		Get all marketplace fees	1710452914291	1710452929368	OK	 
USER	Get Marketplace Fees	END	1710452929368
USER	Get Marketplace Fees	START	1710452929416
USER	Get Marketplace Fees	START	1710452929542
USER	Get Marketplace Fees	START	1710452929667
REQUEST		Get all marketplace fees	1710452924542	1710452929714	OK	 
USER	Get Marketplace Fees	END	1710452929714
USER	Get Marketplace Fees	START	1710452929791
USER	Get Marketplace Fees	START	1710452929901
USER	Get Marketplace Fees	START	1710452930012
USER	Get Marketplace Fees	START	1710452930124
USER	Get Marketplace Fees	START	1710452930235
REQUEST		Get all marketplace fees	1710452919916	1710452930332	OK	 
USER	Get Marketplace Fees	END	1710452930332
USER	Get Marketplace Fees	START	1710452930349
USER	Get Marketplace Fees	START	1710452930459
USER	Get Marketplace Fees	START	1710452930568
REQUEST		Get all marketplace fees	1710452919166	1710452930572	OK	 
USER	Get Marketplace Fees	END	1710452930573
REQUEST		Get all marketplace fees	1710452917041	1710452930582	OK	 
USER	Get Marketplace Fees	END	1710452930582
REQUEST		Get all marketplace fees	1710452921791	1710452930643	OK	 
USER	Get Marketplace Fees	END	1710452930644
USER	Get Marketplace Fees	START	1710452930680
USER	Get Marketplace Fees	START	1710452930791
USER	Get Marketplace Fees	START	1710452930902
REQUEST		Get all marketplace fees	1710452915666	1710452930919	OK	 
USER	Get Marketplace Fees	END	1710452930920
USER	Get Marketplace Fees	START	1710452931013
USER	Get Marketplace Fees	START	1710452931125
USER	Get Marketplace Fees	START	1710452931236
USER	Get Marketplace Fees	START	1710452931346
REQUEST		Get all marketplace fees	1710452914791	1710452931411	OK	 
USER	Get Marketplace Fees	END	1710452931412
USER	Get Marketplace Fees	START	1710452931458
REQUEST		Get all marketplace fees	1710452918916	1710452931521	OK	 
USER	Get Marketplace Fees	END	1710452931521
USER	Get Marketplace Fees	START	1710452931569
REQUEST		Get all marketplace fees	1710452924916	1710452931608	OK	 
USER	Get Marketplace Fees	END	1710452931608
REQUEST		Get all marketplace fees	1710452922416	1710452931612	OK	 
USER	Get Marketplace Fees	END	1710452931613
USER	Get Marketplace Fees	START	1710452931679
USER	Get Marketplace Fees	START	1710452931790
USER	Get Marketplace Fees	START	1710452931901
USER	Get Marketplace Fees	START	1710452932013
USER	Get Marketplace Fees	START	1710452932123
USER	Get Marketplace Fees	START	1710452932235
USER	Get Marketplace Fees	START	1710452932346
USER	Get Marketplace Fees	START	1710452932457
USER	Get Marketplace Fees	START	1710452932568
USER	Get Marketplace Fees	START	1710452932679
USER	Get Marketplace Fees	START	1710452932790
REQUEST		Get all marketplace fees	1710452924666	1710452932810	OK	 
USER	Get Marketplace Fees	END	1710452932810
USER	Get Marketplace Fees	START	1710452932901
REQUEST		Get all marketplace fees	1710452922916	1710452933010	OK	 
USER	Get Marketplace Fees	END	1710452933011
USER	Get Marketplace Fees	START	1710452933012
REQUEST		Get all marketplace fees	1710452921916	1710452933031	OK	 
USER	Get Marketplace Fees	END	1710452933032
REQUEST		Get all marketplace fees	1710452923292	1710452933117	OK	 
USER	Get Marketplace Fees	END	1710452933117
USER	Get Marketplace Fees	START	1710452933123
REQUEST		Get all marketplace fees	1710452922166	1710452933172	OK	 
USER	Get Marketplace Fees	END	1710452933173
REQUEST		Get all marketplace fees	1710452917791	1710452933226	OK	 
USER	Get Marketplace Fees	END	1710452933227
USER	Get Marketplace Fees	START	1710452933236
REQUEST		Get all marketplace fees	1710452921040	1710452933312	OK	 
USER	Get Marketplace Fees	END	1710452933313
REQUEST		Get all marketplace fees	1710452924416	1710452933332	OK	 
USER	Get Marketplace Fees	END	1710452933332
USER	Get Marketplace Fees	START	1710452933346
REQUEST		Get all marketplace fees	1710452925541	1710452933415	OK	 
USER	Get Marketplace Fees	END	1710452933415
REQUEST		Get all marketplace fees	1710452925166	1710452933416	OK	 
USER	Get Marketplace Fees	END	1710452933417
REQUEST		Get all marketplace fees	1710452923417	1710452933440	OK	 
USER	Get Marketplace Fees	END	1710452933441
USER	Get Marketplace Fees	START	1710452933457
USER	Get Marketplace Fees	START	1710452933568
REQUEST		Get all marketplace fees	1710452921666	1710452933610	OK	 
USER	Get Marketplace Fees	END	1710452933611
REQUEST		Get all marketplace fees	1710452928012	1710452933638	OK	 
USER	Get Marketplace Fees	END	1710452933639
USER	Get Marketplace Fees	START	1710452933680
USER	Get Marketplace Fees	START	1710452933791
REQUEST		Get all marketplace fees	1710452925041	1710452933810	OK	 
USER	Get Marketplace Fees	END	1710452933811
USER	Get Marketplace Fees	START	1710452933902
USER	Get Marketplace Fees	START	1710452934013
REQUEST		Get all marketplace fees	1710452925665	1710452934019	OK	 
REQUEST		Get all marketplace fees	1710452922791	1710452934020	OK	 
USER	Get Marketplace Fees	END	1710452934021
USER	Get Marketplace Fees	END	1710452934021
REQUEST		Get all marketplace fees	1710452923791	1710452934021	OK	 
USER	Get Marketplace Fees	END	1710452934022
REQUEST		Get all marketplace fees	1710452924790	1710452934119	OK	 
USER	Get Marketplace Fees	END	1710452934120
USER	Get Marketplace Fees	START	1710452934124
REQUEST		Get all marketplace fees	1710452917666	1710452934233	OK	 
USER	Get Marketplace Fees	END	1710452934233
USER	Get Marketplace Fees	START	1710452934235
USER	Get Marketplace Fees	START	1710452934346
USER	Get Marketplace Fees	START	1710452934457
USER	Get Marketplace Fees	START	1710452934568
REQUEST		Get all marketplace fees	1710452924291	1710452934601	OK	 
USER	Get Marketplace Fees	END	1710452934601
USER	Get Marketplace Fees	START	1710452934680
REQUEST		Get all marketplace fees	1710452912916	1710452934745	OK	 
USER	Get Marketplace Fees	END	1710452934745
USER	Get Marketplace Fees	START	1710452934791
USER	Get Marketplace Fees	START	1710452934902
USER	Get Marketplace Fees	START	1710452935013
USER	Get Marketplace Fees	START	1710452935124
USER	Get Marketplace Fees	START	1710452935235
USER	Get Marketplace Fees	START	1710452935346
REQUEST		Get all marketplace fees	1710452924166	1710452935402	OK	 
USER	Get Marketplace Fees	END	1710452935402
USER	Get Marketplace Fees	START	1710452935457
USER	Get Marketplace Fees	START	1710452935569
USER	Get Marketplace Fees	START	1710452935680
REQUEST		Get all marketplace fees	1710452928234	1710452935711	OK	 
USER	Get Marketplace Fees	END	1710452935712
REQUEST		Get all marketplace fees	1710452925290	1710452935778	OK	 
USER	Get Marketplace Fees	END	1710452935779
USER	Get Marketplace Fees	START	1710452935791
REQUEST		Get all marketplace fees	1710452927666	1710452935808	OK	 
USER	Get Marketplace Fees	END	1710452935809
USER	Get Marketplace Fees	START	1710452935902
USER	Get Marketplace Fees	START	1710452936013
REQUEST		Get all marketplace fees	1710452914916	1710452936087	OK	 
USER	Get Marketplace Fees	END	1710452936087
USER	Get Marketplace Fees	START	1710452936124
REQUEST		Get all marketplace fees	1710452917541	1710452936221	OK	 
USER	Get Marketplace Fees	END	1710452936222
USER	Get Marketplace Fees	START	1710452936235
USER	Get Marketplace Fees	START	1710452936346
REQUEST		Get all marketplace fees	1710452927040	1710452936408	OK	 
USER	Get Marketplace Fees	END	1710452936409
REQUEST		Get all marketplace fees	1710452929666	1710452936438	OK	 
USER	Get Marketplace Fees	END	1710452936438
REQUEST		Get all marketplace fees	1710452926165	1710452936451	OK	 
USER	Get Marketplace Fees	END	1710452936451
USER	Get Marketplace Fees	START	1710452936457
REQUEST		Get all marketplace fees	1710452923041	1710452936528	OK	 
USER	Get Marketplace Fees	END	1710452936529
REQUEST		Get all marketplace fees	1710452928916	1710452936532	OK	 
USER	Get Marketplace Fees	END	1710452936532
USER	Get Marketplace Fees	START	1710452936568
REQUEST		Get all marketplace fees	1710452927416	1710452936616	OK	 
USER	Get Marketplace Fees	END	1710452936617
USER	Get Marketplace Fees	START	1710452936679
REQUEST		Get all marketplace fees	1710452924041	1710452936732	OK	 
USER	Get Marketplace Fees	END	1710452936732
USER	Get Marketplace Fees	START	1710452936790
USER	Get Marketplace Fees	START	1710452936901
USER	Get Marketplace Fees	START	1710452937013
REQUEST		Get all marketplace fees	1710452928790	1710452937036	OK	 
USER	Get Marketplace Fees	END	1710452937036
REQUEST		Get all marketplace fees	1710452927902	1710452937102	OK	 
USER	Get Marketplace Fees	END	1710452937102
USER	Get Marketplace Fees	START	1710452937124
USER	Get Marketplace Fees	START	1710452937235
USER	Get Marketplace Fees	START	1710452937345
REQUEST		Get all marketplace fees	1710452926416	1710452937367	OK	 
USER	Get Marketplace Fees	END	1710452937368
REQUEST		Get all marketplace fees	1710452931235	1710452937423	OK	 
USER	Get Marketplace Fees	END	1710452937423
USER	Get Marketplace Fees	START	1710452937457
REQUEST		Get all marketplace fees	1710452920416	1710452937519	OK	 
USER	Get Marketplace Fees	END	1710452937519
USER	Get Marketplace Fees	START	1710452937568
REQUEST		Get all marketplace fees	1710452919541	1710452937634	OK	 
USER	Get Marketplace Fees	END	1710452937635
USER	Get Marketplace Fees	START	1710452937680
USER	Get Marketplace Fees	START	1710452937790
USER	Get Marketplace Fees	START	1710452937901
USER	Get Marketplace Fees	START	1710452938024
USER	Get Marketplace Fees	START	1710452938124
REQUEST		Get all marketplace fees	1710452919790	1710452938126	OK	 
USER	Get Marketplace Fees	END	1710452938127
REQUEST		Get all marketplace fees	1710452921290	1710452938215	OK	 
USER	Get Marketplace Fees	END	1710452938215
USER	Get Marketplace Fees	START	1710452938235
REQUEST		Get all marketplace fees	1710452922541	1710452938307	OK	 
USER	Get Marketplace Fees	END	1710452938308
USER	Get Marketplace Fees	START	1710452938346
USER	Get Marketplace Fees	START	1710452938457
USER	Get Marketplace Fees	START	1710452938568
USER	Get Marketplace Fees	START	1710452938678
USER	Get Marketplace Fees	START	1710452938791
REQUEST		Get all marketplace fees	1710452931346	1710452938844	OK	 
USER	Get Marketplace Fees	END	1710452938844
USER	Get Marketplace Fees	START	1710452938902
REQUEST		Get all marketplace fees	1710452933790	1710452938925	OK	 
USER	Get Marketplace Fees	END	1710452938926
USER	Get Marketplace Fees	START	1710452939014
USER	Get Marketplace Fees	START	1710452939124
REQUEST		Get all marketplace fees	1710452930346	1710452939136	OK	 
USER	Get Marketplace Fees	END	1710452939137
USER	Get Marketplace Fees	START	1710452939235
USER	Get Marketplace Fees	START	1710452939346
USER	Get Marketplace Fees	START	1710452939458
USER	Get Marketplace Fees	START	1710452939569
REQUEST		Get all marketplace fees	1710452933345	1710452939624	OK	 
USER	Get Marketplace Fees	END	1710452939624
USER	Get Marketplace Fees	START	1710452939680
USER	Get Marketplace Fees	START	1710452939791
USER	Get Marketplace Fees	START	1710452939902
USER	Get Marketplace Fees	START	1710452940014
USER	Get Marketplace Fees	START	1710452940124
REQUEST		Get all marketplace fees	1710452928568	1710452940197	OK	 
USER	Get Marketplace Fees	END	1710452940197
USER	Get Marketplace Fees	START	1710452940235
USER	Get Marketplace Fees	START	1710452940346
USER	Get Marketplace Fees	START	1710452940457
USER	Get Marketplace Fees	START	1710452940569
USER	Get Marketplace Fees	START	1710452940679
REQUEST		Get all marketplace fees	1710452927790	1710452940741	OK	 
USER	Get Marketplace Fees	END	1710452940741
USER	Get Marketplace Fees	START	1710452940791
USER	Get Marketplace Fees	START	1710452940902
REQUEST		Get all marketplace fees	1710452933568	1710452941006	OK	 
USER	Get Marketplace Fees	END	1710452941006
USER	Get Marketplace Fees	START	1710452941013
REQUEST		Get all marketplace fees	1710452932901	1710452941110	OK	 
USER	Get Marketplace Fees	END	1710452941111
USER	Get Marketplace Fees	START	1710452941124
REQUEST		Get all marketplace fees	1710452929790	1710452941179	OK	 
USER	Get Marketplace Fees	END	1710452941179
REQUEST		Get all marketplace fees	1710452934456	1710452941211	OK	 
USER	Get Marketplace Fees	END	1710452941212
REQUEST		Get all marketplace fees	1710452921541	1710452941231	OK	 
USER	Get Marketplace Fees	END	1710452941232
USER	Get Marketplace Fees	START	1710452941235
USER	Get Marketplace Fees	START	1710452941347
USER	Get Marketplace Fees	START	1710452941458
USER	Get Marketplace Fees	START	1710452941569
USER	Get Marketplace Fees	START	1710452941680
USER	Get Marketplace Fees	START	1710452941790
USER	Get Marketplace Fees	START	1710452941901
REQUEST		Get all marketplace fees	1710452929166	1710452941929	OK	 
USER	Get Marketplace Fees	END	1710452941929
USER	Get Marketplace Fees	START	1710452942012
USER	Get Marketplace Fees	START	1710452942124
USER	Get Marketplace Fees	START	1710452942235
USER	Get Marketplace Fees	START	1710452942345
USER	Get Marketplace Fees	START	1710452942456
USER	Get Marketplace Fees	START	1710452942568
USER	Get Marketplace Fees	START	1710452942680
USER	Get Marketplace Fees	START	1710452942791
REQUEST		Get all marketplace fees	1710452925915	1710452942837	OK	 
USER	Get Marketplace Fees	END	1710452942837
USER	Get Marketplace Fees	START	1710452942902
USER	Get Marketplace Fees	START	1710452943013
USER	Get Marketplace Fees	START	1710452943124
REQUEST		Get all marketplace fees	1710452930012	1710452943209	OK	 
USER	Get Marketplace Fees	END	1710452943209
REQUEST		Get all marketplace fees	1710452928456	1710452943215	OK	 
USER	Get Marketplace Fees	END	1710452943215
USER	Get Marketplace Fees	START	1710452943235
USER	Get Marketplace Fees	START	1710452943346
USER	Get Marketplace Fees	START	1710452943457
REQUEST		Get all marketplace fees	1710452929041	1710452943476	OK	 
USER	Get Marketplace Fees	END	1710452943476
REQUEST		Get all marketplace fees	1710452931457	1710452943521	OK	 
USER	Get Marketplace Fees	END	1710452943521
USER	Get Marketplace Fees	START	1710452943568
USER	Get Marketplace Fees	START	1710452943680
REQUEST		Get all marketplace fees	1710452926041	1710452943976	OK	 
USER	Get Marketplace Fees	END	1710452943977
REQUEST		Get all marketplace fees	1710452923166	1710452944130	OK	 
USER	Get Marketplace Fees	END	1710452944131
REQUEST		Get all marketplace fees	1710452934013	1710452944375	OK	 
USER	Get Marketplace Fees	END	1710452944376
REQUEST		Get all marketplace fees	1710452935346	1710452944569	OK	 
USER	Get Marketplace Fees	END	1710452944569
REQUEST		Get all marketplace fees	1710452934235	1710452944866	OK	 
USER	Get Marketplace Fees	END	1710452944866
REQUEST		Get all marketplace fees	1710452933235	1710452945207	OK	 
USER	Get Marketplace Fees	END	1710452945207
REQUEST		Get all marketplace fees	1710452934124	1710452945786	OK	 
USER	Get Marketplace Fees	END	1710452945786
REQUEST		Get all marketplace fees	1710452936235	1710452946294	OK	 
USER	Get Marketplace Fees	END	1710452946294
REQUEST		Get all marketplace fees	1710452931901	1710452946328	OK	 
USER	Get Marketplace Fees	END	1710452946329
REQUEST		Get all marketplace fees	1710452925790	1710452946334	OK	 
USER	Get Marketplace Fees	END	1710452946335
REQUEST		Get all marketplace fees	1710452926915	1710452946411	OK	 
USER	Get Marketplace Fees	END	1710452946411
REQUEST		Get all marketplace fees	1710452936457	1710452946525	OK	 
USER	Get Marketplace Fees	END	1710452946526
REQUEST		Get all marketplace fees	1710452923541	1710452946678	OK	 
USER	Get Marketplace Fees	END	1710452946679
REQUEST		Get all marketplace fees	1710452917166	1710452946714	OK	 
USER	Get Marketplace Fees	END	1710452946714
REQUEST		Get all marketplace fees	1710452926541	1710452947035	OK	 
REQUEST		Get all marketplace fees	1710452929291	1710452947035	OK	 
REQUEST		Get all marketplace fees	1710452935235	1710452947036	OK	 
USER	Get Marketplace Fees	END	1710452947036
USER	Get Marketplace Fees	END	1710452947036
USER	Get Marketplace Fees	END	1710452947037
REQUEST		Get all marketplace fees	1710452926291	1710452947434	OK	 
USER	Get Marketplace Fees	END	1710452947435
REQUEST		Get all marketplace fees	1710452932234	1710452947740	OK	 
REQUEST		Get all marketplace fees	1710452927291	1710452947740	OK	 
USER	Get Marketplace Fees	END	1710452947741
USER	Get Marketplace Fees	END	1710452947741
REQUEST		Get all marketplace fees	1710452936790	1710452947940	OK	 
USER	Get Marketplace Fees	END	1710452947941
REQUEST		Get all marketplace fees	1710452935013	1710452947945	OK	 
USER	Get Marketplace Fees	END	1710452947945
REQUEST		Get all marketplace fees	1710452927541	1710452948015	OK	 
USER	Get Marketplace Fees	END	1710452948015
REQUEST		Get all marketplace fees	1710452932123	1710452948115	OK	 
USER	Get Marketplace Fees	END	1710452948115
REQUEST		Get all marketplace fees	1710452933457	1710452948134	OK	 
USER	Get Marketplace Fees	END	1710452948135
REQUEST		Get all marketplace fees	1710452926665	1710452948347	OK	 
USER	Get Marketplace Fees	END	1710452948348
REQUEST		Get all marketplace fees	1710452930458	1710452948351	OK	 
USER	Get Marketplace Fees	END	1710452948351
REQUEST		Get all marketplace fees	1710452923916	1710452948410	OK	 
USER	Get Marketplace Fees	END	1710452948410
REQUEST		Get all marketplace fees	1710452931568	1710452948533	OK	 
USER	Get Marketplace Fees	END	1710452948533
REQUEST		Get all marketplace fees	1710452929416	1710452948615	OK	 
USER	Get Marketplace Fees	END	1710452948615
REQUEST		Get all marketplace fees	1710452927166	1710452948711	OK	 
USER	Get Marketplace Fees	END	1710452948712
REQUEST		Get all marketplace fees	1710452931679	1710452948911	OK	 
USER	Get Marketplace Fees	END	1710452948911
REQUEST		Get all marketplace fees	1710452929541	1710452948920	OK	 
USER	Get Marketplace Fees	END	1710452948921
REQUEST		Get all marketplace fees	1710452936901	1710452948931	OK	 
USER	Get Marketplace Fees	END	1710452948932
REQUEST		Get all marketplace fees	1710452930679	1710452949476	OK	 
USER	Get Marketplace Fees	END	1710452949477
REQUEST		Get all marketplace fees	1710452932012	1710452949510	OK	 
USER	Get Marketplace Fees	END	1710452949511
REQUEST		Get all marketplace fees	1710452928123	1710452949636	OK	 
USER	Get Marketplace Fees	END	1710452949637
REQUEST		Get all marketplace fees	1710452935790	1710452949881	OK	 
USER	Get Marketplace Fees	END	1710452949882
REQUEST		Get all marketplace fees	1710452937123	1710452949922	OK	 
USER	Get Marketplace Fees	END	1710452949923
REQUEST		Get all marketplace fees	1710452923666	1710452950012	OK	 
USER	Get Marketplace Fees	END	1710452950013
REQUEST		Get all marketplace fees	1710452934679	1710452950299	OK	 
REQUEST		Get all marketplace fees	1710452934346	1710452950299	OK	 
USER	Get Marketplace Fees	END	1710452950300
USER	Get Marketplace Fees	END	1710452950300
REQUEST		Get all marketplace fees	1710452932790	1710452950598	OK	 
USER	Get Marketplace Fees	END	1710452950599
REQUEST		Get all marketplace fees	1710452934902	1710452950657	OK	 
USER	Get Marketplace Fees	END	1710452950657
REQUEST		Get all marketplace fees	1710452931124	1710452950922	OK	 
USER	Get Marketplace Fees	END	1710452950923
REQUEST		Get all marketplace fees	1710452938456	1710452951427	OK	 
REQUEST		Get all marketplace fees	1710452937679	1710452951427	OK	 
USER	Get Marketplace Fees	END	1710452951427
USER	Get Marketplace Fees	END	1710452951427
REQUEST		Get all marketplace fees	1710452926790	1710452951942	OK	 
USER	Get Marketplace Fees	END	1710452951943
REQUEST		Get all marketplace fees	1710452930791	1710452951946	OK	 
USER	Get Marketplace Fees	END	1710452951946
REQUEST		Get all marketplace fees	1710452935569	1710452952043	OK	 
USER	Get Marketplace Fees	END	1710452952044
REQUEST		Get all marketplace fees	1710452938678	1710452952110	OK	 
USER	Get Marketplace Fees	END	1710452952111
REQUEST		Get all marketplace fees	1710452932346	1710452952720	OK	 
USER	Get Marketplace Fees	END	1710452952720
REQUEST		Get all marketplace fees	1710452938012	1710452952723	OK	 
USER	Get Marketplace Fees	END	1710452952723
REQUEST		Get all marketplace fees	1710452939346	1710452952745	OK	 
USER	Get Marketplace Fees	END	1710452952746
REQUEST		Get all marketplace fees	1710452935457	1710452953360	OK	 
USER	Get Marketplace Fees	END	1710452953361
REQUEST		Get all marketplace fees	1710452928346	1710452953519	OK	 
USER	Get Marketplace Fees	END	1710452953520
REQUEST		Get all marketplace fees	1710452935902	1710452953607	OK	 
USER	Get Marketplace Fees	END	1710452953607
REQUEST		Get all marketplace fees	1710452939568	1710452953641	OK	 
USER	Get Marketplace Fees	END	1710452953642
REQUEST		Get all marketplace fees	1710452933679	1710452954078	OK	 
USER	Get Marketplace Fees	END	1710452954078
REQUEST		Get all marketplace fees	1710452928679	1710452954210	OK	 
USER	Get Marketplace Fees	END	1710452954210
REQUEST		Get all marketplace fees	1710452935679	1710452954356	OK	 
USER	Get Marketplace Fees	END	1710452954357
REQUEST		Get all marketplace fees	1710452940568	1710452954409	OK	 
USER	Get Marketplace Fees	END	1710452954410
REQUEST		Get all marketplace fees	1710452936124	1710452954537	OK	 
USER	Get Marketplace Fees	END	1710452954537
REQUEST		Get all marketplace fees	1710452937457	1710452954809	OK	 
REQUEST		Get all marketplace fees	1710452936678	1710452954809	OK	 
REQUEST		Get all marketplace fees	1710452935124	1710452954809	OK	 
USER	Get Marketplace Fees	END	1710452954809
USER	Get Marketplace Fees	END	1710452954809
USER	Get Marketplace Fees	END	1710452954809
REQUEST		Get all marketplace fees	1710452940457	1710452954828	OK	 
USER	Get Marketplace Fees	END	1710452954828
REQUEST		Get all marketplace fees	1710452940013	1710452955102	OK	 
USER	Get Marketplace Fees	END	1710452955102
REQUEST		Get all marketplace fees	1710452940235	1710452955231	OK	 
REQUEST		Get all marketplace fees	1710452939235	1710452955232	OK	 
USER	Get Marketplace Fees	END	1710452955232
USER	Get Marketplace Fees	END	1710452955232
REQUEST		Get all marketplace fees	1710452941790	1710452955247	OK	 
USER	Get Marketplace Fees	END	1710452955248
REQUEST		Get all marketplace fees	1710452937790	1710452955319	OK	 
USER	Get Marketplace Fees	END	1710452955319
REQUEST		Get all marketplace fees	1710452941458	1710452955726	OK	 
USER	Get Marketplace Fees	END	1710452955726
REQUEST		Get all marketplace fees	1710452932456	1710452955727	OK	 
USER	Get Marketplace Fees	END	1710452955727
REQUEST		Get all marketplace fees	1710452931013	1710452956033	OK	 
USER	Get Marketplace Fees	END	1710452956034
REQUEST		Get all marketplace fees	1710452939457	1710452956036	OK	 
USER	Get Marketplace Fees	END	1710452956036
REQUEST		Get all marketplace fees	1710452932568	1710452956050	OK	 
USER	Get Marketplace Fees	END	1710452956051
REQUEST		Get all marketplace fees	1710452930123	1710452956534	OK	 
USER	Get Marketplace Fees	END	1710452956534
REQUEST		Get all marketplace fees	1710452942902	1710452956744	OK	 
USER	Get Marketplace Fees	END	1710452956745
REQUEST		Get all marketplace fees	1710452940124	1710452957210	OK	 
USER	Get Marketplace Fees	END	1710452957211
REQUEST		Get all marketplace fees	1710452941013	1710452957531	OK	 
USER	Get Marketplace Fees	END	1710452957532
REQUEST		Get all marketplace fees	1710452937012	1710452957614	OK	 
USER	Get Marketplace Fees	END	1710452957615
REQUEST		Get all marketplace fees	1710452939124	1710452957865	OK	 
USER	Get Marketplace Fees	END	1710452957865
REQUEST		Get all marketplace fees	1710452943568	1710452958485	OK	 
USER	Get Marketplace Fees	END	1710452958485
REQUEST		Get all marketplace fees	1710452942235	1710452958514	OK	 
USER	Get Marketplace Fees	END	1710452958514
REQUEST		Get all marketplace fees	1710452937345	1710452958522	OK	 
USER	Get Marketplace Fees	END	1710452958522
REQUEST		Get all marketplace fees	1710452939902	1710452958605	OK	 
USER	Get Marketplace Fees	END	1710452958606
REQUEST		Get all marketplace fees	1710452940346	1710452958721	OK	 
REQUEST		Get all marketplace fees	1710452933123	1710452958722	OK	 
REQUEST		Get all marketplace fees	1710452929901	1710452958722	OK	 
USER	Get Marketplace Fees	END	1710452958722
USER	Get Marketplace Fees	END	1710452958722
USER	Get Marketplace Fees	END	1710452958722
REQUEST		Get all marketplace fees	1710452934791	1710452958726	OK	 
USER	Get Marketplace Fees	END	1710452958727
REQUEST		Get all marketplace fees	1710452931790	1710452958924	OK	 
USER	Get Marketplace Fees	END	1710452958924
REQUEST		Get all marketplace fees	1710452930568	1710452958925	OK	 
USER	Get Marketplace Fees	END	1710452958925
REQUEST		Get all marketplace fees	1710452943013	1710452958938	OK	 
USER	Get Marketplace Fees	END	1710452958938
REQUEST		Get all marketplace fees	1710452938345	1710452959030	OK	 
USER	Get Marketplace Fees	END	1710452959030
REQUEST		Get all marketplace fees	1710452930235	1710452959118	OK	 
USER	Get Marketplace Fees	END	1710452959118
REQUEST		Get all marketplace fees	1710452943346	1710452959227	OK	 
USER	Get Marketplace Fees	END	1710452959227
REQUEST		Get all marketplace fees	1710452933902	1710452959228	OK	 
USER	Get Marketplace Fees	END	1710452959228
REQUEST		Get all marketplace fees	1710452941235	1710452959255	OK	 
USER	Get Marketplace Fees	END	1710452959255
REQUEST		Get all marketplace fees	1710452941679	1710452959310	OK	 
USER	Get Marketplace Fees	END	1710452959310
REQUEST		Get all marketplace fees	1710452942679	1710452959758	OK	 
USER	Get Marketplace Fees	END	1710452959758
REQUEST		Get all marketplace fees	1710452942456	1710452959814	OK	 
USER	Get Marketplace Fees	END	1710452959815
REQUEST		Get all marketplace fees	1710452942124	1710452959941	OK	 
USER	Get Marketplace Fees	END	1710452959942
REQUEST		Get all marketplace fees	1710452937567	1710452960042	OK	 
USER	Get Marketplace Fees	END	1710452960043
REQUEST		Get all marketplace fees	1710452936568	1710452960132	OK	 
USER	Get Marketplace Fees	END	1710452960132
REQUEST		Get all marketplace fees	1710452938902	1710452960208	OK	 
USER	Get Marketplace Fees	END	1710452960208
REQUEST		Get all marketplace fees	1710452943235	1710452960267	OK	 
USER	Get Marketplace Fees	END	1710452960267
REQUEST		Get all marketplace fees	1710452941346	1710452960333	OK	 
USER	Get Marketplace Fees	END	1710452960334
REQUEST		Get all marketplace fees	1710452941124	1710452960538	OK	 
USER	Get Marketplace Fees	END	1710452960538
REQUEST		Get all marketplace fees	1710452938567	1710452960540	OK	 
USER	Get Marketplace Fees	END	1710452960540
REQUEST		Get all marketplace fees	1710452943457	1710452960683	OK	 
USER	Get Marketplace Fees	END	1710452960683
REQUEST		Get all marketplace fees	1710452925415	1710452960694	OK	 
USER	Get Marketplace Fees	END	1710452960695
REQUEST		Get all marketplace fees	1710452943124	1710452960808	OK	 
USER	Get Marketplace Fees	END	1710452960808
REQUEST		Get all marketplace fees	1710452936013	1710452960911	OK	 
USER	Get Marketplace Fees	END	1710452960911
REQUEST		Get all marketplace fees	1710452942012	1710452960917	OK	 
REQUEST		Get all marketplace fees	1710452941568	1710452960917	OK	 
USER	Get Marketplace Fees	END	1710452960917
USER	Get Marketplace Fees	END	1710452960917
REQUEST		Get all marketplace fees	1710452942345	1710452960942	OK	 
USER	Get Marketplace Fees	END	1710452960942
REQUEST		Get all marketplace fees	1710452934568	1710452961013	OK	 
USER	Get Marketplace Fees	END	1710452961014
REQUEST		Get all marketplace fees	1710452937235	1710452961016	OK	 
USER	Get Marketplace Fees	END	1710452961017
REQUEST		Get all marketplace fees	1710452940791	1710452961143	OK	 
USER	Get Marketplace Fees	END	1710452961143
REQUEST		Get all marketplace fees	1710452939791	1710452961279	OK	 
USER	Get Marketplace Fees	END	1710452961280
REQUEST		Get all marketplace fees	1710452936346	1710452961513	OK	 
USER	Get Marketplace Fees	END	1710452961514
REQUEST		Get all marketplace fees	1710452942568	1710452961543	OK	 
USER	Get Marketplace Fees	END	1710452961543
REQUEST		Get all marketplace fees	1710452942791	1710452961612	OK	 
USER	Get Marketplace Fees	END	1710452961612
REQUEST		Get all marketplace fees	1710452940679	1710452961617	OK	 
USER	Get Marketplace Fees	END	1710452961617
REQUEST		Get all marketplace fees	1710452938234	1710452961619	OK	 
USER	Get Marketplace Fees	END	1710452961619
REQUEST		Get all marketplace fees	1710452937901	1710452961718	OK	 
USER	Get Marketplace Fees	END	1710452961718
REQUEST		Get all marketplace fees	1710452932678	1710452962009	OK	 
USER	Get Marketplace Fees	END	1710452962009
REQUEST		Get all marketplace fees	1710452939679	1710452962208	OK	 
USER	Get Marketplace Fees	END	1710452962208
REQUEST		Get all marketplace fees	1710452939013	1710452962576	OK	 
USER	Get Marketplace Fees	END	1710452962576
REQUEST		Get all marketplace fees	1710452930902	1710452962629	OK	 
USER	Get Marketplace Fees	END	1710452962629
REQUEST		Get all marketplace fees	1710452933012	1710452962636	OK	 
USER	Get Marketplace Fees	END	1710452962637
REQUEST		Get all marketplace fees	1710452938791	1710452962711	OK	 
USER	Get Marketplace Fees	END	1710452962712
REQUEST		Get all marketplace fees	1710452941901	1710452962721	OK	 
USER	Get Marketplace Fees	END	1710452962721
REQUEST		Get all marketplace fees	1710452943680	1710452962818	OK	 
USER	Get Marketplace Fees	END	1710452962819
REQUEST		Get all marketplace fees	1710452938123	1710452962821	OK	 
USER	Get Marketplace Fees	END	1710452962822
REQUEST		Get all marketplace fees	1710452940902	1710452963088	OK	 
USER	Get Marketplace Fees	END	1710452963089
