RUN	transactions.MarketplaceFeesPostSimulation	marketplacefeespostsimulation	1710468329280	 	3.10.4
USER	Login	START	1710468329710
REQUEST		Login	1710468329708	1710468330453	OK	 
USER	Login	END	1710468335500
USER	Post Marketplace Fees	START	1710468335702
USER	Post Marketplace Fees	START	1710468335718
USER	Post Marketplace Fees	START	1710468335735
USER	Post Marketplace Fees	START	1710468335753
USER	Post Marketplace Fees	START	1710468335769
USER	Post Marketplace Fees	START	1710468335793
USER	Post Marketplace Fees	START	1710468335803
USER	Post Marketplace Fees	START	1710468335820
USER	Post Marketplace Fees	START	1710468335837
USER	Post Marketplace Fees	START	1710468335855
USER	Post Marketplace Fees	START	1710468335871
USER	Post Marketplace Fees	START	1710468335888
USER	Post Marketplace Fees	START	1710468335906
USER	Post Marketplace Fees	START	1710468335922
USER	Post Marketplace Fees	START	1710468335940
USER	Post Marketplace Fees	START	1710468335957
USER	Post Marketplace Fees	START	1710468335974
USER	Post Marketplace Fees	START	1710468335991
USER	Post Marketplace Fees	START	1710468336008
USER	Post Marketplace Fees	START	1710468336025
USER	Post Marketplace Fees	START	1710468336042
USER	Post Marketplace Fees	START	1710468336059
USER	Post Marketplace Fees	START	1710468336076
USER	Post Marketplace Fees	START	1710468336093
USER	Post Marketplace Fees	START	1710468336110
USER	Post Marketplace Fees	START	1710468336126
USER	Post Marketplace Fees	START	1710468336143
USER	Post Marketplace Fees	START	1710468336160
USER	Post Marketplace Fees	START	1710468336176
USER	Post Marketplace Fees	START	1710468336193
USER	Post Marketplace Fees	START	1710468336210
USER	Post Marketplace Fees	START	1710468336226
USER	Post Marketplace Fees	START	1710468336244
USER	Post Marketplace Fees	START	1710468336261
USER	Post Marketplace Fees	START	1710468336277
USER	Post Marketplace Fees	START	1710468336294
USER	Post Marketplace Fees	START	1710468336311
USER	Post Marketplace Fees	START	1710468336328
USER	Post Marketplace Fees	START	1710468336344
USER	Post Marketplace Fees	START	1710468336361
USER	Post Marketplace Fees	START	1710468336377
USER	Post Marketplace Fees	START	1710468336394
USER	Post Marketplace Fees	START	1710468336411
USER	Post Marketplace Fees	START	1710468336427
USER	Post Marketplace Fees	START	1710468336444
USER	Post Marketplace Fees	START	1710468336461
USER	Post Marketplace Fees	START	1710468336477
USER	Post Marketplace Fees	START	1710468336494
USER	Post Marketplace Fees	START	1710468336512
USER	Post Marketplace Fees	START	1710468336528
USER	Post Marketplace Fees	START	1710468336545
USER	Post Marketplace Fees	START	1710468336562
USER	Post Marketplace Fees	START	1710468336578
USER	Post Marketplace Fees	START	1710468336595
USER	Post Marketplace Fees	START	1710468336612
USER	Post Marketplace Fees	START	1710468336628
USER	Post Marketplace Fees	START	1710468336645
USER	Post Marketplace Fees	START	1710468336662
USER	Post Marketplace Fees	START	1710468336678
USER	Post Marketplace Fees	START	1710468336695
REQUEST		Post marketplace fees	1710468335794	1710468337530	OK	 
USER	Post Marketplace Fees	END	1710468337532
USER	Post Marketplace Fees	START	1710468337532
REQUEST		Post marketplace fees	1710468335719	1710468338001	OK	 
USER	Post Marketplace Fees	END	1710468338003
USER	Post Marketplace Fees	START	1710468338004
REQUEST		Post marketplace fees	1710468335770	1710468338034	OK	 
USER	Post Marketplace Fees	END	1710468338036
USER	Post Marketplace Fees	START	1710468338037
REQUEST		Post marketplace fees	1710468335714	1710468338151	OK	 
USER	Post Marketplace Fees	END	1710468338152
USER	Post Marketplace Fees	START	1710468338152
REQUEST		Post marketplace fees	1710468335736	1710468338427	OK	 
USER	Post Marketplace Fees	END	1710468338429
USER	Post Marketplace Fees	START	1710468338429
REQUEST		Post marketplace fees	1710468335805	1710468338628	OK	 
USER	Post Marketplace Fees	END	1710468338629
USER	Post Marketplace Fees	START	1710468338629
REQUEST		Post marketplace fees	1710468335872	1710468339136	OK	 
USER	Post Marketplace Fees	END	1710468339136
USER	Post Marketplace Fees	START	1710468339137
REQUEST		Post marketplace fees	1710468335974	1710468340373	OK	 
USER	Post Marketplace Fees	END	1710468340374
USER	Post Marketplace Fees	START	1710468340374
REQUEST		Post marketplace fees	1710468335821	1710468340569	OK	 
USER	Post Marketplace Fees	END	1710468340570
USER	Post Marketplace Fees	START	1710468340571
REQUEST		Post marketplace fees	1710468335941	1710468340966	OK	 
USER	Post Marketplace Fees	END	1710468340967
USER	Post Marketplace Fees	START	1710468340967
REQUEST		Post marketplace fees	1710468336144	1710468341334	OK	 
USER	Post Marketplace Fees	END	1710468341335
USER	Post Marketplace Fees	START	1710468341335
REQUEST		Post marketplace fees	1710468336311	1710468341819	OK	 
USER	Post Marketplace Fees	END	1710468341821
USER	Post Marketplace Fees	START	1710468341822
REQUEST		Post marketplace fees	1710468336412	1710468342048	OK	 
USER	Post Marketplace Fees	END	1710468342049
USER	Post Marketplace Fees	START	1710468342049
REQUEST		Post marketplace fees	1710468335838	1710468342332	OK	 
USER	Post Marketplace Fees	END	1710468342332
USER	Post Marketplace Fees	START	1710468342333
REQUEST		Post marketplace fees	1710468336009	1710468342564	OK	 
USER	Post Marketplace Fees	END	1710468342565
USER	Post Marketplace Fees	START	1710468342565
REQUEST		Post marketplace fees	1710468335907	1710468343089	OK	 
USER	Post Marketplace Fees	END	1710468343089
USER	Post Marketplace Fees	START	1710468343090
REQUEST		Post marketplace fees	1710468336261	1710468343099	OK	 
USER	Post Marketplace Fees	END	1710468343099
USER	Post Marketplace Fees	START	1710468343100
REQUEST		Post marketplace fees	1710468336329	1710468343353	OK	 
USER	Post Marketplace Fees	END	1710468343354
USER	Post Marketplace Fees	START	1710468343354
REQUEST		Post marketplace fees	1710468336227	1710468343647	OK	 
USER	Post Marketplace Fees	END	1710468343647
USER	Post Marketplace Fees	START	1710468343647
REQUEST		Post marketplace fees	1710468335754	1710468343696	OK	 
USER	Post Marketplace Fees	END	1710468343697
USER	Post Marketplace Fees	START	1710468343698
REQUEST		Post marketplace fees	1710468335923	1710468343723	OK	 
USER	Post Marketplace Fees	END	1710468343724
USER	Post Marketplace Fees	START	1710468343724
REQUEST		Post marketplace fees	1710468335856	1710468343794	OK	 
USER	Post Marketplace Fees	END	1710468343795
USER	Post Marketplace Fees	START	1710468343795
REQUEST		Post marketplace fees	1710468336495	1710468343972	OK	 
USER	Post Marketplace Fees	END	1710468343973
USER	Post Marketplace Fees	START	1710468343973
REQUEST		Post marketplace fees	1710468336295	1710468344200	OK	 
USER	Post Marketplace Fees	END	1710468344201
USER	Post Marketplace Fees	START	1710468344201
REQUEST		Post marketplace fees	1710468336362	1710468344525	OK	 
USER	Post Marketplace Fees	END	1710468344526
USER	Post Marketplace Fees	START	1710468344526
REQUEST		Post marketplace fees	1710468336395	1710468345073	OK	 
USER	Post Marketplace Fees	END	1710468345075
USER	Post Marketplace Fees	START	1710468345075
REQUEST		Post marketplace fees	1710468335958	1710468345529	OK	 
USER	Post Marketplace Fees	END	1710468345531
USER	Post Marketplace Fees	START	1710468345531
REQUEST		Post marketplace fees	1710468341335	1710468345573	OK	 
USER	Post Marketplace Fees	END	1710468345573
USER	Post Marketplace Fees	START	1710468345574
REQUEST		Post marketplace fees	1710468340969	1710468345630	OK	 
USER	Post Marketplace Fees	END	1710468345630
USER	Post Marketplace Fees	START	1710468345631
REQUEST		Post marketplace fees	1710468338005	1710468345843	OK	 
USER	Post Marketplace Fees	END	1710468345844
USER	Post Marketplace Fees	START	1710468345844
REQUEST		Post marketplace fees	1710468340375	1710468346023	OK	 
USER	Post Marketplace Fees	END	1710468346024
USER	Post Marketplace Fees	START	1710468346025
REQUEST		Post marketplace fees	1710468336026	1710468346123	OK	 
USER	Post Marketplace Fees	END	1710468346125
USER	Post Marketplace Fees	START	1710468346125
REQUEST		Post marketplace fees	1710468336244	1710468346351	OK	 
USER	Post Marketplace Fees	END	1710468346352
USER	Post Marketplace Fees	START	1710468346352
REQUEST		Post marketplace fees	1710468343100	1710468346852	OK	 
USER	Post Marketplace Fees	END	1710468346852
USER	Post Marketplace Fees	START	1710468346852
REQUEST		Post marketplace fees	1710468344526	1710468346852	OK	 
USER	Post Marketplace Fees	END	1710468346853
USER	Post Marketplace Fees	START	1710468346853
REQUEST		Post marketplace fees	1710468336445	1710468346857	OK	 
USER	Post Marketplace Fees	END	1710468346858
USER	Post Marketplace Fees	START	1710468346858
REQUEST		Post marketplace fees	1710468336428	1710468347304	OK	 
USER	Post Marketplace Fees	END	1710468347305
USER	Post Marketplace Fees	START	1710468347305
REQUEST		Post marketplace fees	1710468336111	1710468347346	OK	 
USER	Post Marketplace Fees	END	1710468347348
USER	Post Marketplace Fees	START	1710468347349
REQUEST		Post marketplace fees	1710468336127	1710468347697	OK	 
USER	Post Marketplace Fees	END	1710468347699
USER	Post Marketplace Fees	START	1710468347699
REQUEST		Post marketplace fees	1710468336528	1710468347893	OK	 
USER	Post Marketplace Fees	END	1710468347894
USER	Post Marketplace Fees	START	1710468347894
REQUEST		Post marketplace fees	1710468336177	1710468347954	OK	 
USER	Post Marketplace Fees	END	1710468347955
USER	Post Marketplace Fees	START	1710468347955
REQUEST		Post marketplace fees	1710468336613	1710468347962	OK	 
USER	Post Marketplace Fees	END	1710468347962
USER	Post Marketplace Fees	START	1710468347963
REQUEST		Post marketplace fees	1710468338430	1710468348138	OK	 
USER	Post Marketplace Fees	END	1710468348140
USER	Post Marketplace Fees	START	1710468348140
REQUEST		Post marketplace fees	1710468336060	1710468348336	OK	 
USER	Post Marketplace Fees	END	1710468348337
USER	Post Marketplace Fees	START	1710468348338
REQUEST		Post marketplace fees	1710468346858	1710468348703	OK	 
USER	Post Marketplace Fees	END	1710468348704
USER	Post Marketplace Fees	START	1710468348704
REQUEST		Post marketplace fees	1710468336595	1710468348796	OK	 
REQUEST		Post marketplace fees	1710468341823	1710468348797	OK	 
USER	Post Marketplace Fees	END	1710468348797
USER	Post Marketplace Fees	START	1710468348797
USER	Post Marketplace Fees	END	1710468348797
USER	Post Marketplace Fees	START	1710468348797
REQUEST		Post marketplace fees	1710468343725	1710468348822	OK	 
USER	Post Marketplace Fees	END	1710468348823
USER	Post Marketplace Fees	START	1710468348823
REQUEST		Post marketplace fees	1710468336378	1710468349019	OK	 
USER	Post Marketplace Fees	END	1710468349020
USER	Post Marketplace Fees	START	1710468349021
REQUEST		Post marketplace fees	1710468335992	1710468349445	OK	 
USER	Post Marketplace Fees	END	1710468349446
USER	Post Marketplace Fees	START	1710468349447
REQUEST		Post marketplace fees	1710468336043	1710468349792	OK	 
USER	Post Marketplace Fees	END	1710468349793
USER	Post Marketplace Fees	START	1710468349793
REQUEST		Post marketplace fees	1710468336696	1710468349905	OK	 
USER	Post Marketplace Fees	END	1710468349906
USER	Post Marketplace Fees	START	1710468349906
REQUEST		Post marketplace fees	1710468336478	1710468349920	OK	 
USER	Post Marketplace Fees	END	1710468349921
USER	Post Marketplace Fees	START	1710468349921
REQUEST		Post marketplace fees	1710468336161	1710468350122	OK	 
USER	Post Marketplace Fees	END	1710468350122
USER	Post Marketplace Fees	START	1710468350123
REQUEST		Post marketplace fees	1710468345845	1710468350305	OK	 
USER	Post Marketplace Fees	END	1710468350305
USER	Post Marketplace Fees	START	1710468350305
REQUEST		Post marketplace fees	1710468343973	1710468350408	OK	 
USER	Post Marketplace Fees	END	1710468350409
USER	Post Marketplace Fees	START	1710468350409
REQUEST		Post marketplace fees	1710468343699	1710468350590	OK	 
USER	Post Marketplace Fees	END	1710468350590
USER	Post Marketplace Fees	START	1710468350590
REQUEST		Post marketplace fees	1710468336077	1710468350795	OK	 
USER	Post Marketplace Fees	END	1710468350795
USER	Post Marketplace Fees	START	1710468350796
REQUEST		Post marketplace fees	1710468343355	1710468351037	OK	 
USER	Post Marketplace Fees	END	1710468351037
USER	Post Marketplace Fees	START	1710468351038
REQUEST		Post marketplace fees	1710468336645	1710468351041	OK	 
USER	Post Marketplace Fees	END	1710468351041
USER	Post Marketplace Fees	START	1710468351041
REQUEST		Post marketplace fees	1710468336563	1710468351128	OK	 
USER	Post Marketplace Fees	END	1710468351129
USER	Post Marketplace Fees	START	1710468351129
REQUEST		Post marketplace fees	1710468336345	1710468351321	OK	 
USER	Post Marketplace Fees	END	1710468351322
USER	Post Marketplace Fees	START	1710468351322
REQUEST		Post marketplace fees	1710468344202	1710468351329	OK	 
USER	Post Marketplace Fees	END	1710468351329
USER	Post Marketplace Fees	START	1710468351329
REQUEST		Post marketplace fees	1710468338153	1710468351491	OK	 
USER	Post Marketplace Fees	END	1710468351492
USER	Post Marketplace Fees	START	1710468351492
REQUEST		Post marketplace fees	1710468336277	1710468351718	OK	 
USER	Post Marketplace Fees	END	1710468351720
USER	Post Marketplace Fees	START	1710468351720
REQUEST		Post marketplace fees	1710468340572	1710468352015	OK	 
USER	Post Marketplace Fees	END	1710468352015
USER	Post Marketplace Fees	START	1710468352016
REQUEST		Post marketplace fees	1710468343795	1710468352121	OK	 
USER	Post Marketplace Fees	END	1710468352122
REQUEST		Post marketplace fees	1710468343090	1710468352122	OK	 
USER	Post Marketplace Fees	START	1710468352123
USER	Post Marketplace Fees	END	1710468352123
USER	Post Marketplace Fees	START	1710468352124
REQUEST		Post marketplace fees	1710468336678	1710468352219	OK	 
USER	Post Marketplace Fees	END	1710468352220
USER	Post Marketplace Fees	START	1710468352220
REQUEST		Post marketplace fees	1710468336194	1710468352437	OK	 
USER	Post Marketplace Fees	END	1710468352438
USER	Post Marketplace Fees	START	1710468352438
REQUEST		Post marketplace fees	1710468343648	1710468352620	OK	 
USER	Post Marketplace Fees	END	1710468352621
USER	Post Marketplace Fees	START	1710468352621
REQUEST		Post marketplace fees	1710468347350	1710468352819	OK	 
USER	Post Marketplace Fees	END	1710468352819
USER	Post Marketplace Fees	START	1710468352820
REQUEST		Post marketplace fees	1710468336462	1710468352928	OK	 
USER	Post Marketplace Fees	END	1710468352929
USER	Post Marketplace Fees	START	1710468352929
REQUEST		Post marketplace fees	1710468336629	1710468353129	OK	 
USER	Post Marketplace Fees	END	1710468353131
USER	Post Marketplace Fees	START	1710468353131
REQUEST		Post marketplace fees	1710468345533	1710468353196	OK	 
USER	Post Marketplace Fees	END	1710468353197
USER	Post Marketplace Fees	START	1710468353198
REQUEST		Post marketplace fees	1710468348141	1710468353425	OK	 
USER	Post Marketplace Fees	END	1710468353426
USER	Post Marketplace Fees	START	1710468353426
REQUEST		Post marketplace fees	1710468335889	1710468353488	OK	 
USER	Post Marketplace Fees	END	1710468353489
USER	Post Marketplace Fees	START	1710468353489
REQUEST		Post marketplace fees	1710468336512	1710468353493	OK	 
USER	Post Marketplace Fees	END	1710468353494
USER	Post Marketplace Fees	START	1710468353494
REQUEST		Post marketplace fees	1710468346853	1710468353535	OK	 
USER	Post Marketplace Fees	END	1710468353536
USER	Post Marketplace Fees	START	1710468353536
REQUEST		Post marketplace fees	1710468336578	1710468354001	OK	 
USER	Post Marketplace Fees	END	1710468354001
USER	Post Marketplace Fees	START	1710468354001
REQUEST		Post marketplace fees	1710468336663	1710468354026	OK	 
USER	Post Marketplace Fees	END	1710468354026
USER	Post Marketplace Fees	START	1710468354026
REQUEST		Post marketplace fees	1710468336094	1710468354095	OK	 
USER	Post Marketplace Fees	END	1710468354097
USER	Post Marketplace Fees	START	1710468354097
REQUEST		Post marketplace fees	1710468345574	1710468354192	OK	 
USER	Post Marketplace Fees	END	1710468354193
USER	Post Marketplace Fees	START	1710468354194
REQUEST		Post marketplace fees	1710468336545	1710468354325	OK	 
USER	Post Marketplace Fees	END	1710468354326
USER	Post Marketplace Fees	START	1710468354326
REQUEST		Post marketplace fees	1710468342050	1710468354390	OK	 
USER	Post Marketplace Fees	END	1710468354391
USER	Post Marketplace Fees	START	1710468354391
REQUEST		Post marketplace fees	1710468350410	1710468354494	OK	 
USER	Post Marketplace Fees	END	1710468354495
USER	Post Marketplace Fees	START	1710468354495
REQUEST		Post marketplace fees	1710468347956	1710468354595	OK	 
USER	Post Marketplace Fees	END	1710468354596
USER	Post Marketplace Fees	START	1710468354596
REQUEST		Post marketplace fees	1710468346853	1710468354597	OK	 
USER	Post Marketplace Fees	END	1710468354598
USER	Post Marketplace Fees	START	1710468354598
REQUEST		Post marketplace fees	1710468345631	1710468354624	OK	 
USER	Post Marketplace Fees	END	1710468354624
USER	Post Marketplace Fees	START	1710468354624
REQUEST		Post marketplace fees	1710468348797	1710468354692	OK	 
USER	Post Marketplace Fees	END	1710468354693
USER	Post Marketplace Fees	START	1710468354693
REQUEST		Post marketplace fees	1710468348339	1710468354722	OK	 
USER	Post Marketplace Fees	END	1710468354724
USER	Post Marketplace Fees	START	1710468354724
REQUEST		Post marketplace fees	1710468342566	1710468354724	OK	 
USER	Post Marketplace Fees	END	1710468354725
USER	Post Marketplace Fees	START	1710468354726
REQUEST		Post marketplace fees	1710468346127	1710468354888	OK	 
USER	Post Marketplace Fees	END	1710468354889
USER	Post Marketplace Fees	START	1710468354890
REQUEST		Post marketplace fees	1710468338630	1710468354894	OK	 
USER	Post Marketplace Fees	END	1710468354895
USER	Post Marketplace Fees	START	1710468354896
REQUEST		Post marketplace fees	1710468336211	1710468354993	OK	 
USER	Post Marketplace Fees	END	1710468354994
REQUEST		Post marketplace fees	1710468352820	1710468354994	OK	 
USER	Post Marketplace Fees	START	1710468354995
USER	Post Marketplace Fees	END	1710468354995
USER	Post Marketplace Fees	START	1710468354996
REQUEST		Post marketplace fees	1710468348797	1710468355196	OK	 
USER	Post Marketplace Fees	END	1710468355197
USER	Post Marketplace Fees	START	1710468355198
REQUEST		Post marketplace fees	1710468338038	1710468355395	OK	 
USER	Post Marketplace Fees	END	1710468355395
USER	Post Marketplace Fees	START	1710468355395
REQUEST		Post marketplace fees	1710468349921	1710468355401	OK	 
USER	Post Marketplace Fees	END	1710468355402
USER	Post Marketplace Fees	START	1710468355402
REQUEST		Post marketplace fees	1710468347963	1710468355422	OK	 
USER	Post Marketplace Fees	END	1710468355422
USER	Post Marketplace Fees	START	1710468355423
REQUEST		Post marketplace fees	1710468351330	1710468355490	OK	 
USER	Post Marketplace Fees	END	1710468355491
USER	Post Marketplace Fees	START	1710468355491
REQUEST		Post marketplace fees	1710468348823	1710468355493	OK	 
USER	Post Marketplace Fees	END	1710468355494
USER	Post Marketplace Fees	START	1710468355494
REQUEST		Post marketplace fees	1710468349794	1710468355594	OK	 
USER	Post Marketplace Fees	END	1710468355595
USER	Post Marketplace Fees	START	1710468355595
REQUEST		Post marketplace fees	1710468350591	1710468355639	OK	 
USER	Post Marketplace Fees	END	1710468355639
USER	Post Marketplace Fees	START	1710468355639
REQUEST		Post marketplace fees	1710468339137	1710468355795	OK	 
REQUEST		Post marketplace fees	1710468342333	1710468355795	OK	 
USER	Post Marketplace Fees	END	1710468355796
USER	Post Marketplace Fees	END	1710468355796
USER	Post Marketplace Fees	START	1710468355796
USER	Post Marketplace Fees	START	1710468355796
REQUEST		Post marketplace fees	1710468353427	1710468355917	OK	 
USER	Post Marketplace Fees	END	1710468355917
USER	Post Marketplace Fees	START	1710468355918
REQUEST		Post marketplace fees	1710468347306	1710468356117	OK	 
USER	Post Marketplace Fees	END	1710468356118
USER	Post Marketplace Fees	START	1710468356118
REQUEST		Post marketplace fees	1710468353199	1710468356290	OK	 
USER	Post Marketplace Fees	END	1710468356292
USER	Post Marketplace Fees	START	1710468356292
REQUEST		Post marketplace fees	1710468350796	1710468356431	OK	 
USER	Post Marketplace Fees	END	1710468356431
USER	Post Marketplace Fees	START	1710468356431
REQUEST		Post marketplace fees	1710468349906	1710468356627	OK	 
USER	Post Marketplace Fees	END	1710468356627
USER	Post Marketplace Fees	START	1710468356628
REQUEST		Post marketplace fees	1710468354327	1710468356796	OK	 
USER	Post Marketplace Fees	END	1710468356798
USER	Post Marketplace Fees	START	1710468356798
REQUEST		Post marketplace fees	1710468351038	1710468356897	OK	 
USER	Post Marketplace Fees	END	1710468356899
USER	Post Marketplace Fees	START	1710468356899
REQUEST		Post marketplace fees	1710468351323	1710468356918	OK	 
USER	Post Marketplace Fees	END	1710468356919
USER	Post Marketplace Fees	START	1710468356919
REQUEST		Post marketplace fees	1710468350123	1710468356989	OK	 
USER	Post Marketplace Fees	END	1710468356990
USER	Post Marketplace Fees	START	1710468356991
REQUEST		Post marketplace fees	1710468350306	1710468357119	OK	 
USER	Post Marketplace Fees	END	1710468357120
USER	Post Marketplace Fees	START	1710468357121
REQUEST		Post marketplace fees	1710468349022	1710468357299	OK	 
USER	Post Marketplace Fees	END	1710468357300
USER	Post Marketplace Fees	START	1710468357301
REQUEST		Post marketplace fees	1710468354002	1710468357343	OK	 
USER	Post Marketplace Fees	END	1710468357344
USER	Post Marketplace Fees	START	1710468357344
REQUEST		Post marketplace fees	1710468351721	1710468357354	OK	 
USER	Post Marketplace Fees	END	1710468357355
USER	Post Marketplace Fees	START	1710468357355
REQUEST		Post marketplace fees	1710468347700	1710468357428	OK	 
USER	Post Marketplace Fees	END	1710468357429
USER	Post Marketplace Fees	START	1710468357429
REQUEST		Post marketplace fees	1710468351130	1710468357448	OK	 
USER	Post Marketplace Fees	END	1710468357448
USER	Post Marketplace Fees	START	1710468357449
REQUEST		Post marketplace fees	1710468348705	1710468357527	OK	 
USER	Post Marketplace Fees	END	1710468357528
USER	Post Marketplace Fees	START	1710468357528
REQUEST		Post marketplace fees	1710468337533	1710468357716	OK	 
USER	Post Marketplace Fees	END	1710468357717
USER	Post Marketplace Fees	START	1710468357717
REQUEST		Post marketplace fees	1710468347895	1710468358004	OK	 
USER	Post Marketplace Fees	END	1710468358004
USER	Post Marketplace Fees	START	1710468358005
REQUEST		Post marketplace fees	1710468352221	1710468358073	OK	 
USER	Post Marketplace Fees	END	1710468358074
USER	Post Marketplace Fees	START	1710468358074
REQUEST		Post marketplace fees	1710468354598	1710468358093	OK	 
USER	Post Marketplace Fees	END	1710468358094
USER	Post Marketplace Fees	START	1710468358094
REQUEST		Post marketplace fees	1710468354195	1710468358116	OK	 
USER	Post Marketplace Fees	END	1710468358117
USER	Post Marketplace Fees	START	1710468358117
REQUEST		Post marketplace fees	1710468351493	1710468358310	OK	 
USER	Post Marketplace Fees	END	1710468358311
USER	Post Marketplace Fees	START	1710468358311
REQUEST		Post marketplace fees	1710468353132	1710468358489	OK	 
USER	Post Marketplace Fees	END	1710468358491
USER	Post Marketplace Fees	START	1710468358491
REQUEST		Post marketplace fees	1710468352622	1710468358496	OK	 
USER	Post Marketplace Fees	END	1710468358497
USER	Post Marketplace Fees	START	1710468358497
REQUEST		Post marketplace fees	1710468354694	1710468358500	OK	 
USER	Post Marketplace Fees	END	1710468358501
USER	Post Marketplace Fees	START	1710468358501
REQUEST		Post marketplace fees	1710468345077	1710468358618	OK	 
USER	Post Marketplace Fees	END	1710468358618
USER	Post Marketplace Fees	START	1710468358618
REQUEST		Post marketplace fees	1710468352016	1710468358625	OK	 
USER	Post Marketplace Fees	END	1710468358626
USER	Post Marketplace Fees	START	1710468358626
REQUEST		Post marketplace fees	1710468354625	1710468358723	OK	 
USER	Post Marketplace Fees	END	1710468358723
USER	Post Marketplace Fees	START	1710468358724
REQUEST		Post marketplace fees	1710468346026	1710468358902	OK	 
USER	Post Marketplace Fees	END	1710468358904
USER	Post Marketplace Fees	START	1710468358904
REQUEST		Post marketplace fees	1710468354027	1710468358993	OK	 
USER	Post Marketplace Fees	END	1710468358994
USER	Post Marketplace Fees	START	1710468358994
REQUEST		Post marketplace fees	1710468354099	1710468358996	OK	 
USER	Post Marketplace Fees	END	1710468358996
USER	Post Marketplace Fees	START	1710468358997
REQUEST		Post marketplace fees	1710468346352	1710468359005	OK	 
USER	Post Marketplace Fees	END	1710468359005
USER	Post Marketplace Fees	START	1710468359005
REQUEST		Post marketplace fees	1710468353490	1710468359021	OK	 
USER	Post Marketplace Fees	END	1710468359022
USER	Post Marketplace Fees	START	1710468359022
REQUEST		Post marketplace fees	1710468349448	1710468359330	OK	 
USER	Post Marketplace Fees	END	1710468359331
USER	Post Marketplace Fees	START	1710468359331
REQUEST		Post marketplace fees	1710468352125	1710468359795	OK	 
USER	Post Marketplace Fees	END	1710468359795
USER	Post Marketplace Fees	START	1710468359795
REQUEST		Post marketplace fees	1710468353494	1710468359840	OK	 
USER	Post Marketplace Fees	END	1710468359841
USER	Post Marketplace Fees	START	1710468359841
REQUEST		Post marketplace fees	1710468352124	1710468359896	OK	 
USER	Post Marketplace Fees	END	1710468359896
USER	Post Marketplace Fees	START	1710468359896
REQUEST		Post marketplace fees	1710468354391	1710468359905	OK	 
USER	Post Marketplace Fees	END	1710468359905
USER	Post Marketplace Fees	START	1710468359906
REQUEST		Post marketplace fees	1710468351042	1710468360107	OK	 
USER	Post Marketplace Fees	END	1710468360108
USER	Post Marketplace Fees	START	1710468360108
REQUEST		Post marketplace fees	1710468354496	1710468360203	OK	 
USER	Post Marketplace Fees	END	1710468360204
USER	Post Marketplace Fees	START	1710468360204
REQUEST		Post marketplace fees	1710468353536	1710468360236	OK	 
USER	Post Marketplace Fees	END	1710468360237
USER	Post Marketplace Fees	START	1710468360237
REQUEST		Post marketplace fees	1710468354725	1710468360574	OK	 
USER	Post Marketplace Fees	END	1710468360575
USER	Post Marketplace Fees	START	1710468360575
REQUEST		Post marketplace fees	1710468355797	1710468360919	OK	 
USER	Post Marketplace Fees	END	1710468360920
USER	Post Marketplace Fees	START	1710468360920
REQUEST		Post marketplace fees	1710468355918	1710468361059	OK	 
USER	Post Marketplace Fees	END	1710468361060
USER	Post Marketplace Fees	START	1710468361060
REQUEST		Post marketplace fees	1710468354597	1710468361195	OK	 
USER	Post Marketplace Fees	END	1710468361196
USER	Post Marketplace Fees	START	1710468361196
REQUEST		Post marketplace fees	1710468355423	1710468361217	OK	 
USER	Post Marketplace Fees	END	1710468361217
USER	Post Marketplace Fees	START	1710468361217
REQUEST		Post marketplace fees	1710468356920	1710468361222	OK	 
USER	Post Marketplace Fees	END	1710468361222
USER	Post Marketplace Fees	START	1710468361223
REQUEST		Post marketplace fees	1710468355396	1710468361461	OK	 
USER	Post Marketplace Fees	END	1710468361462
USER	Post Marketplace Fees	START	1710468361462
REQUEST		Post marketplace fees	1710468355595	1710468362223	OK	 
USER	Post Marketplace Fees	END	1710468362223
USER	Post Marketplace Fees	START	1710468362223
REQUEST		Post marketplace fees	1710468356628	1710468362429	OK	 
USER	Post Marketplace Fees	END	1710468362429
USER	Post Marketplace Fees	START	1710468362429
REQUEST		Post marketplace fees	1710468355491	1710468362526	OK	 
USER	Post Marketplace Fees	END	1710468362526
USER	Post Marketplace Fees	START	1710468362526
REQUEST		Post marketplace fees	1710468355640	1710468362752	OK	 
USER	Post Marketplace Fees	END	1710468362753
USER	Post Marketplace Fees	START	1710468362753
REQUEST		Post marketplace fees	1710468356900	1710468362825	OK	 
USER	Post Marketplace Fees	END	1710468362825
USER	Post Marketplace Fees	START	1710468362826
REQUEST		Post marketplace fees	1710468352439	1710468363294	OK	 
USER	Post Marketplace Fees	END	1710468363295
USER	Post Marketplace Fees	START	1710468363295
REQUEST		Post marketplace fees	1710468354997	1710468363395	OK	 
USER	Post Marketplace Fees	END	1710468363396
USER	Post Marketplace Fees	START	1710468363396
REQUEST		Post marketplace fees	1710468352929	1710468363401	OK	 
USER	Post Marketplace Fees	END	1710468363401
USER	Post Marketplace Fees	START	1710468363402
REQUEST		Post marketplace fees	1710468360108	1710468363415	OK	 
USER	Post Marketplace Fees	END	1710468363415
USER	Post Marketplace Fees	START	1710468363415
REQUEST		Post marketplace fees	1710468354996	1710468363423	OK	 
USER	Post Marketplace Fees	END	1710468363423
USER	Post Marketplace Fees	START	1710468363424
REQUEST		Post marketplace fees	1710468358312	1710468363488	OK	 
USER	Post Marketplace Fees	END	1710468363489
USER	Post Marketplace Fees	START	1710468363490
REQUEST		Post marketplace fees	1710468358724	1710468363620	OK	 
USER	Post Marketplace Fees	END	1710468363621
USER	Post Marketplace Fees	START	1710468363621
REQUEST		Post marketplace fees	1710468356119	1710468363695	OK	 
USER	Post Marketplace Fees	END	1710468363696
USER	Post Marketplace Fees	START	1710468363696
REQUEST		Post marketplace fees	1710468358498	1710468363798	OK	 
USER	Post Marketplace Fees	END	1710468363798
USER	Post Marketplace Fees	START	1710468363798
REQUEST		Post marketplace fees	1710468358005	1710468363896	OK	 
USER	Post Marketplace Fees	END	1710468363896
USER	Post Marketplace Fees	START	1710468363897
REQUEST		Post marketplace fees	1710468356991	1710468363936	OK	 
USER	Post Marketplace Fees	END	1710468363938
USER	Post Marketplace Fees	START	1710468363938
REQUEST		Post marketplace fees	1710468354891	1710468364125	OK	 
USER	Post Marketplace Fees	END	1710468364126
USER	Post Marketplace Fees	START	1710468364126
REQUEST		Post marketplace fees	1710468354897	1710468364428	OK	 
USER	Post Marketplace Fees	END	1710468364429
USER	Post Marketplace Fees	START	1710468364429
REQUEST		Post marketplace fees	1710468359796	1710468364588	OK	 
USER	Post Marketplace Fees	END	1710468364589
USER	Post Marketplace Fees	START	1710468364590
REQUEST		Post marketplace fees	1710468362224	1710468364887	OK	 
USER	Post Marketplace Fees	END	1710468364888
REQUEST		Post marketplace fees	1710468355494	1710468364888	OK	 
USER	Post Marketplace Fees	END	1710468364888
USER	Post Marketplace Fees	START	1710468364888
USER	Post Marketplace Fees	START	1710468364888
REQUEST		Post marketplace fees	1710468357356	1710468365218	OK	 
USER	Post Marketplace Fees	END	1710468365219
USER	Post Marketplace Fees	START	1710468365219
REQUEST		Post marketplace fees	1710468360205	1710468365232	OK	 
USER	Post Marketplace Fees	END	1710468365232
USER	Post Marketplace Fees	START	1710468365232
REQUEST		Post marketplace fees	1710468355199	1710468365528	OK	 
USER	Post Marketplace Fees	END	1710468365528
USER	Post Marketplace Fees	START	1710468365529
REQUEST		Post marketplace fees	1710468359022	1710468365931	OK	 
USER	Post Marketplace Fees	END	1710468365932
USER	Post Marketplace Fees	START	1710468365933
REQUEST		Post marketplace fees	1710468358995	1710468366197	OK	 
USER	Post Marketplace Fees	END	1710468366198
USER	Post Marketplace Fees	START	1710468366198
REQUEST		Post marketplace fees	1710468354727	1710468366396	OK	 
USER	Post Marketplace Fees	END	1710468366397
USER	Post Marketplace Fees	START	1710468366397
REQUEST		Post marketplace fees	1710468357121	1710468366534	OK	 
USER	Post Marketplace Fees	END	1710468366535
USER	Post Marketplace Fees	START	1710468366535
REQUEST		Post marketplace fees	1710468358502	1710468366588	OK	 
USER	Post Marketplace Fees	END	1710468366588
USER	Post Marketplace Fees	START	1710468366589
REQUEST		Post marketplace fees	1710468356293	1710468366625	OK	 
USER	Post Marketplace Fees	END	1710468366625
USER	Post Marketplace Fees	START	1710468366625
REQUEST		Post marketplace fees	1710468358094	1710468366632	OK	 
USER	Post Marketplace Fees	END	1710468366633
USER	Post Marketplace Fees	START	1710468366633
REQUEST		Post marketplace fees	1710468356799	1710468366634	OK	 
USER	Post Marketplace Fees	END	1710468366634
USER	Post Marketplace Fees	START	1710468366634
REQUEST		Post marketplace fees	1710468358117	1710468367088	OK	 
USER	Post Marketplace Fees	END	1710468367089
USER	Post Marketplace Fees	START	1710468367090
REQUEST		Post marketplace fees	1710468357429	1710468367218	OK	 
USER	Post Marketplace Fees	END	1710468367219
USER	Post Marketplace Fees	START	1710468367219
REQUEST		Post marketplace fees	1710468355797	1710468367623	OK	 
USER	Post Marketplace Fees	END	1710468367624
USER	Post Marketplace Fees	START	1710468367624
REQUEST		Post marketplace fees	1710468364429	1710468367689	OK	 
USER	Post Marketplace Fees	END	1710468367690
USER	Post Marketplace Fees	START	1710468367690
REQUEST		Post marketplace fees	1710468361197	1710468367825	OK	 
USER	Post Marketplace Fees	END	1710468367825
USER	Post Marketplace Fees	START	1710468367826
REQUEST		Post marketplace fees	1710468357717	1710468367904	OK	 
USER	Post Marketplace Fees	END	1710468367905
USER	Post Marketplace Fees	START	1710468367905
REQUEST		Post marketplace fees	1710468358492	1710468368033	OK	 
USER	Post Marketplace Fees	END	1710468368034
USER	Post Marketplace Fees	START	1710468368034
REQUEST		Post marketplace fees	1710468358074	1710468368094	OK	 
USER	Post Marketplace Fees	END	1710468368095
USER	Post Marketplace Fees	START	1710468368095
REQUEST		Post marketplace fees	1710468361223	1710468368104	OK	 
USER	Post Marketplace Fees	END	1710468368105
USER	Post Marketplace Fees	START	1710468368105
REQUEST		Post marketplace fees	1710468359906	1710468368192	OK	 
USER	Post Marketplace Fees	END	1710468368193
USER	Post Marketplace Fees	START	1710468368193
REQUEST		Post marketplace fees	1710468357344	1710468368202	OK	 
USER	Post Marketplace Fees	END	1710468368203
USER	Post Marketplace Fees	START	1710468368203
REQUEST		Post marketplace fees	1710468362826	1710468368216	OK	 
USER	Post Marketplace Fees	END	1710468368217
USER	Post Marketplace Fees	START	1710468368217
REQUEST		Post marketplace fees	1710468363696	1710468368221	OK	 
USER	Post Marketplace Fees	END	1710468368222
USER	Post Marketplace Fees	START	1710468368222
REQUEST		Post marketplace fees	1710468359006	1710468368318	OK	 
USER	Post Marketplace Fees	END	1710468368319
USER	Post Marketplace Fees	START	1710468368319
REQUEST		Post marketplace fees	1710468355403	1710468368428	OK	 
USER	Post Marketplace Fees	END	1710468368429
USER	Post Marketplace Fees	START	1710468368429
REQUEST		Post marketplace fees	1710468358619	1710468368533	OK	 
USER	Post Marketplace Fees	END	1710468368534
USER	Post Marketplace Fees	START	1710468368534
REQUEST		Post marketplace fees	1710468360237	1710468368623	OK	 
USER	Post Marketplace Fees	END	1710468368624
USER	Post Marketplace Fees	START	1710468368624
REQUEST		Post marketplace fees	1710468361462	1710468369040	OK	 
USER	Post Marketplace Fees	END	1710468369040
USER	Post Marketplace Fees	START	1710468369041
REQUEST		Post marketplace fees	1710468357449	1710468369389	OK	 
USER	Post Marketplace Fees	END	1710468369390
USER	Post Marketplace Fees	START	1710468369391
REQUEST		Post marketplace fees	1710468365220	1710468369847	OK	 
USER	Post Marketplace Fees	END	1710468369848
USER	Post Marketplace Fees	START	1710468369848
REQUEST		Post marketplace fees	1710468366398	1710468369891	OK	 
USER	Post Marketplace Fees	END	1710468369892
USER	Post Marketplace Fees	START	1710468369892
REQUEST		Post marketplace fees	1710468366535	1710468370496	OK	 
USER	Post Marketplace Fees	END	1710468370497
USER	Post Marketplace Fees	START	1710468370497
REQUEST		Post marketplace fees	1710468363621	1710468370506	OK	 
USER	Post Marketplace Fees	END	1710468370507
USER	Post Marketplace Fees	START	1710468370507
REQUEST		Post marketplace fees	1710468357528	1710468370589	OK	 
USER	Post Marketplace Fees	END	1710468370590
USER	Post Marketplace Fees	START	1710468370590
REQUEST		Post marketplace fees	1710468366199	1710468370595	OK	 
USER	Post Marketplace Fees	END	1710468370596
USER	Post Marketplace Fees	START	1710468370596
REQUEST		Post marketplace fees	1710468362754	1710468370606	OK	 
USER	Post Marketplace Fees	END	1710468370606
USER	Post Marketplace Fees	START	1710468370607
REQUEST		Post marketplace fees	1710468366633	1710468370671	OK	 
USER	Post Marketplace Fees	END	1710468370671
USER	Post Marketplace Fees	START	1710468370672
REQUEST		Post marketplace fees	1710468360575	1710468370672	OK	 
USER	Post Marketplace Fees	END	1710468370672
USER	Post Marketplace Fees	START	1710468370672
REQUEST		Post marketplace fees	1710468358905	1710468370713	OK	 
USER	Post Marketplace Fees	END	1710468370713
USER	Post Marketplace Fees	START	1710468370713
REQUEST		Post marketplace fees	1710468367690	1710468370743	OK	 
USER	Post Marketplace Fees	END	1710468370744
USER	Post Marketplace Fees	START	1710468370744
REQUEST		Post marketplace fees	1710468368203	1710468370745	OK	 
USER	Post Marketplace Fees	END	1710468370746
USER	Post Marketplace Fees	START	1710468370746
REQUEST		Post marketplace fees	1710468366635	1710468370837	OK	 
USER	Post Marketplace Fees	END	1710468370838
USER	Post Marketplace Fees	START	1710468370838
REQUEST		Post marketplace fees	1710468362527	1710468371096	OK	 
USER	Post Marketplace Fees	END	1710468371096
USER	Post Marketplace Fees	START	1710468371097
REQUEST		Post marketplace fees	1710468356432	1710468371229	OK	 
USER	Post Marketplace Fees	END	1710468371230
USER	Post Marketplace Fees	START	1710468371230
REQUEST		Post marketplace fees	1710468360920	1710468371405	OK	 
USER	Post Marketplace Fees	END	1710468371405
USER	Post Marketplace Fees	START	1710468371406
REQUEST		Post marketplace fees	1710468368319	1710468371503	OK	 
USER	Post Marketplace Fees	END	1710468371504
USER	Post Marketplace Fees	START	1710468371504
REQUEST		Post marketplace fees	1710468368034	1710468371515	OK	 
USER	Post Marketplace Fees	END	1710468371515
USER	Post Marketplace Fees	START	1710468371515
REQUEST		Post marketplace fees	1710468359841	1710468371556	OK	 
USER	Post Marketplace Fees	END	1710468371556
USER	Post Marketplace Fees	START	1710468371556
REQUEST		Post marketplace fees	1710468364888	1710468371704	OK	 
USER	Post Marketplace Fees	END	1710468371704
USER	Post Marketplace Fees	START	1710468371704
REQUEST		Post marketplace fees	1710468358626	1710468371818	OK	 
USER	Post Marketplace Fees	END	1710468371818
USER	Post Marketplace Fees	START	1710468371819
REQUEST		Post marketplace fees	1710468368223	1710468372194	OK	 
USER	Post Marketplace Fees	END	1710468372195
USER	Post Marketplace Fees	START	1710468372195
REQUEST		Post marketplace fees	1710468363490	1710468372298	OK	 
USER	Post Marketplace Fees	END	1710468372299
USER	Post Marketplace Fees	START	1710468372299
REQUEST		Post marketplace fees	1710468363799	1710468373095	OK	 
USER	Post Marketplace Fees	END	1710468373096
USER	Post Marketplace Fees	START	1710468373096
REQUEST		Post marketplace fees	1710468369392	1710468373129	OK	 
USER	Post Marketplace Fees	END	1710468373130
USER	Post Marketplace Fees	START	1710468373130
REQUEST		Post marketplace fees	1710468363939	1710468373319	OK	 
USER	Post Marketplace Fees	END	1710468373320
USER	Post Marketplace Fees	START	1710468373320
REQUEST		Post marketplace fees	1710468370607	1710468373381	OK	 
USER	Post Marketplace Fees	END	1710468373382
USER	Post Marketplace Fees	START	1710468373382
REQUEST		Post marketplace fees	1710468361218	1710468373421	OK	 
USER	Post Marketplace Fees	END	1710468373422
USER	Post Marketplace Fees	START	1710468373422
REQUEST		Post marketplace fees	1710468363296	1710468373434	OK	 
USER	Post Marketplace Fees	END	1710468373434
USER	Post Marketplace Fees	START	1710468373434
REQUEST		Post marketplace fees	1710468364591	1710468373490	OK	 
USER	Post Marketplace Fees	END	1710468373491
USER	Post Marketplace Fees	START	1710468373491
REQUEST		Post marketplace fees	1710468359331	1710468373609	OK	 
USER	Post Marketplace Fees	END	1710468373609
USER	Post Marketplace Fees	START	1710468373610
REQUEST		Post marketplace fees	1710468363416	1710468373700	OK	 
USER	Post Marketplace Fees	END	1710468373701
USER	Post Marketplace Fees	START	1710468373701
REQUEST		Post marketplace fees	1710468368106	1710468373724	OK	 
USER	Post Marketplace Fees	END	1710468373724
USER	Post Marketplace Fees	START	1710468373725
REQUEST		Post marketplace fees	1710468368095	1710468373734	OK	 
USER	Post Marketplace Fees	END	1710468373735
USER	Post Marketplace Fees	START	1710468373735
REQUEST		Post marketplace fees	1710468367219	1710468373791	OK	 
USER	Post Marketplace Fees	END	1710468373791
USER	Post Marketplace Fees	START	1710468373791
REQUEST		Post marketplace fees	1710468364888	1710468373797	OK	 
USER	Post Marketplace Fees	END	1710468373797
USER	Post Marketplace Fees	START	1710468373798
REQUEST		Post marketplace fees	1710468362430	1710468373798	OK	 
USER	Post Marketplace Fees	END	1710468373798
USER	Post Marketplace Fees	START	1710468373798
REQUEST		Post marketplace fees	1710468365233	1710468374048	OK	 
USER	Post Marketplace Fees	END	1710468374049
USER	Post Marketplace Fees	START	1710468374049
REQUEST		Post marketplace fees	1710468368218	1710468374053	OK	 
USER	Post Marketplace Fees	END	1710468374054
USER	Post Marketplace Fees	START	1710468374054
REQUEST		Post marketplace fees	1710468370507	1710468374175	OK	 
USER	Post Marketplace Fees	END	1710468374175
USER	Post Marketplace Fees	START	1710468374176
REQUEST		Post marketplace fees	1710468367624	1710468374188	OK	 
USER	Post Marketplace Fees	END	1710468374188
USER	Post Marketplace Fees	START	1710468374188
REQUEST		Post marketplace fees	1710468365529	1710468374325	OK	 
USER	Post Marketplace Fees	END	1710468374325
USER	Post Marketplace Fees	START	1710468374326
REQUEST		Post marketplace fees	1710468370672	1710468375048	OK	 
USER	Post Marketplace Fees	END	1710468375049
USER	Post Marketplace Fees	START	1710468375049
REQUEST		Post marketplace fees	1710468361060	1710468375095	OK	 
USER	Post Marketplace Fees	END	1710468375096
USER	Post Marketplace Fees	START	1710468375096
REQUEST		Post marketplace fees	1710468363897	1710468375101	OK	 
USER	Post Marketplace Fees	END	1710468375102
USER	Post Marketplace Fees	START	1710468375103
REQUEST		Post marketplace fees	1710468371097	1710468375489	OK	 
USER	Post Marketplace Fees	END	1710468375489
USER	Post Marketplace Fees	START	1710468375490
REQUEST		Post marketplace fees	1710468368624	1710468375570	OK	 
USER	Post Marketplace Fees	END	1710468375571
USER	Post Marketplace Fees	START	1710468375571
REQUEST		Post marketplace fees	1710468370745	1710468375643	OK	 
USER	Post Marketplace Fees	END	1710468375644
USER	Post Marketplace Fees	START	1710468375645
REQUEST		Post marketplace fees	1710468370596	1710468375796	OK	 
USER	Post Marketplace Fees	END	1710468375798
USER	Post Marketplace Fees	START	1710468375798
REQUEST		Post marketplace fees	1710468370838	1710468375898	OK	 
USER	Post Marketplace Fees	END	1710468375898
USER	Post Marketplace Fees	START	1710468375898
REQUEST		Post marketplace fees	1710468370672	1710468375917	OK	 
USER	Post Marketplace Fees	END	1710468375917
USER	Post Marketplace Fees	START	1710468375917
REQUEST		Post marketplace fees	1710468364127	1710468375997	OK	 
USER	Post Marketplace Fees	END	1710468375997
USER	Post Marketplace Fees	START	1710468375998
REQUEST		Post marketplace fees	1710468371557	1710468376299	OK	 
USER	Post Marketplace Fees	END	1710468376300
USER	Post Marketplace Fees	START	1710468376301
REQUEST		Post marketplace fees	1710468370746	1710468376428	OK	 
USER	Post Marketplace Fees	END	1710468376429
USER	Post Marketplace Fees	START	1710468376429
REQUEST		Post marketplace fees	1710468367905	1710468376524	OK	 
USER	Post Marketplace Fees	END	1710468376524
USER	Post Marketplace Fees	START	1710468376525
REQUEST		Post marketplace fees	1710468366589	1710468376619	OK	 
USER	Post Marketplace Fees	END	1710468376619
USER	Post Marketplace Fees	START	1710468376620
REQUEST		Post marketplace fees	1710468366626	1710468376800	OK	 
USER	Post Marketplace Fees	END	1710468376801
USER	Post Marketplace Fees	START	1710468376801
REQUEST		Post marketplace fees	1710468373383	1710468377023	OK	 
USER	Post Marketplace Fees	END	1710468377023
USER	Post Marketplace Fees	START	1710468377023
REQUEST		Post marketplace fees	1710468371504	1710468377591	OK	 
USER	Post Marketplace Fees	END	1710468377592
USER	Post Marketplace Fees	START	1710468377592
REQUEST		Post marketplace fees	1710468368535	1710468377617	OK	 
USER	Post Marketplace Fees	END	1710468377618
USER	Post Marketplace Fees	START	1710468377618
REQUEST		Post marketplace fees	1710468373422	1710468378022	OK	 
USER	Post Marketplace Fees	END	1710468378023
USER	Post Marketplace Fees	START	1710468378023
REQUEST		Post marketplace fees	1710468368429	1710468378096	OK	 
USER	Post Marketplace Fees	END	1710468378096
USER	Post Marketplace Fees	START	1710468378096
REQUEST		Post marketplace fees	1710468374054	1710468378290	OK	 
USER	Post Marketplace Fees	END	1710468378291
USER	Post Marketplace Fees	START	1710468378291
REQUEST		Post marketplace fees	1710468373131	1710468378424	OK	 
USER	Post Marketplace Fees	END	1710468378425
USER	Post Marketplace Fees	START	1710468378425
REQUEST		Post marketplace fees	1710468373725	1710468378425	OK	 
USER	Post Marketplace Fees	END	1710468378426
USER	Post Marketplace Fees	START	1710468378426
REQUEST		Post marketplace fees	1710468370497	1710468378960	OK	 
USER	Post Marketplace Fees	END	1710468378961
USER	Post Marketplace Fees	START	1710468378961
REQUEST		Post marketplace fees	1710468370591	1710468379004	OK	 
USER	Post Marketplace Fees	END	1710468379005
USER	Post Marketplace Fees	START	1710468379005
REQUEST		Post marketplace fees	1710468373097	1710468379015	OK	 
USER	Post Marketplace Fees	END	1710468379016
USER	Post Marketplace Fees	START	1710468379016
REQUEST		Post marketplace fees	1710468374326	1710468379026	OK	 
USER	Post Marketplace Fees	END	1710468379026
USER	Post Marketplace Fees	START	1710468379026
REQUEST		Post marketplace fees	1710468375103	1710468379127	OK	 
USER	Post Marketplace Fees	END	1710468379127
USER	Post Marketplace Fees	START	1710468379127
REQUEST		Post marketplace fees	1710468363424	1710468379226	OK	 
USER	Post Marketplace Fees	END	1710468379227
USER	Post Marketplace Fees	START	1710468379227
REQUEST		Post marketplace fees	1710468363402	1710468379314	OK	 
USER	Post Marketplace Fees	END	1710468379315
USER	Post Marketplace Fees	START	1710468379315
REQUEST		Post marketplace fees	1710468375798	1710468379348	OK	 
USER	Post Marketplace Fees	END	1710468379349
USER	Post Marketplace Fees	START	1710468379349
REQUEST		Post marketplace fees	1710468365933	1710468379596	OK	 
USER	Post Marketplace Fees	END	1710468379597
USER	Post Marketplace Fees	START	1710468379597
REQUEST		Post marketplace fees	1710468363396	1710468379597	OK	 
USER	Post Marketplace Fees	END	1710468379598
USER	Post Marketplace Fees	START	1710468379598
REQUEST		Post marketplace fees	1710468375572	1710468379622	OK	 
USER	Post Marketplace Fees	END	1710468379623
USER	Post Marketplace Fees	START	1710468379624
REQUEST		Post marketplace fees	1710468373799	1710468379716	OK	 
USER	Post Marketplace Fees	END	1710468379717
USER	Post Marketplace Fees	START	1710468379717
REQUEST		Post marketplace fees	1710468369849	1710468379830	OK	 
USER	Post Marketplace Fees	END	1710468379830
USER	Post Marketplace Fees	START	1710468379830
REQUEST		Post marketplace fees	1710468368193	1710468379908	OK	 
USER	Post Marketplace Fees	END	1710468379909
USER	Post Marketplace Fees	START	1710468379910
REQUEST		Post marketplace fees	1710468371406	1710468379934	OK	 
USER	Post Marketplace Fees	END	1710468379935
USER	Post Marketplace Fees	START	1710468379936
REQUEST		Post marketplace fees	1710468371516	1710468380132	OK	 
USER	Post Marketplace Fees	END	1710468380132
USER	Post Marketplace Fees	START	1710468380132
REQUEST		Post marketplace fees	1710468359897	1710468380499	OK	 
USER	Post Marketplace Fees	END	1710468380499
USER	Post Marketplace Fees	START	1710468380499
REQUEST		Post marketplace fees	1710468358997	1710468380526	OK	 
USER	Post Marketplace Fees	END	1710468380527
USER	Post Marketplace Fees	START	1710468380527
REQUEST		Post marketplace fees	1710468357302	1710468380601	OK	 
USER	Post Marketplace Fees	END	1710468380601
USER	Post Marketplace Fees	START	1710468380601
REQUEST		Post marketplace fees	1710468378097	1710468380602	OK	 
USER	Post Marketplace Fees	END	1710468380602
USER	Post Marketplace Fees	START	1710468380603
REQUEST		Post marketplace fees	1710468369041	1710468380742	OK	 
USER	Post Marketplace Fees	END	1710468380743
USER	Post Marketplace Fees	START	1710468380743
REQUEST		Post marketplace fees	1710468377618	1710468380827	OK	 
USER	Post Marketplace Fees	END	1710468380828
USER	Post Marketplace Fees	START	1710468380828
REQUEST		Post marketplace fees	1710468378292	1710468381013	OK	 
USER	Post Marketplace Fees	END	1710468381013
USER	Post Marketplace Fees	START	1710468381013
REQUEST		Post marketplace fees	1710468369892	1710468381269	OK	 
USER	Post Marketplace Fees	END	1710468381270
USER	Post Marketplace Fees	START	1710468381270
REQUEST		Post marketplace fees	1710468375646	1710468381321	OK	 
USER	Post Marketplace Fees	END	1710468381322
USER	Post Marketplace Fees	START	1710468381322
REQUEST		Post marketplace fees	1710468373435	1710468381360	OK	 
USER	Post Marketplace Fees	END	1710468381361
USER	Post Marketplace Fees	START	1710468381361
REQUEST		Post marketplace fees	1710468378427	1710468381441	OK	 
USER	Post Marketplace Fees	END	1710468381442
USER	Post Marketplace Fees	START	1710468381442
REQUEST		Post marketplace fees	1710468367090	1710468381631	OK	 
USER	Post Marketplace Fees	END	1710468381632
USER	Post Marketplace Fees	START	1710468381632
REQUEST		Post marketplace fees	1710468367826	1710468381695	OK	 
USER	Post Marketplace Fees	END	1710468381696
USER	Post Marketplace Fees	START	1710468381696
REQUEST		Post marketplace fees	1710468378962	1710468381787	OK	 
USER	Post Marketplace Fees	END	1710468381788
USER	Post Marketplace Fees	START	1710468381788
REQUEST		Post marketplace fees	1710468371705	1710468382197	OK	 
USER	Post Marketplace Fees	END	1710468382198
USER	Post Marketplace Fees	START	1710468382198
REQUEST		Post marketplace fees	1710468379227	1710468382217	OK	 
USER	Post Marketplace Fees	END	1710468382217
USER	Post Marketplace Fees	START	1710468382217
REQUEST		Post marketplace fees	1710468371819	1710468382398	OK	 
USER	Post Marketplace Fees	END	1710468382398
USER	Post Marketplace Fees	START	1710468382399
REQUEST		Post marketplace fees	1710468379005	1710468382436	OK	 
USER	Post Marketplace Fees	END	1710468382437
USER	Post Marketplace Fees	START	1710468382437
REQUEST		Post marketplace fees	1710468379831	1710468382438	OK	 
REQUEST		Post marketplace fees	1710468376525	1710468382438	OK	 
USER	Post Marketplace Fees	END	1710468382438
USER	Post Marketplace Fees	END	1710468382438
USER	Post Marketplace Fees	START	1710468382438
USER	Post Marketplace Fees	START	1710468382438
REQUEST		Post marketplace fees	1710468373321	1710468382499	OK	 
USER	Post Marketplace Fees	END	1710468382499
USER	Post Marketplace Fees	START	1710468382499
REQUEST		Post marketplace fees	1710468378024	1710468382500	OK	 
USER	Post Marketplace Fees	END	1710468382501
USER	Post Marketplace Fees	START	1710468382501
REQUEST		Post marketplace fees	1710468372299	1710468382604	OK	 
USER	Post Marketplace Fees	END	1710468382604
USER	Post Marketplace Fees	START	1710468382605
REQUEST		Post marketplace fees	1710468371230	1710468382697	OK	 
USER	Post Marketplace Fees	END	1710468382698
USER	Post Marketplace Fees	START	1710468382698
REQUEST		Post marketplace fees	1710468374176	1710468382831	OK	 
USER	Post Marketplace Fees	END	1710468382831
USER	Post Marketplace Fees	START	1710468382832
REQUEST		Post marketplace fees	1710468370714	1710468383000	OK	 
USER	Post Marketplace Fees	END	1710468383000
USER	Post Marketplace Fees	START	1710468383000
REQUEST		Post marketplace fees	1710468374049	1710468383018	OK	 
USER	Post Marketplace Fees	END	1710468383019
USER	Post Marketplace Fees	START	1710468383019
REQUEST		Post marketplace fees	1710468376431	1710468383695	OK	 
USER	Post Marketplace Fees	END	1710468383696
USER	Post Marketplace Fees	START	1710468383696
REQUEST		Post marketplace fees	1710468375097	1710468383724	OK	 
USER	Post Marketplace Fees	END	1710468383724
USER	Post Marketplace Fees	START	1710468383725
REQUEST		Post marketplace fees	1710468380743	1710468383789	OK	 
USER	Post Marketplace Fees	END	1710468383790
USER	Post Marketplace Fees	START	1710468383790
REQUEST		Post marketplace fees	1710468373610	1710468383899	OK	 
USER	Post Marketplace Fees	END	1710468383899
USER	Post Marketplace Fees	START	1710468383899
REQUEST		Post marketplace fees	1710468373491	1710468383994	OK	 
USER	Post Marketplace Fees	END	1710468383995
USER	Post Marketplace Fees	START	1710468383995
REQUEST		Post marketplace fees	1710468379911	1710468384094	OK	 
USER	Post Marketplace Fees	END	1710468384094
USER	Post Marketplace Fees	START	1710468384094
REQUEST		Post marketplace fees	1710468379937	1710468384332	OK	 
USER	Post Marketplace Fees	END	1710468384333
USER	Post Marketplace Fees	START	1710468384333
REQUEST		Post marketplace fees	1710468379350	1710468384501	OK	 
USER	Post Marketplace Fees	END	1710468384502
USER	Post Marketplace Fees	START	1710468384502
REQUEST		Post marketplace fees	1710468373792	1710468384728	OK	 
USER	Post Marketplace Fees	END	1710468384729
USER	Post Marketplace Fees	START	1710468384729
REQUEST		Post marketplace fees	1710468379718	1710468384741	OK	 
USER	Post Marketplace Fees	END	1710468384742
USER	Post Marketplace Fees	START	1710468384742
REQUEST		Post marketplace fees	1710468382198	1710468384797	OK	 
USER	Post Marketplace Fees	END	1710468384798
USER	Post Marketplace Fees	START	1710468384798
REQUEST		Post marketplace fees	1710468380828	1710468384897	OK	 
USER	Post Marketplace Fees	END	1710468384898
USER	Post Marketplace Fees	START	1710468384898
REQUEST		Post marketplace fees	1710468380133	1710468384934	OK	 
USER	Post Marketplace Fees	END	1710468384935
USER	Post Marketplace Fees	START	1710468384935
REQUEST		Post marketplace fees	1710468372196	1710468385010	OK	 
USER	Post Marketplace Fees	END	1710468385010
USER	Post Marketplace Fees	START	1710468385010
REQUEST		Post marketplace fees	1710468376802	1710468385337	OK	 
USER	Post Marketplace Fees	END	1710468385337
USER	Post Marketplace Fees	START	1710468385337
REQUEST		Post marketplace fees	1710468380500	1710468385418	OK	 
USER	Post Marketplace Fees	END	1710468385418
USER	Post Marketplace Fees	START	1710468385418
REQUEST		Post marketplace fees	1710468380603	1710468385761	OK	 
USER	Post Marketplace Fees	END	1710468385761
USER	Post Marketplace Fees	START	1710468385761
REQUEST		Post marketplace fees	1710468381632	1710468386116	OK	 
USER	Post Marketplace Fees	END	1710468386117
USER	Post Marketplace Fees	START	1710468386117
REQUEST		Post marketplace fees	1710468377024	1710468386228	OK	 
USER	Post Marketplace Fees	END	1710468386228
USER	Post Marketplace Fees	START	1710468386228
REQUEST		Post marketplace fees	1710468380602	1710468386339	OK	 
USER	Post Marketplace Fees	END	1710468386340
USER	Post Marketplace Fees	START	1710468386341
REQUEST		Post marketplace fees	1710468382499	1710468386392	OK	 
USER	Post Marketplace Fees	END	1710468386393
USER	Post Marketplace Fees	START	1710468386393
REQUEST		Post marketplace fees	1710468384095	1710468386443	OK	 
USER	Post Marketplace Fees	END	1710468386444
USER	Post Marketplace Fees	START	1710468386444
REQUEST		Post marketplace fees	1710468382698	1710468386796	OK	 
USER	Post Marketplace Fees	END	1710468386796
USER	Post Marketplace Fees	START	1710468386796
REQUEST		Post marketplace fees	1710468381270	1710468386832	OK	 
USER	Post Marketplace Fees	END	1710468386832
USER	Post Marketplace Fees	START	1710468386833
REQUEST		Post marketplace fees	1710468379016	1710468386900	OK	 
USER	Post Marketplace Fees	END	1710468386900
USER	Post Marketplace Fees	START	1710468386900
REQUEST		Post marketplace fees	1710468375490	1710468386998	OK	 
USER	Post Marketplace Fees	END	1710468386999
USER	Post Marketplace Fees	START	1710468386999
REQUEST		Post marketplace fees	1710468385011	1710468387028	OK	 
USER	Post Marketplace Fees	END	1710468387029
USER	Post Marketplace Fees	START	1710468387029
REQUEST		Post marketplace fees	1710468376302	1710468387033	OK	 
USER	Post Marketplace Fees	END	1710468387033
USER	Post Marketplace Fees	START	1710468387034
REQUEST		Post marketplace fees	1710468384334	1710468387222	OK	 
USER	Post Marketplace Fees	END	1710468387222
USER	Post Marketplace Fees	START	1710468387223
REQUEST		Post marketplace fees	1710468384730	1710468387326	OK	 
USER	Post Marketplace Fees	END	1710468387326
USER	Post Marketplace Fees	START	1710468387326
REQUEST		Post marketplace fees	1710468383790	1710468387430	OK	 
USER	Post Marketplace Fees	END	1710468387430
USER	Post Marketplace Fees	START	1710468387430
REQUEST		Post marketplace fees	1710468384502	1710468387496	OK	 
USER	Post Marketplace Fees	END	1710468387496
USER	Post Marketplace Fees	START	1710468387496
REQUEST		Post marketplace fees	1710468375050	1710468387720	OK	 
USER	Post Marketplace Fees	END	1710468387720
USER	Post Marketplace Fees	START	1710468387720
REQUEST		Post marketplace fees	1710468374189	1710468387721	OK	 
USER	Post Marketplace Fees	END	1710468387721
USER	Post Marketplace Fees	START	1710468387721
REQUEST		Post marketplace fees	1710468381788	1710468387827	OK	 
USER	Post Marketplace Fees	END	1710468387828
USER	Post Marketplace Fees	START	1710468387828
REQUEST		Post marketplace fees	1710468376620	1710468387829	OK	 
USER	Post Marketplace Fees	END	1710468387829
USER	Post Marketplace Fees	START	1710468387830
REQUEST		Post marketplace fees	1710468385419	1710468388219	OK	 
USER	Post Marketplace Fees	END	1710468388219
USER	Post Marketplace Fees	START	1710468388219
REQUEST		Post marketplace fees	1710468384935	1710468388575	OK	 
USER	Post Marketplace Fees	END	1710468388575
USER	Post Marketplace Fees	START	1710468388575
REQUEST		Post marketplace fees	1710468382832	1710468388796	OK	 
USER	Post Marketplace Fees	END	1710468388797
USER	Post Marketplace Fees	START	1710468388798
REQUEST		Post marketplace fees	1710468382501	1710468388821	OK	 
USER	Post Marketplace Fees	END	1710468388821
USER	Post Marketplace Fees	START	1710468388822
REQUEST		Post marketplace fees	1710468386117	1710468388993	OK	 
USER	Post Marketplace Fees	END	1710468388994
USER	Post Marketplace Fees	START	1710468388994
REQUEST		Post marketplace fees	1710468375918	1710468389088	OK	 
USER	Post Marketplace Fees	END	1710468389089
USER	Post Marketplace Fees	START	1710468389089
REQUEST		Post marketplace fees	1710468383020	1710468389102	OK	 
USER	Post Marketplace Fees	END	1710468389103
USER	Post Marketplace Fees	START	1710468389103
REQUEST		Post marketplace fees	1710468382439	1710468389125	OK	 
USER	Post Marketplace Fees	END	1710468389126
USER	Post Marketplace Fees	START	1710468389126
REQUEST		Post marketplace fees	1710468386229	1710468389202	OK	 
USER	Post Marketplace Fees	END	1710468389202
USER	Post Marketplace Fees	START	1710468389202
REQUEST		Post marketplace fees	1710468382605	1710468389214	OK	 
USER	Post Marketplace Fees	END	1710468389214
USER	Post Marketplace Fees	START	1710468389215
REQUEST		Post marketplace fees	1710468379128	1710468389221	OK	 
USER	Post Marketplace Fees	END	1710468389221
USER	Post Marketplace Fees	START	1710468389221
REQUEST		Post marketplace fees	1710468386999	1710468389326	OK	 
USER	Post Marketplace Fees	END	1710468389327
USER	Post Marketplace Fees	START	1710468389327
REQUEST		Post marketplace fees	1710468382218	1710468389533	OK	 
USER	Post Marketplace Fees	END	1710468389534
USER	Post Marketplace Fees	START	1710468389534
REQUEST		Post marketplace fees	1710468379316	1710468389631	OK	 
USER	Post Marketplace Fees	END	1710468389632
USER	Post Marketplace Fees	START	1710468389632
REQUEST		Post marketplace fees	1710468387830	1710468389633	OK	 
USER	Post Marketplace Fees	END	1710468389633
USER	Post Marketplace Fees	START	1710468389633
REQUEST		Post marketplace fees	1710468373702	1710468389788	OK	 
USER	Post Marketplace Fees	END	1710468389789
USER	Post Marketplace Fees	START	1710468389789
REQUEST		Post marketplace fees	1710468373798	1710468389842	OK	 
USER	Post Marketplace Fees	END	1710468389842
USER	Post Marketplace Fees	START	1710468389842
REQUEST		Post marketplace fees	1710468378426	1710468389845	OK	 
USER	Post Marketplace Fees	END	1710468389845
USER	Post Marketplace Fees	START	1710468389845
REQUEST		Post marketplace fees	1710468375899	1710468390121	OK	 
USER	Post Marketplace Fees	END	1710468390121
USER	Post Marketplace Fees	START	1710468390121
REQUEST		Post marketplace fees	1710468387034	1710468390216	OK	 
USER	Post Marketplace Fees	END	1710468390217
USER	Post Marketplace Fees	START	1710468390217
REQUEST		Post marketplace fees	1710468386901	1710468390530	OK	 
USER	Post Marketplace Fees	END	1710468390530
USER	Post Marketplace Fees	START	1710468390531
REQUEST		Post marketplace fees	1710468389215	1710468390698	OK	 
USER	Post Marketplace Fees	END	1710468390699
USER	Post Marketplace Fees	START	1710468390699
REQUEST		Post marketplace fees	1710468386341	1710468390737	OK	 
USER	Post Marketplace Fees	END	1710468390738
USER	Post Marketplace Fees	START	1710468390738
REQUEST		Post marketplace fees	1710468387029	1710468390796	OK	 
USER	Post Marketplace Fees	END	1710468390796
USER	Post Marketplace Fees	START	1710468390796
REQUEST		Post marketplace fees	1710468387721	1710468390933	OK	 
USER	Post Marketplace Fees	END	1710468390934
USER	Post Marketplace Fees	START	1710468390934
REQUEST		Post marketplace fees	1710468373735	1710468391126	OK	 
USER	Post Marketplace Fees	END	1710468391126
USER	Post Marketplace Fees	START	1710468391127
REQUEST		Post marketplace fees	1710468387828	1710468391448	OK	 
USER	Post Marketplace Fees	END	1710468391449
USER	Post Marketplace Fees	START	1710468391449
REQUEST		Post marketplace fees	1710468387431	1710468391623	OK	 
USER	Post Marketplace Fees	END	1710468391623
USER	Post Marketplace Fees	START	1710468391623
REQUEST		Post marketplace fees	1710468387223	1710468391690	OK	 
USER	Post Marketplace Fees	END	1710468391691
USER	Post Marketplace Fees	START	1710468391691
REQUEST		Post marketplace fees	1710468388798	1710468391732	OK	 
USER	Post Marketplace Fees	END	1710468391732
USER	Post Marketplace Fees	START	1710468391732
REQUEST		Post marketplace fees	1710468387496	1710468391734	OK	 
USER	Post Marketplace Fees	END	1710468391734
USER	Post Marketplace Fees	START	1710468391734
REQUEST		Post marketplace fees	1710468388822	1710468391925	OK	 
USER	Post Marketplace Fees	END	1710468391925
USER	Post Marketplace Fees	START	1710468391925
REQUEST		Post marketplace fees	1710468389221	1710468392193	OK	 
USER	Post Marketplace Fees	END	1710468392195
USER	Post Marketplace Fees	START	1710468392195
REQUEST		Post marketplace fees	1710468379624	1710468392426	OK	 
USER	Post Marketplace Fees	END	1710468392426
USER	Post Marketplace Fees	START	1710468392426
REQUEST		Post marketplace fees	1710468383696	1710468392891	OK	 
USER	Post Marketplace Fees	END	1710468392892
USER	Post Marketplace Fees	START	1710468392892
REQUEST		Post marketplace fees	1710468383725	1710468393031	OK	 
USER	Post Marketplace Fees	END	1710468393031
USER	Post Marketplace Fees	START	1710468393032
REQUEST		Post marketplace fees	1710468384798	1710468393407	OK	 
USER	Post Marketplace Fees	END	1710468393408
USER	Post Marketplace Fees	START	1710468393408
REQUEST		Post marketplace fees	1710468387327	1710468393413	OK	 
USER	Post Marketplace Fees	END	1710468393413
USER	Post Marketplace Fees	START	1710468393414
REQUEST		Post marketplace fees	1710468390797	1710468393734	OK	 
USER	Post Marketplace Fees	END	1710468393734
USER	Post Marketplace Fees	START	1710468393734
REQUEST		Post marketplace fees	1710468389789	1710468394069	OK	 
USER	Post Marketplace Fees	END	1710468394070
USER	Post Marketplace Fees	START	1710468394070
REQUEST		Post marketplace fees	1710468389633	1710468394391	OK	 
USER	Post Marketplace Fees	END	1710468394392
USER	Post Marketplace Fees	START	1710468394392
REQUEST		Post marketplace fees	1710468389103	1710468394590	OK	 
REQUEST		Post marketplace fees	1710468390122	1710468394591	OK	 
USER	Post Marketplace Fees	END	1710468394591
USER	Post Marketplace Fees	START	1710468394592
USER	Post Marketplace Fees	END	1710468394592
USER	Post Marketplace Fees	START	1710468394592
REQUEST		Post marketplace fees	1710468389846	1710468394622	OK	 
USER	Post Marketplace Fees	END	1710468394623
USER	Post Marketplace Fees	START	1710468394623
REQUEST		Post marketplace fees	1710468381696	1710468394834	OK	 
USER	Post Marketplace Fees	END	1710468394835
USER	Post Marketplace Fees	START	1710468394836
REQUEST		Post marketplace fees	1710468391127	1710468394934	OK	 
USER	Post Marketplace Fees	END	1710468394935
USER	Post Marketplace Fees	START	1710468394935
REQUEST		Post marketplace fees	1710468377592	1710468394996	OK	 
USER	Post Marketplace Fees	END	1710468394997
USER	Post Marketplace Fees	START	1710468394997
REQUEST		Post marketplace fees	1710468391449	1710468395196	OK	 
USER	Post Marketplace Fees	END	1710468395197
USER	Post Marketplace Fees	START	1710468395197
REQUEST		Post marketplace fees	1710468382437	1710468395297	OK	 
USER	Post Marketplace Fees	END	1710468395298
USER	Post Marketplace Fees	START	1710468395298
REQUEST		Post marketplace fees	1710468389327	1710468395394	OK	 
USER	Post Marketplace Fees	END	1710468395395
USER	Post Marketplace Fees	START	1710468395395
REQUEST		Post marketplace fees	1710468389089	1710468395399	OK	 
USER	Post Marketplace Fees	END	1710468395400
USER	Post Marketplace Fees	START	1710468395401
REQUEST		Post marketplace fees	1710468390738	1710468395607	OK	 
USER	Post Marketplace Fees	END	1710468395608
USER	Post Marketplace Fees	START	1710468395608
REQUEST		Post marketplace fees	1710468390218	1710468395614	OK	 
USER	Post Marketplace Fees	END	1710468395615
USER	Post Marketplace Fees	START	1710468395615
REQUEST		Post marketplace fees	1710468389632	1710468395629	OK	 
USER	Post Marketplace Fees	END	1710468395630
USER	Post Marketplace Fees	START	1710468395630
REQUEST		Post marketplace fees	1710468375998	1710468395733	OK	 
USER	Post Marketplace Fees	END	1710468395733
REQUEST		Post marketplace fees	1710468389843	1710468395792	OK	 
USER	Post Marketplace Fees	END	1710468395792
REQUEST		Post marketplace fees	1710468393734	1710468395808	OK	 
USER	Post Marketplace Fees	END	1710468395808
REQUEST		Post marketplace fees	1710468385338	1710468395915	OK	 
USER	Post Marketplace Fees	END	1710468395916
REQUEST		Post marketplace fees	1710468381442	1710468396038	OK	 
USER	Post Marketplace Fees	END	1710468396039
REQUEST		Post marketplace fees	1710468379027	1710468396195	OK	 
USER	Post Marketplace Fees	END	1710468396195
REQUEST		Post marketplace fees	1710468381322	1710468396344	OK	 
USER	Post Marketplace Fees	END	1710468396345
REQUEST		Post marketplace fees	1710468387722	1710468396589	OK	 
USER	Post Marketplace Fees	END	1710468396590
REQUEST		Post marketplace fees	1710468386394	1710468396931	OK	 
USER	Post Marketplace Fees	END	1710468396932
REQUEST		Post marketplace fees	1710468381014	1710468397001	OK	 
USER	Post Marketplace Fees	END	1710468397002
REQUEST		Post marketplace fees	1710468388220	1710468397005	OK	 
USER	Post Marketplace Fees	END	1710468397005
REQUEST		Post marketplace fees	1710468393032	1710468397115	OK	 
USER	Post Marketplace Fees	END	1710468397116
REQUEST		Post marketplace fees	1710468393414	1710468397339	OK	 
USER	Post Marketplace Fees	END	1710468397340
REQUEST		Post marketplace fees	1710468391733	1710468397395	OK	 
USER	Post Marketplace Fees	END	1710468397395
REQUEST		Post marketplace fees	1710468394593	1710468397437	OK	 
USER	Post Marketplace Fees	END	1710468397437
REQUEST		Post marketplace fees	1710468384742	1710468397438	OK	 
USER	Post Marketplace Fees	END	1710468397439
REQUEST		Post marketplace fees	1710468394071	1710468397503	OK	 
USER	Post Marketplace Fees	END	1710468397503
REQUEST		Post marketplace fees	1710468394624	1710468397527	OK	 
USER	Post Marketplace Fees	END	1710468397527
REQUEST		Post marketplace fees	1710468383900	1710468397656	OK	 
USER	Post Marketplace Fees	END	1710468397656
REQUEST		Post marketplace fees	1710468386833	1710468397859	OK	 
USER	Post Marketplace Fees	END	1710468397859
REQUEST		Post marketplace fees	1710468386797	1710468397939	OK	 
USER	Post Marketplace Fees	END	1710468397939
REQUEST		Post marketplace fees	1710468390531	1710468398172	OK	 
USER	Post Marketplace Fees	END	1710468398173
REQUEST		Post marketplace fees	1710468395609	1710468398432	OK	 
USER	Post Marketplace Fees	END	1710468398433
REQUEST		Post marketplace fees	1710468379598	1710468398460	OK	 
USER	Post Marketplace Fees	END	1710468398461
REQUEST		Post marketplace fees	1710468383001	1710468398512	OK	 
USER	Post Marketplace Fees	END	1710468398513
REQUEST		Post marketplace fees	1710468394836	1710468398695	OK	 
USER	Post Marketplace Fees	END	1710468398696
REQUEST		Post marketplace fees	1710468395616	1710468398697	OK	 
USER	Post Marketplace Fees	END	1710468398697
REQUEST		Post marketplace fees	1710468391624	1710468398717	OK	 
USER	Post Marketplace Fees	END	1710468398717
REQUEST		Post marketplace fees	1710468395401	1710468398801	OK	 
USER	Post Marketplace Fees	END	1710468398802
REQUEST		Post marketplace fees	1710468380527	1710468398803	OK	 
USER	Post Marketplace Fees	END	1710468398803
REQUEST		Post marketplace fees	1710468391926	1710468398880	OK	 
USER	Post Marketplace Fees	END	1710468398881
REQUEST		Post marketplace fees	1710468389203	1710468398944	OK	 
USER	Post Marketplace Fees	END	1710468398945
REQUEST		Post marketplace fees	1710468394393	1710468399268	OK	 
USER	Post Marketplace Fees	END	1710468399269
REQUEST		Post marketplace fees	1710468388576	1710468399329	OK	 
USER	Post Marketplace Fees	END	1710468399329
REQUEST		Post marketplace fees	1710468379599	1710468399410	OK	 
USER	Post Marketplace Fees	END	1710468399411
REQUEST		Post marketplace fees	1710468392892	1710468399429	OK	 
USER	Post Marketplace Fees	END	1710468399430
REQUEST		Post marketplace fees	1710468392196	1710468399633	OK	 
USER	Post Marketplace Fees	END	1710468399633
REQUEST		Post marketplace fees	1710468393409	1710468399636	OK	 
USER	Post Marketplace Fees	END	1710468399637
REQUEST		Post marketplace fees	1710468395631	1710468399923	OK	 
USER	Post Marketplace Fees	END	1710468399924
REQUEST		Post marketplace fees	1710468394592	1710468399928	OK	 
USER	Post Marketplace Fees	END	1710468399929
REQUEST		Post marketplace fees	1710468392427	1710468400035	OK	 
USER	Post Marketplace Fees	END	1710468400035
REQUEST		Post marketplace fees	1710468389534	1710468401190	KO	status.find.is(201), but actually found 500
USER	Post Marketplace Fees	END	1710468401251
REQUEST		Post marketplace fees	1710468384898	1710468401190	KO	status.find.is(201), but actually found 500
USER	Post Marketplace Fees	END	1710468401316
REQUEST		Post marketplace fees	1710468382439	1710468401190	KO	status.find.is(201), but actually found 500
USER	Post Marketplace Fees	END	1710468401366
REQUEST		Post marketplace fees	1710468385761	1710468401191	KO	status.find.is(201), but actually found 500
USER	Post Marketplace Fees	END	1710468401426
REQUEST		Post marketplace fees	1710468390699	1710468401190	KO	status.find.is(201), but actually found 500
USER	Post Marketplace Fees	END	1710468401472
REQUEST		Post marketplace fees	1710468394936	1710468401472	KO	status.find.is(201), but actually found 500
USER	Post Marketplace Fees	END	1710468401536
REQUEST		Post marketplace fees	1710468388994	1710468401932	OK	 
USER	Post Marketplace Fees	END	1710468401933
REQUEST		Post marketplace fees	1710468395396	1710468402117	OK	 
USER	Post Marketplace Fees	END	1710468402119
REQUEST		Post marketplace fees	1710468382399	1710468402435	OK	 
USER	Post Marketplace Fees	END	1710468402435
REQUEST		Post marketplace fees	1710468389126	1710468402628	OK	 
USER	Post Marketplace Fees	END	1710468402628
REQUEST		Post marketplace fees	1710468383995	1710468402917	OK	 
USER	Post Marketplace Fees	END	1710468402917
REQUEST		Post marketplace fees	1710468390935	1710468403024	OK	 
USER	Post Marketplace Fees	END	1710468403025
REQUEST		Post marketplace fees	1710468395299	1710468403316	OK	 
USER	Post Marketplace Fees	END	1710468403316
REQUEST		Post marketplace fees	1710468391691	1710468403425	OK	 
USER	Post Marketplace Fees	END	1710468403426
REQUEST		Post marketplace fees	1710468394997	1710468403814	OK	 
USER	Post Marketplace Fees	END	1710468403814
REQUEST		Post marketplace fees	1710468391735	1710468404534	OK	 
USER	Post Marketplace Fees	END	1710468404535
REQUEST		Post marketplace fees	1710468381361	1710468404637	OK	 
USER	Post Marketplace Fees	END	1710468404637
REQUEST		Post marketplace fees	1710468386445	1710468404713	OK	 
USER	Post Marketplace Fees	END	1710468404714
REQUEST		Post marketplace fees	1710468395198	1710468404793	OK	 
USER	Post Marketplace Fees	END	1710468404794
